[2024-02-04T00:00:08.248+0000] {processor.py:161} INFO - Started process (PID=109) to work on /opt/airflow/dags/etl.py
[2024-02-04T00:00:08.249+0000] {processor.py:830} INFO - Processing file /opt/airflow/dags/etl.py for tasks to queue
[2024-02-04T00:00:08.250+0000] {logging_mixin.py:188} INFO - [2024-02-04T00:00:08.250+0000] {dagbag.py:538} INFO - Filling up the DagBag from /opt/airflow/dags/etl.py
[2024-02-04T00:00:08.266+0000] {processor.py:840} INFO - DAG(s) 'Weather_and_OSHKOSH_ETL_Process' retrieved from /opt/airflow/dags/etl.py
[2024-02-04T00:00:08.291+0000] {logging_mixin.py:188} INFO - [2024-02-04T00:00:08.290+0000] {dag.py:3036} INFO - Sync 1 DAGs
[2024-02-04T00:00:08.309+0000] {logging_mixin.py:188} INFO - [2024-02-04T00:00:08.309+0000] {dag.py:3823} INFO - Setting next_dagrun for Weather_and_OSHKOSH_ETL_Process to 2021-01-01 00:00:00+00:00, run_after=2021-01-02 00:00:00+00:00
[2024-02-04T00:00:08.321+0000] {processor.py:183} INFO - Processing /opt/airflow/dags/etl.py took 0.076 seconds
[2024-02-04T00:01:00.497+0000] {processor.py:161} INFO - Started process (PID=39) to work on /opt/airflow/dags/etl.py
[2024-02-04T00:01:00.498+0000] {processor.py:830} INFO - Processing file /opt/airflow/dags/etl.py for tasks to queue
[2024-02-04T00:01:00.500+0000] {logging_mixin.py:188} INFO - [2024-02-04T00:01:00.499+0000] {dagbag.py:538} INFO - Filling up the DagBag from /opt/airflow/dags/etl.py
[2024-02-04T00:01:00.527+0000] {processor.py:840} INFO - DAG(s) 'Weather_and_OSHKOSH_ETL_Process' retrieved from /opt/airflow/dags/etl.py
[2024-02-04T00:01:00.739+0000] {logging_mixin.py:188} INFO - [2024-02-04T00:01:00.739+0000] {dag.py:3036} INFO - Sync 1 DAGs
[2024-02-04T00:01:00.755+0000] {logging_mixin.py:188} INFO - [2024-02-04T00:01:00.755+0000] {dag.py:3823} INFO - Setting next_dagrun for Weather_and_OSHKOSH_ETL_Process to 2021-01-01 00:00:00+00:00, run_after=2021-01-02 00:00:00+00:00
[2024-02-04T00:01:00.775+0000] {processor.py:183} INFO - Processing /opt/airflow/dags/etl.py took 0.280 seconds
[2024-02-04T00:01:30.899+0000] {processor.py:161} INFO - Started process (PID=46) to work on /opt/airflow/dags/etl.py
[2024-02-04T00:01:30.900+0000] {processor.py:830} INFO - Processing file /opt/airflow/dags/etl.py for tasks to queue
[2024-02-04T00:01:30.903+0000] {logging_mixin.py:188} INFO - [2024-02-04T00:01:30.902+0000] {dagbag.py:538} INFO - Filling up the DagBag from /opt/airflow/dags/etl.py
[2024-02-04T00:01:30.929+0000] {processor.py:840} INFO - DAG(s) 'Weather_and_OSHKOSH_ETL_Process' retrieved from /opt/airflow/dags/etl.py
[2024-02-04T00:01:30.956+0000] {logging_mixin.py:188} INFO - [2024-02-04T00:01:30.956+0000] {dag.py:3036} INFO - Sync 1 DAGs
[2024-02-04T00:01:30.976+0000] {logging_mixin.py:188} INFO - [2024-02-04T00:01:30.976+0000] {dag.py:3823} INFO - Setting next_dagrun for Weather_and_OSHKOSH_ETL_Process to 2021-01-01 00:00:00+00:00, run_after=2021-01-02 00:00:00+00:00
[2024-02-04T00:01:30.994+0000] {processor.py:183} INFO - Processing /opt/airflow/dags/etl.py took 0.098 seconds
[2024-02-04T00:02:01.042+0000] {processor.py:161} INFO - Started process (PID=53) to work on /opt/airflow/dags/etl.py
[2024-02-04T00:02:01.043+0000] {processor.py:830} INFO - Processing file /opt/airflow/dags/etl.py for tasks to queue
[2024-02-04T00:02:01.046+0000] {logging_mixin.py:188} INFO - [2024-02-04T00:02:01.045+0000] {dagbag.py:538} INFO - Filling up the DagBag from /opt/airflow/dags/etl.py
[2024-02-04T00:02:01.063+0000] {processor.py:840} INFO - DAG(s) 'Weather_and_OSHKOSH_ETL_Process' retrieved from /opt/airflow/dags/etl.py
[2024-02-04T00:02:01.085+0000] {logging_mixin.py:188} INFO - [2024-02-04T00:02:01.085+0000] {dag.py:3036} INFO - Sync 1 DAGs
[2024-02-04T00:02:01.104+0000] {logging_mixin.py:188} INFO - [2024-02-04T00:02:01.103+0000] {dag.py:3823} INFO - Setting next_dagrun for Weather_and_OSHKOSH_ETL_Process to 2021-01-01 00:00:00+00:00, run_after=2021-01-02 00:00:00+00:00
[2024-02-04T00:02:01.116+0000] {processor.py:183} INFO - Processing /opt/airflow/dags/etl.py took 0.077 seconds
[2024-02-04T00:02:31.233+0000] {processor.py:161} INFO - Started process (PID=60) to work on /opt/airflow/dags/etl.py
[2024-02-04T00:02:31.234+0000] {processor.py:830} INFO - Processing file /opt/airflow/dags/etl.py for tasks to queue
[2024-02-04T00:02:31.236+0000] {logging_mixin.py:188} INFO - [2024-02-04T00:02:31.236+0000] {dagbag.py:538} INFO - Filling up the DagBag from /opt/airflow/dags/etl.py
[2024-02-04T00:02:31.252+0000] {processor.py:840} INFO - DAG(s) 'Weather_and_OSHKOSH_ETL_Process' retrieved from /opt/airflow/dags/etl.py
[2024-02-04T00:02:31.276+0000] {logging_mixin.py:188} INFO - [2024-02-04T00:02:31.276+0000] {dag.py:3036} INFO - Sync 1 DAGs
[2024-02-04T00:02:31.293+0000] {logging_mixin.py:188} INFO - [2024-02-04T00:02:31.292+0000] {dag.py:3823} INFO - Setting next_dagrun for Weather_and_OSHKOSH_ETL_Process to 2021-01-01 00:00:00+00:00, run_after=2021-01-02 00:00:00+00:00
[2024-02-04T00:02:31.305+0000] {processor.py:183} INFO - Processing /opt/airflow/dags/etl.py took 0.074 seconds
[2024-02-04T00:03:01.361+0000] {processor.py:161} INFO - Started process (PID=67) to work on /opt/airflow/dags/etl.py
[2024-02-04T00:03:01.362+0000] {processor.py:830} INFO - Processing file /opt/airflow/dags/etl.py for tasks to queue
[2024-02-04T00:03:01.364+0000] {logging_mixin.py:188} INFO - [2024-02-04T00:03:01.363+0000] {dagbag.py:538} INFO - Filling up the DagBag from /opt/airflow/dags/etl.py
[2024-02-04T00:03:01.378+0000] {processor.py:840} INFO - DAG(s) 'Weather_and_OSHKOSH_ETL_Process' retrieved from /opt/airflow/dags/etl.py
[2024-02-04T00:03:01.401+0000] {logging_mixin.py:188} INFO - [2024-02-04T00:03:01.400+0000] {dag.py:3036} INFO - Sync 1 DAGs
[2024-02-04T00:03:01.418+0000] {logging_mixin.py:188} INFO - [2024-02-04T00:03:01.417+0000] {dag.py:3823} INFO - Setting next_dagrun for Weather_and_OSHKOSH_ETL_Process to 2021-01-01 00:00:00+00:00, run_after=2021-01-02 00:00:00+00:00
[2024-02-04T00:03:01.435+0000] {processor.py:183} INFO - Processing /opt/airflow/dags/etl.py took 0.077 seconds
[2024-02-04T00:11:19.630+0000] {processor.py:161} INFO - Started process (PID=39) to work on /opt/airflow/dags/etl.py
[2024-02-04T00:11:19.631+0000] {processor.py:830} INFO - Processing file /opt/airflow/dags/etl.py for tasks to queue
[2024-02-04T00:11:19.635+0000] {logging_mixin.py:188} INFO - [2024-02-04T00:11:19.634+0000] {dagbag.py:538} INFO - Filling up the DagBag from /opt/airflow/dags/etl.py
[2024-02-04T00:11:19.675+0000] {processor.py:840} INFO - DAG(s) 'Weather_and_OSHKOSH_ETL_Process' retrieved from /opt/airflow/dags/etl.py
[2024-02-04T00:11:19.887+0000] {logging_mixin.py:188} INFO - [2024-02-04T00:11:19.887+0000] {dag.py:3036} INFO - Sync 1 DAGs
[2024-02-04T00:11:19.905+0000] {logging_mixin.py:188} INFO - [2024-02-04T00:11:19.905+0000] {dag.py:3823} INFO - Setting next_dagrun for Weather_and_OSHKOSH_ETL_Process to 2021-01-01 00:00:00+00:00, run_after=2021-01-02 00:00:00+00:00
[2024-02-04T00:11:19.924+0000] {processor.py:183} INFO - Processing /opt/airflow/dags/etl.py took 0.299 seconds
[2024-02-04T00:11:50.046+0000] {processor.py:161} INFO - Started process (PID=46) to work on /opt/airflow/dags/etl.py
[2024-02-04T00:11:50.046+0000] {processor.py:830} INFO - Processing file /opt/airflow/dags/etl.py for tasks to queue
[2024-02-04T00:11:50.050+0000] {logging_mixin.py:188} INFO - [2024-02-04T00:11:50.049+0000] {dagbag.py:538} INFO - Filling up the DagBag from /opt/airflow/dags/etl.py
[2024-02-04T00:11:50.076+0000] {processor.py:840} INFO - DAG(s) 'Weather_and_OSHKOSH_ETL_Process' retrieved from /opt/airflow/dags/etl.py
[2024-02-04T00:11:50.104+0000] {logging_mixin.py:188} INFO - [2024-02-04T00:11:50.104+0000] {dag.py:3036} INFO - Sync 1 DAGs
[2024-02-04T00:11:50.124+0000] {logging_mixin.py:188} INFO - [2024-02-04T00:11:50.124+0000] {dag.py:3823} INFO - Setting next_dagrun for Weather_and_OSHKOSH_ETL_Process to 2021-01-01 00:00:00+00:00, run_after=2021-01-02 00:00:00+00:00
[2024-02-04T00:11:50.147+0000] {processor.py:183} INFO - Processing /opt/airflow/dags/etl.py took 0.105 seconds
[2024-02-04T00:12:20.255+0000] {processor.py:161} INFO - Started process (PID=53) to work on /opt/airflow/dags/etl.py
[2024-02-04T00:12:20.256+0000] {processor.py:830} INFO - Processing file /opt/airflow/dags/etl.py for tasks to queue
[2024-02-04T00:12:20.258+0000] {logging_mixin.py:188} INFO - [2024-02-04T00:12:20.258+0000] {dagbag.py:538} INFO - Filling up the DagBag from /opt/airflow/dags/etl.py
[2024-02-04T00:12:20.274+0000] {processor.py:840} INFO - DAG(s) 'Weather_and_OSHKOSH_ETL_Process' retrieved from /opt/airflow/dags/etl.py
[2024-02-04T00:12:20.300+0000] {logging_mixin.py:188} INFO - [2024-02-04T00:12:20.300+0000] {dag.py:3036} INFO - Sync 1 DAGs
[2024-02-04T00:12:20.320+0000] {logging_mixin.py:188} INFO - [2024-02-04T00:12:20.320+0000] {dag.py:3823} INFO - Setting next_dagrun for Weather_and_OSHKOSH_ETL_Process to 2021-01-01 00:00:00+00:00, run_after=2021-01-02 00:00:00+00:00
[2024-02-04T00:12:20.342+0000] {processor.py:183} INFO - Processing /opt/airflow/dags/etl.py took 0.090 seconds
[2024-02-04T00:12:50.379+0000] {processor.py:161} INFO - Started process (PID=60) to work on /opt/airflow/dags/etl.py
[2024-02-04T00:12:50.380+0000] {processor.py:830} INFO - Processing file /opt/airflow/dags/etl.py for tasks to queue
[2024-02-04T00:12:50.382+0000] {logging_mixin.py:188} INFO - [2024-02-04T00:12:50.381+0000] {dagbag.py:538} INFO - Filling up the DagBag from /opt/airflow/dags/etl.py
[2024-02-04T00:12:50.397+0000] {processor.py:840} INFO - DAG(s) 'Weather_and_OSHKOSH_ETL_Process' retrieved from /opt/airflow/dags/etl.py
[2024-02-04T00:12:50.420+0000] {logging_mixin.py:188} INFO - [2024-02-04T00:12:50.419+0000] {dag.py:3036} INFO - Sync 1 DAGs
[2024-02-04T00:12:50.436+0000] {logging_mixin.py:188} INFO - [2024-02-04T00:12:50.436+0000] {dag.py:3823} INFO - Setting next_dagrun for Weather_and_OSHKOSH_ETL_Process to 2021-01-01 00:00:00+00:00, run_after=2021-01-02 00:00:00+00:00
[2024-02-04T00:12:50.451+0000] {processor.py:183} INFO - Processing /opt/airflow/dags/etl.py took 0.075 seconds
[2024-02-04T00:13:20.573+0000] {processor.py:161} INFO - Started process (PID=67) to work on /opt/airflow/dags/etl.py
[2024-02-04T00:13:20.574+0000] {processor.py:830} INFO - Processing file /opt/airflow/dags/etl.py for tasks to queue
[2024-02-04T00:13:20.576+0000] {logging_mixin.py:188} INFO - [2024-02-04T00:13:20.576+0000] {dagbag.py:538} INFO - Filling up the DagBag from /opt/airflow/dags/etl.py
[2024-02-04T00:13:20.590+0000] {processor.py:840} INFO - DAG(s) 'Weather_and_OSHKOSH_ETL_Process' retrieved from /opt/airflow/dags/etl.py
[2024-02-04T00:13:20.613+0000] {logging_mixin.py:188} INFO - [2024-02-04T00:13:20.613+0000] {dag.py:3036} INFO - Sync 1 DAGs
[2024-02-04T00:13:20.633+0000] {logging_mixin.py:188} INFO - [2024-02-04T00:13:20.633+0000] {dag.py:3823} INFO - Setting next_dagrun for Weather_and_OSHKOSH_ETL_Process to 2021-01-01 00:00:00+00:00, run_after=2021-01-02 00:00:00+00:00
[2024-02-04T00:13:20.649+0000] {processor.py:183} INFO - Processing /opt/airflow/dags/etl.py took 0.080 seconds
[2024-02-04T00:13:50.695+0000] {processor.py:161} INFO - Started process (PID=74) to work on /opt/airflow/dags/etl.py
[2024-02-04T00:13:50.696+0000] {processor.py:830} INFO - Processing file /opt/airflow/dags/etl.py for tasks to queue
[2024-02-04T00:13:50.697+0000] {logging_mixin.py:188} INFO - [2024-02-04T00:13:50.697+0000] {dagbag.py:538} INFO - Filling up the DagBag from /opt/airflow/dags/etl.py
[2024-02-04T00:13:50.712+0000] {processor.py:840} INFO - DAG(s) 'Weather_and_OSHKOSH_ETL_Process' retrieved from /opt/airflow/dags/etl.py
[2024-02-04T00:13:50.733+0000] {logging_mixin.py:188} INFO - [2024-02-04T00:13:50.732+0000] {dag.py:3036} INFO - Sync 1 DAGs
[2024-02-04T00:13:50.751+0000] {logging_mixin.py:188} INFO - [2024-02-04T00:13:50.751+0000] {dag.py:3823} INFO - Setting next_dagrun for Weather_and_OSHKOSH_ETL_Process to 2021-01-01 00:00:00+00:00, run_after=2021-01-02 00:00:00+00:00
[2024-02-04T00:13:50.764+0000] {processor.py:183} INFO - Processing /opt/airflow/dags/etl.py took 0.072 seconds
[2024-02-04T00:14:20.870+0000] {processor.py:161} INFO - Started process (PID=81) to work on /opt/airflow/dags/etl.py
[2024-02-04T00:14:20.871+0000] {processor.py:830} INFO - Processing file /opt/airflow/dags/etl.py for tasks to queue
[2024-02-04T00:14:20.873+0000] {logging_mixin.py:188} INFO - [2024-02-04T00:14:20.873+0000] {dagbag.py:538} INFO - Filling up the DagBag from /opt/airflow/dags/etl.py
[2024-02-04T00:14:20.886+0000] {processor.py:840} INFO - DAG(s) 'Weather_and_OSHKOSH_ETL_Process' retrieved from /opt/airflow/dags/etl.py
[2024-02-04T00:14:20.907+0000] {logging_mixin.py:188} INFO - [2024-02-04T00:14:20.907+0000] {dag.py:3036} INFO - Sync 1 DAGs
[2024-02-04T00:14:20.925+0000] {logging_mixin.py:188} INFO - [2024-02-04T00:14:20.925+0000] {dag.py:3823} INFO - Setting next_dagrun for Weather_and_OSHKOSH_ETL_Process to 2021-01-01 00:00:00+00:00, run_after=2021-01-02 00:00:00+00:00
[2024-02-04T00:14:20.940+0000] {processor.py:183} INFO - Processing /opt/airflow/dags/etl.py took 0.073 seconds
[2024-02-04T00:14:51.004+0000] {processor.py:161} INFO - Started process (PID=88) to work on /opt/airflow/dags/etl.py
[2024-02-04T00:14:51.005+0000] {processor.py:830} INFO - Processing file /opt/airflow/dags/etl.py for tasks to queue
[2024-02-04T00:14:51.008+0000] {logging_mixin.py:188} INFO - [2024-02-04T00:14:51.007+0000] {dagbag.py:538} INFO - Filling up the DagBag from /opt/airflow/dags/etl.py
[2024-02-04T00:14:51.022+0000] {processor.py:840} INFO - DAG(s) 'Weather_and_OSHKOSH_ETL_Process' retrieved from /opt/airflow/dags/etl.py
[2024-02-04T00:14:51.047+0000] {logging_mixin.py:188} INFO - [2024-02-04T00:14:51.047+0000] {dag.py:3036} INFO - Sync 1 DAGs
[2024-02-04T00:14:51.066+0000] {logging_mixin.py:188} INFO - [2024-02-04T00:14:51.066+0000] {dag.py:3823} INFO - Setting next_dagrun for Weather_and_OSHKOSH_ETL_Process to 2021-01-01 00:00:00+00:00, run_after=2021-01-02 00:00:00+00:00
[2024-02-04T00:14:51.082+0000] {processor.py:183} INFO - Processing /opt/airflow/dags/etl.py took 0.081 seconds
[2024-02-04T00:15:21.164+0000] {processor.py:161} INFO - Started process (PID=95) to work on /opt/airflow/dags/etl.py
[2024-02-04T00:15:21.164+0000] {processor.py:830} INFO - Processing file /opt/airflow/dags/etl.py for tasks to queue
[2024-02-04T00:15:21.167+0000] {logging_mixin.py:188} INFO - [2024-02-04T00:15:21.166+0000] {dagbag.py:538} INFO - Filling up the DagBag from /opt/airflow/dags/etl.py
[2024-02-04T00:15:21.182+0000] {processor.py:840} INFO - DAG(s) 'Weather_and_OSHKOSH_ETL_Process' retrieved from /opt/airflow/dags/etl.py
[2024-02-04T00:15:21.204+0000] {logging_mixin.py:188} INFO - [2024-02-04T00:15:21.204+0000] {dag.py:3036} INFO - Sync 1 DAGs
[2024-02-04T00:15:21.222+0000] {logging_mixin.py:188} INFO - [2024-02-04T00:15:21.222+0000] {dag.py:3823} INFO - Setting next_dagrun for Weather_and_OSHKOSH_ETL_Process to 2021-01-01 00:00:00+00:00, run_after=2021-01-02 00:00:00+00:00
[2024-02-04T00:15:21.244+0000] {processor.py:183} INFO - Processing /opt/airflow/dags/etl.py took 0.083 seconds
[2024-02-04T00:15:51.306+0000] {processor.py:161} INFO - Started process (PID=102) to work on /opt/airflow/dags/etl.py
[2024-02-04T00:15:51.306+0000] {processor.py:830} INFO - Processing file /opt/airflow/dags/etl.py for tasks to queue
[2024-02-04T00:15:51.308+0000] {logging_mixin.py:188} INFO - [2024-02-04T00:15:51.307+0000] {dagbag.py:538} INFO - Filling up the DagBag from /opt/airflow/dags/etl.py
[2024-02-04T00:15:51.320+0000] {processor.py:840} INFO - DAG(s) 'Weather_and_OSHKOSH_ETL_Process' retrieved from /opt/airflow/dags/etl.py
[2024-02-04T00:15:51.342+0000] {logging_mixin.py:188} INFO - [2024-02-04T00:15:51.341+0000] {dag.py:3036} INFO - Sync 1 DAGs
[2024-02-04T00:15:51.360+0000] {logging_mixin.py:188} INFO - [2024-02-04T00:15:51.359+0000] {dag.py:3823} INFO - Setting next_dagrun for Weather_and_OSHKOSH_ETL_Process to 2021-01-01 00:00:00+00:00, run_after=2021-01-02 00:00:00+00:00
[2024-02-04T00:15:51.374+0000] {processor.py:183} INFO - Processing /opt/airflow/dags/etl.py took 0.072 seconds
[2024-02-04T00:16:21.483+0000] {processor.py:161} INFO - Started process (PID=109) to work on /opt/airflow/dags/etl.py
[2024-02-04T00:16:21.484+0000] {processor.py:830} INFO - Processing file /opt/airflow/dags/etl.py for tasks to queue
[2024-02-04T00:16:21.487+0000] {logging_mixin.py:188} INFO - [2024-02-04T00:16:21.486+0000] {dagbag.py:538} INFO - Filling up the DagBag from /opt/airflow/dags/etl.py
[2024-02-04T00:16:21.499+0000] {processor.py:840} INFO - DAG(s) 'Weather_and_OSHKOSH_ETL_Process' retrieved from /opt/airflow/dags/etl.py
[2024-02-04T00:16:21.521+0000] {logging_mixin.py:188} INFO - [2024-02-04T00:16:21.521+0000] {dag.py:3036} INFO - Sync 1 DAGs
[2024-02-04T00:16:21.542+0000] {logging_mixin.py:188} INFO - [2024-02-04T00:16:21.542+0000] {dag.py:3823} INFO - Setting next_dagrun for Weather_and_OSHKOSH_ETL_Process to 2021-01-01 00:00:00+00:00, run_after=2021-01-02 00:00:00+00:00
[2024-02-04T00:16:21.554+0000] {processor.py:183} INFO - Processing /opt/airflow/dags/etl.py took 0.074 seconds
[2024-02-04T00:16:51.614+0000] {processor.py:161} INFO - Started process (PID=116) to work on /opt/airflow/dags/etl.py
[2024-02-04T00:16:51.614+0000] {processor.py:830} INFO - Processing file /opt/airflow/dags/etl.py for tasks to queue
[2024-02-04T00:16:51.616+0000] {logging_mixin.py:188} INFO - [2024-02-04T00:16:51.616+0000] {dagbag.py:538} INFO - Filling up the DagBag from /opt/airflow/dags/etl.py
[2024-02-04T00:16:51.630+0000] {processor.py:840} INFO - DAG(s) 'Weather_and_OSHKOSH_ETL_Process' retrieved from /opt/airflow/dags/etl.py
[2024-02-04T00:16:51.651+0000] {logging_mixin.py:188} INFO - [2024-02-04T00:16:51.651+0000] {dag.py:3036} INFO - Sync 1 DAGs
[2024-02-04T00:16:51.668+0000] {logging_mixin.py:188} INFO - [2024-02-04T00:16:51.667+0000] {dag.py:3823} INFO - Setting next_dagrun for Weather_and_OSHKOSH_ETL_Process to 2021-01-01 00:00:00+00:00, run_after=2021-01-02 00:00:00+00:00
[2024-02-04T00:16:51.681+0000] {processor.py:183} INFO - Processing /opt/airflow/dags/etl.py took 0.070 seconds
[2024-02-04T00:18:19.473+0000] {processor.py:161} INFO - Started process (PID=39) to work on /opt/airflow/dags/etl.py
[2024-02-04T00:18:19.474+0000] {processor.py:830} INFO - Processing file /opt/airflow/dags/etl.py for tasks to queue
[2024-02-04T00:18:19.475+0000] {logging_mixin.py:188} INFO - [2024-02-04T00:18:19.475+0000] {dagbag.py:538} INFO - Filling up the DagBag from /opt/airflow/dags/etl.py
[2024-02-04T00:18:19.505+0000] {processor.py:840} INFO - DAG(s) 'Weather_and_OSHKOSH_ETL_Process' retrieved from /opt/airflow/dags/etl.py
[2024-02-04T00:18:19.697+0000] {logging_mixin.py:188} INFO - [2024-02-04T00:18:19.696+0000] {dag.py:3036} INFO - Sync 1 DAGs
[2024-02-04T00:18:19.713+0000] {logging_mixin.py:188} INFO - [2024-02-04T00:18:19.713+0000] {dag.py:3823} INFO - Setting next_dagrun for Weather_and_OSHKOSH_ETL_Process to 2021-01-01 00:00:00+00:00, run_after=2021-01-02 00:00:00+00:00
[2024-02-04T00:18:19.730+0000] {processor.py:183} INFO - Processing /opt/airflow/dags/etl.py took 0.260 seconds
[2024-02-04T00:18:49.854+0000] {processor.py:161} INFO - Started process (PID=46) to work on /opt/airflow/dags/etl.py
[2024-02-04T00:18:49.855+0000] {processor.py:830} INFO - Processing file /opt/airflow/dags/etl.py for tasks to queue
[2024-02-04T00:18:49.858+0000] {logging_mixin.py:188} INFO - [2024-02-04T00:18:49.857+0000] {dagbag.py:538} INFO - Filling up the DagBag from /opt/airflow/dags/etl.py
[2024-02-04T00:18:49.882+0000] {processor.py:840} INFO - DAG(s) 'Weather_and_OSHKOSH_ETL_Process' retrieved from /opt/airflow/dags/etl.py
[2024-02-04T00:18:49.911+0000] {logging_mixin.py:188} INFO - [2024-02-04T00:18:49.910+0000] {dag.py:3036} INFO - Sync 1 DAGs
[2024-02-04T00:18:49.932+0000] {logging_mixin.py:188} INFO - [2024-02-04T00:18:49.931+0000] {dag.py:3823} INFO - Setting next_dagrun for Weather_and_OSHKOSH_ETL_Process to 2021-01-01 00:00:00+00:00, run_after=2021-01-02 00:00:00+00:00
[2024-02-04T00:18:49.949+0000] {processor.py:183} INFO - Processing /opt/airflow/dags/etl.py took 0.100 seconds
[2024-02-04T01:05:38.288+0000] {processor.py:161} INFO - Started process (PID=38) to work on /opt/airflow/dags/etl.py
[2024-02-04T01:05:38.290+0000] {processor.py:830} INFO - Processing file /opt/airflow/dags/etl.py for tasks to queue
[2024-02-04T01:05:38.295+0000] {logging_mixin.py:188} INFO - [2024-02-04T01:05:38.294+0000] {dagbag.py:538} INFO - Filling up the DagBag from /opt/airflow/dags/etl.py
[2024-02-04T01:05:38.334+0000] {processor.py:840} INFO - DAG(s) 'Weather_and_OSHKOSH_ETL_Process' retrieved from /opt/airflow/dags/etl.py
[2024-02-04T01:05:38.528+0000] {logging_mixin.py:188} INFO - [2024-02-04T01:05:38.527+0000] {override.py:1769} INFO - Created Permission View: can read on DAG:Weather_and_OSHKOSH_ETL_Process
[2024-02-04T01:05:38.535+0000] {logging_mixin.py:188} INFO - [2024-02-04T01:05:38.535+0000] {override.py:1769} INFO - Created Permission View: can delete on DAG:Weather_and_OSHKOSH_ETL_Process
[2024-02-04T01:05:38.543+0000] {logging_mixin.py:188} INFO - [2024-02-04T01:05:38.543+0000] {override.py:1769} INFO - Created Permission View: can edit on DAG:Weather_and_OSHKOSH_ETL_Process
[2024-02-04T01:05:38.544+0000] {logging_mixin.py:188} INFO - [2024-02-04T01:05:38.543+0000] {dag.py:3036} INFO - Sync 1 DAGs
[2024-02-04T01:05:38.553+0000] {logging_mixin.py:188} INFO - [2024-02-04T01:05:38.552+0000] {dag.py:3058} INFO - Creating ORM DAG for Weather_and_OSHKOSH_ETL_Process
[2024-02-04T01:05:38.561+0000] {logging_mixin.py:188} INFO - [2024-02-04T01:05:38.561+0000] {dag.py:3823} INFO - Setting next_dagrun for Weather_and_OSHKOSH_ETL_Process to 2021-01-01 00:00:00+00:00, run_after=2021-01-02 00:00:00+00:00
[2024-02-04T01:05:38.576+0000] {processor.py:183} INFO - Processing /opt/airflow/dags/etl.py took 0.294 seconds
[2024-02-04T01:06:08.712+0000] {processor.py:161} INFO - Started process (PID=44) to work on /opt/airflow/dags/etl.py
[2024-02-04T01:06:08.713+0000] {processor.py:830} INFO - Processing file /opt/airflow/dags/etl.py for tasks to queue
[2024-02-04T01:06:08.717+0000] {logging_mixin.py:188} INFO - [2024-02-04T01:06:08.716+0000] {dagbag.py:538} INFO - Filling up the DagBag from /opt/airflow/dags/etl.py
[2024-02-04T01:06:08.751+0000] {processor.py:840} INFO - DAG(s) 'Weather_and_OSHKOSH_ETL_Process' retrieved from /opt/airflow/dags/etl.py
[2024-02-04T01:06:08.790+0000] {logging_mixin.py:188} INFO - [2024-02-04T01:06:08.790+0000] {dag.py:3036} INFO - Sync 1 DAGs
[2024-02-04T01:06:08.819+0000] {logging_mixin.py:188} INFO - [2024-02-04T01:06:08.819+0000] {dag.py:3823} INFO - Setting next_dagrun for Weather_and_OSHKOSH_ETL_Process to 2021-01-01 00:00:00+00:00, run_after=2021-01-02 00:00:00+00:00
[2024-02-04T01:06:08.840+0000] {processor.py:183} INFO - Processing /opt/airflow/dags/etl.py took 0.134 seconds
[2024-02-04T01:06:41.792+0000] {processor.py:161} INFO - Started process (PID=38) to work on /opt/airflow/dags/etl.py
[2024-02-04T01:06:41.793+0000] {processor.py:830} INFO - Processing file /opt/airflow/dags/etl.py for tasks to queue
[2024-02-04T01:06:41.795+0000] {logging_mixin.py:188} INFO - [2024-02-04T01:06:41.795+0000] {dagbag.py:538} INFO - Filling up the DagBag from /opt/airflow/dags/etl.py
[2024-02-04T01:06:41.813+0000] {processor.py:840} INFO - DAG(s) 'Weather_and_OSHKOSH_ETL_Process' retrieved from /opt/airflow/dags/etl.py
[2024-02-04T01:06:41.874+0000] {logging_mixin.py:188} INFO - [2024-02-04T01:06:41.873+0000] {dag.py:3036} INFO - Sync 1 DAGs
[2024-02-04T01:06:41.915+0000] {logging_mixin.py:188} INFO - [2024-02-04T01:06:41.915+0000] {dag.py:3823} INFO - Setting next_dagrun for Weather_and_OSHKOSH_ETL_Process to 2021-01-06 00:00:00+00:00, run_after=2021-01-07 00:00:00+00:00
[2024-02-04T01:06:41.941+0000] {processor.py:183} INFO - Processing /opt/airflow/dags/etl.py took 0.152 seconds
[2024-02-04T01:06:53.473+0000] {processor.py:161} INFO - Started process (PID=38) to work on /opt/airflow/dags/etl.py
[2024-02-04T01:06:53.474+0000] {processor.py:830} INFO - Processing file /opt/airflow/dags/etl.py for tasks to queue
[2024-02-04T01:06:53.476+0000] {logging_mixin.py:188} INFO - [2024-02-04T01:06:53.476+0000] {dagbag.py:538} INFO - Filling up the DagBag from /opt/airflow/dags/etl.py
[2024-02-04T01:06:53.493+0000] {processor.py:840} INFO - DAG(s) 'Weather_and_OSHKOSH_ETL_Process' retrieved from /opt/airflow/dags/etl.py
[2024-02-04T01:06:53.527+0000] {logging_mixin.py:188} INFO - [2024-02-04T01:06:53.527+0000] {dag.py:3036} INFO - Sync 1 DAGs
[2024-02-04T01:06:53.556+0000] {logging_mixin.py:188} INFO - [2024-02-04T01:06:53.555+0000] {dag.py:3823} INFO - Setting next_dagrun for Weather_and_OSHKOSH_ETL_Process to 2021-01-07 00:00:00+00:00, run_after=2021-01-08 00:00:00+00:00
[2024-02-04T01:06:53.573+0000] {processor.py:183} INFO - Processing /opt/airflow/dags/etl.py took 0.104 seconds
[2024-02-04T01:07:05.387+0000] {processor.py:161} INFO - Started process (PID=38) to work on /opt/airflow/dags/etl.py
[2024-02-04T01:07:05.388+0000] {processor.py:830} INFO - Processing file /opt/airflow/dags/etl.py for tasks to queue
[2024-02-04T01:07:05.390+0000] {logging_mixin.py:188} INFO - [2024-02-04T01:07:05.390+0000] {dagbag.py:538} INFO - Filling up the DagBag from /opt/airflow/dags/etl.py
[2024-02-04T01:07:05.408+0000] {processor.py:840} INFO - DAG(s) 'Weather_and_OSHKOSH_ETL_Process' retrieved from /opt/airflow/dags/etl.py
[2024-02-04T01:07:05.444+0000] {logging_mixin.py:188} INFO - [2024-02-04T01:07:05.444+0000] {dag.py:3036} INFO - Sync 1 DAGs
[2024-02-04T01:07:05.463+0000] {logging_mixin.py:188} INFO - [2024-02-04T01:07:05.463+0000] {dag.py:3823} INFO - Setting next_dagrun for Weather_and_OSHKOSH_ETL_Process to 2021-01-08 00:00:00+00:00, run_after=2021-01-09 00:00:00+00:00
[2024-02-04T01:07:05.478+0000] {processor.py:183} INFO - Processing /opt/airflow/dags/etl.py took 0.094 seconds
[2024-02-04T01:07:16.855+0000] {processor.py:161} INFO - Started process (PID=38) to work on /opt/airflow/dags/etl.py
[2024-02-04T01:07:16.856+0000] {processor.py:830} INFO - Processing file /opt/airflow/dags/etl.py for tasks to queue
[2024-02-04T01:07:16.858+0000] {logging_mixin.py:188} INFO - [2024-02-04T01:07:16.858+0000] {dagbag.py:538} INFO - Filling up the DagBag from /opt/airflow/dags/etl.py
[2024-02-04T01:07:16.873+0000] {processor.py:840} INFO - DAG(s) 'Weather_and_OSHKOSH_ETL_Process' retrieved from /opt/airflow/dags/etl.py
[2024-02-04T01:07:16.916+0000] {logging_mixin.py:188} INFO - [2024-02-04T01:07:16.915+0000] {dag.py:3036} INFO - Sync 1 DAGs
[2024-02-04T01:07:16.974+0000] {logging_mixin.py:188} INFO - [2024-02-04T01:07:16.973+0000] {dag.py:3823} INFO - Setting next_dagrun for Weather_and_OSHKOSH_ETL_Process to 2021-01-09 00:00:00+00:00, run_after=2021-01-10 00:00:00+00:00
[2024-02-04T01:07:17.008+0000] {processor.py:183} INFO - Processing /opt/airflow/dags/etl.py took 0.156 seconds
[2024-02-04T01:07:28.335+0000] {processor.py:161} INFO - Started process (PID=38) to work on /opt/airflow/dags/etl.py
[2024-02-04T01:07:28.335+0000] {processor.py:830} INFO - Processing file /opt/airflow/dags/etl.py for tasks to queue
[2024-02-04T01:07:28.338+0000] {logging_mixin.py:188} INFO - [2024-02-04T01:07:28.338+0000] {dagbag.py:538} INFO - Filling up the DagBag from /opt/airflow/dags/etl.py
[2024-02-04T01:07:28.356+0000] {processor.py:840} INFO - DAG(s) 'Weather_and_OSHKOSH_ETL_Process' retrieved from /opt/airflow/dags/etl.py
[2024-02-04T01:07:28.393+0000] {logging_mixin.py:188} INFO - [2024-02-04T01:07:28.392+0000] {dag.py:3036} INFO - Sync 1 DAGs
[2024-02-04T01:07:28.426+0000] {logging_mixin.py:188} INFO - [2024-02-04T01:07:28.426+0000] {dag.py:3823} INFO - Setting next_dagrun for Weather_and_OSHKOSH_ETL_Process to 2021-01-10 00:00:00+00:00, run_after=2021-01-11 00:00:00+00:00
[2024-02-04T01:07:28.445+0000] {processor.py:183} INFO - Processing /opt/airflow/dags/etl.py took 0.113 seconds
[2024-02-04T01:07:40.234+0000] {processor.py:161} INFO - Started process (PID=38) to work on /opt/airflow/dags/etl.py
[2024-02-04T01:07:40.235+0000] {processor.py:830} INFO - Processing file /opt/airflow/dags/etl.py for tasks to queue
[2024-02-04T01:07:40.237+0000] {logging_mixin.py:188} INFO - [2024-02-04T01:07:40.237+0000] {dagbag.py:538} INFO - Filling up the DagBag from /opt/airflow/dags/etl.py
[2024-02-04T01:07:40.255+0000] {processor.py:840} INFO - DAG(s) 'Weather_and_OSHKOSH_ETL_Process' retrieved from /opt/airflow/dags/etl.py
[2024-02-04T01:07:40.294+0000] {logging_mixin.py:188} INFO - [2024-02-04T01:07:40.293+0000] {dag.py:3036} INFO - Sync 1 DAGs
[2024-02-04T01:07:40.323+0000] {logging_mixin.py:188} INFO - [2024-02-04T01:07:40.322+0000] {dag.py:3823} INFO - Setting next_dagrun for Weather_and_OSHKOSH_ETL_Process to 2021-01-11 00:00:00+00:00, run_after=2021-01-12 00:00:00+00:00
[2024-02-04T01:07:40.341+0000] {processor.py:183} INFO - Processing /opt/airflow/dags/etl.py took 0.110 seconds
[2024-02-04T01:07:51.865+0000] {processor.py:161} INFO - Started process (PID=38) to work on /opt/airflow/dags/etl.py
[2024-02-04T01:07:51.867+0000] {processor.py:830} INFO - Processing file /opt/airflow/dags/etl.py for tasks to queue
[2024-02-04T01:07:51.869+0000] {logging_mixin.py:188} INFO - [2024-02-04T01:07:51.869+0000] {dagbag.py:538} INFO - Filling up the DagBag from /opt/airflow/dags/etl.py
[2024-02-04T01:07:51.883+0000] {processor.py:840} INFO - DAG(s) 'Weather_and_OSHKOSH_ETL_Process' retrieved from /opt/airflow/dags/etl.py
[2024-02-04T01:07:51.922+0000] {logging_mixin.py:188} INFO - [2024-02-04T01:07:51.921+0000] {dag.py:3036} INFO - Sync 1 DAGs
[2024-02-04T01:07:51.948+0000] {logging_mixin.py:188} INFO - [2024-02-04T01:07:51.948+0000] {dag.py:3823} INFO - Setting next_dagrun for Weather_and_OSHKOSH_ETL_Process to 2021-01-12 00:00:00+00:00, run_after=2021-01-13 00:00:00+00:00
[2024-02-04T01:07:51.964+0000] {processor.py:183} INFO - Processing /opt/airflow/dags/etl.py took 0.104 seconds
[2024-02-04T01:08:03.787+0000] {processor.py:161} INFO - Started process (PID=38) to work on /opt/airflow/dags/etl.py
[2024-02-04T01:08:03.788+0000] {processor.py:830} INFO - Processing file /opt/airflow/dags/etl.py for tasks to queue
[2024-02-04T01:08:03.790+0000] {logging_mixin.py:188} INFO - [2024-02-04T01:08:03.790+0000] {dagbag.py:538} INFO - Filling up the DagBag from /opt/airflow/dags/etl.py
[2024-02-04T01:08:03.808+0000] {processor.py:840} INFO - DAG(s) 'Weather_and_OSHKOSH_ETL_Process' retrieved from /opt/airflow/dags/etl.py
[2024-02-04T01:08:03.849+0000] {logging_mixin.py:188} INFO - [2024-02-04T01:08:03.848+0000] {dag.py:3036} INFO - Sync 1 DAGs
[2024-02-04T01:08:03.874+0000] {logging_mixin.py:188} INFO - [2024-02-04T01:08:03.874+0000] {dag.py:3823} INFO - Setting next_dagrun for Weather_and_OSHKOSH_ETL_Process to 2021-01-13 00:00:00+00:00, run_after=2021-01-14 00:00:00+00:00
[2024-02-04T01:08:03.891+0000] {processor.py:183} INFO - Processing /opt/airflow/dags/etl.py took 0.108 seconds
[2024-02-04T01:09:08.620+0000] {processor.py:161} INFO - Started process (PID=38) to work on /opt/airflow/dags/etl.py
[2024-02-04T01:09:08.621+0000] {processor.py:830} INFO - Processing file /opt/airflow/dags/etl.py for tasks to queue
[2024-02-04T01:09:08.623+0000] {logging_mixin.py:188} INFO - [2024-02-04T01:09:08.623+0000] {dagbag.py:538} INFO - Filling up the DagBag from /opt/airflow/dags/etl.py
[2024-02-04T01:09:08.646+0000] {processor.py:840} INFO - DAG(s) 'Weather_and_OSHKOSH_ETL_Process' retrieved from /opt/airflow/dags/etl.py
[2024-02-04T01:09:08.801+0000] {logging_mixin.py:188} INFO - [2024-02-04T01:09:08.800+0000] {dag.py:3036} INFO - Sync 1 DAGs
[2024-02-04T01:09:08.824+0000] {logging_mixin.py:188} INFO - [2024-02-04T01:09:08.824+0000] {dag.py:3823} INFO - Setting next_dagrun for Weather_and_OSHKOSH_ETL_Process to 2021-01-13 00:00:00+00:00, run_after=2021-01-14 00:00:00+00:00
[2024-02-04T01:09:08.853+0000] {processor.py:183} INFO - Processing /opt/airflow/dags/etl.py took 0.236 seconds
[2024-02-04T01:10:03.751+0000] {processor.py:161} INFO - Started process (PID=38) to work on /opt/airflow/dags/etl.py
[2024-02-04T01:10:03.753+0000] {processor.py:830} INFO - Processing file /opt/airflow/dags/etl.py for tasks to queue
[2024-02-04T01:10:03.755+0000] {logging_mixin.py:188} INFO - [2024-02-04T01:10:03.755+0000] {dagbag.py:538} INFO - Filling up the DagBag from /opt/airflow/dags/etl.py
[2024-02-04T01:10:03.784+0000] {processor.py:840} INFO - DAG(s) 'Weather_and_OSHKOSH_ETL_Process' retrieved from /opt/airflow/dags/etl.py
[2024-02-04T01:10:04.014+0000] {logging_mixin.py:188} INFO - [2024-02-04T01:10:04.014+0000] {dag.py:3036} INFO - Sync 1 DAGs
[2024-02-04T01:10:04.032+0000] {logging_mixin.py:188} INFO - [2024-02-04T01:10:04.032+0000] {dag.py:3823} INFO - Setting next_dagrun for Weather_and_OSHKOSH_ETL_Process to 2021-01-13 00:00:00+00:00, run_after=2021-01-14 00:00:00+00:00
[2024-02-04T01:10:04.049+0000] {processor.py:183} INFO - Processing /opt/airflow/dags/etl.py took 0.302 seconds
[2024-02-04T01:10:15.127+0000] {processor.py:161} INFO - Started process (PID=38) to work on /opt/airflow/dags/etl.py
[2024-02-04T01:10:15.129+0000] {processor.py:830} INFO - Processing file /opt/airflow/dags/etl.py for tasks to queue
[2024-02-04T01:10:15.131+0000] {logging_mixin.py:188} INFO - [2024-02-04T01:10:15.131+0000] {dagbag.py:538} INFO - Filling up the DagBag from /opt/airflow/dags/etl.py
[2024-02-04T01:10:15.154+0000] {processor.py:840} INFO - DAG(s) 'Weather_and_OSHKOSH_ETL_Process' retrieved from /opt/airflow/dags/etl.py
[2024-02-04T01:10:15.186+0000] {logging_mixin.py:188} INFO - [2024-02-04T01:10:15.185+0000] {dag.py:3036} INFO - Sync 1 DAGs
[2024-02-04T01:10:15.223+0000] {logging_mixin.py:188} INFO - [2024-02-04T01:10:15.222+0000] {dag.py:3823} INFO - Setting next_dagrun for Weather_and_OSHKOSH_ETL_Process to 2021-01-14 00:00:00+00:00, run_after=2021-01-15 00:00:00+00:00
[2024-02-04T01:10:15.244+0000] {processor.py:183} INFO - Processing /opt/airflow/dags/etl.py took 0.121 seconds
[2024-02-04T01:14:13.497+0000] {processor.py:161} INFO - Started process (PID=38) to work on /opt/airflow/dags/etl.py
[2024-02-04T01:14:13.500+0000] {processor.py:830} INFO - Processing file /opt/airflow/dags/etl.py for tasks to queue
[2024-02-04T01:14:13.503+0000] {logging_mixin.py:188} INFO - [2024-02-04T01:14:13.503+0000] {dagbag.py:538} INFO - Filling up the DagBag from /opt/airflow/dags/etl.py
[2024-02-04T01:14:13.540+0000] {processor.py:840} INFO - DAG(s) 'Weather_and_OSHKOSH_ETL_Process' retrieved from /opt/airflow/dags/etl.py
[2024-02-04T01:14:13.736+0000] {logging_mixin.py:188} INFO - [2024-02-04T01:14:13.735+0000] {override.py:1769} INFO - Created Permission View: can read on DAG:Weather_and_OSHKOSH_ETL_Process
[2024-02-04T01:14:13.743+0000] {logging_mixin.py:188} INFO - [2024-02-04T01:14:13.743+0000] {override.py:1769} INFO - Created Permission View: can delete on DAG:Weather_and_OSHKOSH_ETL_Process
[2024-02-04T01:14:13.749+0000] {logging_mixin.py:188} INFO - [2024-02-04T01:14:13.749+0000] {override.py:1769} INFO - Created Permission View: can edit on DAG:Weather_and_OSHKOSH_ETL_Process
[2024-02-04T01:14:13.750+0000] {logging_mixin.py:188} INFO - [2024-02-04T01:14:13.750+0000] {dag.py:3036} INFO - Sync 1 DAGs
[2024-02-04T01:14:13.761+0000] {logging_mixin.py:188} INFO - [2024-02-04T01:14:13.761+0000] {dag.py:3058} INFO - Creating ORM DAG for Weather_and_OSHKOSH_ETL_Process
[2024-02-04T01:14:13.772+0000] {logging_mixin.py:188} INFO - [2024-02-04T01:14:13.771+0000] {dag.py:3823} INFO - Setting next_dagrun for Weather_and_OSHKOSH_ETL_Process to 2021-01-01 00:00:00+00:00, run_after=2021-01-02 00:00:00+00:00
[2024-02-04T01:14:13.788+0000] {processor.py:183} INFO - Processing /opt/airflow/dags/etl.py took 0.296 seconds
[2024-02-04T01:14:43.911+0000] {processor.py:161} INFO - Started process (PID=45) to work on /opt/airflow/dags/etl.py
[2024-02-04T01:14:43.912+0000] {processor.py:830} INFO - Processing file /opt/airflow/dags/etl.py for tasks to queue
[2024-02-04T01:14:43.916+0000] {logging_mixin.py:188} INFO - [2024-02-04T01:14:43.915+0000] {dagbag.py:538} INFO - Filling up the DagBag from /opt/airflow/dags/etl.py
[2024-02-04T01:14:43.940+0000] {processor.py:840} INFO - DAG(s) 'Weather_and_OSHKOSH_ETL_Process' retrieved from /opt/airflow/dags/etl.py
[2024-02-04T01:14:43.966+0000] {logging_mixin.py:188} INFO - [2024-02-04T01:14:43.966+0000] {dag.py:3036} INFO - Sync 1 DAGs
[2024-02-04T01:14:43.984+0000] {logging_mixin.py:188} INFO - [2024-02-04T01:14:43.984+0000] {dag.py:3823} INFO - Setting next_dagrun for Weather_and_OSHKOSH_ETL_Process to 2021-01-01 00:00:00+00:00, run_after=2021-01-02 00:00:00+00:00
[2024-02-04T01:14:43.998+0000] {processor.py:183} INFO - Processing /opt/airflow/dags/etl.py took 0.091 seconds
[2024-02-04T01:15:14.044+0000] {processor.py:161} INFO - Started process (PID=52) to work on /opt/airflow/dags/etl.py
[2024-02-04T01:15:14.045+0000] {processor.py:830} INFO - Processing file /opt/airflow/dags/etl.py for tasks to queue
[2024-02-04T01:15:14.048+0000] {logging_mixin.py:188} INFO - [2024-02-04T01:15:14.048+0000] {dagbag.py:538} INFO - Filling up the DagBag from /opt/airflow/dags/etl.py
[2024-02-04T01:15:14.063+0000] {processor.py:840} INFO - DAG(s) 'Weather_and_OSHKOSH_ETL_Process' retrieved from /opt/airflow/dags/etl.py
[2024-02-04T01:15:14.087+0000] {logging_mixin.py:188} INFO - [2024-02-04T01:15:14.086+0000] {dag.py:3036} INFO - Sync 1 DAGs
[2024-02-04T01:15:14.106+0000] {logging_mixin.py:188} INFO - [2024-02-04T01:15:14.106+0000] {dag.py:3823} INFO - Setting next_dagrun for Weather_and_OSHKOSH_ETL_Process to 2021-01-01 00:00:00+00:00, run_after=2021-01-02 00:00:00+00:00
[2024-02-04T01:15:14.120+0000] {processor.py:183} INFO - Processing /opt/airflow/dags/etl.py took 0.080 seconds
[2024-02-04T01:15:44.230+0000] {processor.py:161} INFO - Started process (PID=68) to work on /opt/airflow/dags/etl.py
[2024-02-04T01:15:44.231+0000] {processor.py:830} INFO - Processing file /opt/airflow/dags/etl.py for tasks to queue
[2024-02-04T01:15:44.233+0000] {logging_mixin.py:188} INFO - [2024-02-04T01:15:44.232+0000] {dagbag.py:538} INFO - Filling up the DagBag from /opt/airflow/dags/etl.py
[2024-02-04T01:15:44.250+0000] {processor.py:840} INFO - DAG(s) 'Weather_and_OSHKOSH_ETL_Process' retrieved from /opt/airflow/dags/etl.py
[2024-02-04T01:15:44.275+0000] {logging_mixin.py:188} INFO - [2024-02-04T01:15:44.274+0000] {dag.py:3036} INFO - Sync 1 DAGs
[2024-02-04T01:15:44.294+0000] {logging_mixin.py:188} INFO - [2024-02-04T01:15:44.294+0000] {dag.py:3823} INFO - Setting next_dagrun for Weather_and_OSHKOSH_ETL_Process to 2021-01-01 00:00:00+00:00, run_after=2021-01-02 00:00:00+00:00
[2024-02-04T01:15:44.307+0000] {processor.py:183} INFO - Processing /opt/airflow/dags/etl.py took 0.080 seconds
[2024-02-04T01:16:14.353+0000] {processor.py:161} INFO - Started process (PID=80) to work on /opt/airflow/dags/etl.py
[2024-02-04T01:16:14.354+0000] {processor.py:830} INFO - Processing file /opt/airflow/dags/etl.py for tasks to queue
[2024-02-04T01:16:14.355+0000] {logging_mixin.py:188} INFO - [2024-02-04T01:16:14.355+0000] {dagbag.py:538} INFO - Filling up the DagBag from /opt/airflow/dags/etl.py
[2024-02-04T01:16:14.368+0000] {processor.py:840} INFO - DAG(s) 'Weather_and_OSHKOSH_ETL_Process' retrieved from /opt/airflow/dags/etl.py
[2024-02-04T01:16:14.391+0000] {logging_mixin.py:188} INFO - [2024-02-04T01:16:14.391+0000] {dag.py:3036} INFO - Sync 1 DAGs
[2024-02-04T01:16:14.409+0000] {logging_mixin.py:188} INFO - [2024-02-04T01:16:14.409+0000] {dag.py:3823} INFO - Setting next_dagrun for Weather_and_OSHKOSH_ETL_Process to 2021-01-01 00:00:00+00:00, run_after=2021-01-02 00:00:00+00:00
[2024-02-04T01:16:14.423+0000] {processor.py:183} INFO - Processing /opt/airflow/dags/etl.py took 0.073 seconds
[2024-02-04T01:16:44.528+0000] {processor.py:161} INFO - Started process (PID=89) to work on /opt/airflow/dags/etl.py
[2024-02-04T01:16:44.528+0000] {processor.py:830} INFO - Processing file /opt/airflow/dags/etl.py for tasks to queue
[2024-02-04T01:16:44.530+0000] {logging_mixin.py:188} INFO - [2024-02-04T01:16:44.530+0000] {dagbag.py:538} INFO - Filling up the DagBag from /opt/airflow/dags/etl.py
[2024-02-04T01:16:44.545+0000] {processor.py:840} INFO - DAG(s) 'Weather_and_OSHKOSH_ETL_Process' retrieved from /opt/airflow/dags/etl.py
[2024-02-04T01:16:44.567+0000] {logging_mixin.py:188} INFO - [2024-02-04T01:16:44.566+0000] {dag.py:3036} INFO - Sync 1 DAGs
[2024-02-04T01:16:44.585+0000] {logging_mixin.py:188} INFO - [2024-02-04T01:16:44.585+0000] {dag.py:3823} INFO - Setting next_dagrun for Weather_and_OSHKOSH_ETL_Process to 2021-01-01 00:00:00+00:00, run_after=2021-01-02 00:00:00+00:00
[2024-02-04T01:16:44.599+0000] {processor.py:183} INFO - Processing /opt/airflow/dags/etl.py took 0.075 seconds
[2024-02-04T01:17:14.662+0000] {processor.py:161} INFO - Started process (PID=96) to work on /opt/airflow/dags/etl.py
[2024-02-04T01:17:14.663+0000] {processor.py:830} INFO - Processing file /opt/airflow/dags/etl.py for tasks to queue
[2024-02-04T01:17:14.665+0000] {logging_mixin.py:188} INFO - [2024-02-04T01:17:14.664+0000] {dagbag.py:538} INFO - Filling up the DagBag from /opt/airflow/dags/etl.py
[2024-02-04T01:17:14.682+0000] {processor.py:840} INFO - DAG(s) 'Weather_and_OSHKOSH_ETL_Process' retrieved from /opt/airflow/dags/etl.py
[2024-02-04T01:17:14.710+0000] {logging_mixin.py:188} INFO - [2024-02-04T01:17:14.710+0000] {dag.py:3036} INFO - Sync 1 DAGs
[2024-02-04T01:17:14.732+0000] {logging_mixin.py:188} INFO - [2024-02-04T01:17:14.731+0000] {dag.py:3823} INFO - Setting next_dagrun for Weather_and_OSHKOSH_ETL_Process to 2021-01-01 00:00:00+00:00, run_after=2021-01-02 00:00:00+00:00
[2024-02-04T01:17:14.749+0000] {processor.py:183} INFO - Processing /opt/airflow/dags/etl.py took 0.090 seconds
[2024-02-04T01:17:44.825+0000] {processor.py:161} INFO - Started process (PID=103) to work on /opt/airflow/dags/etl.py
[2024-02-04T01:17:44.826+0000] {processor.py:830} INFO - Processing file /opt/airflow/dags/etl.py for tasks to queue
[2024-02-04T01:17:44.827+0000] {logging_mixin.py:188} INFO - [2024-02-04T01:17:44.827+0000] {dagbag.py:538} INFO - Filling up the DagBag from /opt/airflow/dags/etl.py
[2024-02-04T01:17:44.841+0000] {processor.py:840} INFO - DAG(s) 'Weather_and_OSHKOSH_ETL_Process' retrieved from /opt/airflow/dags/etl.py
[2024-02-04T01:17:44.863+0000] {logging_mixin.py:188} INFO - [2024-02-04T01:17:44.863+0000] {dag.py:3036} INFO - Sync 1 DAGs
[2024-02-04T01:17:44.881+0000] {logging_mixin.py:188} INFO - [2024-02-04T01:17:44.881+0000] {dag.py:3823} INFO - Setting next_dagrun for Weather_and_OSHKOSH_ETL_Process to 2021-01-01 00:00:00+00:00, run_after=2021-01-02 00:00:00+00:00
[2024-02-04T01:17:44.899+0000] {processor.py:183} INFO - Processing /opt/airflow/dags/etl.py took 0.079 seconds
[2024-02-04T01:18:14.993+0000] {processor.py:161} INFO - Started process (PID=110) to work on /opt/airflow/dags/etl.py
[2024-02-04T01:18:14.993+0000] {processor.py:830} INFO - Processing file /opt/airflow/dags/etl.py for tasks to queue
[2024-02-04T01:18:14.995+0000] {logging_mixin.py:188} INFO - [2024-02-04T01:18:14.994+0000] {dagbag.py:538} INFO - Filling up the DagBag from /opt/airflow/dags/etl.py
[2024-02-04T01:18:15.009+0000] {processor.py:840} INFO - DAG(s) 'Weather_and_OSHKOSH_ETL_Process' retrieved from /opt/airflow/dags/etl.py
[2024-02-04T01:18:15.031+0000] {logging_mixin.py:188} INFO - [2024-02-04T01:18:15.030+0000] {dag.py:3036} INFO - Sync 1 DAGs
[2024-02-04T01:18:15.051+0000] {logging_mixin.py:188} INFO - [2024-02-04T01:18:15.051+0000] {dag.py:3823} INFO - Setting next_dagrun for Weather_and_OSHKOSH_ETL_Process to 2021-01-01 00:00:00+00:00, run_after=2021-01-02 00:00:00+00:00
[2024-02-04T01:18:15.073+0000] {processor.py:183} INFO - Processing /opt/airflow/dags/etl.py took 0.084 seconds
[2024-02-04T01:18:45.144+0000] {processor.py:161} INFO - Started process (PID=117) to work on /opt/airflow/dags/etl.py
[2024-02-04T01:18:45.144+0000] {processor.py:830} INFO - Processing file /opt/airflow/dags/etl.py for tasks to queue
[2024-02-04T01:18:45.146+0000] {logging_mixin.py:188} INFO - [2024-02-04T01:18:45.146+0000] {dagbag.py:538} INFO - Filling up the DagBag from /opt/airflow/dags/etl.py
[2024-02-04T01:18:45.161+0000] {processor.py:840} INFO - DAG(s) 'Weather_and_OSHKOSH_ETL_Process' retrieved from /opt/airflow/dags/etl.py
[2024-02-04T01:18:45.184+0000] {logging_mixin.py:188} INFO - [2024-02-04T01:18:45.184+0000] {dag.py:3036} INFO - Sync 1 DAGs
[2024-02-04T01:18:45.200+0000] {logging_mixin.py:188} INFO - [2024-02-04T01:18:45.200+0000] {dag.py:3823} INFO - Setting next_dagrun for Weather_and_OSHKOSH_ETL_Process to 2021-01-01 00:00:00+00:00, run_after=2021-01-02 00:00:00+00:00
[2024-02-04T01:18:45.224+0000] {processor.py:183} INFO - Processing /opt/airflow/dags/etl.py took 0.083 seconds
[2024-02-04T01:19:15.323+0000] {processor.py:161} INFO - Started process (PID=124) to work on /opt/airflow/dags/etl.py
[2024-02-04T01:19:15.324+0000] {processor.py:830} INFO - Processing file /opt/airflow/dags/etl.py for tasks to queue
[2024-02-04T01:19:15.326+0000] {logging_mixin.py:188} INFO - [2024-02-04T01:19:15.326+0000] {dagbag.py:538} INFO - Filling up the DagBag from /opt/airflow/dags/etl.py
[2024-02-04T01:19:15.341+0000] {processor.py:840} INFO - DAG(s) 'Weather_and_OSHKOSH_ETL_Process' retrieved from /opt/airflow/dags/etl.py
[2024-02-04T01:19:15.363+0000] {logging_mixin.py:188} INFO - [2024-02-04T01:19:15.362+0000] {dag.py:3036} INFO - Sync 1 DAGs
[2024-02-04T01:19:15.383+0000] {logging_mixin.py:188} INFO - [2024-02-04T01:19:15.383+0000] {dag.py:3823} INFO - Setting next_dagrun for Weather_and_OSHKOSH_ETL_Process to 2021-01-01 00:00:00+00:00, run_after=2021-01-02 00:00:00+00:00
[2024-02-04T01:19:15.407+0000] {processor.py:183} INFO - Processing /opt/airflow/dags/etl.py took 0.090 seconds
[2024-02-04T01:19:45.463+0000] {processor.py:161} INFO - Started process (PID=131) to work on /opt/airflow/dags/etl.py
[2024-02-04T01:19:45.463+0000] {processor.py:830} INFO - Processing file /opt/airflow/dags/etl.py for tasks to queue
[2024-02-04T01:19:45.465+0000] {logging_mixin.py:188} INFO - [2024-02-04T01:19:45.465+0000] {dagbag.py:538} INFO - Filling up the DagBag from /opt/airflow/dags/etl.py
[2024-02-04T01:19:45.478+0000] {processor.py:840} INFO - DAG(s) 'Weather_and_OSHKOSH_ETL_Process' retrieved from /opt/airflow/dags/etl.py
[2024-02-04T01:19:45.500+0000] {logging_mixin.py:188} INFO - [2024-02-04T01:19:45.500+0000] {dag.py:3036} INFO - Sync 1 DAGs
[2024-02-04T01:19:45.519+0000] {logging_mixin.py:188} INFO - [2024-02-04T01:19:45.519+0000] {dag.py:3823} INFO - Setting next_dagrun for Weather_and_OSHKOSH_ETL_Process to 2021-01-01 00:00:00+00:00, run_after=2021-01-02 00:00:00+00:00
[2024-02-04T01:19:45.540+0000] {processor.py:183} INFO - Processing /opt/airflow/dags/etl.py took 0.080 seconds
[2024-02-04T01:20:15.642+0000] {processor.py:161} INFO - Started process (PID=138) to work on /opt/airflow/dags/etl.py
[2024-02-04T01:20:15.642+0000] {processor.py:830} INFO - Processing file /opt/airflow/dags/etl.py for tasks to queue
[2024-02-04T01:20:15.644+0000] {logging_mixin.py:188} INFO - [2024-02-04T01:20:15.644+0000] {dagbag.py:538} INFO - Filling up the DagBag from /opt/airflow/dags/etl.py
[2024-02-04T01:20:15.658+0000] {processor.py:840} INFO - DAG(s) 'Weather_and_OSHKOSH_ETL_Process' retrieved from /opt/airflow/dags/etl.py
[2024-02-04T01:20:15.678+0000] {logging_mixin.py:188} INFO - [2024-02-04T01:20:15.677+0000] {dag.py:3036} INFO - Sync 1 DAGs
[2024-02-04T01:20:15.695+0000] {logging_mixin.py:188} INFO - [2024-02-04T01:20:15.695+0000] {dag.py:3823} INFO - Setting next_dagrun for Weather_and_OSHKOSH_ETL_Process to 2021-01-01 00:00:00+00:00, run_after=2021-01-02 00:00:00+00:00
[2024-02-04T01:20:15.716+0000] {processor.py:183} INFO - Processing /opt/airflow/dags/etl.py took 0.077 seconds
[2024-02-04T01:20:45.773+0000] {processor.py:161} INFO - Started process (PID=145) to work on /opt/airflow/dags/etl.py
[2024-02-04T01:20:45.774+0000] {processor.py:830} INFO - Processing file /opt/airflow/dags/etl.py for tasks to queue
[2024-02-04T01:20:45.776+0000] {logging_mixin.py:188} INFO - [2024-02-04T01:20:45.775+0000] {dagbag.py:538} INFO - Filling up the DagBag from /opt/airflow/dags/etl.py
[2024-02-04T01:20:45.789+0000] {processor.py:840} INFO - DAG(s) 'Weather_and_OSHKOSH_ETL_Process' retrieved from /opt/airflow/dags/etl.py
[2024-02-04T01:20:45.811+0000] {logging_mixin.py:188} INFO - [2024-02-04T01:20:45.811+0000] {dag.py:3036} INFO - Sync 1 DAGs
[2024-02-04T01:20:45.828+0000] {logging_mixin.py:188} INFO - [2024-02-04T01:20:45.828+0000] {dag.py:3823} INFO - Setting next_dagrun for Weather_and_OSHKOSH_ETL_Process to 2021-01-01 00:00:00+00:00, run_after=2021-01-02 00:00:00+00:00
[2024-02-04T01:20:45.841+0000] {processor.py:183} INFO - Processing /opt/airflow/dags/etl.py took 0.071 seconds
[2024-02-04T01:21:15.944+0000] {processor.py:161} INFO - Started process (PID=152) to work on /opt/airflow/dags/etl.py
[2024-02-04T01:21:15.945+0000] {processor.py:830} INFO - Processing file /opt/airflow/dags/etl.py for tasks to queue
[2024-02-04T01:21:15.947+0000] {logging_mixin.py:188} INFO - [2024-02-04T01:21:15.947+0000] {dagbag.py:538} INFO - Filling up the DagBag from /opt/airflow/dags/etl.py
[2024-02-04T01:21:15.962+0000] {processor.py:840} INFO - DAG(s) 'Weather_and_OSHKOSH_ETL_Process' retrieved from /opt/airflow/dags/etl.py
[2024-02-04T01:21:15.984+0000] {logging_mixin.py:188} INFO - [2024-02-04T01:21:15.983+0000] {dag.py:3036} INFO - Sync 1 DAGs
[2024-02-04T01:21:16.004+0000] {logging_mixin.py:188} INFO - [2024-02-04T01:21:16.004+0000] {dag.py:3823} INFO - Setting next_dagrun for Weather_and_OSHKOSH_ETL_Process to 2021-01-01 00:00:00+00:00, run_after=2021-01-02 00:00:00+00:00
[2024-02-04T01:21:16.017+0000] {processor.py:183} INFO - Processing /opt/airflow/dags/etl.py took 0.076 seconds
[2024-02-04T01:21:46.073+0000] {processor.py:161} INFO - Started process (PID=159) to work on /opt/airflow/dags/etl.py
[2024-02-04T01:21:46.074+0000] {processor.py:830} INFO - Processing file /opt/airflow/dags/etl.py for tasks to queue
[2024-02-04T01:21:46.075+0000] {logging_mixin.py:188} INFO - [2024-02-04T01:21:46.075+0000] {dagbag.py:538} INFO - Filling up the DagBag from /opt/airflow/dags/etl.py
[2024-02-04T01:21:46.089+0000] {processor.py:840} INFO - DAG(s) 'Weather_and_OSHKOSH_ETL_Process' retrieved from /opt/airflow/dags/etl.py
[2024-02-04T01:21:46.110+0000] {logging_mixin.py:188} INFO - [2024-02-04T01:21:46.109+0000] {dag.py:3036} INFO - Sync 1 DAGs
[2024-02-04T01:21:46.128+0000] {logging_mixin.py:188} INFO - [2024-02-04T01:21:46.128+0000] {dag.py:3823} INFO - Setting next_dagrun for Weather_and_OSHKOSH_ETL_Process to 2021-01-01 00:00:00+00:00, run_after=2021-01-02 00:00:00+00:00
[2024-02-04T01:21:46.142+0000] {processor.py:183} INFO - Processing /opt/airflow/dags/etl.py took 0.071 seconds
[2024-02-04T01:22:16.251+0000] {processor.py:161} INFO - Started process (PID=166) to work on /opt/airflow/dags/etl.py
[2024-02-04T01:22:16.252+0000] {processor.py:830} INFO - Processing file /opt/airflow/dags/etl.py for tasks to queue
[2024-02-04T01:22:16.254+0000] {logging_mixin.py:188} INFO - [2024-02-04T01:22:16.254+0000] {dagbag.py:538} INFO - Filling up the DagBag from /opt/airflow/dags/etl.py
[2024-02-04T01:22:16.268+0000] {processor.py:840} INFO - DAG(s) 'Weather_and_OSHKOSH_ETL_Process' retrieved from /opt/airflow/dags/etl.py
[2024-02-04T01:22:16.288+0000] {logging_mixin.py:188} INFO - [2024-02-04T01:22:16.288+0000] {dag.py:3036} INFO - Sync 1 DAGs
[2024-02-04T01:22:16.305+0000] {logging_mixin.py:188} INFO - [2024-02-04T01:22:16.305+0000] {dag.py:3823} INFO - Setting next_dagrun for Weather_and_OSHKOSH_ETL_Process to 2021-01-01 00:00:00+00:00, run_after=2021-01-02 00:00:00+00:00
[2024-02-04T01:22:16.319+0000] {processor.py:183} INFO - Processing /opt/airflow/dags/etl.py took 0.070 seconds
[2024-02-04T01:22:46.381+0000] {processor.py:161} INFO - Started process (PID=173) to work on /opt/airflow/dags/etl.py
[2024-02-04T01:22:46.382+0000] {processor.py:830} INFO - Processing file /opt/airflow/dags/etl.py for tasks to queue
[2024-02-04T01:22:46.384+0000] {logging_mixin.py:188} INFO - [2024-02-04T01:22:46.383+0000] {dagbag.py:538} INFO - Filling up the DagBag from /opt/airflow/dags/etl.py
[2024-02-04T01:22:46.397+0000] {processor.py:840} INFO - DAG(s) 'Weather_and_OSHKOSH_ETL_Process' retrieved from /opt/airflow/dags/etl.py
[2024-02-04T01:22:46.419+0000] {logging_mixin.py:188} INFO - [2024-02-04T01:22:46.419+0000] {dag.py:3036} INFO - Sync 1 DAGs
[2024-02-04T01:22:46.437+0000] {logging_mixin.py:188} INFO - [2024-02-04T01:22:46.437+0000] {dag.py:3823} INFO - Setting next_dagrun for Weather_and_OSHKOSH_ETL_Process to 2021-01-01 00:00:00+00:00, run_after=2021-01-02 00:00:00+00:00
[2024-02-04T01:22:46.451+0000] {processor.py:183} INFO - Processing /opt/airflow/dags/etl.py took 0.074 seconds
[2024-02-04T01:23:16.542+0000] {processor.py:161} INFO - Started process (PID=180) to work on /opt/airflow/dags/etl.py
[2024-02-04T01:23:16.542+0000] {processor.py:830} INFO - Processing file /opt/airflow/dags/etl.py for tasks to queue
[2024-02-04T01:23:16.544+0000] {logging_mixin.py:188} INFO - [2024-02-04T01:23:16.544+0000] {dagbag.py:538} INFO - Filling up the DagBag from /opt/airflow/dags/etl.py
[2024-02-04T01:23:16.558+0000] {processor.py:840} INFO - DAG(s) 'Weather_and_OSHKOSH_ETL_Process' retrieved from /opt/airflow/dags/etl.py
[2024-02-04T01:23:16.580+0000] {logging_mixin.py:188} INFO - [2024-02-04T01:23:16.579+0000] {dag.py:3036} INFO - Sync 1 DAGs
[2024-02-04T01:23:16.598+0000] {logging_mixin.py:188} INFO - [2024-02-04T01:23:16.597+0000] {dag.py:3823} INFO - Setting next_dagrun for Weather_and_OSHKOSH_ETL_Process to 2021-01-01 00:00:00+00:00, run_after=2021-01-02 00:00:00+00:00
[2024-02-04T01:23:16.610+0000] {processor.py:183} INFO - Processing /opt/airflow/dags/etl.py took 0.072 seconds
[2024-02-04T01:28:34.462+0000] {processor.py:161} INFO - Started process (PID=38) to work on /opt/airflow/dags/etl.py
[2024-02-04T01:28:34.463+0000] {processor.py:830} INFO - Processing file /opt/airflow/dags/etl.py for tasks to queue
[2024-02-04T01:28:34.465+0000] {logging_mixin.py:188} INFO - [2024-02-04T01:28:34.465+0000] {dagbag.py:538} INFO - Filling up the DagBag from /opt/airflow/dags/etl.py
[2024-02-04T01:28:34.499+0000] {processor.py:840} INFO - DAG(s) 'Weather_and_OSHKOSH_ETL_Process' retrieved from /opt/airflow/dags/etl.py
[2024-02-04T01:28:34.706+0000] {logging_mixin.py:188} INFO - [2024-02-04T01:28:34.706+0000] {dag.py:3036} INFO - Sync 1 DAGs
[2024-02-04T01:28:34.724+0000] {logging_mixin.py:188} INFO - [2024-02-04T01:28:34.724+0000] {dag.py:3823} INFO - Setting next_dagrun for Weather_and_OSHKOSH_ETL_Process to 2024-02-03 00:00:00+00:00, run_after=2024-02-04 00:00:00+00:00
[2024-02-04T01:28:34.743+0000] {processor.py:183} INFO - Processing /opt/airflow/dags/etl.py took 0.284 seconds
[2024-02-04T01:29:04.865+0000] {processor.py:161} INFO - Started process (PID=45) to work on /opt/airflow/dags/etl.py
[2024-02-04T01:29:04.866+0000] {processor.py:830} INFO - Processing file /opt/airflow/dags/etl.py for tasks to queue
[2024-02-04T01:29:04.869+0000] {logging_mixin.py:188} INFO - [2024-02-04T01:29:04.868+0000] {dagbag.py:538} INFO - Filling up the DagBag from /opt/airflow/dags/etl.py
[2024-02-04T01:29:04.894+0000] {processor.py:840} INFO - DAG(s) 'Weather_and_OSHKOSH_ETL_Process' retrieved from /opt/airflow/dags/etl.py
[2024-02-04T01:29:04.922+0000] {logging_mixin.py:188} INFO - [2024-02-04T01:29:04.921+0000] {dag.py:3036} INFO - Sync 1 DAGs
[2024-02-04T01:29:04.940+0000] {logging_mixin.py:188} INFO - [2024-02-04T01:29:04.940+0000] {dag.py:3823} INFO - Setting next_dagrun for Weather_and_OSHKOSH_ETL_Process to 2024-02-03 00:00:00+00:00, run_after=2024-02-04 00:00:00+00:00
[2024-02-04T01:29:04.956+0000] {processor.py:183} INFO - Processing /opt/airflow/dags/etl.py took 0.095 seconds
[2024-02-04T01:29:43.066+0000] {processor.py:161} INFO - Started process (PID=38) to work on /opt/airflow/dags/etl.py
[2024-02-04T01:29:43.066+0000] {processor.py:830} INFO - Processing file /opt/airflow/dags/etl.py for tasks to queue
[2024-02-04T01:29:43.068+0000] {logging_mixin.py:188} INFO - [2024-02-04T01:29:43.068+0000] {dagbag.py:538} INFO - Filling up the DagBag from /opt/airflow/dags/etl.py
[2024-02-04T01:29:43.083+0000] {processor.py:840} INFO - DAG(s) 'Weather_and_OSHKOSH_ETL_Process' retrieved from /opt/airflow/dags/etl.py
[2024-02-04T01:29:43.120+0000] {logging_mixin.py:188} INFO - [2024-02-04T01:29:43.120+0000] {dag.py:3036} INFO - Sync 1 DAGs
[2024-02-04T01:29:43.155+0000] {logging_mixin.py:188} INFO - [2024-02-04T01:29:43.155+0000] {dag.py:3823} INFO - Setting next_dagrun for Weather_and_OSHKOSH_ETL_Process to 2024-02-04 00:00:00+00:00, run_after=2024-02-05 00:00:00+00:00
[2024-02-04T01:29:43.172+0000] {processor.py:183} INFO - Processing /opt/airflow/dags/etl.py took 0.110 seconds
[2024-02-04T01:29:54.253+0000] {processor.py:161} INFO - Started process (PID=38) to work on /opt/airflow/dags/etl.py
[2024-02-04T01:29:54.254+0000] {processor.py:830} INFO - Processing file /opt/airflow/dags/etl.py for tasks to queue
[2024-02-04T01:29:54.256+0000] {logging_mixin.py:188} INFO - [2024-02-04T01:29:54.256+0000] {dagbag.py:538} INFO - Filling up the DagBag from /opt/airflow/dags/etl.py
[2024-02-04T01:29:54.272+0000] {processor.py:840} INFO - DAG(s) 'Weather_and_OSHKOSH_ETL_Process' retrieved from /opt/airflow/dags/etl.py
[2024-02-04T01:29:54.313+0000] {logging_mixin.py:188} INFO - [2024-02-04T01:29:54.313+0000] {dag.py:3036} INFO - Sync 1 DAGs
[2024-02-04T01:29:54.345+0000] {logging_mixin.py:188} INFO - [2024-02-04T01:29:54.345+0000] {dag.py:3823} INFO - Setting next_dagrun for Weather_and_OSHKOSH_ETL_Process to 2024-02-04 00:00:00+00:00, run_after=2024-02-05 00:00:00+00:00
[2024-02-04T01:29:54.366+0000] {processor.py:183} INFO - Processing /opt/airflow/dags/etl.py took 0.115 seconds
[2024-02-04T01:30:05.650+0000] {processor.py:161} INFO - Started process (PID=38) to work on /opt/airflow/dags/etl.py
[2024-02-04T01:30:05.653+0000] {processor.py:830} INFO - Processing file /opt/airflow/dags/etl.py for tasks to queue
[2024-02-04T01:30:05.655+0000] {logging_mixin.py:188} INFO - [2024-02-04T01:30:05.655+0000] {dagbag.py:538} INFO - Filling up the DagBag from /opt/airflow/dags/etl.py
[2024-02-04T01:30:05.671+0000] {processor.py:840} INFO - DAG(s) 'Weather_and_OSHKOSH_ETL_Process' retrieved from /opt/airflow/dags/etl.py
[2024-02-04T01:30:05.709+0000] {logging_mixin.py:188} INFO - [2024-02-04T01:30:05.709+0000] {dag.py:3036} INFO - Sync 1 DAGs
[2024-02-04T01:30:05.734+0000] {logging_mixin.py:188} INFO - [2024-02-04T01:30:05.734+0000] {dag.py:3823} INFO - Setting next_dagrun for Weather_and_OSHKOSH_ETL_Process to 2024-02-04 00:00:00+00:00, run_after=2024-02-05 00:00:00+00:00
[2024-02-04T01:30:05.753+0000] {processor.py:183} INFO - Processing /opt/airflow/dags/etl.py took 0.107 seconds
[2024-02-04T01:30:16.901+0000] {processor.py:161} INFO - Started process (PID=38) to work on /opt/airflow/dags/etl.py
[2024-02-04T01:30:16.902+0000] {processor.py:830} INFO - Processing file /opt/airflow/dags/etl.py for tasks to queue
[2024-02-04T01:30:16.904+0000] {logging_mixin.py:188} INFO - [2024-02-04T01:30:16.904+0000] {dagbag.py:538} INFO - Filling up the DagBag from /opt/airflow/dags/etl.py
[2024-02-04T01:30:16.920+0000] {processor.py:840} INFO - DAG(s) 'Weather_and_OSHKOSH_ETL_Process' retrieved from /opt/airflow/dags/etl.py
[2024-02-04T01:30:16.958+0000] {logging_mixin.py:188} INFO - [2024-02-04T01:30:16.958+0000] {dag.py:3036} INFO - Sync 1 DAGs
[2024-02-04T01:30:16.992+0000] {logging_mixin.py:188} INFO - [2024-02-04T01:30:16.992+0000] {dag.py:3823} INFO - Setting next_dagrun for Weather_and_OSHKOSH_ETL_Process to 2024-02-04 00:00:00+00:00, run_after=2024-02-05 00:00:00+00:00
[2024-02-04T01:30:17.012+0000] {processor.py:183} INFO - Processing /opt/airflow/dags/etl.py took 0.114 seconds
[2024-02-04T01:30:28.228+0000] {processor.py:161} INFO - Started process (PID=38) to work on /opt/airflow/dags/etl.py
[2024-02-04T01:30:28.229+0000] {processor.py:830} INFO - Processing file /opt/airflow/dags/etl.py for tasks to queue
[2024-02-04T01:30:28.231+0000] {logging_mixin.py:188} INFO - [2024-02-04T01:30:28.230+0000] {dagbag.py:538} INFO - Filling up the DagBag from /opt/airflow/dags/etl.py
[2024-02-04T01:30:28.245+0000] {processor.py:840} INFO - DAG(s) 'Weather_and_OSHKOSH_ETL_Process' retrieved from /opt/airflow/dags/etl.py
[2024-02-04T01:30:28.286+0000] {logging_mixin.py:188} INFO - [2024-02-04T01:30:28.286+0000] {dag.py:3036} INFO - Sync 1 DAGs
[2024-02-04T01:30:28.324+0000] {logging_mixin.py:188} INFO - [2024-02-04T01:30:28.324+0000] {dag.py:3823} INFO - Setting next_dagrun for Weather_and_OSHKOSH_ETL_Process to 2024-02-04 00:00:00+00:00, run_after=2024-02-05 00:00:00+00:00
[2024-02-04T01:30:28.341+0000] {processor.py:183} INFO - Processing /opt/airflow/dags/etl.py took 0.116 seconds
[2024-02-04T01:30:39.349+0000] {processor.py:161} INFO - Started process (PID=38) to work on /opt/airflow/dags/etl.py
[2024-02-04T01:30:39.350+0000] {processor.py:830} INFO - Processing file /opt/airflow/dags/etl.py for tasks to queue
[2024-02-04T01:30:39.352+0000] {logging_mixin.py:188} INFO - [2024-02-04T01:30:39.352+0000] {dagbag.py:538} INFO - Filling up the DagBag from /opt/airflow/dags/etl.py
[2024-02-04T01:30:39.370+0000] {processor.py:840} INFO - DAG(s) 'Weather_and_OSHKOSH_ETL_Process' retrieved from /opt/airflow/dags/etl.py
[2024-02-04T01:30:39.410+0000] {logging_mixin.py:188} INFO - [2024-02-04T01:30:39.409+0000] {dag.py:3036} INFO - Sync 1 DAGs
[2024-02-04T01:30:39.449+0000] {logging_mixin.py:188} INFO - [2024-02-04T01:30:39.449+0000] {dag.py:3823} INFO - Setting next_dagrun for Weather_and_OSHKOSH_ETL_Process to 2024-02-04 00:00:00+00:00, run_after=2024-02-05 00:00:00+00:00
[2024-02-04T01:30:39.465+0000] {processor.py:183} INFO - Processing /opt/airflow/dags/etl.py took 0.120 seconds
[2024-02-04T01:30:50.466+0000] {processor.py:161} INFO - Started process (PID=38) to work on /opt/airflow/dags/etl.py
[2024-02-04T01:30:50.468+0000] {processor.py:830} INFO - Processing file /opt/airflow/dags/etl.py for tasks to queue
[2024-02-04T01:30:50.470+0000] {logging_mixin.py:188} INFO - [2024-02-04T01:30:50.469+0000] {dagbag.py:538} INFO - Filling up the DagBag from /opt/airflow/dags/etl.py
[2024-02-04T01:30:50.490+0000] {processor.py:840} INFO - DAG(s) 'Weather_and_OSHKOSH_ETL_Process' retrieved from /opt/airflow/dags/etl.py
[2024-02-04T01:30:50.529+0000] {logging_mixin.py:188} INFO - [2024-02-04T01:30:50.528+0000] {dag.py:3036} INFO - Sync 1 DAGs
[2024-02-04T01:30:50.548+0000] {logging_mixin.py:188} INFO - [2024-02-04T01:30:50.547+0000] {dag.py:3823} INFO - Setting next_dagrun for Weather_and_OSHKOSH_ETL_Process to 2024-02-04 00:00:00+00:00, run_after=2024-02-05 00:00:00+00:00
[2024-02-04T01:30:50.563+0000] {processor.py:183} INFO - Processing /opt/airflow/dags/etl.py took 0.100 seconds
[2024-02-04T01:34:07.588+0000] {processor.py:161} INFO - Started process (PID=38) to work on /opt/airflow/dags/etl.py
[2024-02-04T01:34:07.589+0000] {processor.py:830} INFO - Processing file /opt/airflow/dags/etl.py for tasks to queue
[2024-02-04T01:34:07.591+0000] {logging_mixin.py:188} INFO - [2024-02-04T01:34:07.590+0000] {dagbag.py:538} INFO - Filling up the DagBag from /opt/airflow/dags/etl.py
[2024-02-04T01:34:07.621+0000] {processor.py:840} INFO - DAG(s) 'Weather_and_OSHKOSH_ETL_Process' retrieved from /opt/airflow/dags/etl.py
[2024-02-04T01:34:07.895+0000] {logging_mixin.py:188} INFO - [2024-02-04T01:34:07.894+0000] {dag.py:3036} INFO - Sync 1 DAGs
[2024-02-04T01:34:07.912+0000] {logging_mixin.py:188} INFO - [2024-02-04T01:34:07.912+0000] {dag.py:3823} INFO - Setting next_dagrun for Weather_and_OSHKOSH_ETL_Process to 2024-02-04 00:00:00+00:00, run_after=2024-02-05 00:00:00+00:00
[2024-02-04T01:34:07.932+0000] {processor.py:183} INFO - Processing /opt/airflow/dags/etl.py took 0.348 seconds
[2024-02-04T01:34:38.065+0000] {processor.py:161} INFO - Started process (PID=45) to work on /opt/airflow/dags/etl.py
[2024-02-04T01:34:38.066+0000] {processor.py:830} INFO - Processing file /opt/airflow/dags/etl.py for tasks to queue
[2024-02-04T01:34:38.070+0000] {logging_mixin.py:188} INFO - [2024-02-04T01:34:38.068+0000] {dagbag.py:538} INFO - Filling up the DagBag from /opt/airflow/dags/etl.py
[2024-02-04T01:34:38.096+0000] {processor.py:840} INFO - DAG(s) 'Weather_and_OSHKOSH_ETL_Process' retrieved from /opt/airflow/dags/etl.py
[2024-02-04T01:34:38.127+0000] {logging_mixin.py:188} INFO - [2024-02-04T01:34:38.126+0000] {dag.py:3036} INFO - Sync 1 DAGs
[2024-02-04T01:34:38.157+0000] {logging_mixin.py:188} INFO - [2024-02-04T01:34:38.156+0000] {dag.py:3823} INFO - Setting next_dagrun for Weather_and_OSHKOSH_ETL_Process to 2024-02-04 00:00:00+00:00, run_after=2024-02-05 00:00:00+00:00
[2024-02-04T01:34:38.190+0000] {processor.py:183} INFO - Processing /opt/airflow/dags/etl.py took 0.129 seconds
[2024-02-04T01:35:08.309+0000] {processor.py:161} INFO - Started process (PID=52) to work on /opt/airflow/dags/etl.py
[2024-02-04T01:35:08.310+0000] {processor.py:830} INFO - Processing file /opt/airflow/dags/etl.py for tasks to queue
[2024-02-04T01:35:08.311+0000] {logging_mixin.py:188} INFO - [2024-02-04T01:35:08.311+0000] {dagbag.py:538} INFO - Filling up the DagBag from /opt/airflow/dags/etl.py
[2024-02-04T01:35:08.330+0000] {processor.py:840} INFO - DAG(s) 'Weather_and_OSHKOSH_ETL_Process' retrieved from /opt/airflow/dags/etl.py
[2024-02-04T01:35:08.355+0000] {logging_mixin.py:188} INFO - [2024-02-04T01:35:08.355+0000] {dag.py:3036} INFO - Sync 1 DAGs
[2024-02-04T01:35:08.374+0000] {logging_mixin.py:188} INFO - [2024-02-04T01:35:08.373+0000] {dag.py:3823} INFO - Setting next_dagrun for Weather_and_OSHKOSH_ETL_Process to 2024-02-04 00:00:00+00:00, run_after=2024-02-05 00:00:00+00:00
[2024-02-04T01:35:08.391+0000] {processor.py:183} INFO - Processing /opt/airflow/dags/etl.py took 0.085 seconds
[2024-02-04T01:35:38.438+0000] {processor.py:161} INFO - Started process (PID=59) to work on /opt/airflow/dags/etl.py
[2024-02-04T01:35:38.439+0000] {processor.py:830} INFO - Processing file /opt/airflow/dags/etl.py for tasks to queue
[2024-02-04T01:35:38.441+0000] {logging_mixin.py:188} INFO - [2024-02-04T01:35:38.440+0000] {dagbag.py:538} INFO - Filling up the DagBag from /opt/airflow/dags/etl.py
[2024-02-04T01:35:38.457+0000] {processor.py:840} INFO - DAG(s) 'Weather_and_OSHKOSH_ETL_Process' retrieved from /opt/airflow/dags/etl.py
[2024-02-04T01:35:38.485+0000] {logging_mixin.py:188} INFO - [2024-02-04T01:35:38.485+0000] {dag.py:3036} INFO - Sync 1 DAGs
[2024-02-04T01:35:38.507+0000] {logging_mixin.py:188} INFO - [2024-02-04T01:35:38.507+0000] {dag.py:3823} INFO - Setting next_dagrun for Weather_and_OSHKOSH_ETL_Process to 2024-02-04 00:00:00+00:00, run_after=2024-02-05 00:00:00+00:00
[2024-02-04T01:35:38.524+0000] {processor.py:183} INFO - Processing /opt/airflow/dags/etl.py took 0.089 seconds
[2024-02-04T01:36:08.643+0000] {processor.py:161} INFO - Started process (PID=66) to work on /opt/airflow/dags/etl.py
[2024-02-04T01:36:08.644+0000] {processor.py:830} INFO - Processing file /opt/airflow/dags/etl.py for tasks to queue
[2024-02-04T01:36:08.647+0000] {logging_mixin.py:188} INFO - [2024-02-04T01:36:08.646+0000] {dagbag.py:538} INFO - Filling up the DagBag from /opt/airflow/dags/etl.py
[2024-02-04T01:36:08.662+0000] {processor.py:840} INFO - DAG(s) 'Weather_and_OSHKOSH_ETL_Process' retrieved from /opt/airflow/dags/etl.py
[2024-02-04T01:36:08.684+0000] {logging_mixin.py:188} INFO - [2024-02-04T01:36:08.684+0000] {dag.py:3036} INFO - Sync 1 DAGs
[2024-02-04T01:36:08.703+0000] {logging_mixin.py:188} INFO - [2024-02-04T01:36:08.702+0000] {dag.py:3823} INFO - Setting next_dagrun for Weather_and_OSHKOSH_ETL_Process to 2024-02-04 00:00:00+00:00, run_after=2024-02-05 00:00:00+00:00
[2024-02-04T01:36:08.720+0000] {processor.py:183} INFO - Processing /opt/airflow/dags/etl.py took 0.081 seconds
[2024-02-04T01:36:38.788+0000] {processor.py:161} INFO - Started process (PID=73) to work on /opt/airflow/dags/etl.py
[2024-02-04T01:36:38.789+0000] {processor.py:830} INFO - Processing file /opt/airflow/dags/etl.py for tasks to queue
[2024-02-04T01:36:38.791+0000] {logging_mixin.py:188} INFO - [2024-02-04T01:36:38.790+0000] {dagbag.py:538} INFO - Filling up the DagBag from /opt/airflow/dags/etl.py
[2024-02-04T01:36:38.807+0000] {processor.py:840} INFO - DAG(s) 'Weather_and_OSHKOSH_ETL_Process' retrieved from /opt/airflow/dags/etl.py
[2024-02-04T01:36:38.830+0000] {logging_mixin.py:188} INFO - [2024-02-04T01:36:38.830+0000] {dag.py:3036} INFO - Sync 1 DAGs
[2024-02-04T01:36:38.849+0000] {logging_mixin.py:188} INFO - [2024-02-04T01:36:38.848+0000] {dag.py:3823} INFO - Setting next_dagrun for Weather_and_OSHKOSH_ETL_Process to 2024-02-04 00:00:00+00:00, run_after=2024-02-05 00:00:00+00:00
[2024-02-04T01:36:38.863+0000] {processor.py:183} INFO - Processing /opt/airflow/dags/etl.py took 0.079 seconds
[2024-02-04T01:37:08.963+0000] {processor.py:161} INFO - Started process (PID=80) to work on /opt/airflow/dags/etl.py
[2024-02-04T01:37:08.964+0000] {processor.py:830} INFO - Processing file /opt/airflow/dags/etl.py for tasks to queue
[2024-02-04T01:37:08.966+0000] {logging_mixin.py:188} INFO - [2024-02-04T01:37:08.965+0000] {dagbag.py:538} INFO - Filling up the DagBag from /opt/airflow/dags/etl.py
[2024-02-04T01:37:08.982+0000] {processor.py:840} INFO - DAG(s) 'Weather_and_OSHKOSH_ETL_Process' retrieved from /opt/airflow/dags/etl.py
[2024-02-04T01:37:09.012+0000] {logging_mixin.py:188} INFO - [2024-02-04T01:37:09.011+0000] {dag.py:3036} INFO - Sync 1 DAGs
[2024-02-04T01:37:09.049+0000] {logging_mixin.py:188} INFO - [2024-02-04T01:37:09.049+0000] {dag.py:3823} INFO - Setting next_dagrun for Weather_and_OSHKOSH_ETL_Process to 2024-02-04 00:00:00+00:00, run_after=2024-02-05 00:00:00+00:00
[2024-02-04T01:37:09.074+0000] {processor.py:183} INFO - Processing /opt/airflow/dags/etl.py took 0.114 seconds
[2024-02-04T01:37:39.100+0000] {processor.py:161} INFO - Started process (PID=87) to work on /opt/airflow/dags/etl.py
[2024-02-04T01:37:39.101+0000] {processor.py:830} INFO - Processing file /opt/airflow/dags/etl.py for tasks to queue
[2024-02-04T01:37:39.103+0000] {logging_mixin.py:188} INFO - [2024-02-04T01:37:39.102+0000] {dagbag.py:538} INFO - Filling up the DagBag from /opt/airflow/dags/etl.py
[2024-02-04T01:37:39.117+0000] {processor.py:840} INFO - DAG(s) 'Weather_and_OSHKOSH_ETL_Process' retrieved from /opt/airflow/dags/etl.py
[2024-02-04T01:37:39.139+0000] {logging_mixin.py:188} INFO - [2024-02-04T01:37:39.138+0000] {dag.py:3036} INFO - Sync 1 DAGs
[2024-02-04T01:37:39.156+0000] {logging_mixin.py:188} INFO - [2024-02-04T01:37:39.156+0000] {dag.py:3823} INFO - Setting next_dagrun for Weather_and_OSHKOSH_ETL_Process to 2024-02-04 00:00:00+00:00, run_after=2024-02-05 00:00:00+00:00
[2024-02-04T01:37:39.170+0000] {processor.py:183} INFO - Processing /opt/airflow/dags/etl.py took 0.073 seconds
[2024-02-04T01:38:09.229+0000] {processor.py:161} INFO - Started process (PID=93) to work on /opt/airflow/dags/etl.py
[2024-02-04T01:38:09.229+0000] {processor.py:830} INFO - Processing file /opt/airflow/dags/etl.py for tasks to queue
[2024-02-04T01:38:09.231+0000] {logging_mixin.py:188} INFO - [2024-02-04T01:38:09.230+0000] {dagbag.py:538} INFO - Filling up the DagBag from /opt/airflow/dags/etl.py
[2024-02-04T01:38:09.245+0000] {processor.py:840} INFO - DAG(s) 'Weather_and_OSHKOSH_ETL_Process' retrieved from /opt/airflow/dags/etl.py
[2024-02-04T01:38:09.267+0000] {logging_mixin.py:188} INFO - [2024-02-04T01:38:09.267+0000] {dag.py:3036} INFO - Sync 1 DAGs
[2024-02-04T01:38:09.285+0000] {logging_mixin.py:188} INFO - [2024-02-04T01:38:09.285+0000] {dag.py:3823} INFO - Setting next_dagrun for Weather_and_OSHKOSH_ETL_Process to 2024-02-04 00:00:00+00:00, run_after=2024-02-05 00:00:00+00:00
[2024-02-04T01:38:09.308+0000] {processor.py:183} INFO - Processing /opt/airflow/dags/etl.py took 0.082 seconds
[2024-02-04T01:40:28.087+0000] {processor.py:161} INFO - Started process (PID=37) to work on /opt/airflow/dags/etl.py
[2024-02-04T01:40:28.089+0000] {processor.py:830} INFO - Processing file /opt/airflow/dags/etl.py for tasks to queue
[2024-02-04T01:40:28.091+0000] {logging_mixin.py:188} INFO - [2024-02-04T01:40:28.090+0000] {dagbag.py:538} INFO - Filling up the DagBag from /opt/airflow/dags/etl.py
[2024-02-04T01:40:28.127+0000] {processor.py:840} INFO - DAG(s) 'Weather_and_OSHKOSH_ETL_Process' retrieved from /opt/airflow/dags/etl.py
[2024-02-04T01:40:28.325+0000] {logging_mixin.py:188} INFO - [2024-02-04T01:40:28.325+0000] {dag.py:3036} INFO - Sync 1 DAGs
[2024-02-04T01:40:28.343+0000] {logging_mixin.py:188} INFO - [2024-02-04T01:40:28.342+0000] {dag.py:3823} INFO - Setting next_dagrun for Weather_and_OSHKOSH_ETL_Process to 2024-02-04 00:00:00+00:00, run_after=2024-02-05 00:00:00+00:00
[2024-02-04T01:40:28.363+0000] {processor.py:183} INFO - Processing /opt/airflow/dags/etl.py took 0.280 seconds
[2024-02-04T01:40:58.514+0000] {processor.py:161} INFO - Started process (PID=44) to work on /opt/airflow/dags/etl.py
[2024-02-04T01:40:58.515+0000] {processor.py:830} INFO - Processing file /opt/airflow/dags/etl.py for tasks to queue
[2024-02-04T01:40:58.522+0000] {logging_mixin.py:188} INFO - [2024-02-04T01:40:58.518+0000] {dagbag.py:538} INFO - Filling up the DagBag from /opt/airflow/dags/etl.py
[2024-02-04T01:40:58.553+0000] {processor.py:840} INFO - DAG(s) 'Weather_and_OSHKOSH_ETL_Process' retrieved from /opt/airflow/dags/etl.py
[2024-02-04T01:40:58.589+0000] {logging_mixin.py:188} INFO - [2024-02-04T01:40:58.588+0000] {dag.py:3036} INFO - Sync 1 DAGs
[2024-02-04T01:40:58.616+0000] {logging_mixin.py:188} INFO - [2024-02-04T01:40:58.616+0000] {dag.py:3823} INFO - Setting next_dagrun for Weather_and_OSHKOSH_ETL_Process to 2024-02-04 00:00:00+00:00, run_after=2024-02-05 00:00:00+00:00
[2024-02-04T01:40:58.638+0000] {processor.py:183} INFO - Processing /opt/airflow/dags/etl.py took 0.129 seconds
[2024-02-04T01:41:28.762+0000] {processor.py:161} INFO - Started process (PID=51) to work on /opt/airflow/dags/etl.py
[2024-02-04T01:41:28.763+0000] {processor.py:830} INFO - Processing file /opt/airflow/dags/etl.py for tasks to queue
[2024-02-04T01:41:28.765+0000] {logging_mixin.py:188} INFO - [2024-02-04T01:41:28.764+0000] {dagbag.py:538} INFO - Filling up the DagBag from /opt/airflow/dags/etl.py
[2024-02-04T01:41:28.784+0000] {processor.py:840} INFO - DAG(s) 'Weather_and_OSHKOSH_ETL_Process' retrieved from /opt/airflow/dags/etl.py
[2024-02-04T01:41:28.810+0000] {logging_mixin.py:188} INFO - [2024-02-04T01:41:28.810+0000] {dag.py:3036} INFO - Sync 1 DAGs
[2024-02-04T01:41:28.833+0000] {logging_mixin.py:188} INFO - [2024-02-04T01:41:28.833+0000] {dag.py:3823} INFO - Setting next_dagrun for Weather_and_OSHKOSH_ETL_Process to 2024-02-04 00:00:00+00:00, run_after=2024-02-05 00:00:00+00:00
[2024-02-04T01:41:28.855+0000] {processor.py:183} INFO - Processing /opt/airflow/dags/etl.py took 0.096 seconds
[2024-02-04T01:41:58.891+0000] {processor.py:161} INFO - Started process (PID=58) to work on /opt/airflow/dags/etl.py
[2024-02-04T01:41:58.892+0000] {processor.py:830} INFO - Processing file /opt/airflow/dags/etl.py for tasks to queue
[2024-02-04T01:41:58.894+0000] {logging_mixin.py:188} INFO - [2024-02-04T01:41:58.893+0000] {dagbag.py:538} INFO - Filling up the DagBag from /opt/airflow/dags/etl.py
[2024-02-04T01:41:58.909+0000] {processor.py:840} INFO - DAG(s) 'Weather_and_OSHKOSH_ETL_Process' retrieved from /opt/airflow/dags/etl.py
[2024-02-04T01:41:58.934+0000] {logging_mixin.py:188} INFO - [2024-02-04T01:41:58.933+0000] {dag.py:3036} INFO - Sync 1 DAGs
[2024-02-04T01:41:58.957+0000] {logging_mixin.py:188} INFO - [2024-02-04T01:41:58.957+0000] {dag.py:3823} INFO - Setting next_dagrun for Weather_and_OSHKOSH_ETL_Process to 2024-02-04 00:00:00+00:00, run_after=2024-02-05 00:00:00+00:00
[2024-02-04T01:41:58.972+0000] {processor.py:183} INFO - Processing /opt/airflow/dags/etl.py took 0.085 seconds
[2024-02-04T01:43:42.398+0000] {processor.py:161} INFO - Started process (PID=38) to work on /opt/airflow/dags/etl.py
[2024-02-04T01:43:42.399+0000] {processor.py:830} INFO - Processing file /opt/airflow/dags/etl.py for tasks to queue
[2024-02-04T01:43:42.401+0000] {logging_mixin.py:188} INFO - [2024-02-04T01:43:42.401+0000] {dagbag.py:538} INFO - Filling up the DagBag from /opt/airflow/dags/etl.py
[2024-02-04T01:43:42.434+0000] {processor.py:840} INFO - DAG(s) 'Weather_and_OSHKOSH_ETL_Process' retrieved from /opt/airflow/dags/etl.py
[2024-02-04T01:43:42.605+0000] {logging_mixin.py:188} INFO - [2024-02-04T01:43:42.605+0000] {dag.py:3036} INFO - Sync 1 DAGs
[2024-02-04T01:43:42.623+0000] {logging_mixin.py:188} INFO - [2024-02-04T01:43:42.623+0000] {dag.py:3823} INFO - Setting next_dagrun for Weather_and_OSHKOSH_ETL_Process to 2024-02-04 00:00:00+00:00, run_after=2024-02-05 00:00:00+00:00
[2024-02-04T01:43:42.641+0000] {processor.py:183} INFO - Processing /opt/airflow/dags/etl.py took 0.246 seconds
[2024-02-04T01:44:12.787+0000] {processor.py:161} INFO - Started process (PID=45) to work on /opt/airflow/dags/etl.py
[2024-02-04T01:44:12.788+0000] {processor.py:830} INFO - Processing file /opt/airflow/dags/etl.py for tasks to queue
[2024-02-04T01:44:12.793+0000] {logging_mixin.py:188} INFO - [2024-02-04T01:44:12.791+0000] {dagbag.py:538} INFO - Filling up the DagBag from /opt/airflow/dags/etl.py
[2024-02-04T01:44:12.818+0000] {processor.py:840} INFO - DAG(s) 'Weather_and_OSHKOSH_ETL_Process' retrieved from /opt/airflow/dags/etl.py
[2024-02-04T01:44:12.852+0000] {logging_mixin.py:188} INFO - [2024-02-04T01:44:12.851+0000] {dag.py:3036} INFO - Sync 1 DAGs
[2024-02-04T01:44:12.882+0000] {logging_mixin.py:188} INFO - [2024-02-04T01:44:12.882+0000] {dag.py:3823} INFO - Setting next_dagrun for Weather_and_OSHKOSH_ETL_Process to 2024-02-04 00:00:00+00:00, run_after=2024-02-05 00:00:00+00:00
[2024-02-04T01:44:12.916+0000] {processor.py:183} INFO - Processing /opt/airflow/dags/etl.py took 0.133 seconds
[2024-02-04T01:44:43.054+0000] {processor.py:161} INFO - Started process (PID=52) to work on /opt/airflow/dags/etl.py
[2024-02-04T01:44:43.055+0000] {processor.py:830} INFO - Processing file /opt/airflow/dags/etl.py for tasks to queue
[2024-02-04T01:44:43.058+0000] {logging_mixin.py:188} INFO - [2024-02-04T01:44:43.058+0000] {dagbag.py:538} INFO - Filling up the DagBag from /opt/airflow/dags/etl.py
[2024-02-04T01:44:43.075+0000] {processor.py:840} INFO - DAG(s) 'Weather_and_OSHKOSH_ETL_Process' retrieved from /opt/airflow/dags/etl.py
[2024-02-04T01:44:43.102+0000] {logging_mixin.py:188} INFO - [2024-02-04T01:44:43.101+0000] {dag.py:3036} INFO - Sync 1 DAGs
[2024-02-04T01:44:43.125+0000] {logging_mixin.py:188} INFO - [2024-02-04T01:44:43.125+0000] {dag.py:3823} INFO - Setting next_dagrun for Weather_and_OSHKOSH_ETL_Process to 2024-02-04 00:00:00+00:00, run_after=2024-02-05 00:00:00+00:00
[2024-02-04T01:44:43.141+0000] {processor.py:183} INFO - Processing /opt/airflow/dags/etl.py took 0.090 seconds
[2024-02-04T01:45:13.180+0000] {processor.py:161} INFO - Started process (PID=59) to work on /opt/airflow/dags/etl.py
[2024-02-04T01:45:13.181+0000] {processor.py:830} INFO - Processing file /opt/airflow/dags/etl.py for tasks to queue
[2024-02-04T01:45:13.183+0000] {logging_mixin.py:188} INFO - [2024-02-04T01:45:13.183+0000] {dagbag.py:538} INFO - Filling up the DagBag from /opt/airflow/dags/etl.py
[2024-02-04T01:45:13.203+0000] {processor.py:840} INFO - DAG(s) 'Weather_and_OSHKOSH_ETL_Process' retrieved from /opt/airflow/dags/etl.py
[2024-02-04T01:45:13.231+0000] {logging_mixin.py:188} INFO - [2024-02-04T01:45:13.230+0000] {dag.py:3036} INFO - Sync 1 DAGs
[2024-02-04T01:45:13.251+0000] {logging_mixin.py:188} INFO - [2024-02-04T01:45:13.251+0000] {dag.py:3823} INFO - Setting next_dagrun for Weather_and_OSHKOSH_ETL_Process to 2024-02-04 00:00:00+00:00, run_after=2024-02-05 00:00:00+00:00
[2024-02-04T01:45:13.275+0000] {processor.py:183} INFO - Processing /opt/airflow/dags/etl.py took 0.097 seconds
[2024-02-04T01:45:43.392+0000] {processor.py:161} INFO - Started process (PID=66) to work on /opt/airflow/dags/etl.py
[2024-02-04T01:45:43.393+0000] {processor.py:830} INFO - Processing file /opt/airflow/dags/etl.py for tasks to queue
[2024-02-04T01:45:43.395+0000] {logging_mixin.py:188} INFO - [2024-02-04T01:45:43.394+0000] {dagbag.py:538} INFO - Filling up the DagBag from /opt/airflow/dags/etl.py
[2024-02-04T01:45:43.413+0000] {processor.py:840} INFO - DAG(s) 'Weather_and_OSHKOSH_ETL_Process' retrieved from /opt/airflow/dags/etl.py
[2024-02-04T01:45:43.438+0000] {logging_mixin.py:188} INFO - [2024-02-04T01:45:43.437+0000] {dag.py:3036} INFO - Sync 1 DAGs
[2024-02-04T01:45:43.461+0000] {logging_mixin.py:188} INFO - [2024-02-04T01:45:43.461+0000] {dag.py:3823} INFO - Setting next_dagrun for Weather_and_OSHKOSH_ETL_Process to 2024-02-04 00:00:00+00:00, run_after=2024-02-05 00:00:00+00:00
[2024-02-04T01:45:43.479+0000] {processor.py:183} INFO - Processing /opt/airflow/dags/etl.py took 0.091 seconds
[2024-02-04T01:46:13.527+0000] {processor.py:161} INFO - Started process (PID=73) to work on /opt/airflow/dags/etl.py
[2024-02-04T01:46:13.527+0000] {processor.py:830} INFO - Processing file /opt/airflow/dags/etl.py for tasks to queue
[2024-02-04T01:46:13.529+0000] {logging_mixin.py:188} INFO - [2024-02-04T01:46:13.529+0000] {dagbag.py:538} INFO - Filling up the DagBag from /opt/airflow/dags/etl.py
[2024-02-04T01:46:13.543+0000] {processor.py:840} INFO - DAG(s) 'Weather_and_OSHKOSH_ETL_Process' retrieved from /opt/airflow/dags/etl.py
[2024-02-04T01:46:13.565+0000] {logging_mixin.py:188} INFO - [2024-02-04T01:46:13.564+0000] {dag.py:3036} INFO - Sync 1 DAGs
[2024-02-04T01:46:13.582+0000] {logging_mixin.py:188} INFO - [2024-02-04T01:46:13.582+0000] {dag.py:3823} INFO - Setting next_dagrun for Weather_and_OSHKOSH_ETL_Process to 2024-02-04 00:00:00+00:00, run_after=2024-02-05 00:00:00+00:00
[2024-02-04T01:46:13.604+0000] {processor.py:183} INFO - Processing /opt/airflow/dags/etl.py took 0.080 seconds
[2024-02-04T01:53:30.390+0000] {processor.py:161} INFO - Started process (PID=39) to work on /opt/airflow/dags/etl.py
[2024-02-04T01:53:30.391+0000] {processor.py:830} INFO - Processing file /opt/airflow/dags/etl.py for tasks to queue
[2024-02-04T01:53:30.393+0000] {logging_mixin.py:188} INFO - [2024-02-04T01:53:30.393+0000] {dagbag.py:538} INFO - Filling up the DagBag from /opt/airflow/dags/etl.py
[2024-02-04T01:53:30.422+0000] {processor.py:840} INFO - DAG(s) 'Weather_and_OSHKOSH_ETL_Process' retrieved from /opt/airflow/dags/etl.py
[2024-02-04T01:53:30.611+0000] {logging_mixin.py:188} INFO - [2024-02-04T01:53:30.610+0000] {override.py:1769} INFO - Created Permission View: can read on DAG:Weather_and_OSHKOSH_ETL_Process
[2024-02-04T01:53:30.622+0000] {logging_mixin.py:188} INFO - [2024-02-04T01:53:30.622+0000] {override.py:1769} INFO - Created Permission View: can edit on DAG:Weather_and_OSHKOSH_ETL_Process
[2024-02-04T01:53:30.629+0000] {logging_mixin.py:188} INFO - [2024-02-04T01:53:30.629+0000] {override.py:1769} INFO - Created Permission View: can delete on DAG:Weather_and_OSHKOSH_ETL_Process
[2024-02-04T01:53:30.630+0000] {logging_mixin.py:188} INFO - [2024-02-04T01:53:30.630+0000] {dag.py:3036} INFO - Sync 1 DAGs
[2024-02-04T01:53:30.640+0000] {logging_mixin.py:188} INFO - [2024-02-04T01:53:30.640+0000] {dag.py:3058} INFO - Creating ORM DAG for Weather_and_OSHKOSH_ETL_Process
[2024-02-04T01:53:30.649+0000] {logging_mixin.py:188} INFO - [2024-02-04T01:53:30.649+0000] {dag.py:3823} INFO - Setting next_dagrun for Weather_and_OSHKOSH_ETL_Process to 2024-02-03 00:00:00+00:00, run_after=2024-02-04 00:00:00+00:00
[2024-02-04T01:53:30.664+0000] {processor.py:183} INFO - Processing /opt/airflow/dags/etl.py took 0.278 seconds
[2024-02-04T01:54:00.788+0000] {processor.py:161} INFO - Started process (PID=46) to work on /opt/airflow/dags/etl.py
[2024-02-04T01:54:00.789+0000] {processor.py:830} INFO - Processing file /opt/airflow/dags/etl.py for tasks to queue
[2024-02-04T01:54:00.792+0000] {logging_mixin.py:188} INFO - [2024-02-04T01:54:00.791+0000] {dagbag.py:538} INFO - Filling up the DagBag from /opt/airflow/dags/etl.py
[2024-02-04T01:54:00.815+0000] {processor.py:840} INFO - DAG(s) 'Weather_and_OSHKOSH_ETL_Process' retrieved from /opt/airflow/dags/etl.py
[2024-02-04T01:54:00.841+0000] {logging_mixin.py:188} INFO - [2024-02-04T01:54:00.841+0000] {dag.py:3036} INFO - Sync 1 DAGs
[2024-02-04T01:54:00.859+0000] {logging_mixin.py:188} INFO - [2024-02-04T01:54:00.859+0000] {dag.py:3823} INFO - Setting next_dagrun for Weather_and_OSHKOSH_ETL_Process to 2024-02-03 00:00:00+00:00, run_after=2024-02-04 00:00:00+00:00
[2024-02-04T01:54:00.873+0000] {processor.py:183} INFO - Processing /opt/airflow/dags/etl.py took 0.090 seconds
[2024-02-04T01:54:30.917+0000] {processor.py:161} INFO - Started process (PID=53) to work on /opt/airflow/dags/etl.py
[2024-02-04T01:54:30.918+0000] {processor.py:830} INFO - Processing file /opt/airflow/dags/etl.py for tasks to queue
[2024-02-04T01:54:30.921+0000] {logging_mixin.py:188} INFO - [2024-02-04T01:54:30.920+0000] {dagbag.py:538} INFO - Filling up the DagBag from /opt/airflow/dags/etl.py
[2024-02-04T01:54:30.938+0000] {processor.py:840} INFO - DAG(s) 'Weather_and_OSHKOSH_ETL_Process' retrieved from /opt/airflow/dags/etl.py
[2024-02-04T01:54:30.963+0000] {logging_mixin.py:188} INFO - [2024-02-04T01:54:30.963+0000] {dag.py:3036} INFO - Sync 1 DAGs
[2024-02-04T01:54:30.983+0000] {logging_mixin.py:188} INFO - [2024-02-04T01:54:30.983+0000] {dag.py:3823} INFO - Setting next_dagrun for Weather_and_OSHKOSH_ETL_Process to 2024-02-03 00:00:00+00:00, run_after=2024-02-04 00:00:00+00:00
[2024-02-04T01:54:30.997+0000] {processor.py:183} INFO - Processing /opt/airflow/dags/etl.py took 0.083 seconds
[2024-02-04T01:55:01.117+0000] {processor.py:161} INFO - Started process (PID=68) to work on /opt/airflow/dags/etl.py
[2024-02-04T01:55:01.118+0000] {processor.py:830} INFO - Processing file /opt/airflow/dags/etl.py for tasks to queue
[2024-02-04T01:55:01.122+0000] {logging_mixin.py:188} INFO - [2024-02-04T01:55:01.121+0000] {dagbag.py:538} INFO - Filling up the DagBag from /opt/airflow/dags/etl.py
[2024-02-04T01:55:01.145+0000] {processor.py:840} INFO - DAG(s) 'Weather_and_OSHKOSH_ETL_Process' retrieved from /opt/airflow/dags/etl.py
[2024-02-04T01:55:01.173+0000] {logging_mixin.py:188} INFO - [2024-02-04T01:55:01.173+0000] {dag.py:3036} INFO - Sync 1 DAGs
[2024-02-04T01:55:01.194+0000] {logging_mixin.py:188} INFO - [2024-02-04T01:55:01.194+0000] {dag.py:3823} INFO - Setting next_dagrun for Weather_and_OSHKOSH_ETL_Process to 2024-02-04 00:00:00+00:00, run_after=2024-02-05 00:00:00+00:00
[2024-02-04T01:55:01.210+0000] {processor.py:183} INFO - Processing /opt/airflow/dags/etl.py took 0.096 seconds
[2024-02-04T01:55:31.255+0000] {processor.py:161} INFO - Started process (PID=75) to work on /opt/airflow/dags/etl.py
[2024-02-04T01:55:31.256+0000] {processor.py:830} INFO - Processing file /opt/airflow/dags/etl.py for tasks to queue
[2024-02-04T01:55:31.257+0000] {logging_mixin.py:188} INFO - [2024-02-04T01:55:31.257+0000] {dagbag.py:538} INFO - Filling up the DagBag from /opt/airflow/dags/etl.py
[2024-02-04T01:55:31.271+0000] {processor.py:840} INFO - DAG(s) 'Weather_and_OSHKOSH_ETL_Process' retrieved from /opt/airflow/dags/etl.py
[2024-02-04T01:55:31.296+0000] {logging_mixin.py:188} INFO - [2024-02-04T01:55:31.295+0000] {dag.py:3036} INFO - Sync 1 DAGs
[2024-02-04T01:55:31.316+0000] {logging_mixin.py:188} INFO - [2024-02-04T01:55:31.315+0000] {dag.py:3823} INFO - Setting next_dagrun for Weather_and_OSHKOSH_ETL_Process to 2024-02-04 00:00:00+00:00, run_after=2024-02-05 00:00:00+00:00
[2024-02-04T01:55:31.335+0000] {processor.py:183} INFO - Processing /opt/airflow/dags/etl.py took 0.083 seconds
