[2024-02-03T23:23:04.415+0000] {processor.py:161} INFO - Started process (PID=66) to work on /home/airflow/.local/lib/python3.8/site-packages/airflow/example_dags/example_datasets.py
[2024-02-03T23:23:04.416+0000] {processor.py:830} INFO - Processing file /home/airflow/.local/lib/python3.8/site-packages/airflow/example_dags/example_datasets.py for tasks to queue
[2024-02-03T23:23:04.418+0000] {logging_mixin.py:188} INFO - [2024-02-03T23:23:04.418+0000] {dagbag.py:538} INFO - Filling up the DagBag from /home/airflow/.local/lib/python3.8/site-packages/airflow/example_dags/example_datasets.py
[2024-02-03T23:23:04.428+0000] {processor.py:840} INFO - DAG(s) 'dataset_produces_1', 'dataset_consumes_1_never_scheduled', 'dataset_produces_2', 'dataset_consumes_1', 'dataset_consumes_unknown_never_scheduled', 'dataset_consumes_1_and_2' retrieved from /home/airflow/.local/lib/python3.8/site-packages/airflow/example_dags/example_datasets.py
[2024-02-03T23:23:04.446+0000] {logging_mixin.py:188} INFO - [2024-02-03T23:23:04.446+0000] {dag.py:3036} INFO - Sync 6 DAGs
[2024-02-03T23:23:04.480+0000] {logging_mixin.py:188} INFO - [2024-02-03T23:23:04.480+0000] {dag.py:3823} INFO - Setting next_dagrun for dataset_consumes_1 to None, run_after=None
[2024-02-03T23:23:04.485+0000] {logging_mixin.py:188} INFO - [2024-02-03T23:23:04.484+0000] {dag.py:3823} INFO - Setting next_dagrun for dataset_consumes_1_and_2 to None, run_after=None
[2024-02-03T23:23:04.487+0000] {logging_mixin.py:188} INFO - [2024-02-03T23:23:04.487+0000] {dag.py:3823} INFO - Setting next_dagrun for dataset_consumes_1_never_scheduled to None, run_after=None
[2024-02-03T23:23:04.489+0000] {logging_mixin.py:188} INFO - [2024-02-03T23:23:04.489+0000] {dag.py:3823} INFO - Setting next_dagrun for dataset_consumes_unknown_never_scheduled to None, run_after=None
[2024-02-03T23:23:04.493+0000] {logging_mixin.py:188} INFO - [2024-02-03T23:23:04.493+0000] {dag.py:3823} INFO - Setting next_dagrun for dataset_produces_1 to 2024-02-02 00:00:00+00:00, run_after=2024-02-03 00:00:00+00:00
[2024-02-03T23:23:04.496+0000] {logging_mixin.py:188} INFO - [2024-02-03T23:23:04.496+0000] {dag.py:3823} INFO - Setting next_dagrun for dataset_produces_2 to None, run_after=None
[2024-02-03T23:23:04.534+0000] {processor.py:183} INFO - Processing /home/airflow/.local/lib/python3.8/site-packages/airflow/example_dags/example_datasets.py took 0.122 seconds
[2024-02-03T23:23:36.360+0000] {processor.py:161} INFO - Started process (PID=121) to work on /home/airflow/.local/lib/python3.8/site-packages/airflow/example_dags/example_datasets.py
[2024-02-03T23:23:36.361+0000] {processor.py:830} INFO - Processing file /home/airflow/.local/lib/python3.8/site-packages/airflow/example_dags/example_datasets.py for tasks to queue
[2024-02-03T23:23:36.362+0000] {logging_mixin.py:188} INFO - [2024-02-03T23:23:36.362+0000] {dagbag.py:538} INFO - Filling up the DagBag from /home/airflow/.local/lib/python3.8/site-packages/airflow/example_dags/example_datasets.py
[2024-02-03T23:23:36.376+0000] {processor.py:840} INFO - DAG(s) 'dataset_consumes_unknown_never_scheduled', 'dataset_consumes_1_never_scheduled', 'dataset_produces_2', 'dataset_consumes_1_and_2', 'dataset_produces_1', 'dataset_consumes_1' retrieved from /home/airflow/.local/lib/python3.8/site-packages/airflow/example_dags/example_datasets.py
[2024-02-03T23:23:36.527+0000] {logging_mixin.py:188} INFO - [2024-02-03T23:23:36.526+0000] {dag.py:3036} INFO - Sync 6 DAGs
[2024-02-03T23:23:36.545+0000] {logging_mixin.py:188} INFO - [2024-02-03T23:23:36.545+0000] {dag.py:3823} INFO - Setting next_dagrun for dataset_consumes_1 to None, run_after=None
[2024-02-03T23:23:36.551+0000] {logging_mixin.py:188} INFO - [2024-02-03T23:23:36.551+0000] {dag.py:3823} INFO - Setting next_dagrun for dataset_consumes_1_and_2 to None, run_after=None
[2024-02-03T23:23:36.553+0000] {logging_mixin.py:188} INFO - [2024-02-03T23:23:36.552+0000] {dag.py:3823} INFO - Setting next_dagrun for dataset_consumes_1_never_scheduled to None, run_after=None
[2024-02-03T23:23:36.554+0000] {logging_mixin.py:188} INFO - [2024-02-03T23:23:36.554+0000] {dag.py:3823} INFO - Setting next_dagrun for dataset_consumes_unknown_never_scheduled to None, run_after=None
[2024-02-03T23:23:36.557+0000] {logging_mixin.py:188} INFO - [2024-02-03T23:23:36.557+0000] {dag.py:3823} INFO - Setting next_dagrun for dataset_produces_1 to 2024-02-02 00:00:00+00:00, run_after=2024-02-03 00:00:00+00:00
[2024-02-03T23:23:36.559+0000] {logging_mixin.py:188} INFO - [2024-02-03T23:23:36.559+0000] {dag.py:3823} INFO - Setting next_dagrun for dataset_produces_2 to None, run_after=None
[2024-02-03T23:23:36.589+0000] {processor.py:183} INFO - Processing /home/airflow/.local/lib/python3.8/site-packages/airflow/example_dags/example_datasets.py took 0.233 seconds
[2024-02-03T23:24:07.493+0000] {processor.py:161} INFO - Started process (PID=176) to work on /home/airflow/.local/lib/python3.8/site-packages/airflow/example_dags/example_datasets.py
[2024-02-03T23:24:07.493+0000] {processor.py:830} INFO - Processing file /home/airflow/.local/lib/python3.8/site-packages/airflow/example_dags/example_datasets.py for tasks to queue
[2024-02-03T23:24:07.496+0000] {logging_mixin.py:188} INFO - [2024-02-03T23:24:07.495+0000] {dagbag.py:538} INFO - Filling up the DagBag from /home/airflow/.local/lib/python3.8/site-packages/airflow/example_dags/example_datasets.py
[2024-02-03T23:24:07.507+0000] {processor.py:840} INFO - DAG(s) 'dataset_consumes_unknown_never_scheduled', 'dataset_consumes_1_never_scheduled', 'dataset_produces_2', 'dataset_consumes_1_and_2', 'dataset_produces_1', 'dataset_consumes_1' retrieved from /home/airflow/.local/lib/python3.8/site-packages/airflow/example_dags/example_datasets.py
[2024-02-03T23:24:07.544+0000] {logging_mixin.py:188} INFO - [2024-02-03T23:24:07.544+0000] {dag.py:3036} INFO - Sync 6 DAGs
[2024-02-03T23:24:07.564+0000] {logging_mixin.py:188} INFO - [2024-02-03T23:24:07.564+0000] {dag.py:3823} INFO - Setting next_dagrun for dataset_consumes_1 to None, run_after=None
[2024-02-03T23:24:07.567+0000] {logging_mixin.py:188} INFO - [2024-02-03T23:24:07.567+0000] {dag.py:3823} INFO - Setting next_dagrun for dataset_consumes_1_and_2 to None, run_after=None
[2024-02-03T23:24:07.569+0000] {logging_mixin.py:188} INFO - [2024-02-03T23:24:07.568+0000] {dag.py:3823} INFO - Setting next_dagrun for dataset_consumes_1_never_scheduled to None, run_after=None
[2024-02-03T23:24:07.570+0000] {logging_mixin.py:188} INFO - [2024-02-03T23:24:07.570+0000] {dag.py:3823} INFO - Setting next_dagrun for dataset_consumes_unknown_never_scheduled to None, run_after=None
[2024-02-03T23:24:07.573+0000] {logging_mixin.py:188} INFO - [2024-02-03T23:24:07.573+0000] {dag.py:3823} INFO - Setting next_dagrun for dataset_produces_1 to 2024-02-02 00:00:00+00:00, run_after=2024-02-03 00:00:00+00:00
[2024-02-03T23:24:07.576+0000] {logging_mixin.py:188} INFO - [2024-02-03T23:24:07.575+0000] {dag.py:3823} INFO - Setting next_dagrun for dataset_produces_2 to None, run_after=None
[2024-02-03T23:24:07.615+0000] {processor.py:183} INFO - Processing /home/airflow/.local/lib/python3.8/site-packages/airflow/example_dags/example_datasets.py took 0.125 seconds
[2024-02-03T23:24:37.698+0000] {processor.py:161} INFO - Started process (PID=232) to work on /home/airflow/.local/lib/python3.8/site-packages/airflow/example_dags/example_datasets.py
[2024-02-03T23:24:37.699+0000] {processor.py:830} INFO - Processing file /home/airflow/.local/lib/python3.8/site-packages/airflow/example_dags/example_datasets.py for tasks to queue
[2024-02-03T23:24:37.701+0000] {logging_mixin.py:188} INFO - [2024-02-03T23:24:37.700+0000] {dagbag.py:538} INFO - Filling up the DagBag from /home/airflow/.local/lib/python3.8/site-packages/airflow/example_dags/example_datasets.py
[2024-02-03T23:24:37.709+0000] {processor.py:840} INFO - DAG(s) 'dataset_consumes_unknown_never_scheduled', 'dataset_consumes_1_and_2', 'dataset_consumes_1_never_scheduled', 'dataset_produces_2', 'dataset_consumes_1', 'dataset_produces_1' retrieved from /home/airflow/.local/lib/python3.8/site-packages/airflow/example_dags/example_datasets.py
[2024-02-03T23:24:37.747+0000] {logging_mixin.py:188} INFO - [2024-02-03T23:24:37.747+0000] {dag.py:3036} INFO - Sync 6 DAGs
[2024-02-03T23:24:37.769+0000] {logging_mixin.py:188} INFO - [2024-02-03T23:24:37.769+0000] {dag.py:3823} INFO - Setting next_dagrun for dataset_consumes_1 to None, run_after=None
[2024-02-03T23:24:37.772+0000] {logging_mixin.py:188} INFO - [2024-02-03T23:24:37.772+0000] {dag.py:3823} INFO - Setting next_dagrun for dataset_consumes_1_and_2 to None, run_after=None
[2024-02-03T23:24:37.773+0000] {logging_mixin.py:188} INFO - [2024-02-03T23:24:37.773+0000] {dag.py:3823} INFO - Setting next_dagrun for dataset_consumes_1_never_scheduled to None, run_after=None
[2024-02-03T23:24:37.774+0000] {logging_mixin.py:188} INFO - [2024-02-03T23:24:37.774+0000] {dag.py:3823} INFO - Setting next_dagrun for dataset_consumes_unknown_never_scheduled to None, run_after=None
[2024-02-03T23:24:37.777+0000] {logging_mixin.py:188} INFO - [2024-02-03T23:24:37.777+0000] {dag.py:3823} INFO - Setting next_dagrun for dataset_produces_1 to 2024-02-02 00:00:00+00:00, run_after=2024-02-03 00:00:00+00:00
[2024-02-03T23:24:37.778+0000] {logging_mixin.py:188} INFO - [2024-02-03T23:24:37.778+0000] {dag.py:3823} INFO - Setting next_dagrun for dataset_produces_2 to None, run_after=None
[2024-02-03T23:24:37.806+0000] {processor.py:183} INFO - Processing /home/airflow/.local/lib/python3.8/site-packages/airflow/example_dags/example_datasets.py took 0.111 seconds
[2024-02-03T23:25:07.857+0000] {processor.py:161} INFO - Started process (PID=286) to work on /home/airflow/.local/lib/python3.8/site-packages/airflow/example_dags/example_datasets.py
[2024-02-03T23:25:07.859+0000] {processor.py:830} INFO - Processing file /home/airflow/.local/lib/python3.8/site-packages/airflow/example_dags/example_datasets.py for tasks to queue
[2024-02-03T23:25:07.863+0000] {logging_mixin.py:188} INFO - [2024-02-03T23:25:07.862+0000] {dagbag.py:538} INFO - Filling up the DagBag from /home/airflow/.local/lib/python3.8/site-packages/airflow/example_dags/example_datasets.py
[2024-02-03T23:25:07.875+0000] {processor.py:840} INFO - DAG(s) 'dataset_produces_2', 'dataset_consumes_1_never_scheduled', 'dataset_consumes_1_and_2', 'dataset_consumes_unknown_never_scheduled', 'dataset_produces_1', 'dataset_consumes_1' retrieved from /home/airflow/.local/lib/python3.8/site-packages/airflow/example_dags/example_datasets.py
[2024-02-03T23:25:07.933+0000] {logging_mixin.py:188} INFO - [2024-02-03T23:25:07.933+0000] {dag.py:3036} INFO - Sync 6 DAGs
[2024-02-03T23:25:07.959+0000] {logging_mixin.py:188} INFO - [2024-02-03T23:25:07.959+0000] {dag.py:3823} INFO - Setting next_dagrun for dataset_consumes_1 to None, run_after=None
[2024-02-03T23:25:07.965+0000] {logging_mixin.py:188} INFO - [2024-02-03T23:25:07.965+0000] {dag.py:3823} INFO - Setting next_dagrun for dataset_consumes_1_and_2 to None, run_after=None
[2024-02-03T23:25:07.966+0000] {logging_mixin.py:188} INFO - [2024-02-03T23:25:07.966+0000] {dag.py:3823} INFO - Setting next_dagrun for dataset_consumes_1_never_scheduled to None, run_after=None
[2024-02-03T23:25:07.967+0000] {logging_mixin.py:188} INFO - [2024-02-03T23:25:07.967+0000] {dag.py:3823} INFO - Setting next_dagrun for dataset_consumes_unknown_never_scheduled to None, run_after=None
[2024-02-03T23:25:07.970+0000] {logging_mixin.py:188} INFO - [2024-02-03T23:25:07.970+0000] {dag.py:3823} INFO - Setting next_dagrun for dataset_produces_1 to 2024-02-02 00:00:00+00:00, run_after=2024-02-03 00:00:00+00:00
[2024-02-03T23:25:07.974+0000] {logging_mixin.py:188} INFO - [2024-02-03T23:25:07.973+0000] {dag.py:3823} INFO - Setting next_dagrun for dataset_produces_2 to None, run_after=None
[2024-02-03T23:25:08.014+0000] {processor.py:183} INFO - Processing /home/airflow/.local/lib/python3.8/site-packages/airflow/example_dags/example_datasets.py took 0.161 seconds
[2024-02-03T23:25:38.222+0000] {processor.py:161} INFO - Started process (PID=341) to work on /home/airflow/.local/lib/python3.8/site-packages/airflow/example_dags/example_datasets.py
[2024-02-03T23:25:38.223+0000] {processor.py:830} INFO - Processing file /home/airflow/.local/lib/python3.8/site-packages/airflow/example_dags/example_datasets.py for tasks to queue
[2024-02-03T23:25:38.225+0000] {logging_mixin.py:188} INFO - [2024-02-03T23:25:38.225+0000] {dagbag.py:538} INFO - Filling up the DagBag from /home/airflow/.local/lib/python3.8/site-packages/airflow/example_dags/example_datasets.py
[2024-02-03T23:25:38.234+0000] {processor.py:840} INFO - DAG(s) 'dataset_consumes_1_never_scheduled', 'dataset_produces_2', 'dataset_consumes_1', 'dataset_produces_1', 'dataset_consumes_unknown_never_scheduled', 'dataset_consumes_1_and_2' retrieved from /home/airflow/.local/lib/python3.8/site-packages/airflow/example_dags/example_datasets.py
[2024-02-03T23:25:38.265+0000] {logging_mixin.py:188} INFO - [2024-02-03T23:25:38.265+0000] {dag.py:3036} INFO - Sync 6 DAGs
[2024-02-03T23:25:38.285+0000] {logging_mixin.py:188} INFO - [2024-02-03T23:25:38.284+0000] {dag.py:3823} INFO - Setting next_dagrun for dataset_consumes_1 to None, run_after=None
[2024-02-03T23:25:38.288+0000] {logging_mixin.py:188} INFO - [2024-02-03T23:25:38.288+0000] {dag.py:3823} INFO - Setting next_dagrun for dataset_consumes_1_and_2 to None, run_after=None
[2024-02-03T23:25:38.289+0000] {logging_mixin.py:188} INFO - [2024-02-03T23:25:38.289+0000] {dag.py:3823} INFO - Setting next_dagrun for dataset_consumes_1_never_scheduled to None, run_after=None
[2024-02-03T23:25:38.290+0000] {logging_mixin.py:188} INFO - [2024-02-03T23:25:38.290+0000] {dag.py:3823} INFO - Setting next_dagrun for dataset_consumes_unknown_never_scheduled to None, run_after=None
[2024-02-03T23:25:38.292+0000] {logging_mixin.py:188} INFO - [2024-02-03T23:25:38.292+0000] {dag.py:3823} INFO - Setting next_dagrun for dataset_produces_1 to 2024-02-02 00:00:00+00:00, run_after=2024-02-03 00:00:00+00:00
[2024-02-03T23:25:38.293+0000] {logging_mixin.py:188} INFO - [2024-02-03T23:25:38.293+0000] {dag.py:3823} INFO - Setting next_dagrun for dataset_produces_2 to None, run_after=None
[2024-02-03T23:25:38.316+0000] {processor.py:183} INFO - Processing /home/airflow/.local/lib/python3.8/site-packages/airflow/example_dags/example_datasets.py took 0.097 seconds
[2024-02-03T23:40:19.263+0000] {processor.py:161} INFO - Started process (PID=66) to work on /home/airflow/.local/lib/python3.8/site-packages/airflow/example_dags/example_datasets.py
[2024-02-03T23:40:19.264+0000] {processor.py:830} INFO - Processing file /home/airflow/.local/lib/python3.8/site-packages/airflow/example_dags/example_datasets.py for tasks to queue
[2024-02-03T23:40:19.265+0000] {logging_mixin.py:188} INFO - [2024-02-03T23:40:19.265+0000] {dagbag.py:538} INFO - Filling up the DagBag from /home/airflow/.local/lib/python3.8/site-packages/airflow/example_dags/example_datasets.py
[2024-02-03T23:40:19.277+0000] {processor.py:840} INFO - DAG(s) 'dataset_produces_1', 'dataset_consumes_1', 'dataset_consumes_1_and_2', 'dataset_produces_2', 'dataset_consumes_unknown_never_scheduled', 'dataset_consumes_1_never_scheduled' retrieved from /home/airflow/.local/lib/python3.8/site-packages/airflow/example_dags/example_datasets.py
[2024-02-03T23:40:19.292+0000] {logging_mixin.py:188} INFO - [2024-02-03T23:40:19.292+0000] {dag.py:3036} INFO - Sync 6 DAGs
[2024-02-03T23:40:19.330+0000] {logging_mixin.py:188} INFO - [2024-02-03T23:40:19.330+0000] {dag.py:3823} INFO - Setting next_dagrun for dataset_consumes_1 to None, run_after=None
[2024-02-03T23:40:19.336+0000] {logging_mixin.py:188} INFO - [2024-02-03T23:40:19.336+0000] {dag.py:3823} INFO - Setting next_dagrun for dataset_consumes_1_and_2 to None, run_after=None
[2024-02-03T23:40:19.341+0000] {logging_mixin.py:188} INFO - [2024-02-03T23:40:19.341+0000] {dag.py:3823} INFO - Setting next_dagrun for dataset_consumes_1_never_scheduled to None, run_after=None
[2024-02-03T23:40:19.345+0000] {logging_mixin.py:188} INFO - [2024-02-03T23:40:19.345+0000] {dag.py:3823} INFO - Setting next_dagrun for dataset_consumes_unknown_never_scheduled to None, run_after=None
[2024-02-03T23:40:19.349+0000] {logging_mixin.py:188} INFO - [2024-02-03T23:40:19.349+0000] {dag.py:3823} INFO - Setting next_dagrun for dataset_produces_1 to 2024-02-02 00:00:00+00:00, run_after=2024-02-03 00:00:00+00:00
[2024-02-03T23:40:19.351+0000] {logging_mixin.py:188} INFO - [2024-02-03T23:40:19.351+0000] {dag.py:3823} INFO - Setting next_dagrun for dataset_produces_2 to None, run_after=None
[2024-02-03T23:40:19.380+0000] {processor.py:183} INFO - Processing /home/airflow/.local/lib/python3.8/site-packages/airflow/example_dags/example_datasets.py took 0.120 seconds
[2024-02-03T23:40:51.141+0000] {processor.py:161} INFO - Started process (PID=122) to work on /home/airflow/.local/lib/python3.8/site-packages/airflow/example_dags/example_datasets.py
[2024-02-03T23:40:51.142+0000] {processor.py:830} INFO - Processing file /home/airflow/.local/lib/python3.8/site-packages/airflow/example_dags/example_datasets.py for tasks to queue
[2024-02-03T23:40:51.144+0000] {logging_mixin.py:188} INFO - [2024-02-03T23:40:51.143+0000] {dagbag.py:538} INFO - Filling up the DagBag from /home/airflow/.local/lib/python3.8/site-packages/airflow/example_dags/example_datasets.py
[2024-02-03T23:40:51.152+0000] {processor.py:840} INFO - DAG(s) 'dataset_consumes_1_and_2', 'dataset_produces_2', 'dataset_produces_1', 'dataset_consumes_unknown_never_scheduled', 'dataset_consumes_1', 'dataset_consumes_1_never_scheduled' retrieved from /home/airflow/.local/lib/python3.8/site-packages/airflow/example_dags/example_datasets.py
[2024-02-03T23:40:51.301+0000] {logging_mixin.py:188} INFO - [2024-02-03T23:40:51.300+0000] {dag.py:3036} INFO - Sync 6 DAGs
[2024-02-03T23:40:51.321+0000] {logging_mixin.py:188} INFO - [2024-02-03T23:40:51.320+0000] {dag.py:3823} INFO - Setting next_dagrun for dataset_consumes_1 to None, run_after=None
[2024-02-03T23:40:51.324+0000] {logging_mixin.py:188} INFO - [2024-02-03T23:40:51.323+0000] {dag.py:3823} INFO - Setting next_dagrun for dataset_consumes_1_and_2 to None, run_after=None
[2024-02-03T23:40:51.325+0000] {logging_mixin.py:188} INFO - [2024-02-03T23:40:51.325+0000] {dag.py:3823} INFO - Setting next_dagrun for dataset_consumes_1_never_scheduled to None, run_after=None
[2024-02-03T23:40:51.327+0000] {logging_mixin.py:188} INFO - [2024-02-03T23:40:51.327+0000] {dag.py:3823} INFO - Setting next_dagrun for dataset_consumes_unknown_never_scheduled to None, run_after=None
[2024-02-03T23:40:51.329+0000] {logging_mixin.py:188} INFO - [2024-02-03T23:40:51.329+0000] {dag.py:3823} INFO - Setting next_dagrun for dataset_produces_1 to 2024-02-02 00:00:00+00:00, run_after=2024-02-03 00:00:00+00:00
[2024-02-03T23:40:51.331+0000] {logging_mixin.py:188} INFO - [2024-02-03T23:40:51.331+0000] {dag.py:3823} INFO - Setting next_dagrun for dataset_produces_2 to None, run_after=None
[2024-02-03T23:40:51.366+0000] {processor.py:183} INFO - Processing /home/airflow/.local/lib/python3.8/site-packages/airflow/example_dags/example_datasets.py took 0.227 seconds
[2024-02-03T23:41:21.427+0000] {processor.py:161} INFO - Started process (PID=178) to work on /home/airflow/.local/lib/python3.8/site-packages/airflow/example_dags/example_datasets.py
[2024-02-03T23:41:21.428+0000] {processor.py:830} INFO - Processing file /home/airflow/.local/lib/python3.8/site-packages/airflow/example_dags/example_datasets.py for tasks to queue
[2024-02-03T23:41:21.430+0000] {logging_mixin.py:188} INFO - [2024-02-03T23:41:21.430+0000] {dagbag.py:538} INFO - Filling up the DagBag from /home/airflow/.local/lib/python3.8/site-packages/airflow/example_dags/example_datasets.py
[2024-02-03T23:41:21.439+0000] {processor.py:840} INFO - DAG(s) 'dataset_produces_1', 'dataset_consumes_1_and_2', 'dataset_consumes_1_never_scheduled', 'dataset_consumes_unknown_never_scheduled', 'dataset_consumes_1', 'dataset_produces_2' retrieved from /home/airflow/.local/lib/python3.8/site-packages/airflow/example_dags/example_datasets.py
[2024-02-03T23:41:21.469+0000] {logging_mixin.py:188} INFO - [2024-02-03T23:41:21.468+0000] {dag.py:3036} INFO - Sync 6 DAGs
[2024-02-03T23:41:21.487+0000] {logging_mixin.py:188} INFO - [2024-02-03T23:41:21.487+0000] {dag.py:3823} INFO - Setting next_dagrun for dataset_consumes_1 to None, run_after=None
[2024-02-03T23:41:21.491+0000] {logging_mixin.py:188} INFO - [2024-02-03T23:41:21.491+0000] {dag.py:3823} INFO - Setting next_dagrun for dataset_consumes_1_and_2 to None, run_after=None
[2024-02-03T23:41:21.492+0000] {logging_mixin.py:188} INFO - [2024-02-03T23:41:21.492+0000] {dag.py:3823} INFO - Setting next_dagrun for dataset_consumes_1_never_scheduled to None, run_after=None
[2024-02-03T23:41:21.493+0000] {logging_mixin.py:188} INFO - [2024-02-03T23:41:21.493+0000] {dag.py:3823} INFO - Setting next_dagrun for dataset_consumes_unknown_never_scheduled to None, run_after=None
[2024-02-03T23:41:21.496+0000] {logging_mixin.py:188} INFO - [2024-02-03T23:41:21.496+0000] {dag.py:3823} INFO - Setting next_dagrun for dataset_produces_1 to 2024-02-02 00:00:00+00:00, run_after=2024-02-03 00:00:00+00:00
[2024-02-03T23:41:21.497+0000] {logging_mixin.py:188} INFO - [2024-02-03T23:41:21.497+0000] {dag.py:3823} INFO - Setting next_dagrun for dataset_produces_2 to None, run_after=None
[2024-02-03T23:41:21.523+0000] {processor.py:183} INFO - Processing /home/airflow/.local/lib/python3.8/site-packages/airflow/example_dags/example_datasets.py took 0.099 seconds
[2024-02-03T23:41:51.898+0000] {processor.py:161} INFO - Started process (PID=234) to work on /home/airflow/.local/lib/python3.8/site-packages/airflow/example_dags/example_datasets.py
[2024-02-03T23:41:51.899+0000] {processor.py:830} INFO - Processing file /home/airflow/.local/lib/python3.8/site-packages/airflow/example_dags/example_datasets.py for tasks to queue
[2024-02-03T23:41:51.900+0000] {logging_mixin.py:188} INFO - [2024-02-03T23:41:51.900+0000] {dagbag.py:538} INFO - Filling up the DagBag from /home/airflow/.local/lib/python3.8/site-packages/airflow/example_dags/example_datasets.py
[2024-02-03T23:41:51.911+0000] {processor.py:840} INFO - DAG(s) 'dataset_consumes_1_never_scheduled', 'dataset_consumes_unknown_never_scheduled', 'dataset_produces_1', 'dataset_consumes_1', 'dataset_consumes_1_and_2', 'dataset_produces_2' retrieved from /home/airflow/.local/lib/python3.8/site-packages/airflow/example_dags/example_datasets.py
[2024-02-03T23:41:51.948+0000] {logging_mixin.py:188} INFO - [2024-02-03T23:41:51.947+0000] {dag.py:3036} INFO - Sync 6 DAGs
[2024-02-03T23:41:51.969+0000] {logging_mixin.py:188} INFO - [2024-02-03T23:41:51.969+0000] {dag.py:3823} INFO - Setting next_dagrun for dataset_consumes_1 to None, run_after=None
[2024-02-03T23:41:51.974+0000] {logging_mixin.py:188} INFO - [2024-02-03T23:41:51.973+0000] {dag.py:3823} INFO - Setting next_dagrun for dataset_consumes_1_and_2 to None, run_after=None
[2024-02-03T23:41:51.975+0000] {logging_mixin.py:188} INFO - [2024-02-03T23:41:51.975+0000] {dag.py:3823} INFO - Setting next_dagrun for dataset_consumes_1_never_scheduled to None, run_after=None
[2024-02-03T23:41:51.977+0000] {logging_mixin.py:188} INFO - [2024-02-03T23:41:51.977+0000] {dag.py:3823} INFO - Setting next_dagrun for dataset_consumes_unknown_never_scheduled to None, run_after=None
[2024-02-03T23:41:51.980+0000] {logging_mixin.py:188} INFO - [2024-02-03T23:41:51.979+0000] {dag.py:3823} INFO - Setting next_dagrun for dataset_produces_1 to 2024-02-02 00:00:00+00:00, run_after=2024-02-03 00:00:00+00:00
[2024-02-03T23:41:51.981+0000] {logging_mixin.py:188} INFO - [2024-02-03T23:41:51.981+0000] {dag.py:3823} INFO - Setting next_dagrun for dataset_produces_2 to None, run_after=None
[2024-02-03T23:41:52.006+0000] {processor.py:183} INFO - Processing /home/airflow/.local/lib/python3.8/site-packages/airflow/example_dags/example_datasets.py took 0.112 seconds
