[2024-02-03T23:23:04.660+0000] {processor.py:161} INFO - Started process (PID=70) to work on /home/airflow/.local/lib/python3.8/site-packages/airflow/example_dags/example_sensors.py
[2024-02-03T23:23:04.662+0000] {processor.py:830} INFO - Processing file /home/airflow/.local/lib/python3.8/site-packages/airflow/example_dags/example_sensors.py for tasks to queue
[2024-02-03T23:23:04.665+0000] {logging_mixin.py:188} INFO - [2024-02-03T23:23:04.664+0000] {dagbag.py:538} INFO - Filling up the DagBag from /home/airflow/.local/lib/python3.8/site-packages/airflow/example_dags/example_sensors.py
[2024-02-03T23:23:04.679+0000] {processor.py:840} INFO - DAG(s) 'example_sensors' retrieved from /home/airflow/.local/lib/python3.8/site-packages/airflow/example_dags/example_sensors.py
[2024-02-03T23:23:04.695+0000] {logging_mixin.py:188} INFO - [2024-02-03T23:23:04.695+0000] {dag.py:3036} INFO - Sync 1 DAGs
[2024-02-03T23:23:04.710+0000] {logging_mixin.py:188} INFO - [2024-02-03T23:23:04.710+0000] {dag.py:3823} INFO - Setting next_dagrun for example_sensors to None, run_after=None
[2024-02-03T23:23:04.730+0000] {processor.py:183} INFO - Processing /home/airflow/.local/lib/python3.8/site-packages/airflow/example_dags/example_sensors.py took 0.073 seconds
[2024-02-03T23:23:36.791+0000] {processor.py:161} INFO - Started process (PID=125) to work on /home/airflow/.local/lib/python3.8/site-packages/airflow/example_dags/example_sensors.py
[2024-02-03T23:23:36.792+0000] {processor.py:830} INFO - Processing file /home/airflow/.local/lib/python3.8/site-packages/airflow/example_dags/example_sensors.py for tasks to queue
[2024-02-03T23:23:36.794+0000] {logging_mixin.py:188} INFO - [2024-02-03T23:23:36.794+0000] {dagbag.py:538} INFO - Filling up the DagBag from /home/airflow/.local/lib/python3.8/site-packages/airflow/example_dags/example_sensors.py
[2024-02-03T23:23:36.804+0000] {processor.py:840} INFO - DAG(s) 'example_sensors' retrieved from /home/airflow/.local/lib/python3.8/site-packages/airflow/example_dags/example_sensors.py
[2024-02-03T23:23:36.900+0000] {logging_mixin.py:188} INFO - [2024-02-03T23:23:36.899+0000] {dag.py:3036} INFO - Sync 1 DAGs
[2024-02-03T23:23:36.910+0000] {logging_mixin.py:188} INFO - [2024-02-03T23:23:36.910+0000] {dag.py:3823} INFO - Setting next_dagrun for example_sensors to None, run_after=None
[2024-02-03T23:23:36.931+0000] {processor.py:183} INFO - Processing /home/airflow/.local/lib/python3.8/site-packages/airflow/example_dags/example_sensors.py took 0.143 seconds
[2024-02-03T23:24:07.779+0000] {processor.py:161} INFO - Started process (PID=180) to work on /home/airflow/.local/lib/python3.8/site-packages/airflow/example_dags/example_sensors.py
[2024-02-03T23:24:07.781+0000] {processor.py:830} INFO - Processing file /home/airflow/.local/lib/python3.8/site-packages/airflow/example_dags/example_sensors.py for tasks to queue
[2024-02-03T23:24:07.784+0000] {logging_mixin.py:188} INFO - [2024-02-03T23:24:07.784+0000] {dagbag.py:538} INFO - Filling up the DagBag from /home/airflow/.local/lib/python3.8/site-packages/airflow/example_dags/example_sensors.py
[2024-02-03T23:24:07.798+0000] {processor.py:840} INFO - DAG(s) 'example_sensors' retrieved from /home/airflow/.local/lib/python3.8/site-packages/airflow/example_dags/example_sensors.py
[2024-02-03T23:24:07.825+0000] {logging_mixin.py:188} INFO - [2024-02-03T23:24:07.824+0000] {dag.py:3036} INFO - Sync 1 DAGs
[2024-02-03T23:24:07.839+0000] {logging_mixin.py:188} INFO - [2024-02-03T23:24:07.838+0000] {dag.py:3823} INFO - Setting next_dagrun for example_sensors to None, run_after=None
[2024-02-03T23:24:07.861+0000] {processor.py:183} INFO - Processing /home/airflow/.local/lib/python3.8/site-packages/airflow/example_dags/example_sensors.py took 0.087 seconds
[2024-02-03T23:24:37.934+0000] {processor.py:161} INFO - Started process (PID=235) to work on /home/airflow/.local/lib/python3.8/site-packages/airflow/example_dags/example_sensors.py
[2024-02-03T23:24:37.935+0000] {processor.py:830} INFO - Processing file /home/airflow/.local/lib/python3.8/site-packages/airflow/example_dags/example_sensors.py for tasks to queue
[2024-02-03T23:24:37.937+0000] {logging_mixin.py:188} INFO - [2024-02-03T23:24:37.937+0000] {dagbag.py:538} INFO - Filling up the DagBag from /home/airflow/.local/lib/python3.8/site-packages/airflow/example_dags/example_sensors.py
[2024-02-03T23:24:37.947+0000] {processor.py:840} INFO - DAG(s) 'example_sensors' retrieved from /home/airflow/.local/lib/python3.8/site-packages/airflow/example_dags/example_sensors.py
[2024-02-03T23:24:37.973+0000] {logging_mixin.py:188} INFO - [2024-02-03T23:24:37.973+0000] {dag.py:3036} INFO - Sync 1 DAGs
[2024-02-03T23:24:37.985+0000] {logging_mixin.py:188} INFO - [2024-02-03T23:24:37.985+0000] {dag.py:3823} INFO - Setting next_dagrun for example_sensors to None, run_after=None
[2024-02-03T23:24:38.008+0000] {processor.py:183} INFO - Processing /home/airflow/.local/lib/python3.8/site-packages/airflow/example_dags/example_sensors.py took 0.078 seconds
[2024-02-03T23:25:08.095+0000] {processor.py:161} INFO - Started process (PID=290) to work on /home/airflow/.local/lib/python3.8/site-packages/airflow/example_dags/example_sensors.py
[2024-02-03T23:25:08.096+0000] {processor.py:830} INFO - Processing file /home/airflow/.local/lib/python3.8/site-packages/airflow/example_dags/example_sensors.py for tasks to queue
[2024-02-03T23:25:08.098+0000] {logging_mixin.py:188} INFO - [2024-02-03T23:25:08.097+0000] {dagbag.py:538} INFO - Filling up the DagBag from /home/airflow/.local/lib/python3.8/site-packages/airflow/example_dags/example_sensors.py
[2024-02-03T23:25:08.111+0000] {processor.py:840} INFO - DAG(s) 'example_sensors' retrieved from /home/airflow/.local/lib/python3.8/site-packages/airflow/example_dags/example_sensors.py
[2024-02-03T23:25:08.137+0000] {logging_mixin.py:188} INFO - [2024-02-03T23:25:08.137+0000] {dag.py:3036} INFO - Sync 1 DAGs
[2024-02-03T23:25:08.148+0000] {logging_mixin.py:188} INFO - [2024-02-03T23:25:08.147+0000] {dag.py:3823} INFO - Setting next_dagrun for example_sensors to None, run_after=None
[2024-02-03T23:25:08.169+0000] {processor.py:183} INFO - Processing /home/airflow/.local/lib/python3.8/site-packages/airflow/example_dags/example_sensors.py took 0.078 seconds
[2024-02-03T23:25:38.422+0000] {processor.py:161} INFO - Started process (PID=345) to work on /home/airflow/.local/lib/python3.8/site-packages/airflow/example_dags/example_sensors.py
[2024-02-03T23:25:38.423+0000] {processor.py:830} INFO - Processing file /home/airflow/.local/lib/python3.8/site-packages/airflow/example_dags/example_sensors.py for tasks to queue
[2024-02-03T23:25:38.425+0000] {logging_mixin.py:188} INFO - [2024-02-03T23:25:38.425+0000] {dagbag.py:538} INFO - Filling up the DagBag from /home/airflow/.local/lib/python3.8/site-packages/airflow/example_dags/example_sensors.py
[2024-02-03T23:25:38.435+0000] {processor.py:840} INFO - DAG(s) 'example_sensors' retrieved from /home/airflow/.local/lib/python3.8/site-packages/airflow/example_dags/example_sensors.py
[2024-02-03T23:25:38.462+0000] {logging_mixin.py:188} INFO - [2024-02-03T23:25:38.462+0000] {dag.py:3036} INFO - Sync 1 DAGs
[2024-02-03T23:25:38.474+0000] {logging_mixin.py:188} INFO - [2024-02-03T23:25:38.474+0000] {dag.py:3823} INFO - Setting next_dagrun for example_sensors to None, run_after=None
[2024-02-03T23:25:38.489+0000] {processor.py:183} INFO - Processing /home/airflow/.local/lib/python3.8/site-packages/airflow/example_dags/example_sensors.py took 0.070 seconds
[2024-02-03T23:40:19.506+0000] {processor.py:161} INFO - Started process (PID=70) to work on /home/airflow/.local/lib/python3.8/site-packages/airflow/example_dags/example_sensors.py
[2024-02-03T23:40:19.508+0000] {processor.py:830} INFO - Processing file /home/airflow/.local/lib/python3.8/site-packages/airflow/example_dags/example_sensors.py for tasks to queue
[2024-02-03T23:40:19.510+0000] {logging_mixin.py:188} INFO - [2024-02-03T23:40:19.509+0000] {dagbag.py:538} INFO - Filling up the DagBag from /home/airflow/.local/lib/python3.8/site-packages/airflow/example_dags/example_sensors.py
[2024-02-03T23:40:19.524+0000] {processor.py:840} INFO - DAG(s) 'example_sensors' retrieved from /home/airflow/.local/lib/python3.8/site-packages/airflow/example_dags/example_sensors.py
[2024-02-03T23:40:19.540+0000] {logging_mixin.py:188} INFO - [2024-02-03T23:40:19.539+0000] {dag.py:3036} INFO - Sync 1 DAGs
[2024-02-03T23:40:19.557+0000] {logging_mixin.py:188} INFO - [2024-02-03T23:40:19.557+0000] {dag.py:3823} INFO - Setting next_dagrun for example_sensors to None, run_after=None
[2024-02-03T23:40:19.579+0000] {processor.py:183} INFO - Processing /home/airflow/.local/lib/python3.8/site-packages/airflow/example_dags/example_sensors.py took 0.079 seconds
[2024-02-03T23:40:51.552+0000] {processor.py:161} INFO - Started process (PID=126) to work on /home/airflow/.local/lib/python3.8/site-packages/airflow/example_dags/example_sensors.py
[2024-02-03T23:40:51.553+0000] {processor.py:830} INFO - Processing file /home/airflow/.local/lib/python3.8/site-packages/airflow/example_dags/example_sensors.py for tasks to queue
[2024-02-03T23:40:51.556+0000] {logging_mixin.py:188} INFO - [2024-02-03T23:40:51.556+0000] {dagbag.py:538} INFO - Filling up the DagBag from /home/airflow/.local/lib/python3.8/site-packages/airflow/example_dags/example_sensors.py
[2024-02-03T23:40:51.566+0000] {processor.py:840} INFO - DAG(s) 'example_sensors' retrieved from /home/airflow/.local/lib/python3.8/site-packages/airflow/example_dags/example_sensors.py
[2024-02-03T23:40:51.655+0000] {logging_mixin.py:188} INFO - [2024-02-03T23:40:51.655+0000] {dag.py:3036} INFO - Sync 1 DAGs
[2024-02-03T23:40:51.667+0000] {logging_mixin.py:188} INFO - [2024-02-03T23:40:51.666+0000] {dag.py:3823} INFO - Setting next_dagrun for example_sensors to None, run_after=None
[2024-02-03T23:40:51.688+0000] {processor.py:183} INFO - Processing /home/airflow/.local/lib/python3.8/site-packages/airflow/example_dags/example_sensors.py took 0.139 seconds
[2024-02-03T23:41:21.722+0000] {processor.py:161} INFO - Started process (PID=182) to work on /home/airflow/.local/lib/python3.8/site-packages/airflow/example_dags/example_sensors.py
[2024-02-03T23:41:21.723+0000] {processor.py:830} INFO - Processing file /home/airflow/.local/lib/python3.8/site-packages/airflow/example_dags/example_sensors.py for tasks to queue
[2024-02-03T23:41:21.725+0000] {logging_mixin.py:188} INFO - [2024-02-03T23:41:21.724+0000] {dagbag.py:538} INFO - Filling up the DagBag from /home/airflow/.local/lib/python3.8/site-packages/airflow/example_dags/example_sensors.py
[2024-02-03T23:41:21.733+0000] {processor.py:840} INFO - DAG(s) 'example_sensors' retrieved from /home/airflow/.local/lib/python3.8/site-packages/airflow/example_dags/example_sensors.py
[2024-02-03T23:41:21.757+0000] {logging_mixin.py:188} INFO - [2024-02-03T23:41:21.756+0000] {dag.py:3036} INFO - Sync 1 DAGs
[2024-02-03T23:41:21.766+0000] {logging_mixin.py:188} INFO - [2024-02-03T23:41:21.766+0000] {dag.py:3823} INFO - Setting next_dagrun for example_sensors to None, run_after=None
[2024-02-03T23:41:21.781+0000] {processor.py:183} INFO - Processing /home/airflow/.local/lib/python3.8/site-packages/airflow/example_dags/example_sensors.py took 0.062 seconds
[2024-02-03T23:41:52.122+0000] {processor.py:161} INFO - Started process (PID=238) to work on /home/airflow/.local/lib/python3.8/site-packages/airflow/example_dags/example_sensors.py
[2024-02-03T23:41:52.123+0000] {processor.py:830} INFO - Processing file /home/airflow/.local/lib/python3.8/site-packages/airflow/example_dags/example_sensors.py for tasks to queue
[2024-02-03T23:41:52.126+0000] {logging_mixin.py:188} INFO - [2024-02-03T23:41:52.125+0000] {dagbag.py:538} INFO - Filling up the DagBag from /home/airflow/.local/lib/python3.8/site-packages/airflow/example_dags/example_sensors.py
[2024-02-03T23:41:52.135+0000] {processor.py:840} INFO - DAG(s) 'example_sensors' retrieved from /home/airflow/.local/lib/python3.8/site-packages/airflow/example_dags/example_sensors.py
[2024-02-03T23:41:52.158+0000] {logging_mixin.py:188} INFO - [2024-02-03T23:41:52.158+0000] {dag.py:3036} INFO - Sync 1 DAGs
[2024-02-03T23:41:52.169+0000] {logging_mixin.py:188} INFO - [2024-02-03T23:41:52.169+0000] {dag.py:3823} INFO - Setting next_dagrun for example_sensors to None, run_after=None
[2024-02-03T23:41:52.186+0000] {processor.py:183} INFO - Processing /home/airflow/.local/lib/python3.8/site-packages/airflow/example_dags/example_sensors.py took 0.067 seconds
