[2024-02-03T23:23:03.434+0000] {processor.py:161} INFO - Started process (PID=49) to work on /home/airflow/.local/lib/python3.8/site-packages/airflow/example_dags/example_branch_labels.py
[2024-02-03T23:23:03.436+0000] {processor.py:830} INFO - Processing file /home/airflow/.local/lib/python3.8/site-packages/airflow/example_dags/example_branch_labels.py for tasks to queue
[2024-02-03T23:23:03.438+0000] {logging_mixin.py:188} INFO - [2024-02-03T23:23:03.438+0000] {dagbag.py:538} INFO - Filling up the DagBag from /home/airflow/.local/lib/python3.8/site-packages/airflow/example_dags/example_branch_labels.py
[2024-02-03T23:23:03.447+0000] {processor.py:840} INFO - DAG(s) 'example_branch_labels' retrieved from /home/airflow/.local/lib/python3.8/site-packages/airflow/example_dags/example_branch_labels.py
[2024-02-03T23:23:03.459+0000] {logging_mixin.py:188} INFO - [2024-02-03T23:23:03.459+0000] {dag.py:3036} INFO - Sync 1 DAGs
[2024-02-03T23:23:03.479+0000] {logging_mixin.py:188} INFO - [2024-02-03T23:23:03.479+0000] {dag.py:3823} INFO - Setting next_dagrun for example_branch_labels to 2024-02-02 00:00:00+00:00, run_after=2024-02-03 00:00:00+00:00
[2024-02-03T23:23:03.496+0000] {processor.py:183} INFO - Processing /home/airflow/.local/lib/python3.8/site-packages/airflow/example_dags/example_branch_labels.py took 0.065 seconds
[2024-02-03T23:23:34.751+0000] {processor.py:161} INFO - Started process (PID=104) to work on /home/airflow/.local/lib/python3.8/site-packages/airflow/example_dags/example_branch_labels.py
[2024-02-03T23:23:34.752+0000] {processor.py:830} INFO - Processing file /home/airflow/.local/lib/python3.8/site-packages/airflow/example_dags/example_branch_labels.py for tasks to queue
[2024-02-03T23:23:34.754+0000] {logging_mixin.py:188} INFO - [2024-02-03T23:23:34.754+0000] {dagbag.py:538} INFO - Filling up the DagBag from /home/airflow/.local/lib/python3.8/site-packages/airflow/example_dags/example_branch_labels.py
[2024-02-03T23:23:34.762+0000] {processor.py:840} INFO - DAG(s) 'example_branch_labels' retrieved from /home/airflow/.local/lib/python3.8/site-packages/airflow/example_dags/example_branch_labels.py
[2024-02-03T23:23:34.872+0000] {logging_mixin.py:188} INFO - [2024-02-03T23:23:34.872+0000] {dag.py:3036} INFO - Sync 1 DAGs
[2024-02-03T23:23:34.894+0000] {logging_mixin.py:188} INFO - [2024-02-03T23:23:34.894+0000] {dag.py:3823} INFO - Setting next_dagrun for example_branch_labels to 2024-02-02 00:00:00+00:00, run_after=2024-02-03 00:00:00+00:00
[2024-02-03T23:23:34.912+0000] {processor.py:183} INFO - Processing /home/airflow/.local/lib/python3.8/site-packages/airflow/example_dags/example_branch_labels.py took 0.165 seconds
[2024-02-03T23:24:04.994+0000] {processor.py:161} INFO - Started process (PID=159) to work on /home/airflow/.local/lib/python3.8/site-packages/airflow/example_dags/example_branch_labels.py
[2024-02-03T23:24:04.995+0000] {processor.py:830} INFO - Processing file /home/airflow/.local/lib/python3.8/site-packages/airflow/example_dags/example_branch_labels.py for tasks to queue
[2024-02-03T23:24:04.999+0000] {logging_mixin.py:188} INFO - [2024-02-03T23:24:04.998+0000] {dagbag.py:538} INFO - Filling up the DagBag from /home/airflow/.local/lib/python3.8/site-packages/airflow/example_dags/example_branch_labels.py
[2024-02-03T23:24:05.010+0000] {processor.py:840} INFO - DAG(s) 'example_branch_labels' retrieved from /home/airflow/.local/lib/python3.8/site-packages/airflow/example_dags/example_branch_labels.py
[2024-02-03T23:24:05.040+0000] {logging_mixin.py:188} INFO - [2024-02-03T23:24:05.039+0000] {dag.py:3036} INFO - Sync 1 DAGs
[2024-02-03T23:24:05.061+0000] {logging_mixin.py:188} INFO - [2024-02-03T23:24:05.060+0000] {dag.py:3823} INFO - Setting next_dagrun for example_branch_labels to 2024-02-02 00:00:00+00:00, run_after=2024-02-03 00:00:00+00:00
[2024-02-03T23:24:05.083+0000] {processor.py:183} INFO - Processing /home/airflow/.local/lib/python3.8/site-packages/airflow/example_dags/example_branch_labels.py took 0.093 seconds
[2024-02-03T23:24:35.411+0000] {processor.py:161} INFO - Started process (PID=214) to work on /home/airflow/.local/lib/python3.8/site-packages/airflow/example_dags/example_branch_labels.py
[2024-02-03T23:24:35.413+0000] {processor.py:830} INFO - Processing file /home/airflow/.local/lib/python3.8/site-packages/airflow/example_dags/example_branch_labels.py for tasks to queue
[2024-02-03T23:24:35.415+0000] {logging_mixin.py:188} INFO - [2024-02-03T23:24:35.415+0000] {dagbag.py:538} INFO - Filling up the DagBag from /home/airflow/.local/lib/python3.8/site-packages/airflow/example_dags/example_branch_labels.py
[2024-02-03T23:24:35.424+0000] {processor.py:840} INFO - DAG(s) 'example_branch_labels' retrieved from /home/airflow/.local/lib/python3.8/site-packages/airflow/example_dags/example_branch_labels.py
[2024-02-03T23:24:35.447+0000] {logging_mixin.py:188} INFO - [2024-02-03T23:24:35.446+0000] {dag.py:3036} INFO - Sync 1 DAGs
[2024-02-03T23:24:35.470+0000] {logging_mixin.py:188} INFO - [2024-02-03T23:24:35.469+0000] {dag.py:3823} INFO - Setting next_dagrun for example_branch_labels to 2024-02-02 00:00:00+00:00, run_after=2024-02-03 00:00:00+00:00
[2024-02-03T23:24:35.491+0000] {processor.py:183} INFO - Processing /home/airflow/.local/lib/python3.8/site-packages/airflow/example_dags/example_branch_labels.py took 0.083 seconds
[2024-02-03T23:25:05.890+0000] {processor.py:161} INFO - Started process (PID=269) to work on /home/airflow/.local/lib/python3.8/site-packages/airflow/example_dags/example_branch_labels.py
[2024-02-03T23:25:05.891+0000] {processor.py:830} INFO - Processing file /home/airflow/.local/lib/python3.8/site-packages/airflow/example_dags/example_branch_labels.py for tasks to queue
[2024-02-03T23:25:05.893+0000] {logging_mixin.py:188} INFO - [2024-02-03T23:25:05.893+0000] {dagbag.py:538} INFO - Filling up the DagBag from /home/airflow/.local/lib/python3.8/site-packages/airflow/example_dags/example_branch_labels.py
[2024-02-03T23:25:05.903+0000] {processor.py:840} INFO - DAG(s) 'example_branch_labels' retrieved from /home/airflow/.local/lib/python3.8/site-packages/airflow/example_dags/example_branch_labels.py
[2024-02-03T23:25:05.931+0000] {logging_mixin.py:188} INFO - [2024-02-03T23:25:05.930+0000] {dag.py:3036} INFO - Sync 1 DAGs
[2024-02-03T23:25:05.955+0000] {logging_mixin.py:188} INFO - [2024-02-03T23:25:05.955+0000] {dag.py:3823} INFO - Setting next_dagrun for example_branch_labels to 2024-02-02 00:00:00+00:00, run_after=2024-02-03 00:00:00+00:00
[2024-02-03T23:25:05.973+0000] {processor.py:183} INFO - Processing /home/airflow/.local/lib/python3.8/site-packages/airflow/example_dags/example_branch_labels.py took 0.087 seconds
[2024-02-03T23:25:36.302+0000] {processor.py:161} INFO - Started process (PID=324) to work on /home/airflow/.local/lib/python3.8/site-packages/airflow/example_dags/example_branch_labels.py
[2024-02-03T23:25:36.304+0000] {processor.py:830} INFO - Processing file /home/airflow/.local/lib/python3.8/site-packages/airflow/example_dags/example_branch_labels.py for tasks to queue
[2024-02-03T23:25:36.306+0000] {logging_mixin.py:188} INFO - [2024-02-03T23:25:36.306+0000] {dagbag.py:538} INFO - Filling up the DagBag from /home/airflow/.local/lib/python3.8/site-packages/airflow/example_dags/example_branch_labels.py
[2024-02-03T23:25:36.315+0000] {processor.py:840} INFO - DAG(s) 'example_branch_labels' retrieved from /home/airflow/.local/lib/python3.8/site-packages/airflow/example_dags/example_branch_labels.py
[2024-02-03T23:25:36.334+0000] {logging_mixin.py:188} INFO - [2024-02-03T23:25:36.334+0000] {dag.py:3036} INFO - Sync 1 DAGs
[2024-02-03T23:25:36.360+0000] {logging_mixin.py:188} INFO - [2024-02-03T23:25:36.360+0000] {dag.py:3823} INFO - Setting next_dagrun for example_branch_labels to 2024-02-02 00:00:00+00:00, run_after=2024-02-03 00:00:00+00:00
[2024-02-03T23:25:36.378+0000] {processor.py:183} INFO - Processing /home/airflow/.local/lib/python3.8/site-packages/airflow/example_dags/example_branch_labels.py took 0.079 seconds
[2024-02-03T23:40:18.328+0000] {processor.py:161} INFO - Started process (PID=49) to work on /home/airflow/.local/lib/python3.8/site-packages/airflow/example_dags/example_branch_labels.py
[2024-02-03T23:40:18.330+0000] {processor.py:830} INFO - Processing file /home/airflow/.local/lib/python3.8/site-packages/airflow/example_dags/example_branch_labels.py for tasks to queue
[2024-02-03T23:40:18.332+0000] {logging_mixin.py:188} INFO - [2024-02-03T23:40:18.332+0000] {dagbag.py:538} INFO - Filling up the DagBag from /home/airflow/.local/lib/python3.8/site-packages/airflow/example_dags/example_branch_labels.py
[2024-02-03T23:40:18.349+0000] {processor.py:840} INFO - DAG(s) 'example_branch_labels' retrieved from /home/airflow/.local/lib/python3.8/site-packages/airflow/example_dags/example_branch_labels.py
[2024-02-03T23:40:18.366+0000] {logging_mixin.py:188} INFO - [2024-02-03T23:40:18.365+0000] {dag.py:3036} INFO - Sync 1 DAGs
[2024-02-03T23:40:18.394+0000] {logging_mixin.py:188} INFO - [2024-02-03T23:40:18.394+0000] {dag.py:3823} INFO - Setting next_dagrun for example_branch_labels to 2024-02-02 00:00:00+00:00, run_after=2024-02-03 00:00:00+00:00
[2024-02-03T23:40:18.418+0000] {processor.py:183} INFO - Processing /home/airflow/.local/lib/python3.8/site-packages/airflow/example_dags/example_branch_labels.py took 0.097 seconds
[2024-02-03T23:40:49.440+0000] {processor.py:161} INFO - Started process (PID=105) to work on /home/airflow/.local/lib/python3.8/site-packages/airflow/example_dags/example_branch_labels.py
[2024-02-03T23:40:49.441+0000] {processor.py:830} INFO - Processing file /home/airflow/.local/lib/python3.8/site-packages/airflow/example_dags/example_branch_labels.py for tasks to queue
[2024-02-03T23:40:49.443+0000] {logging_mixin.py:188} INFO - [2024-02-03T23:40:49.443+0000] {dagbag.py:538} INFO - Filling up the DagBag from /home/airflow/.local/lib/python3.8/site-packages/airflow/example_dags/example_branch_labels.py
[2024-02-03T23:40:49.452+0000] {processor.py:840} INFO - DAG(s) 'example_branch_labels' retrieved from /home/airflow/.local/lib/python3.8/site-packages/airflow/example_dags/example_branch_labels.py
[2024-02-03T23:40:49.536+0000] {logging_mixin.py:188} INFO - [2024-02-03T23:40:49.536+0000] {dag.py:3036} INFO - Sync 1 DAGs
[2024-02-03T23:40:49.554+0000] {logging_mixin.py:188} INFO - [2024-02-03T23:40:49.554+0000] {dag.py:3823} INFO - Setting next_dagrun for example_branch_labels to 2024-02-02 00:00:00+00:00, run_after=2024-02-03 00:00:00+00:00
[2024-02-03T23:40:49.571+0000] {processor.py:183} INFO - Processing /home/airflow/.local/lib/python3.8/site-packages/airflow/example_dags/example_branch_labels.py took 0.134 seconds
[2024-02-03T23:41:20.469+0000] {processor.py:161} INFO - Started process (PID=161) to work on /home/airflow/.local/lib/python3.8/site-packages/airflow/example_dags/example_branch_labels.py
[2024-02-03T23:41:20.470+0000] {processor.py:830} INFO - Processing file /home/airflow/.local/lib/python3.8/site-packages/airflow/example_dags/example_branch_labels.py for tasks to queue
[2024-02-03T23:41:20.472+0000] {logging_mixin.py:188} INFO - [2024-02-03T23:41:20.472+0000] {dagbag.py:538} INFO - Filling up the DagBag from /home/airflow/.local/lib/python3.8/site-packages/airflow/example_dags/example_branch_labels.py
[2024-02-03T23:41:20.479+0000] {processor.py:840} INFO - DAG(s) 'example_branch_labels' retrieved from /home/airflow/.local/lib/python3.8/site-packages/airflow/example_dags/example_branch_labels.py
[2024-02-03T23:41:20.501+0000] {logging_mixin.py:188} INFO - [2024-02-03T23:41:20.501+0000] {dag.py:3036} INFO - Sync 1 DAGs
[2024-02-03T23:41:20.523+0000] {logging_mixin.py:188} INFO - [2024-02-03T23:41:20.523+0000] {dag.py:3823} INFO - Setting next_dagrun for example_branch_labels to 2024-02-02 00:00:00+00:00, run_after=2024-02-03 00:00:00+00:00
[2024-02-03T23:41:20.539+0000] {processor.py:183} INFO - Processing /home/airflow/.local/lib/python3.8/site-packages/airflow/example_dags/example_branch_labels.py took 0.074 seconds
[2024-02-03T23:41:50.967+0000] {processor.py:161} INFO - Started process (PID=217) to work on /home/airflow/.local/lib/python3.8/site-packages/airflow/example_dags/example_branch_labels.py
[2024-02-03T23:41:50.969+0000] {processor.py:830} INFO - Processing file /home/airflow/.local/lib/python3.8/site-packages/airflow/example_dags/example_branch_labels.py for tasks to queue
[2024-02-03T23:41:50.972+0000] {logging_mixin.py:188} INFO - [2024-02-03T23:41:50.971+0000] {dagbag.py:538} INFO - Filling up the DagBag from /home/airflow/.local/lib/python3.8/site-packages/airflow/example_dags/example_branch_labels.py
[2024-02-03T23:41:50.980+0000] {processor.py:840} INFO - DAG(s) 'example_branch_labels' retrieved from /home/airflow/.local/lib/python3.8/site-packages/airflow/example_dags/example_branch_labels.py
[2024-02-03T23:41:51.009+0000] {logging_mixin.py:188} INFO - [2024-02-03T23:41:51.008+0000] {dag.py:3036} INFO - Sync 1 DAGs
[2024-02-03T23:41:51.035+0000] {logging_mixin.py:188} INFO - [2024-02-03T23:41:51.035+0000] {dag.py:3823} INFO - Setting next_dagrun for example_branch_labels to 2024-02-02 00:00:00+00:00, run_after=2024-02-03 00:00:00+00:00
[2024-02-03T23:41:51.071+0000] {processor.py:183} INFO - Processing /home/airflow/.local/lib/python3.8/site-packages/airflow/example_dags/example_branch_labels.py took 0.108 seconds
