[2024-02-03T23:23:03.123+0000] {processor.py:161} INFO - Started process (PID=44) to work on /home/airflow/.local/lib/python3.8/site-packages/airflow/example_dags/example_sla_dag.py
[2024-02-03T23:23:03.124+0000] {processor.py:830} INFO - Processing file /home/airflow/.local/lib/python3.8/site-packages/airflow/example_dags/example_sla_dag.py for tasks to queue
[2024-02-03T23:23:03.126+0000] {logging_mixin.py:188} INFO - [2024-02-03T23:23:03.126+0000] {dagbag.py:538} INFO - Filling up the DagBag from /home/airflow/.local/lib/python3.8/site-packages/airflow/example_dags/example_sla_dag.py
[2024-02-03T23:23:03.134+0000] {processor.py:840} INFO - DAG(s) 'example_sla_dag' retrieved from /home/airflow/.local/lib/python3.8/site-packages/airflow/example_dags/example_sla_dag.py
[2024-02-03T23:23:03.146+0000] {logging_mixin.py:188} INFO - [2024-02-03T23:23:03.146+0000] {dag.py:3036} INFO - Sync 1 DAGs
[2024-02-03T23:23:03.176+0000] {logging_mixin.py:188} INFO - [2024-02-03T23:23:03.176+0000] {dag.py:3823} INFO - Setting next_dagrun for example_sla_dag to 2024-02-03 23:20:00+00:00, run_after=2024-02-03 23:22:00+00:00
[2024-02-03T23:23:03.194+0000] {processor.py:183} INFO - Processing /home/airflow/.local/lib/python3.8/site-packages/airflow/example_dags/example_sla_dag.py took 0.074 seconds
[2024-02-03T23:23:34.318+0000] {processor.py:161} INFO - Started process (PID=99) to work on /home/airflow/.local/lib/python3.8/site-packages/airflow/example_dags/example_sla_dag.py
[2024-02-03T23:23:34.319+0000] {processor.py:830} INFO - Processing file /home/airflow/.local/lib/python3.8/site-packages/airflow/example_dags/example_sla_dag.py for tasks to queue
[2024-02-03T23:23:34.322+0000] {logging_mixin.py:188} INFO - [2024-02-03T23:23:34.321+0000] {dagbag.py:538} INFO - Filling up the DagBag from /home/airflow/.local/lib/python3.8/site-packages/airflow/example_dags/example_sla_dag.py
[2024-02-03T23:23:34.332+0000] {processor.py:840} INFO - DAG(s) 'example_sla_dag' retrieved from /home/airflow/.local/lib/python3.8/site-packages/airflow/example_dags/example_sla_dag.py
[2024-02-03T23:23:34.429+0000] {logging_mixin.py:188} INFO - [2024-02-03T23:23:34.429+0000] {dag.py:3036} INFO - Sync 1 DAGs
[2024-02-03T23:23:34.460+0000] {logging_mixin.py:188} INFO - [2024-02-03T23:23:34.459+0000] {dag.py:3823} INFO - Setting next_dagrun for example_sla_dag to 2024-02-03 23:20:00+00:00, run_after=2024-02-03 23:22:00+00:00
[2024-02-03T23:23:34.479+0000] {processor.py:183} INFO - Processing /home/airflow/.local/lib/python3.8/site-packages/airflow/example_dags/example_sla_dag.py took 0.166 seconds
[2024-02-03T23:24:04.658+0000] {processor.py:161} INFO - Started process (PID=154) to work on /home/airflow/.local/lib/python3.8/site-packages/airflow/example_dags/example_sla_dag.py
[2024-02-03T23:24:04.659+0000] {processor.py:830} INFO - Processing file /home/airflow/.local/lib/python3.8/site-packages/airflow/example_dags/example_sla_dag.py for tasks to queue
[2024-02-03T23:24:04.661+0000] {logging_mixin.py:188} INFO - [2024-02-03T23:24:04.660+0000] {dagbag.py:538} INFO - Filling up the DagBag from /home/airflow/.local/lib/python3.8/site-packages/airflow/example_dags/example_sla_dag.py
[2024-02-03T23:24:04.672+0000] {processor.py:840} INFO - DAG(s) 'example_sla_dag' retrieved from /home/airflow/.local/lib/python3.8/site-packages/airflow/example_dags/example_sla_dag.py
[2024-02-03T23:24:04.692+0000] {logging_mixin.py:188} INFO - [2024-02-03T23:24:04.692+0000] {dag.py:3036} INFO - Sync 1 DAGs
[2024-02-03T23:24:04.717+0000] {logging_mixin.py:188} INFO - [2024-02-03T23:24:04.716+0000] {dag.py:3823} INFO - Setting next_dagrun for example_sla_dag to 2024-02-03 23:22:00+00:00, run_after=2024-02-03 23:24:00+00:00
[2024-02-03T23:24:04.736+0000] {processor.py:183} INFO - Processing /home/airflow/.local/lib/python3.8/site-packages/airflow/example_dags/example_sla_dag.py took 0.082 seconds
[2024-02-03T23:24:35.081+0000] {processor.py:161} INFO - Started process (PID=209) to work on /home/airflow/.local/lib/python3.8/site-packages/airflow/example_dags/example_sla_dag.py
[2024-02-03T23:24:35.082+0000] {processor.py:830} INFO - Processing file /home/airflow/.local/lib/python3.8/site-packages/airflow/example_dags/example_sla_dag.py for tasks to queue
[2024-02-03T23:24:35.084+0000] {logging_mixin.py:188} INFO - [2024-02-03T23:24:35.084+0000] {dagbag.py:538} INFO - Filling up the DagBag from /home/airflow/.local/lib/python3.8/site-packages/airflow/example_dags/example_sla_dag.py
[2024-02-03T23:24:35.094+0000] {processor.py:840} INFO - DAG(s) 'example_sla_dag' retrieved from /home/airflow/.local/lib/python3.8/site-packages/airflow/example_dags/example_sla_dag.py
[2024-02-03T23:24:35.116+0000] {logging_mixin.py:188} INFO - [2024-02-03T23:24:35.116+0000] {dag.py:3036} INFO - Sync 1 DAGs
[2024-02-03T23:24:35.138+0000] {logging_mixin.py:188} INFO - [2024-02-03T23:24:35.138+0000] {dag.py:3823} INFO - Setting next_dagrun for example_sla_dag to 2024-02-03 23:22:00+00:00, run_after=2024-02-03 23:24:00+00:00
[2024-02-03T23:24:35.159+0000] {processor.py:183} INFO - Processing /home/airflow/.local/lib/python3.8/site-packages/airflow/example_dags/example_sla_dag.py took 0.082 seconds
[2024-02-03T23:25:05.614+0000] {processor.py:161} INFO - Started process (PID=264) to work on /home/airflow/.local/lib/python3.8/site-packages/airflow/example_dags/example_sla_dag.py
[2024-02-03T23:25:05.615+0000] {processor.py:830} INFO - Processing file /home/airflow/.local/lib/python3.8/site-packages/airflow/example_dags/example_sla_dag.py for tasks to queue
[2024-02-03T23:25:05.617+0000] {logging_mixin.py:188} INFO - [2024-02-03T23:25:05.617+0000] {dagbag.py:538} INFO - Filling up the DagBag from /home/airflow/.local/lib/python3.8/site-packages/airflow/example_dags/example_sla_dag.py
[2024-02-03T23:25:05.626+0000] {processor.py:840} INFO - DAG(s) 'example_sla_dag' retrieved from /home/airflow/.local/lib/python3.8/site-packages/airflow/example_dags/example_sla_dag.py
[2024-02-03T23:25:05.649+0000] {logging_mixin.py:188} INFO - [2024-02-03T23:25:05.649+0000] {dag.py:3036} INFO - Sync 1 DAGs
[2024-02-03T23:25:05.674+0000] {logging_mixin.py:188} INFO - [2024-02-03T23:25:05.674+0000] {dag.py:3823} INFO - Setting next_dagrun for example_sla_dag to 2024-02-03 23:22:00+00:00, run_after=2024-02-03 23:24:00+00:00
[2024-02-03T23:25:05.690+0000] {processor.py:183} INFO - Processing /home/airflow/.local/lib/python3.8/site-packages/airflow/example_dags/example_sla_dag.py took 0.081 seconds
[2024-02-03T23:25:35.944+0000] {processor.py:161} INFO - Started process (PID=319) to work on /home/airflow/.local/lib/python3.8/site-packages/airflow/example_dags/example_sla_dag.py
[2024-02-03T23:25:35.945+0000] {processor.py:830} INFO - Processing file /home/airflow/.local/lib/python3.8/site-packages/airflow/example_dags/example_sla_dag.py for tasks to queue
[2024-02-03T23:25:35.947+0000] {logging_mixin.py:188} INFO - [2024-02-03T23:25:35.946+0000] {dagbag.py:538} INFO - Filling up the DagBag from /home/airflow/.local/lib/python3.8/site-packages/airflow/example_dags/example_sla_dag.py
[2024-02-03T23:25:35.956+0000] {processor.py:840} INFO - DAG(s) 'example_sla_dag' retrieved from /home/airflow/.local/lib/python3.8/site-packages/airflow/example_dags/example_sla_dag.py
[2024-02-03T23:25:35.977+0000] {logging_mixin.py:188} INFO - [2024-02-03T23:25:35.977+0000] {dag.py:3036} INFO - Sync 1 DAGs
[2024-02-03T23:25:36.000+0000] {logging_mixin.py:188} INFO - [2024-02-03T23:25:36.000+0000] {dag.py:3823} INFO - Setting next_dagrun for example_sla_dag to 2024-02-03 23:22:00+00:00, run_after=2024-02-03 23:24:00+00:00
[2024-02-03T23:25:36.016+0000] {processor.py:183} INFO - Processing /home/airflow/.local/lib/python3.8/site-packages/airflow/example_dags/example_sla_dag.py took 0.076 seconds
[2024-02-03T23:40:18.093+0000] {processor.py:161} INFO - Started process (PID=44) to work on /home/airflow/.local/lib/python3.8/site-packages/airflow/example_dags/example_sla_dag.py
[2024-02-03T23:40:18.095+0000] {processor.py:830} INFO - Processing file /home/airflow/.local/lib/python3.8/site-packages/airflow/example_dags/example_sla_dag.py for tasks to queue
[2024-02-03T23:40:18.099+0000] {logging_mixin.py:188} INFO - [2024-02-03T23:40:18.099+0000] {dagbag.py:538} INFO - Filling up the DagBag from /home/airflow/.local/lib/python3.8/site-packages/airflow/example_dags/example_sla_dag.py
[2024-02-03T23:40:18.112+0000] {processor.py:840} INFO - DAG(s) 'example_sla_dag' retrieved from /home/airflow/.local/lib/python3.8/site-packages/airflow/example_dags/example_sla_dag.py
[2024-02-03T23:40:18.123+0000] {logging_mixin.py:188} INFO - [2024-02-03T23:40:18.122+0000] {dag.py:3036} INFO - Sync 1 DAGs
[2024-02-03T23:40:18.150+0000] {logging_mixin.py:188} INFO - [2024-02-03T23:40:18.150+0000] {dag.py:3823} INFO - Setting next_dagrun for example_sla_dag to 2024-02-03 23:38:00+00:00, run_after=2024-02-03 23:40:00+00:00
[2024-02-03T23:40:18.167+0000] {processor.py:183} INFO - Processing /home/airflow/.local/lib/python3.8/site-packages/airflow/example_dags/example_sla_dag.py took 0.077 seconds
[2024-02-03T23:40:48.957+0000] {processor.py:161} INFO - Started process (PID=100) to work on /home/airflow/.local/lib/python3.8/site-packages/airflow/example_dags/example_sla_dag.py
[2024-02-03T23:40:48.958+0000] {processor.py:830} INFO - Processing file /home/airflow/.local/lib/python3.8/site-packages/airflow/example_dags/example_sla_dag.py for tasks to queue
[2024-02-03T23:40:48.960+0000] {logging_mixin.py:188} INFO - [2024-02-03T23:40:48.959+0000] {dagbag.py:538} INFO - Filling up the DagBag from /home/airflow/.local/lib/python3.8/site-packages/airflow/example_dags/example_sla_dag.py
[2024-02-03T23:40:48.967+0000] {processor.py:840} INFO - DAG(s) 'example_sla_dag' retrieved from /home/airflow/.local/lib/python3.8/site-packages/airflow/example_dags/example_sla_dag.py
[2024-02-03T23:40:49.048+0000] {logging_mixin.py:188} INFO - [2024-02-03T23:40:49.047+0000] {dag.py:3036} INFO - Sync 1 DAGs
[2024-02-03T23:40:49.067+0000] {logging_mixin.py:188} INFO - [2024-02-03T23:40:49.067+0000] {dag.py:3823} INFO - Setting next_dagrun for example_sla_dag to 2024-02-03 23:38:00+00:00, run_after=2024-02-03 23:40:00+00:00
[2024-02-03T23:40:49.082+0000] {processor.py:183} INFO - Processing /home/airflow/.local/lib/python3.8/site-packages/airflow/example_dags/example_sla_dag.py took 0.129 seconds
[2024-02-03T23:41:19.238+0000] {processor.py:161} INFO - Started process (PID=156) to work on /home/airflow/.local/lib/python3.8/site-packages/airflow/example_dags/example_sla_dag.py
[2024-02-03T23:41:19.239+0000] {processor.py:830} INFO - Processing file /home/airflow/.local/lib/python3.8/site-packages/airflow/example_dags/example_sla_dag.py for tasks to queue
[2024-02-03T23:41:19.241+0000] {logging_mixin.py:188} INFO - [2024-02-03T23:41:19.240+0000] {dagbag.py:538} INFO - Filling up the DagBag from /home/airflow/.local/lib/python3.8/site-packages/airflow/example_dags/example_sla_dag.py
[2024-02-03T23:41:19.248+0000] {processor.py:840} INFO - DAG(s) 'example_sla_dag' retrieved from /home/airflow/.local/lib/python3.8/site-packages/airflow/example_dags/example_sla_dag.py
[2024-02-03T23:41:19.268+0000] {logging_mixin.py:188} INFO - [2024-02-03T23:41:19.268+0000] {dag.py:3036} INFO - Sync 1 DAGs
[2024-02-03T23:41:19.294+0000] {logging_mixin.py:188} INFO - [2024-02-03T23:41:19.294+0000] {dag.py:3823} INFO - Setting next_dagrun for example_sla_dag to 2024-02-03 23:38:00+00:00, run_after=2024-02-03 23:40:00+00:00
[2024-02-03T23:41:19.309+0000] {processor.py:183} INFO - Processing /home/airflow/.local/lib/python3.8/site-packages/airflow/example_dags/example_sla_dag.py took 0.074 seconds
[2024-02-03T23:41:49.657+0000] {processor.py:161} INFO - Started process (PID=212) to work on /home/airflow/.local/lib/python3.8/site-packages/airflow/example_dags/example_sla_dag.py
[2024-02-03T23:41:49.658+0000] {processor.py:830} INFO - Processing file /home/airflow/.local/lib/python3.8/site-packages/airflow/example_dags/example_sla_dag.py for tasks to queue
[2024-02-03T23:41:49.660+0000] {logging_mixin.py:188} INFO - [2024-02-03T23:41:49.660+0000] {dagbag.py:538} INFO - Filling up the DagBag from /home/airflow/.local/lib/python3.8/site-packages/airflow/example_dags/example_sla_dag.py
[2024-02-03T23:41:49.668+0000] {processor.py:840} INFO - DAG(s) 'example_sla_dag' retrieved from /home/airflow/.local/lib/python3.8/site-packages/airflow/example_dags/example_sla_dag.py
[2024-02-03T23:41:49.687+0000] {logging_mixin.py:188} INFO - [2024-02-03T23:41:49.687+0000] {dag.py:3036} INFO - Sync 1 DAGs
[2024-02-03T23:41:49.711+0000] {logging_mixin.py:188} INFO - [2024-02-03T23:41:49.711+0000] {dag.py:3823} INFO - Setting next_dagrun for example_sla_dag to 2024-02-03 23:38:00+00:00, run_after=2024-02-03 23:40:00+00:00
[2024-02-03T23:41:49.729+0000] {processor.py:183} INFO - Processing /home/airflow/.local/lib/python3.8/site-packages/airflow/example_dags/example_sla_dag.py took 0.074 seconds
