[2024-02-03T23:23:03.820+0000] {processor.py:161} INFO - Started process (PID=56) to work on /home/airflow/.local/lib/python3.8/site-packages/airflow/example_dags/example_skip_dag.py
[2024-02-03T23:23:03.822+0000] {processor.py:830} INFO - Processing file /home/airflow/.local/lib/python3.8/site-packages/airflow/example_dags/example_skip_dag.py for tasks to queue
[2024-02-03T23:23:03.825+0000] {logging_mixin.py:188} INFO - [2024-02-03T23:23:03.824+0000] {dagbag.py:538} INFO - Filling up the DagBag from /home/airflow/.local/lib/python3.8/site-packages/airflow/example_dags/example_skip_dag.py
[2024-02-03T23:23:03.837+0000] {processor.py:840} INFO - DAG(s) 'example_skip_dag' retrieved from /home/airflow/.local/lib/python3.8/site-packages/airflow/example_dags/example_skip_dag.py
[2024-02-03T23:23:03.855+0000] {logging_mixin.py:188} INFO - [2024-02-03T23:23:03.855+0000] {dag.py:3036} INFO - Sync 1 DAGs
[2024-02-03T23:23:03.882+0000] {logging_mixin.py:188} INFO - [2024-02-03T23:23:03.882+0000] {dag.py:3823} INFO - Setting next_dagrun for example_skip_dag to 2024-02-02 00:00:00+00:00, run_after=2024-02-03 00:00:00+00:00
[2024-02-03T23:23:03.907+0000] {processor.py:183} INFO - Processing /home/airflow/.local/lib/python3.8/site-packages/airflow/example_dags/example_skip_dag.py took 0.092 seconds
[2024-02-03T23:23:35.406+0000] {processor.py:161} INFO - Started process (PID=111) to work on /home/airflow/.local/lib/python3.8/site-packages/airflow/example_dags/example_skip_dag.py
[2024-02-03T23:23:35.407+0000] {processor.py:830} INFO - Processing file /home/airflow/.local/lib/python3.8/site-packages/airflow/example_dags/example_skip_dag.py for tasks to queue
[2024-02-03T23:23:35.409+0000] {logging_mixin.py:188} INFO - [2024-02-03T23:23:35.408+0000] {dagbag.py:538} INFO - Filling up the DagBag from /home/airflow/.local/lib/python3.8/site-packages/airflow/example_dags/example_skip_dag.py
[2024-02-03T23:23:35.416+0000] {processor.py:840} INFO - DAG(s) 'example_skip_dag' retrieved from /home/airflow/.local/lib/python3.8/site-packages/airflow/example_dags/example_skip_dag.py
[2024-02-03T23:23:35.517+0000] {logging_mixin.py:188} INFO - [2024-02-03T23:23:35.517+0000] {dag.py:3036} INFO - Sync 1 DAGs
[2024-02-03T23:23:35.537+0000] {logging_mixin.py:188} INFO - [2024-02-03T23:23:35.537+0000] {dag.py:3823} INFO - Setting next_dagrun for example_skip_dag to 2024-02-02 00:00:00+00:00, run_after=2024-02-03 00:00:00+00:00
[2024-02-03T23:23:35.556+0000] {processor.py:183} INFO - Processing /home/airflow/.local/lib/python3.8/site-packages/airflow/example_dags/example_skip_dag.py took 0.154 seconds
[2024-02-03T23:24:05.632+0000] {processor.py:161} INFO - Started process (PID=166) to work on /home/airflow/.local/lib/python3.8/site-packages/airflow/example_dags/example_skip_dag.py
[2024-02-03T23:24:05.633+0000] {processor.py:830} INFO - Processing file /home/airflow/.local/lib/python3.8/site-packages/airflow/example_dags/example_skip_dag.py for tasks to queue
[2024-02-03T23:24:05.634+0000] {logging_mixin.py:188} INFO - [2024-02-03T23:24:05.634+0000] {dagbag.py:538} INFO - Filling up the DagBag from /home/airflow/.local/lib/python3.8/site-packages/airflow/example_dags/example_skip_dag.py
[2024-02-03T23:24:05.641+0000] {processor.py:840} INFO - DAG(s) 'example_skip_dag' retrieved from /home/airflow/.local/lib/python3.8/site-packages/airflow/example_dags/example_skip_dag.py
[2024-02-03T23:24:05.662+0000] {logging_mixin.py:188} INFO - [2024-02-03T23:24:05.661+0000] {dag.py:3036} INFO - Sync 1 DAGs
[2024-02-03T23:24:05.684+0000] {logging_mixin.py:188} INFO - [2024-02-03T23:24:05.684+0000] {dag.py:3823} INFO - Setting next_dagrun for example_skip_dag to 2024-02-02 00:00:00+00:00, run_after=2024-02-03 00:00:00+00:00
[2024-02-03T23:24:05.703+0000] {processor.py:183} INFO - Processing /home/airflow/.local/lib/python3.8/site-packages/airflow/example_dags/example_skip_dag.py took 0.075 seconds
[2024-02-03T23:24:35.816+0000] {processor.py:161} INFO - Started process (PID=221) to work on /home/airflow/.local/lib/python3.8/site-packages/airflow/example_dags/example_skip_dag.py
[2024-02-03T23:24:35.817+0000] {processor.py:830} INFO - Processing file /home/airflow/.local/lib/python3.8/site-packages/airflow/example_dags/example_skip_dag.py for tasks to queue
[2024-02-03T23:24:35.820+0000] {logging_mixin.py:188} INFO - [2024-02-03T23:24:35.819+0000] {dagbag.py:538} INFO - Filling up the DagBag from /home/airflow/.local/lib/python3.8/site-packages/airflow/example_dags/example_skip_dag.py
[2024-02-03T23:24:35.828+0000] {processor.py:840} INFO - DAG(s) 'example_skip_dag' retrieved from /home/airflow/.local/lib/python3.8/site-packages/airflow/example_dags/example_skip_dag.py
[2024-02-03T23:24:35.850+0000] {logging_mixin.py:188} INFO - [2024-02-03T23:24:35.850+0000] {dag.py:3036} INFO - Sync 1 DAGs
[2024-02-03T23:24:35.875+0000] {logging_mixin.py:188} INFO - [2024-02-03T23:24:35.875+0000] {dag.py:3823} INFO - Setting next_dagrun for example_skip_dag to 2024-02-02 00:00:00+00:00, run_after=2024-02-03 00:00:00+00:00
[2024-02-03T23:24:35.901+0000] {processor.py:183} INFO - Processing /home/airflow/.local/lib/python3.8/site-packages/airflow/example_dags/example_skip_dag.py took 0.090 seconds
[2024-02-03T23:25:06.323+0000] {processor.py:161} INFO - Started process (PID=276) to work on /home/airflow/.local/lib/python3.8/site-packages/airflow/example_dags/example_skip_dag.py
[2024-02-03T23:25:06.324+0000] {processor.py:830} INFO - Processing file /home/airflow/.local/lib/python3.8/site-packages/airflow/example_dags/example_skip_dag.py for tasks to queue
[2024-02-03T23:25:06.326+0000] {logging_mixin.py:188} INFO - [2024-02-03T23:25:06.326+0000] {dagbag.py:538} INFO - Filling up the DagBag from /home/airflow/.local/lib/python3.8/site-packages/airflow/example_dags/example_skip_dag.py
[2024-02-03T23:25:06.334+0000] {processor.py:840} INFO - DAG(s) 'example_skip_dag' retrieved from /home/airflow/.local/lib/python3.8/site-packages/airflow/example_dags/example_skip_dag.py
[2024-02-03T23:25:06.357+0000] {logging_mixin.py:188} INFO - [2024-02-03T23:25:06.357+0000] {dag.py:3036} INFO - Sync 1 DAGs
[2024-02-03T23:25:06.379+0000] {logging_mixin.py:188} INFO - [2024-02-03T23:25:06.379+0000] {dag.py:3823} INFO - Setting next_dagrun for example_skip_dag to 2024-02-02 00:00:00+00:00, run_after=2024-02-03 00:00:00+00:00
[2024-02-03T23:25:06.401+0000] {processor.py:183} INFO - Processing /home/airflow/.local/lib/python3.8/site-packages/airflow/example_dags/example_skip_dag.py took 0.082 seconds
[2024-02-03T23:25:36.678+0000] {processor.py:161} INFO - Started process (PID=331) to work on /home/airflow/.local/lib/python3.8/site-packages/airflow/example_dags/example_skip_dag.py
[2024-02-03T23:25:36.679+0000] {processor.py:830} INFO - Processing file /home/airflow/.local/lib/python3.8/site-packages/airflow/example_dags/example_skip_dag.py for tasks to queue
[2024-02-03T23:25:36.681+0000] {logging_mixin.py:188} INFO - [2024-02-03T23:25:36.681+0000] {dagbag.py:538} INFO - Filling up the DagBag from /home/airflow/.local/lib/python3.8/site-packages/airflow/example_dags/example_skip_dag.py
[2024-02-03T23:25:36.688+0000] {processor.py:840} INFO - DAG(s) 'example_skip_dag' retrieved from /home/airflow/.local/lib/python3.8/site-packages/airflow/example_dags/example_skip_dag.py
[2024-02-03T23:25:36.709+0000] {logging_mixin.py:188} INFO - [2024-02-03T23:25:36.709+0000] {dag.py:3036} INFO - Sync 1 DAGs
[2024-02-03T23:25:36.725+0000] {logging_mixin.py:188} INFO - [2024-02-03T23:25:36.725+0000] {dag.py:3823} INFO - Setting next_dagrun for example_skip_dag to 2024-02-02 00:00:00+00:00, run_after=2024-02-03 00:00:00+00:00
[2024-02-03T23:25:36.742+0000] {processor.py:183} INFO - Processing /home/airflow/.local/lib/python3.8/site-packages/airflow/example_dags/example_skip_dag.py took 0.067 seconds
[2024-02-03T23:40:18.706+0000] {processor.py:161} INFO - Started process (PID=56) to work on /home/airflow/.local/lib/python3.8/site-packages/airflow/example_dags/example_skip_dag.py
[2024-02-03T23:40:18.707+0000] {processor.py:830} INFO - Processing file /home/airflow/.local/lib/python3.8/site-packages/airflow/example_dags/example_skip_dag.py for tasks to queue
[2024-02-03T23:40:18.709+0000] {logging_mixin.py:188} INFO - [2024-02-03T23:40:18.709+0000] {dagbag.py:538} INFO - Filling up the DagBag from /home/airflow/.local/lib/python3.8/site-packages/airflow/example_dags/example_skip_dag.py
[2024-02-03T23:40:18.716+0000] {processor.py:840} INFO - DAG(s) 'example_skip_dag' retrieved from /home/airflow/.local/lib/python3.8/site-packages/airflow/example_dags/example_skip_dag.py
[2024-02-03T23:40:18.732+0000] {logging_mixin.py:188} INFO - [2024-02-03T23:40:18.731+0000] {dag.py:3036} INFO - Sync 1 DAGs
[2024-02-03T23:40:18.764+0000] {logging_mixin.py:188} INFO - [2024-02-03T23:40:18.764+0000] {dag.py:3823} INFO - Setting next_dagrun for example_skip_dag to 2024-02-02 00:00:00+00:00, run_after=2024-02-03 00:00:00+00:00
[2024-02-03T23:40:18.784+0000] {processor.py:183} INFO - Processing /home/airflow/.local/lib/python3.8/site-packages/airflow/example_dags/example_skip_dag.py took 0.080 seconds
[2024-02-03T23:40:50.167+0000] {processor.py:161} INFO - Started process (PID=112) to work on /home/airflow/.local/lib/python3.8/site-packages/airflow/example_dags/example_skip_dag.py
[2024-02-03T23:40:50.168+0000] {processor.py:830} INFO - Processing file /home/airflow/.local/lib/python3.8/site-packages/airflow/example_dags/example_skip_dag.py for tasks to queue
[2024-02-03T23:40:50.170+0000] {logging_mixin.py:188} INFO - [2024-02-03T23:40:50.169+0000] {dagbag.py:538} INFO - Filling up the DagBag from /home/airflow/.local/lib/python3.8/site-packages/airflow/example_dags/example_skip_dag.py
[2024-02-03T23:40:50.175+0000] {processor.py:840} INFO - DAG(s) 'example_skip_dag' retrieved from /home/airflow/.local/lib/python3.8/site-packages/airflow/example_dags/example_skip_dag.py
[2024-02-03T23:40:50.258+0000] {logging_mixin.py:188} INFO - [2024-02-03T23:40:50.257+0000] {dag.py:3036} INFO - Sync 1 DAGs
[2024-02-03T23:40:50.274+0000] {logging_mixin.py:188} INFO - [2024-02-03T23:40:50.274+0000] {dag.py:3823} INFO - Setting next_dagrun for example_skip_dag to 2024-02-02 00:00:00+00:00, run_after=2024-02-03 00:00:00+00:00
[2024-02-03T23:40:50.295+0000] {processor.py:183} INFO - Processing /home/airflow/.local/lib/python3.8/site-packages/airflow/example_dags/example_skip_dag.py took 0.131 seconds
[2024-02-03T23:41:20.845+0000] {processor.py:161} INFO - Started process (PID=168) to work on /home/airflow/.local/lib/python3.8/site-packages/airflow/example_dags/example_skip_dag.py
[2024-02-03T23:41:20.847+0000] {processor.py:830} INFO - Processing file /home/airflow/.local/lib/python3.8/site-packages/airflow/example_dags/example_skip_dag.py for tasks to queue
[2024-02-03T23:41:20.849+0000] {logging_mixin.py:188} INFO - [2024-02-03T23:41:20.848+0000] {dagbag.py:538} INFO - Filling up the DagBag from /home/airflow/.local/lib/python3.8/site-packages/airflow/example_dags/example_skip_dag.py
[2024-02-03T23:41:20.857+0000] {processor.py:840} INFO - DAG(s) 'example_skip_dag' retrieved from /home/airflow/.local/lib/python3.8/site-packages/airflow/example_dags/example_skip_dag.py
[2024-02-03T23:41:20.878+0000] {logging_mixin.py:188} INFO - [2024-02-03T23:41:20.878+0000] {dag.py:3036} INFO - Sync 1 DAGs
[2024-02-03T23:41:20.900+0000] {logging_mixin.py:188} INFO - [2024-02-03T23:41:20.900+0000] {dag.py:3823} INFO - Setting next_dagrun for example_skip_dag to 2024-02-02 00:00:00+00:00, run_after=2024-02-03 00:00:00+00:00
[2024-02-03T23:41:20.917+0000] {processor.py:183} INFO - Processing /home/airflow/.local/lib/python3.8/site-packages/airflow/example_dags/example_skip_dag.py took 0.076 seconds
[2024-02-03T23:41:51.337+0000] {processor.py:161} INFO - Started process (PID=224) to work on /home/airflow/.local/lib/python3.8/site-packages/airflow/example_dags/example_skip_dag.py
[2024-02-03T23:41:51.338+0000] {processor.py:830} INFO - Processing file /home/airflow/.local/lib/python3.8/site-packages/airflow/example_dags/example_skip_dag.py for tasks to queue
[2024-02-03T23:41:51.340+0000] {logging_mixin.py:188} INFO - [2024-02-03T23:41:51.340+0000] {dagbag.py:538} INFO - Filling up the DagBag from /home/airflow/.local/lib/python3.8/site-packages/airflow/example_dags/example_skip_dag.py
[2024-02-03T23:41:51.347+0000] {processor.py:840} INFO - DAG(s) 'example_skip_dag' retrieved from /home/airflow/.local/lib/python3.8/site-packages/airflow/example_dags/example_skip_dag.py
[2024-02-03T23:41:51.368+0000] {logging_mixin.py:188} INFO - [2024-02-03T23:41:51.368+0000] {dag.py:3036} INFO - Sync 1 DAGs
[2024-02-03T23:41:51.391+0000] {logging_mixin.py:188} INFO - [2024-02-03T23:41:51.390+0000] {dag.py:3823} INFO - Setting next_dagrun for example_skip_dag to 2024-02-02 00:00:00+00:00, run_after=2024-02-03 00:00:00+00:00
[2024-02-03T23:41:51.410+0000] {processor.py:183} INFO - Processing /home/airflow/.local/lib/python3.8/site-packages/airflow/example_dags/example_skip_dag.py took 0.076 seconds
