[2024-02-03T23:23:03.203+0000] {processor.py:161} INFO - Started process (PID=45) to work on /home/airflow/.local/lib/python3.8/site-packages/airflow/example_dags/example_branch_python_dop_operator_3.py
[2024-02-03T23:23:03.204+0000] {processor.py:830} INFO - Processing file /home/airflow/.local/lib/python3.8/site-packages/airflow/example_dags/example_branch_python_dop_operator_3.py for tasks to queue
[2024-02-03T23:23:03.207+0000] {logging_mixin.py:188} INFO - [2024-02-03T23:23:03.206+0000] {dagbag.py:538} INFO - Filling up the DagBag from /home/airflow/.local/lib/python3.8/site-packages/airflow/example_dags/example_branch_python_dop_operator_3.py
[2024-02-03T23:23:03.217+0000] {processor.py:840} INFO - DAG(s) 'example_branch_dop_operator_v3' retrieved from /home/airflow/.local/lib/python3.8/site-packages/airflow/example_dags/example_branch_python_dop_operator_3.py
[2024-02-03T23:23:03.229+0000] {logging_mixin.py:188} INFO - [2024-02-03T23:23:03.229+0000] {dag.py:3036} INFO - Sync 1 DAGs
[2024-02-03T23:23:03.256+0000] {logging_mixin.py:188} INFO - [2024-02-03T23:23:03.256+0000] {dag.py:3823} INFO - Setting next_dagrun for example_branch_dop_operator_v3 to 2024-02-03 23:22:00+00:00, run_after=2024-02-03 23:23:00+00:00
[2024-02-03T23:23:03.297+0000] {processor.py:183} INFO - Processing /home/airflow/.local/lib/python3.8/site-packages/airflow/example_dags/example_branch_python_dop_operator_3.py took 0.096 seconds
[2024-02-03T23:23:34.327+0000] {processor.py:161} INFO - Started process (PID=100) to work on /home/airflow/.local/lib/python3.8/site-packages/airflow/example_dags/example_branch_python_dop_operator_3.py
[2024-02-03T23:23:34.328+0000] {processor.py:830} INFO - Processing file /home/airflow/.local/lib/python3.8/site-packages/airflow/example_dags/example_branch_python_dop_operator_3.py for tasks to queue
[2024-02-03T23:23:34.329+0000] {logging_mixin.py:188} INFO - [2024-02-03T23:23:34.329+0000] {dagbag.py:538} INFO - Filling up the DagBag from /home/airflow/.local/lib/python3.8/site-packages/airflow/example_dags/example_branch_python_dop_operator_3.py
[2024-02-03T23:23:34.340+0000] {processor.py:840} INFO - DAG(s) 'example_branch_dop_operator_v3' retrieved from /home/airflow/.local/lib/python3.8/site-packages/airflow/example_dags/example_branch_python_dop_operator_3.py
[2024-02-03T23:23:34.455+0000] {logging_mixin.py:188} INFO - [2024-02-03T23:23:34.454+0000] {dag.py:3036} INFO - Sync 1 DAGs
[2024-02-03T23:23:34.481+0000] {logging_mixin.py:188} INFO - [2024-02-03T23:23:34.481+0000] {dag.py:3823} INFO - Setting next_dagrun for example_branch_dop_operator_v3 to 2024-02-03 23:22:00+00:00, run_after=2024-02-03 23:23:00+00:00
[2024-02-03T23:23:34.515+0000] {processor.py:183} INFO - Processing /home/airflow/.local/lib/python3.8/site-packages/airflow/example_dags/example_branch_python_dop_operator_3.py took 0.191 seconds
[2024-02-03T23:24:04.748+0000] {processor.py:161} INFO - Started process (PID=155) to work on /home/airflow/.local/lib/python3.8/site-packages/airflow/example_dags/example_branch_python_dop_operator_3.py
[2024-02-03T23:24:04.749+0000] {processor.py:830} INFO - Processing file /home/airflow/.local/lib/python3.8/site-packages/airflow/example_dags/example_branch_python_dop_operator_3.py for tasks to queue
[2024-02-03T23:24:04.751+0000] {logging_mixin.py:188} INFO - [2024-02-03T23:24:04.750+0000] {dagbag.py:538} INFO - Filling up the DagBag from /home/airflow/.local/lib/python3.8/site-packages/airflow/example_dags/example_branch_python_dop_operator_3.py
[2024-02-03T23:24:04.761+0000] {processor.py:840} INFO - DAG(s) 'example_branch_dop_operator_v3' retrieved from /home/airflow/.local/lib/python3.8/site-packages/airflow/example_dags/example_branch_python_dop_operator_3.py
[2024-02-03T23:24:04.787+0000] {logging_mixin.py:188} INFO - [2024-02-03T23:24:04.787+0000] {dag.py:3036} INFO - Sync 1 DAGs
[2024-02-03T23:24:04.817+0000] {logging_mixin.py:188} INFO - [2024-02-03T23:24:04.817+0000] {dag.py:3823} INFO - Setting next_dagrun for example_branch_dop_operator_v3 to 2024-02-03 23:23:00+00:00, run_after=2024-02-03 23:24:00+00:00
[2024-02-03T23:24:04.837+0000] {processor.py:183} INFO - Processing /home/airflow/.local/lib/python3.8/site-packages/airflow/example_dags/example_branch_python_dop_operator_3.py took 0.092 seconds
[2024-02-03T23:24:35.173+0000] {processor.py:161} INFO - Started process (PID=210) to work on /home/airflow/.local/lib/python3.8/site-packages/airflow/example_dags/example_branch_python_dop_operator_3.py
[2024-02-03T23:24:35.174+0000] {processor.py:830} INFO - Processing file /home/airflow/.local/lib/python3.8/site-packages/airflow/example_dags/example_branch_python_dop_operator_3.py for tasks to queue
[2024-02-03T23:24:35.175+0000] {logging_mixin.py:188} INFO - [2024-02-03T23:24:35.175+0000] {dagbag.py:538} INFO - Filling up the DagBag from /home/airflow/.local/lib/python3.8/site-packages/airflow/example_dags/example_branch_python_dop_operator_3.py
[2024-02-03T23:24:35.185+0000] {processor.py:840} INFO - DAG(s) 'example_branch_dop_operator_v3' retrieved from /home/airflow/.local/lib/python3.8/site-packages/airflow/example_dags/example_branch_python_dop_operator_3.py
[2024-02-03T23:24:35.208+0000] {logging_mixin.py:188} INFO - [2024-02-03T23:24:35.208+0000] {dag.py:3036} INFO - Sync 1 DAGs
[2024-02-03T23:24:35.236+0000] {logging_mixin.py:188} INFO - [2024-02-03T23:24:35.236+0000] {dag.py:3823} INFO - Setting next_dagrun for example_branch_dop_operator_v3 to 2024-02-03 23:23:00+00:00, run_after=2024-02-03 23:24:00+00:00
[2024-02-03T23:24:35.254+0000] {processor.py:183} INFO - Processing /home/airflow/.local/lib/python3.8/site-packages/airflow/example_dags/example_branch_python_dop_operator_3.py took 0.084 seconds
[2024-02-03T23:25:05.645+0000] {processor.py:161} INFO - Started process (PID=265) to work on /home/airflow/.local/lib/python3.8/site-packages/airflow/example_dags/example_branch_python_dop_operator_3.py
[2024-02-03T23:25:05.645+0000] {processor.py:830} INFO - Processing file /home/airflow/.local/lib/python3.8/site-packages/airflow/example_dags/example_branch_python_dop_operator_3.py for tasks to queue
[2024-02-03T23:25:05.647+0000] {logging_mixin.py:188} INFO - [2024-02-03T23:25:05.647+0000] {dagbag.py:538} INFO - Filling up the DagBag from /home/airflow/.local/lib/python3.8/site-packages/airflow/example_dags/example_branch_python_dop_operator_3.py
[2024-02-03T23:25:05.655+0000] {processor.py:840} INFO - DAG(s) 'example_branch_dop_operator_v3' retrieved from /home/airflow/.local/lib/python3.8/site-packages/airflow/example_dags/example_branch_python_dop_operator_3.py
[2024-02-03T23:25:05.675+0000] {logging_mixin.py:188} INFO - [2024-02-03T23:25:05.675+0000] {dag.py:3036} INFO - Sync 1 DAGs
[2024-02-03T23:25:05.703+0000] {logging_mixin.py:188} INFO - [2024-02-03T23:25:05.702+0000] {dag.py:3823} INFO - Setting next_dagrun for example_branch_dop_operator_v3 to 2024-02-03 23:24:00+00:00, run_after=2024-02-03 23:25:00+00:00
[2024-02-03T23:25:05.732+0000] {processor.py:183} INFO - Processing /home/airflow/.local/lib/python3.8/site-packages/airflow/example_dags/example_branch_python_dop_operator_3.py took 0.091 seconds
[2024-02-03T23:25:36.023+0000] {processor.py:161} INFO - Started process (PID=320) to work on /home/airflow/.local/lib/python3.8/site-packages/airflow/example_dags/example_branch_python_dop_operator_3.py
[2024-02-03T23:25:36.024+0000] {processor.py:830} INFO - Processing file /home/airflow/.local/lib/python3.8/site-packages/airflow/example_dags/example_branch_python_dop_operator_3.py for tasks to queue
[2024-02-03T23:25:36.026+0000] {logging_mixin.py:188} INFO - [2024-02-03T23:25:36.025+0000] {dagbag.py:538} INFO - Filling up the DagBag from /home/airflow/.local/lib/python3.8/site-packages/airflow/example_dags/example_branch_python_dop_operator_3.py
[2024-02-03T23:25:36.033+0000] {processor.py:840} INFO - DAG(s) 'example_branch_dop_operator_v3' retrieved from /home/airflow/.local/lib/python3.8/site-packages/airflow/example_dags/example_branch_python_dop_operator_3.py
[2024-02-03T23:25:36.054+0000] {logging_mixin.py:188} INFO - [2024-02-03T23:25:36.054+0000] {dag.py:3036} INFO - Sync 1 DAGs
[2024-02-03T23:25:36.079+0000] {logging_mixin.py:188} INFO - [2024-02-03T23:25:36.079+0000] {dag.py:3823} INFO - Setting next_dagrun for example_branch_dop_operator_v3 to 2024-02-03 23:24:00+00:00, run_after=2024-02-03 23:25:00+00:00
[2024-02-03T23:25:36.099+0000] {processor.py:183} INFO - Processing /home/airflow/.local/lib/python3.8/site-packages/airflow/example_dags/example_branch_python_dop_operator_3.py took 0.078 seconds
[2024-02-03T23:40:18.130+0000] {processor.py:161} INFO - Started process (PID=45) to work on /home/airflow/.local/lib/python3.8/site-packages/airflow/example_dags/example_branch_python_dop_operator_3.py
[2024-02-03T23:40:18.131+0000] {processor.py:830} INFO - Processing file /home/airflow/.local/lib/python3.8/site-packages/airflow/example_dags/example_branch_python_dop_operator_3.py for tasks to queue
[2024-02-03T23:40:18.134+0000] {logging_mixin.py:188} INFO - [2024-02-03T23:40:18.133+0000] {dagbag.py:538} INFO - Filling up the DagBag from /home/airflow/.local/lib/python3.8/site-packages/airflow/example_dags/example_branch_python_dop_operator_3.py
[2024-02-03T23:40:18.144+0000] {processor.py:840} INFO - DAG(s) 'example_branch_dop_operator_v3' retrieved from /home/airflow/.local/lib/python3.8/site-packages/airflow/example_dags/example_branch_python_dop_operator_3.py
[2024-02-03T23:40:18.156+0000] {logging_mixin.py:188} INFO - [2024-02-03T23:40:18.155+0000] {dag.py:3036} INFO - Sync 1 DAGs
[2024-02-03T23:40:18.186+0000] {logging_mixin.py:188} INFO - [2024-02-03T23:40:18.186+0000] {dag.py:3823} INFO - Setting next_dagrun for example_branch_dop_operator_v3 to 2024-02-03 23:39:00+00:00, run_after=2024-02-03 23:40:00+00:00
[2024-02-03T23:40:18.204+0000] {processor.py:183} INFO - Processing /home/airflow/.local/lib/python3.8/site-packages/airflow/example_dags/example_branch_python_dop_operator_3.py took 0.077 seconds
[2024-02-03T23:40:49.076+0000] {processor.py:161} INFO - Started process (PID=101) to work on /home/airflow/.local/lib/python3.8/site-packages/airflow/example_dags/example_branch_python_dop_operator_3.py
[2024-02-03T23:40:49.077+0000] {processor.py:830} INFO - Processing file /home/airflow/.local/lib/python3.8/site-packages/airflow/example_dags/example_branch_python_dop_operator_3.py for tasks to queue
[2024-02-03T23:40:49.079+0000] {logging_mixin.py:188} INFO - [2024-02-03T23:40:49.079+0000] {dagbag.py:538} INFO - Filling up the DagBag from /home/airflow/.local/lib/python3.8/site-packages/airflow/example_dags/example_branch_python_dop_operator_3.py
[2024-02-03T23:40:49.090+0000] {processor.py:840} INFO - DAG(s) 'example_branch_dop_operator_v3' retrieved from /home/airflow/.local/lib/python3.8/site-packages/airflow/example_dags/example_branch_python_dop_operator_3.py
[2024-02-03T23:40:49.175+0000] {logging_mixin.py:188} INFO - [2024-02-03T23:40:49.175+0000] {dag.py:3036} INFO - Sync 1 DAGs
[2024-02-03T23:40:49.197+0000] {logging_mixin.py:188} INFO - [2024-02-03T23:40:49.197+0000] {dag.py:3823} INFO - Setting next_dagrun for example_branch_dop_operator_v3 to 2024-02-03 23:39:00+00:00, run_after=2024-02-03 23:40:00+00:00
[2024-02-03T23:40:49.214+0000] {processor.py:183} INFO - Processing /home/airflow/.local/lib/python3.8/site-packages/airflow/example_dags/example_branch_python_dop_operator_3.py took 0.141 seconds
[2024-02-03T23:41:19.278+0000] {processor.py:161} INFO - Started process (PID=157) to work on /home/airflow/.local/lib/python3.8/site-packages/airflow/example_dags/example_branch_python_dop_operator_3.py
[2024-02-03T23:41:19.279+0000] {processor.py:830} INFO - Processing file /home/airflow/.local/lib/python3.8/site-packages/airflow/example_dags/example_branch_python_dop_operator_3.py for tasks to queue
[2024-02-03T23:41:19.281+0000] {logging_mixin.py:188} INFO - [2024-02-03T23:41:19.281+0000] {dagbag.py:538} INFO - Filling up the DagBag from /home/airflow/.local/lib/python3.8/site-packages/airflow/example_dags/example_branch_python_dop_operator_3.py
[2024-02-03T23:41:19.290+0000] {processor.py:840} INFO - DAG(s) 'example_branch_dop_operator_v3' retrieved from /home/airflow/.local/lib/python3.8/site-packages/airflow/example_dags/example_branch_python_dop_operator_3.py
[2024-02-03T23:41:19.309+0000] {logging_mixin.py:188} INFO - [2024-02-03T23:41:19.309+0000] {dag.py:3036} INFO - Sync 1 DAGs
[2024-02-03T23:41:19.336+0000] {logging_mixin.py:188} INFO - [2024-02-03T23:41:19.336+0000] {dag.py:3823} INFO - Setting next_dagrun for example_branch_dop_operator_v3 to 2024-02-03 23:40:00+00:00, run_after=2024-02-03 23:41:00+00:00
[2024-02-03T23:41:19.352+0000] {processor.py:183} INFO - Processing /home/airflow/.local/lib/python3.8/site-packages/airflow/example_dags/example_branch_python_dop_operator_3.py took 0.077 seconds
[2024-02-03T23:41:49.696+0000] {processor.py:161} INFO - Started process (PID=213) to work on /home/airflow/.local/lib/python3.8/site-packages/airflow/example_dags/example_branch_python_dop_operator_3.py
[2024-02-03T23:41:49.697+0000] {processor.py:830} INFO - Processing file /home/airflow/.local/lib/python3.8/site-packages/airflow/example_dags/example_branch_python_dop_operator_3.py for tasks to queue
[2024-02-03T23:41:49.699+0000] {logging_mixin.py:188} INFO - [2024-02-03T23:41:49.699+0000] {dagbag.py:538} INFO - Filling up the DagBag from /home/airflow/.local/lib/python3.8/site-packages/airflow/example_dags/example_branch_python_dop_operator_3.py
[2024-02-03T23:41:49.708+0000] {processor.py:840} INFO - DAG(s) 'example_branch_dop_operator_v3' retrieved from /home/airflow/.local/lib/python3.8/site-packages/airflow/example_dags/example_branch_python_dop_operator_3.py
[2024-02-03T23:41:49.730+0000] {logging_mixin.py:188} INFO - [2024-02-03T23:41:49.729+0000] {dag.py:3036} INFO - Sync 1 DAGs
[2024-02-03T23:41:49.761+0000] {logging_mixin.py:188} INFO - [2024-02-03T23:41:49.761+0000] {dag.py:3823} INFO - Setting next_dagrun for example_branch_dop_operator_v3 to 2024-02-03 23:40:00+00:00, run_after=2024-02-03 23:41:00+00:00
[2024-02-03T23:41:49.779+0000] {processor.py:183} INFO - Processing /home/airflow/.local/lib/python3.8/site-packages/airflow/example_dags/example_branch_python_dop_operator_3.py took 0.085 seconds
