[2024-02-03T23:23:04.507+0000] {processor.py:161} INFO - Started process (PID=67) to work on /home/airflow/.local/lib/python3.8/site-packages/airflow/example_dags/example_complex.py
[2024-02-03T23:23:04.509+0000] {processor.py:830} INFO - Processing file /home/airflow/.local/lib/python3.8/site-packages/airflow/example_dags/example_complex.py for tasks to queue
[2024-02-03T23:23:04.512+0000] {logging_mixin.py:188} INFO - [2024-02-03T23:23:04.511+0000] {dagbag.py:538} INFO - Filling up the DagBag from /home/airflow/.local/lib/python3.8/site-packages/airflow/example_dags/example_complex.py
[2024-02-03T23:23:04.531+0000] {processor.py:840} INFO - DAG(s) 'example_complex' retrieved from /home/airflow/.local/lib/python3.8/site-packages/airflow/example_dags/example_complex.py
[2024-02-03T23:23:04.547+0000] {logging_mixin.py:188} INFO - [2024-02-03T23:23:04.547+0000] {dag.py:3036} INFO - Sync 1 DAGs
[2024-02-03T23:23:04.561+0000] {logging_mixin.py:188} INFO - [2024-02-03T23:23:04.561+0000] {dag.py:3823} INFO - Setting next_dagrun for example_complex to None, run_after=None
[2024-02-03T23:23:04.584+0000] {processor.py:183} INFO - Processing /home/airflow/.local/lib/python3.8/site-packages/airflow/example_dags/example_complex.py took 0.083 seconds
[2024-02-03T23:23:36.450+0000] {processor.py:161} INFO - Started process (PID=122) to work on /home/airflow/.local/lib/python3.8/site-packages/airflow/example_dags/example_complex.py
[2024-02-03T23:23:36.451+0000] {processor.py:830} INFO - Processing file /home/airflow/.local/lib/python3.8/site-packages/airflow/example_dags/example_complex.py for tasks to queue
[2024-02-03T23:23:36.454+0000] {logging_mixin.py:188} INFO - [2024-02-03T23:23:36.453+0000] {dagbag.py:538} INFO - Filling up the DagBag from /home/airflow/.local/lib/python3.8/site-packages/airflow/example_dags/example_complex.py
[2024-02-03T23:23:36.465+0000] {processor.py:840} INFO - DAG(s) 'example_complex' retrieved from /home/airflow/.local/lib/python3.8/site-packages/airflow/example_dags/example_complex.py
[2024-02-03T23:23:36.576+0000] {logging_mixin.py:188} INFO - [2024-02-03T23:23:36.576+0000] {dag.py:3036} INFO - Sync 1 DAGs
[2024-02-03T23:23:36.587+0000] {logging_mixin.py:188} INFO - [2024-02-03T23:23:36.586+0000] {dag.py:3823} INFO - Setting next_dagrun for example_complex to None, run_after=None
[2024-02-03T23:23:36.606+0000] {processor.py:183} INFO - Processing /home/airflow/.local/lib/python3.8/site-packages/airflow/example_dags/example_complex.py took 0.160 seconds
[2024-02-03T23:24:07.501+0000] {processor.py:161} INFO - Started process (PID=177) to work on /home/airflow/.local/lib/python3.8/site-packages/airflow/example_dags/example_complex.py
[2024-02-03T23:24:07.502+0000] {processor.py:830} INFO - Processing file /home/airflow/.local/lib/python3.8/site-packages/airflow/example_dags/example_complex.py for tasks to queue
[2024-02-03T23:24:07.505+0000] {logging_mixin.py:188} INFO - [2024-02-03T23:24:07.504+0000] {dagbag.py:538} INFO - Filling up the DagBag from /home/airflow/.local/lib/python3.8/site-packages/airflow/example_dags/example_complex.py
[2024-02-03T23:24:07.517+0000] {processor.py:840} INFO - DAG(s) 'example_complex' retrieved from /home/airflow/.local/lib/python3.8/site-packages/airflow/example_dags/example_complex.py
[2024-02-03T23:24:07.548+0000] {logging_mixin.py:188} INFO - [2024-02-03T23:24:07.548+0000] {dag.py:3036} INFO - Sync 1 DAGs
[2024-02-03T23:24:07.558+0000] {logging_mixin.py:188} INFO - [2024-02-03T23:24:07.558+0000] {dag.py:3823} INFO - Setting next_dagrun for example_complex to None, run_after=None
[2024-02-03T23:24:07.580+0000] {processor.py:183} INFO - Processing /home/airflow/.local/lib/python3.8/site-packages/airflow/example_dags/example_complex.py took 0.081 seconds
[2024-02-03T23:24:37.618+0000] {processor.py:161} INFO - Started process (PID=231) to work on /home/airflow/.local/lib/python3.8/site-packages/airflow/example_dags/example_complex.py
[2024-02-03T23:24:37.619+0000] {processor.py:830} INFO - Processing file /home/airflow/.local/lib/python3.8/site-packages/airflow/example_dags/example_complex.py for tasks to queue
[2024-02-03T23:24:37.621+0000] {logging_mixin.py:188} INFO - [2024-02-03T23:24:37.621+0000] {dagbag.py:538} INFO - Filling up the DagBag from /home/airflow/.local/lib/python3.8/site-packages/airflow/example_dags/example_complex.py
[2024-02-03T23:24:37.632+0000] {processor.py:840} INFO - DAG(s) 'example_complex' retrieved from /home/airflow/.local/lib/python3.8/site-packages/airflow/example_dags/example_complex.py
[2024-02-03T23:24:37.660+0000] {logging_mixin.py:188} INFO - [2024-02-03T23:24:37.660+0000] {dag.py:3036} INFO - Sync 1 DAGs
[2024-02-03T23:24:37.672+0000] {logging_mixin.py:188} INFO - [2024-02-03T23:24:37.672+0000] {dag.py:3823} INFO - Setting next_dagrun for example_complex to None, run_after=None
[2024-02-03T23:24:37.689+0000] {processor.py:183} INFO - Processing /home/airflow/.local/lib/python3.8/site-packages/airflow/example_dags/example_complex.py took 0.074 seconds
[2024-02-03T23:25:07.862+0000] {processor.py:161} INFO - Started process (PID=287) to work on /home/airflow/.local/lib/python3.8/site-packages/airflow/example_dags/example_complex.py
[2024-02-03T23:25:07.864+0000] {processor.py:830} INFO - Processing file /home/airflow/.local/lib/python3.8/site-packages/airflow/example_dags/example_complex.py for tasks to queue
[2024-02-03T23:25:07.867+0000] {logging_mixin.py:188} INFO - [2024-02-03T23:25:07.867+0000] {dagbag.py:538} INFO - Filling up the DagBag from /home/airflow/.local/lib/python3.8/site-packages/airflow/example_dags/example_complex.py
[2024-02-03T23:25:07.881+0000] {processor.py:840} INFO - DAG(s) 'example_complex' retrieved from /home/airflow/.local/lib/python3.8/site-packages/airflow/example_dags/example_complex.py
[2024-02-03T23:25:07.921+0000] {logging_mixin.py:188} INFO - [2024-02-03T23:25:07.920+0000] {dag.py:3036} INFO - Sync 1 DAGs
[2024-02-03T23:25:07.937+0000] {logging_mixin.py:188} INFO - [2024-02-03T23:25:07.937+0000] {dag.py:3823} INFO - Setting next_dagrun for example_complex to None, run_after=None
[2024-02-03T23:25:07.958+0000] {processor.py:183} INFO - Processing /home/airflow/.local/lib/python3.8/site-packages/airflow/example_dags/example_complex.py took 0.101 seconds
[2024-02-03T23:25:38.230+0000] {processor.py:161} INFO - Started process (PID=342) to work on /home/airflow/.local/lib/python3.8/site-packages/airflow/example_dags/example_complex.py
[2024-02-03T23:25:38.231+0000] {processor.py:830} INFO - Processing file /home/airflow/.local/lib/python3.8/site-packages/airflow/example_dags/example_complex.py for tasks to queue
[2024-02-03T23:25:38.232+0000] {logging_mixin.py:188} INFO - [2024-02-03T23:25:38.232+0000] {dagbag.py:538} INFO - Filling up the DagBag from /home/airflow/.local/lib/python3.8/site-packages/airflow/example_dags/example_complex.py
[2024-02-03T23:25:38.246+0000] {processor.py:840} INFO - DAG(s) 'example_complex' retrieved from /home/airflow/.local/lib/python3.8/site-packages/airflow/example_dags/example_complex.py
[2024-02-03T23:25:38.272+0000] {logging_mixin.py:188} INFO - [2024-02-03T23:25:38.272+0000] {dag.py:3036} INFO - Sync 1 DAGs
[2024-02-03T23:25:38.283+0000] {logging_mixin.py:188} INFO - [2024-02-03T23:25:38.283+0000] {dag.py:3823} INFO - Setting next_dagrun for example_complex to None, run_after=None
[2024-02-03T23:25:38.308+0000] {processor.py:183} INFO - Processing /home/airflow/.local/lib/python3.8/site-packages/airflow/example_dags/example_complex.py took 0.081 seconds
[2024-02-03T23:40:19.315+0000] {processor.py:161} INFO - Started process (PID=67) to work on /home/airflow/.local/lib/python3.8/site-packages/airflow/example_dags/example_complex.py
[2024-02-03T23:40:19.317+0000] {processor.py:830} INFO - Processing file /home/airflow/.local/lib/python3.8/site-packages/airflow/example_dags/example_complex.py for tasks to queue
[2024-02-03T23:40:19.321+0000] {logging_mixin.py:188} INFO - [2024-02-03T23:40:19.321+0000] {dagbag.py:538} INFO - Filling up the DagBag from /home/airflow/.local/lib/python3.8/site-packages/airflow/example_dags/example_complex.py
[2024-02-03T23:40:19.344+0000] {processor.py:840} INFO - DAG(s) 'example_complex' retrieved from /home/airflow/.local/lib/python3.8/site-packages/airflow/example_dags/example_complex.py
[2024-02-03T23:40:19.366+0000] {logging_mixin.py:188} INFO - [2024-02-03T23:40:19.365+0000] {dag.py:3036} INFO - Sync 1 DAGs
[2024-02-03T23:40:19.384+0000] {logging_mixin.py:188} INFO - [2024-02-03T23:40:19.383+0000] {dag.py:3823} INFO - Setting next_dagrun for example_complex to None, run_after=None
[2024-02-03T23:40:19.400+0000] {processor.py:183} INFO - Processing /home/airflow/.local/lib/python3.8/site-packages/airflow/example_dags/example_complex.py took 0.093 seconds
[2024-02-03T23:40:51.278+0000] {processor.py:161} INFO - Started process (PID=123) to work on /home/airflow/.local/lib/python3.8/site-packages/airflow/example_dags/example_complex.py
[2024-02-03T23:40:51.278+0000] {processor.py:830} INFO - Processing file /home/airflow/.local/lib/python3.8/site-packages/airflow/example_dags/example_complex.py for tasks to queue
[2024-02-03T23:40:51.281+0000] {logging_mixin.py:188} INFO - [2024-02-03T23:40:51.280+0000] {dagbag.py:538} INFO - Filling up the DagBag from /home/airflow/.local/lib/python3.8/site-packages/airflow/example_dags/example_complex.py
[2024-02-03T23:40:51.293+0000] {processor.py:840} INFO - DAG(s) 'example_complex' retrieved from /home/airflow/.local/lib/python3.8/site-packages/airflow/example_dags/example_complex.py
[2024-02-03T23:40:51.404+0000] {logging_mixin.py:188} INFO - [2024-02-03T23:40:51.403+0000] {dag.py:3036} INFO - Sync 1 DAGs
[2024-02-03T23:40:51.415+0000] {logging_mixin.py:188} INFO - [2024-02-03T23:40:51.415+0000] {dag.py:3823} INFO - Setting next_dagrun for example_complex to None, run_after=None
[2024-02-03T23:40:51.435+0000] {processor.py:183} INFO - Processing /home/airflow/.local/lib/python3.8/site-packages/airflow/example_dags/example_complex.py took 0.161 seconds
[2024-02-03T23:41:21.544+0000] {processor.py:161} INFO - Started process (PID=179) to work on /home/airflow/.local/lib/python3.8/site-packages/airflow/example_dags/example_complex.py
[2024-02-03T23:41:21.545+0000] {processor.py:830} INFO - Processing file /home/airflow/.local/lib/python3.8/site-packages/airflow/example_dags/example_complex.py for tasks to queue
[2024-02-03T23:41:21.547+0000] {logging_mixin.py:188} INFO - [2024-02-03T23:41:21.546+0000] {dagbag.py:538} INFO - Filling up the DagBag from /home/airflow/.local/lib/python3.8/site-packages/airflow/example_dags/example_complex.py
[2024-02-03T23:41:21.558+0000] {processor.py:840} INFO - DAG(s) 'example_complex' retrieved from /home/airflow/.local/lib/python3.8/site-packages/airflow/example_dags/example_complex.py
[2024-02-03T23:41:21.584+0000] {logging_mixin.py:188} INFO - [2024-02-03T23:41:21.584+0000] {dag.py:3036} INFO - Sync 1 DAGs
[2024-02-03T23:41:21.596+0000] {logging_mixin.py:188} INFO - [2024-02-03T23:41:21.596+0000] {dag.py:3823} INFO - Setting next_dagrun for example_complex to None, run_after=None
[2024-02-03T23:41:21.613+0000] {processor.py:183} INFO - Processing /home/airflow/.local/lib/python3.8/site-packages/airflow/example_dags/example_complex.py took 0.071 seconds
[2024-02-03T23:41:51.930+0000] {processor.py:161} INFO - Started process (PID=235) to work on /home/airflow/.local/lib/python3.8/site-packages/airflow/example_dags/example_complex.py
[2024-02-03T23:41:51.931+0000] {processor.py:830} INFO - Processing file /home/airflow/.local/lib/python3.8/site-packages/airflow/example_dags/example_complex.py for tasks to queue
[2024-02-03T23:41:51.932+0000] {logging_mixin.py:188} INFO - [2024-02-03T23:41:51.932+0000] {dagbag.py:538} INFO - Filling up the DagBag from /home/airflow/.local/lib/python3.8/site-packages/airflow/example_dags/example_complex.py
[2024-02-03T23:41:51.942+0000] {processor.py:840} INFO - DAG(s) 'example_complex' retrieved from /home/airflow/.local/lib/python3.8/site-packages/airflow/example_dags/example_complex.py
[2024-02-03T23:41:51.974+0000] {logging_mixin.py:188} INFO - [2024-02-03T23:41:51.974+0000] {dag.py:3036} INFO - Sync 1 DAGs
[2024-02-03T23:41:51.987+0000] {logging_mixin.py:188} INFO - [2024-02-03T23:41:51.987+0000] {dag.py:3823} INFO - Setting next_dagrun for example_complex to None, run_after=None
[2024-02-03T23:41:52.005+0000] {processor.py:183} INFO - Processing /home/airflow/.local/lib/python3.8/site-packages/airflow/example_dags/example_complex.py took 0.078 seconds
