[2024-02-03T23:23:04.976+0000] {processor.py:161} INFO - Started process (PID=76) to work on /home/airflow/.local/lib/python3.8/site-packages/airflow/example_dags/example_branch_day_of_week_operator.py
[2024-02-03T23:23:04.977+0000] {processor.py:830} INFO - Processing file /home/airflow/.local/lib/python3.8/site-packages/airflow/example_dags/example_branch_day_of_week_operator.py for tasks to queue
[2024-02-03T23:23:04.979+0000] {logging_mixin.py:188} INFO - [2024-02-03T23:23:04.979+0000] {dagbag.py:538} INFO - Filling up the DagBag from /home/airflow/.local/lib/python3.8/site-packages/airflow/example_dags/example_branch_day_of_week_operator.py
[2024-02-03T23:23:04.988+0000] {processor.py:840} INFO - DAG(s) 'example_weekday_branch_operator' retrieved from /home/airflow/.local/lib/python3.8/site-packages/airflow/example_dags/example_branch_day_of_week_operator.py
[2024-02-03T23:23:05.002+0000] {logging_mixin.py:188} INFO - [2024-02-03T23:23:05.001+0000] {dag.py:3036} INFO - Sync 1 DAGs
[2024-02-03T23:23:05.037+0000] {logging_mixin.py:188} INFO - [2024-02-03T23:23:05.036+0000] {dag.py:3823} INFO - Setting next_dagrun for example_weekday_branch_operator to 2024-02-02 00:00:00+00:00, run_after=2024-02-03 00:00:00+00:00
[2024-02-03T23:23:05.059+0000] {processor.py:183} INFO - Processing /home/airflow/.local/lib/python3.8/site-packages/airflow/example_dags/example_branch_day_of_week_operator.py took 0.086 seconds
[2024-02-03T23:23:37.337+0000] {processor.py:161} INFO - Started process (PID=131) to work on /home/airflow/.local/lib/python3.8/site-packages/airflow/example_dags/example_branch_day_of_week_operator.py
[2024-02-03T23:23:37.339+0000] {processor.py:830} INFO - Processing file /home/airflow/.local/lib/python3.8/site-packages/airflow/example_dags/example_branch_day_of_week_operator.py for tasks to queue
[2024-02-03T23:23:37.342+0000] {logging_mixin.py:188} INFO - [2024-02-03T23:23:37.342+0000] {dagbag.py:538} INFO - Filling up the DagBag from /home/airflow/.local/lib/python3.8/site-packages/airflow/example_dags/example_branch_day_of_week_operator.py
[2024-02-03T23:23:37.352+0000] {processor.py:840} INFO - DAG(s) 'example_weekday_branch_operator' retrieved from /home/airflow/.local/lib/python3.8/site-packages/airflow/example_dags/example_branch_day_of_week_operator.py
[2024-02-03T23:23:37.448+0000] {logging_mixin.py:188} INFO - [2024-02-03T23:23:37.447+0000] {dag.py:3036} INFO - Sync 1 DAGs
[2024-02-03T23:23:37.468+0000] {logging_mixin.py:188} INFO - [2024-02-03T23:23:37.468+0000] {dag.py:3823} INFO - Setting next_dagrun for example_weekday_branch_operator to 2024-02-02 00:00:00+00:00, run_after=2024-02-03 00:00:00+00:00
[2024-02-03T23:23:37.491+0000] {processor.py:183} INFO - Processing /home/airflow/.local/lib/python3.8/site-packages/airflow/example_dags/example_branch_day_of_week_operator.py took 0.159 seconds
[2024-02-03T23:24:08.132+0000] {processor.py:161} INFO - Started process (PID=186) to work on /home/airflow/.local/lib/python3.8/site-packages/airflow/example_dags/example_branch_day_of_week_operator.py
[2024-02-03T23:24:08.133+0000] {processor.py:830} INFO - Processing file /home/airflow/.local/lib/python3.8/site-packages/airflow/example_dags/example_branch_day_of_week_operator.py for tasks to queue
[2024-02-03T23:24:08.135+0000] {logging_mixin.py:188} INFO - [2024-02-03T23:24:08.135+0000] {dagbag.py:538} INFO - Filling up the DagBag from /home/airflow/.local/lib/python3.8/site-packages/airflow/example_dags/example_branch_day_of_week_operator.py
[2024-02-03T23:24:08.142+0000] {processor.py:840} INFO - DAG(s) 'example_weekday_branch_operator' retrieved from /home/airflow/.local/lib/python3.8/site-packages/airflow/example_dags/example_branch_day_of_week_operator.py
[2024-02-03T23:24:08.165+0000] {logging_mixin.py:188} INFO - [2024-02-03T23:24:08.165+0000] {dag.py:3036} INFO - Sync 1 DAGs
[2024-02-03T23:24:08.186+0000] {logging_mixin.py:188} INFO - [2024-02-03T23:24:08.186+0000] {dag.py:3823} INFO - Setting next_dagrun for example_weekday_branch_operator to 2024-02-02 00:00:00+00:00, run_after=2024-02-03 00:00:00+00:00
[2024-02-03T23:24:08.209+0000] {processor.py:183} INFO - Processing /home/airflow/.local/lib/python3.8/site-packages/airflow/example_dags/example_branch_day_of_week_operator.py took 0.081 seconds
[2024-02-03T23:24:38.473+0000] {processor.py:161} INFO - Started process (PID=241) to work on /home/airflow/.local/lib/python3.8/site-packages/airflow/example_dags/example_branch_day_of_week_operator.py
[2024-02-03T23:24:38.474+0000] {processor.py:830} INFO - Processing file /home/airflow/.local/lib/python3.8/site-packages/airflow/example_dags/example_branch_day_of_week_operator.py for tasks to queue
[2024-02-03T23:24:38.476+0000] {logging_mixin.py:188} INFO - [2024-02-03T23:24:38.476+0000] {dagbag.py:538} INFO - Filling up the DagBag from /home/airflow/.local/lib/python3.8/site-packages/airflow/example_dags/example_branch_day_of_week_operator.py
[2024-02-03T23:24:38.483+0000] {processor.py:840} INFO - DAG(s) 'example_weekday_branch_operator' retrieved from /home/airflow/.local/lib/python3.8/site-packages/airflow/example_dags/example_branch_day_of_week_operator.py
[2024-02-03T23:24:38.504+0000] {logging_mixin.py:188} INFO - [2024-02-03T23:24:38.504+0000] {dag.py:3036} INFO - Sync 1 DAGs
[2024-02-03T23:24:38.537+0000] {logging_mixin.py:188} INFO - [2024-02-03T23:24:38.537+0000] {dag.py:3823} INFO - Setting next_dagrun for example_weekday_branch_operator to 2024-02-02 00:00:00+00:00, run_after=2024-02-03 00:00:00+00:00
[2024-02-03T23:24:38.560+0000] {processor.py:183} INFO - Processing /home/airflow/.local/lib/python3.8/site-packages/airflow/example_dags/example_branch_day_of_week_operator.py took 0.089 seconds
[2024-02-03T23:25:09.443+0000] {processor.py:161} INFO - Started process (PID=296) to work on /home/airflow/.local/lib/python3.8/site-packages/airflow/example_dags/example_branch_day_of_week_operator.py
[2024-02-03T23:25:09.444+0000] {processor.py:830} INFO - Processing file /home/airflow/.local/lib/python3.8/site-packages/airflow/example_dags/example_branch_day_of_week_operator.py for tasks to queue
[2024-02-03T23:25:09.447+0000] {logging_mixin.py:188} INFO - [2024-02-03T23:25:09.446+0000] {dagbag.py:538} INFO - Filling up the DagBag from /home/airflow/.local/lib/python3.8/site-packages/airflow/example_dags/example_branch_day_of_week_operator.py
[2024-02-03T23:25:09.457+0000] {processor.py:840} INFO - DAG(s) 'example_weekday_branch_operator' retrieved from /home/airflow/.local/lib/python3.8/site-packages/airflow/example_dags/example_branch_day_of_week_operator.py
[2024-02-03T23:25:09.484+0000] {logging_mixin.py:188} INFO - [2024-02-03T23:25:09.484+0000] {dag.py:3036} INFO - Sync 1 DAGs
[2024-02-03T23:25:09.511+0000] {logging_mixin.py:188} INFO - [2024-02-03T23:25:09.511+0000] {dag.py:3823} INFO - Setting next_dagrun for example_weekday_branch_operator to 2024-02-02 00:00:00+00:00, run_after=2024-02-03 00:00:00+00:00
[2024-02-03T23:25:09.528+0000] {processor.py:183} INFO - Processing /home/airflow/.local/lib/python3.8/site-packages/airflow/example_dags/example_branch_day_of_week_operator.py took 0.089 seconds
[2024-02-03T23:25:39.658+0000] {processor.py:161} INFO - Started process (PID=351) to work on /home/airflow/.local/lib/python3.8/site-packages/airflow/example_dags/example_branch_day_of_week_operator.py
[2024-02-03T23:25:39.659+0000] {processor.py:830} INFO - Processing file /home/airflow/.local/lib/python3.8/site-packages/airflow/example_dags/example_branch_day_of_week_operator.py for tasks to queue
[2024-02-03T23:25:39.660+0000] {logging_mixin.py:188} INFO - [2024-02-03T23:25:39.660+0000] {dagbag.py:538} INFO - Filling up the DagBag from /home/airflow/.local/lib/python3.8/site-packages/airflow/example_dags/example_branch_day_of_week_operator.py
[2024-02-03T23:25:39.669+0000] {processor.py:840} INFO - DAG(s) 'example_weekday_branch_operator' retrieved from /home/airflow/.local/lib/python3.8/site-packages/airflow/example_dags/example_branch_day_of_week_operator.py
[2024-02-03T23:25:39.689+0000] {logging_mixin.py:188} INFO - [2024-02-03T23:25:39.689+0000] {dag.py:3036} INFO - Sync 1 DAGs
[2024-02-03T23:25:39.714+0000] {logging_mixin.py:188} INFO - [2024-02-03T23:25:39.714+0000] {dag.py:3823} INFO - Setting next_dagrun for example_weekday_branch_operator to 2024-02-02 00:00:00+00:00, run_after=2024-02-03 00:00:00+00:00
[2024-02-03T23:25:39.729+0000] {processor.py:183} INFO - Processing /home/airflow/.local/lib/python3.8/site-packages/airflow/example_dags/example_branch_day_of_week_operator.py took 0.074 seconds
[2024-02-03T23:40:19.816+0000] {processor.py:161} INFO - Started process (PID=76) to work on /home/airflow/.local/lib/python3.8/site-packages/airflow/example_dags/example_branch_day_of_week_operator.py
[2024-02-03T23:40:19.817+0000] {processor.py:830} INFO - Processing file /home/airflow/.local/lib/python3.8/site-packages/airflow/example_dags/example_branch_day_of_week_operator.py for tasks to queue
[2024-02-03T23:40:19.821+0000] {logging_mixin.py:188} INFO - [2024-02-03T23:40:19.820+0000] {dagbag.py:538} INFO - Filling up the DagBag from /home/airflow/.local/lib/python3.8/site-packages/airflow/example_dags/example_branch_day_of_week_operator.py
[2024-02-03T23:40:19.835+0000] {processor.py:840} INFO - DAG(s) 'example_weekday_branch_operator' retrieved from /home/airflow/.local/lib/python3.8/site-packages/airflow/example_dags/example_branch_day_of_week_operator.py
[2024-02-03T23:40:19.848+0000] {logging_mixin.py:188} INFO - [2024-02-03T23:40:19.848+0000] {dag.py:3036} INFO - Sync 1 DAGs
[2024-02-03T23:40:19.881+0000] {logging_mixin.py:188} INFO - [2024-02-03T23:40:19.881+0000] {dag.py:3823} INFO - Setting next_dagrun for example_weekday_branch_operator to 2024-02-02 00:00:00+00:00, run_after=2024-02-03 00:00:00+00:00
[2024-02-03T23:40:19.904+0000] {processor.py:183} INFO - Processing /home/airflow/.local/lib/python3.8/site-packages/airflow/example_dags/example_branch_day_of_week_operator.py took 0.093 seconds
[2024-02-03T23:40:52.066+0000] {processor.py:161} INFO - Started process (PID=132) to work on /home/airflow/.local/lib/python3.8/site-packages/airflow/example_dags/example_branch_day_of_week_operator.py
[2024-02-03T23:40:52.067+0000] {processor.py:830} INFO - Processing file /home/airflow/.local/lib/python3.8/site-packages/airflow/example_dags/example_branch_day_of_week_operator.py for tasks to queue
[2024-02-03T23:40:52.069+0000] {logging_mixin.py:188} INFO - [2024-02-03T23:40:52.069+0000] {dagbag.py:538} INFO - Filling up the DagBag from /home/airflow/.local/lib/python3.8/site-packages/airflow/example_dags/example_branch_day_of_week_operator.py
[2024-02-03T23:40:52.077+0000] {processor.py:840} INFO - DAG(s) 'example_weekday_branch_operator' retrieved from /home/airflow/.local/lib/python3.8/site-packages/airflow/example_dags/example_branch_day_of_week_operator.py
[2024-02-03T23:40:52.176+0000] {logging_mixin.py:188} INFO - [2024-02-03T23:40:52.176+0000] {dag.py:3036} INFO - Sync 1 DAGs
[2024-02-03T23:40:52.194+0000] {logging_mixin.py:188} INFO - [2024-02-03T23:40:52.194+0000] {dag.py:3823} INFO - Setting next_dagrun for example_weekday_branch_operator to 2024-02-02 00:00:00+00:00, run_after=2024-02-03 00:00:00+00:00
[2024-02-03T23:40:52.211+0000] {processor.py:183} INFO - Processing /home/airflow/.local/lib/python3.8/site-packages/airflow/example_dags/example_branch_day_of_week_operator.py took 0.148 seconds
[2024-02-03T23:41:23.033+0000] {processor.py:161} INFO - Started process (PID=188) to work on /home/airflow/.local/lib/python3.8/site-packages/airflow/example_dags/example_branch_day_of_week_operator.py
[2024-02-03T23:41:23.034+0000] {processor.py:830} INFO - Processing file /home/airflow/.local/lib/python3.8/site-packages/airflow/example_dags/example_branch_day_of_week_operator.py for tasks to queue
[2024-02-03T23:41:23.036+0000] {logging_mixin.py:188} INFO - [2024-02-03T23:41:23.036+0000] {dagbag.py:538} INFO - Filling up the DagBag from /home/airflow/.local/lib/python3.8/site-packages/airflow/example_dags/example_branch_day_of_week_operator.py
[2024-02-03T23:41:23.046+0000] {processor.py:840} INFO - DAG(s) 'example_weekday_branch_operator' retrieved from /home/airflow/.local/lib/python3.8/site-packages/airflow/example_dags/example_branch_day_of_week_operator.py
[2024-02-03T23:41:23.068+0000] {logging_mixin.py:188} INFO - [2024-02-03T23:41:23.068+0000] {dag.py:3036} INFO - Sync 1 DAGs
[2024-02-03T23:41:23.091+0000] {logging_mixin.py:188} INFO - [2024-02-03T23:41:23.091+0000] {dag.py:3823} INFO - Setting next_dagrun for example_weekday_branch_operator to 2024-02-02 00:00:00+00:00, run_after=2024-02-03 00:00:00+00:00
[2024-02-03T23:41:23.112+0000] {processor.py:183} INFO - Processing /home/airflow/.local/lib/python3.8/site-packages/airflow/example_dags/example_branch_day_of_week_operator.py took 0.083 seconds
[2024-02-03T23:41:53.485+0000] {processor.py:161} INFO - Started process (PID=244) to work on /home/airflow/.local/lib/python3.8/site-packages/airflow/example_dags/example_branch_day_of_week_operator.py
[2024-02-03T23:41:53.486+0000] {processor.py:830} INFO - Processing file /home/airflow/.local/lib/python3.8/site-packages/airflow/example_dags/example_branch_day_of_week_operator.py for tasks to queue
[2024-02-03T23:41:53.489+0000] {logging_mixin.py:188} INFO - [2024-02-03T23:41:53.488+0000] {dagbag.py:538} INFO - Filling up the DagBag from /home/airflow/.local/lib/python3.8/site-packages/airflow/example_dags/example_branch_day_of_week_operator.py
[2024-02-03T23:41:53.497+0000] {processor.py:840} INFO - DAG(s) 'example_weekday_branch_operator' retrieved from /home/airflow/.local/lib/python3.8/site-packages/airflow/example_dags/example_branch_day_of_week_operator.py
[2024-02-03T23:41:53.538+0000] {logging_mixin.py:188} INFO - [2024-02-03T23:41:53.538+0000] {dag.py:3036} INFO - Sync 1 DAGs
[2024-02-03T23:41:53.564+0000] {logging_mixin.py:188} INFO - [2024-02-03T23:41:53.564+0000] {dag.py:3823} INFO - Setting next_dagrun for example_weekday_branch_operator to 2024-02-02 00:00:00+00:00, run_after=2024-02-03 00:00:00+00:00
[2024-02-03T23:41:53.586+0000] {processor.py:183} INFO - Processing /home/airflow/.local/lib/python3.8/site-packages/airflow/example_dags/example_branch_day_of_week_operator.py took 0.104 seconds
