[2024-02-03T23:23:02.884+0000] {processor.py:161} INFO - Started process (PID=41) to work on /home/airflow/.local/lib/python3.8/site-packages/airflow/example_dags/example_subdag_operator.py
[2024-02-03T23:23:02.885+0000] {processor.py:830} INFO - Processing file /home/airflow/.local/lib/python3.8/site-packages/airflow/example_dags/example_subdag_operator.py for tasks to queue
[2024-02-03T23:23:02.890+0000] {logging_mixin.py:188} INFO - [2024-02-03T23:23:02.890+0000] {dagbag.py:538} INFO - Filling up the DagBag from /home/airflow/.local/lib/python3.8/site-packages/airflow/example_dags/example_subdag_operator.py
[2024-02-03T23:23:02.922+0000] {processor.py:840} INFO - DAG(s) 'example_subdag_operator.section-1', 'example_subdag_operator.section-2', 'example_subdag_operator' retrieved from /home/airflow/.local/lib/python3.8/site-packages/airflow/example_dags/example_subdag_operator.py
[2024-02-03T23:23:02.928+0000] {logging_mixin.py:188} INFO - [2024-02-03T23:23:02.927+0000] {dag.py:3036} INFO - Sync 3 DAGs
[2024-02-03T23:23:02.960+0000] {logging_mixin.py:188} INFO - [2024-02-03T23:23:02.960+0000] {dag.py:3823} INFO - Setting next_dagrun for example_subdag_operator to 2022-01-01 00:00:00+00:00, run_after=2022-01-01 00:00:00+00:00
[2024-02-03T23:23:02.965+0000] {logging_mixin.py:188} INFO - [2024-02-03T23:23:02.965+0000] {dag.py:3823} INFO - Setting next_dagrun for example_subdag_operator.section-1 to None, run_after=None
[2024-02-03T23:23:02.968+0000] {logging_mixin.py:188} INFO - [2024-02-03T23:23:02.967+0000] {dag.py:3823} INFO - Setting next_dagrun for example_subdag_operator.section-2 to None, run_after=None
[2024-02-03T23:23:02.983+0000] {logging_mixin.py:188} INFO - [2024-02-03T23:23:02.981+0000] {dag.py:3036} INFO - Sync 2 DAGs
[2024-02-03T23:23:02.996+0000] {logging_mixin.py:188} INFO - [2024-02-03T23:23:02.996+0000] {dag.py:3823} INFO - Setting next_dagrun for example_subdag_operator.section-1 to None, run_after=None
[2024-02-03T23:23:02.997+0000] {logging_mixin.py:188} INFO - [2024-02-03T23:23:02.997+0000] {dag.py:3823} INFO - Setting next_dagrun for example_subdag_operator.section-2 to None, run_after=None
[2024-02-03T23:23:03.012+0000] {processor.py:183} INFO - Processing /home/airflow/.local/lib/python3.8/site-packages/airflow/example_dags/example_subdag_operator.py took 0.132 seconds
[2024-02-03T23:23:33.984+0000] {processor.py:161} INFO - Started process (PID=96) to work on /home/airflow/.local/lib/python3.8/site-packages/airflow/example_dags/example_subdag_operator.py
[2024-02-03T23:23:33.985+0000] {processor.py:830} INFO - Processing file /home/airflow/.local/lib/python3.8/site-packages/airflow/example_dags/example_subdag_operator.py for tasks to queue
[2024-02-03T23:23:33.986+0000] {logging_mixin.py:188} INFO - [2024-02-03T23:23:33.986+0000] {dagbag.py:538} INFO - Filling up the DagBag from /home/airflow/.local/lib/python3.8/site-packages/airflow/example_dags/example_subdag_operator.py
[2024-02-03T23:23:34.011+0000] {processor.py:840} INFO - DAG(s) 'example_subdag_operator.section-1', 'example_subdag_operator.section-2', 'example_subdag_operator' retrieved from /home/airflow/.local/lib/python3.8/site-packages/airflow/example_dags/example_subdag_operator.py
[2024-02-03T23:23:34.096+0000] {logging_mixin.py:188} INFO - [2024-02-03T23:23:34.096+0000] {dag.py:3036} INFO - Sync 3 DAGs
[2024-02-03T23:23:34.115+0000] {logging_mixin.py:188} INFO - [2024-02-03T23:23:34.115+0000] {dag.py:3823} INFO - Setting next_dagrun for example_subdag_operator to 2022-01-01 00:00:00+00:00, run_after=2022-01-01 00:00:00+00:00
[2024-02-03T23:23:34.120+0000] {logging_mixin.py:188} INFO - [2024-02-03T23:23:34.120+0000] {dag.py:3823} INFO - Setting next_dagrun for example_subdag_operator.section-1 to None, run_after=None
[2024-02-03T23:23:34.123+0000] {logging_mixin.py:188} INFO - [2024-02-03T23:23:34.122+0000] {dag.py:3823} INFO - Setting next_dagrun for example_subdag_operator.section-2 to None, run_after=None
[2024-02-03T23:23:34.133+0000] {logging_mixin.py:188} INFO - [2024-02-03T23:23:34.133+0000] {dag.py:3036} INFO - Sync 2 DAGs
[2024-02-03T23:23:34.138+0000] {logging_mixin.py:188} INFO - [2024-02-03T23:23:34.137+0000] {dag.py:3823} INFO - Setting next_dagrun for example_subdag_operator.section-1 to None, run_after=None
[2024-02-03T23:23:34.138+0000] {logging_mixin.py:188} INFO - [2024-02-03T23:23:34.138+0000] {dag.py:3823} INFO - Setting next_dagrun for example_subdag_operator.section-2 to None, run_after=None
[2024-02-03T23:23:34.148+0000] {processor.py:183} INFO - Processing /home/airflow/.local/lib/python3.8/site-packages/airflow/example_dags/example_subdag_operator.py took 0.168 seconds
[2024-02-03T23:24:04.408+0000] {processor.py:161} INFO - Started process (PID=151) to work on /home/airflow/.local/lib/python3.8/site-packages/airflow/example_dags/example_subdag_operator.py
[2024-02-03T23:24:04.410+0000] {processor.py:830} INFO - Processing file /home/airflow/.local/lib/python3.8/site-packages/airflow/example_dags/example_subdag_operator.py for tasks to queue
[2024-02-03T23:24:04.412+0000] {logging_mixin.py:188} INFO - [2024-02-03T23:24:04.412+0000] {dagbag.py:538} INFO - Filling up the DagBag from /home/airflow/.local/lib/python3.8/site-packages/airflow/example_dags/example_subdag_operator.py
[2024-02-03T23:24:04.443+0000] {processor.py:840} INFO - DAG(s) 'example_subdag_operator.section-1', 'example_subdag_operator.section-2', 'example_subdag_operator' retrieved from /home/airflow/.local/lib/python3.8/site-packages/airflow/example_dags/example_subdag_operator.py
[2024-02-03T23:24:04.461+0000] {logging_mixin.py:188} INFO - [2024-02-03T23:24:04.461+0000] {dag.py:3036} INFO - Sync 3 DAGs
[2024-02-03T23:24:04.490+0000] {logging_mixin.py:188} INFO - [2024-02-03T23:24:04.490+0000] {dag.py:3823} INFO - Setting next_dagrun for example_subdag_operator to 2022-01-01 00:00:00+00:00, run_after=2022-01-01 00:00:00+00:00
[2024-02-03T23:24:04.494+0000] {logging_mixin.py:188} INFO - [2024-02-03T23:24:04.494+0000] {dag.py:3823} INFO - Setting next_dagrun for example_subdag_operator.section-1 to None, run_after=None
[2024-02-03T23:24:04.496+0000] {logging_mixin.py:188} INFO - [2024-02-03T23:24:04.496+0000] {dag.py:3823} INFO - Setting next_dagrun for example_subdag_operator.section-2 to None, run_after=None
[2024-02-03T23:24:04.508+0000] {logging_mixin.py:188} INFO - [2024-02-03T23:24:04.508+0000] {dag.py:3036} INFO - Sync 2 DAGs
[2024-02-03T23:24:04.515+0000] {logging_mixin.py:188} INFO - [2024-02-03T23:24:04.515+0000] {dag.py:3823} INFO - Setting next_dagrun for example_subdag_operator.section-1 to None, run_after=None
[2024-02-03T23:24:04.516+0000] {logging_mixin.py:188} INFO - [2024-02-03T23:24:04.516+0000] {dag.py:3823} INFO - Setting next_dagrun for example_subdag_operator.section-2 to None, run_after=None
[2024-02-03T23:24:04.526+0000] {processor.py:183} INFO - Processing /home/airflow/.local/lib/python3.8/site-packages/airflow/example_dags/example_subdag_operator.py took 0.122 seconds
[2024-02-03T23:24:34.854+0000] {processor.py:161} INFO - Started process (PID=206) to work on /home/airflow/.local/lib/python3.8/site-packages/airflow/example_dags/example_subdag_operator.py
[2024-02-03T23:24:34.855+0000] {processor.py:830} INFO - Processing file /home/airflow/.local/lib/python3.8/site-packages/airflow/example_dags/example_subdag_operator.py for tasks to queue
[2024-02-03T23:24:34.858+0000] {logging_mixin.py:188} INFO - [2024-02-03T23:24:34.857+0000] {dagbag.py:538} INFO - Filling up the DagBag from /home/airflow/.local/lib/python3.8/site-packages/airflow/example_dags/example_subdag_operator.py
[2024-02-03T23:24:34.887+0000] {processor.py:840} INFO - DAG(s) 'example_subdag_operator.section-1', 'example_subdag_operator.section-2', 'example_subdag_operator' retrieved from /home/airflow/.local/lib/python3.8/site-packages/airflow/example_dags/example_subdag_operator.py
[2024-02-03T23:24:34.902+0000] {logging_mixin.py:188} INFO - [2024-02-03T23:24:34.901+0000] {dag.py:3036} INFO - Sync 3 DAGs
[2024-02-03T23:24:34.924+0000] {logging_mixin.py:188} INFO - [2024-02-03T23:24:34.924+0000] {dag.py:3823} INFO - Setting next_dagrun for example_subdag_operator to 2022-01-01 00:00:00+00:00, run_after=2022-01-01 00:00:00+00:00
[2024-02-03T23:24:34.930+0000] {logging_mixin.py:188} INFO - [2024-02-03T23:24:34.930+0000] {dag.py:3823} INFO - Setting next_dagrun for example_subdag_operator.section-1 to None, run_after=None
[2024-02-03T23:24:34.933+0000] {logging_mixin.py:188} INFO - [2024-02-03T23:24:34.932+0000] {dag.py:3823} INFO - Setting next_dagrun for example_subdag_operator.section-2 to None, run_after=None
[2024-02-03T23:24:34.941+0000] {logging_mixin.py:188} INFO - [2024-02-03T23:24:34.941+0000] {dag.py:3036} INFO - Sync 2 DAGs
[2024-02-03T23:24:34.947+0000] {logging_mixin.py:188} INFO - [2024-02-03T23:24:34.947+0000] {dag.py:3823} INFO - Setting next_dagrun for example_subdag_operator.section-1 to None, run_after=None
[2024-02-03T23:24:34.947+0000] {logging_mixin.py:188} INFO - [2024-02-03T23:24:34.947+0000] {dag.py:3823} INFO - Setting next_dagrun for example_subdag_operator.section-2 to None, run_after=None
[2024-02-03T23:24:34.957+0000] {processor.py:183} INFO - Processing /home/airflow/.local/lib/python3.8/site-packages/airflow/example_dags/example_subdag_operator.py took 0.107 seconds
[2024-02-03T23:25:05.360+0000] {processor.py:161} INFO - Started process (PID=261) to work on /home/airflow/.local/lib/python3.8/site-packages/airflow/example_dags/example_subdag_operator.py
[2024-02-03T23:25:05.361+0000] {processor.py:830} INFO - Processing file /home/airflow/.local/lib/python3.8/site-packages/airflow/example_dags/example_subdag_operator.py for tasks to queue
[2024-02-03T23:25:05.363+0000] {logging_mixin.py:188} INFO - [2024-02-03T23:25:05.363+0000] {dagbag.py:538} INFO - Filling up the DagBag from /home/airflow/.local/lib/python3.8/site-packages/airflow/example_dags/example_subdag_operator.py
[2024-02-03T23:25:05.386+0000] {processor.py:840} INFO - DAG(s) 'example_subdag_operator.section-1', 'example_subdag_operator.section-2', 'example_subdag_operator' retrieved from /home/airflow/.local/lib/python3.8/site-packages/airflow/example_dags/example_subdag_operator.py
[2024-02-03T23:25:05.401+0000] {logging_mixin.py:188} INFO - [2024-02-03T23:25:05.400+0000] {dag.py:3036} INFO - Sync 3 DAGs
[2024-02-03T23:25:05.421+0000] {logging_mixin.py:188} INFO - [2024-02-03T23:25:05.421+0000] {dag.py:3823} INFO - Setting next_dagrun for example_subdag_operator to 2022-01-01 00:00:00+00:00, run_after=2022-01-01 00:00:00+00:00
[2024-02-03T23:25:05.424+0000] {logging_mixin.py:188} INFO - [2024-02-03T23:25:05.424+0000] {dag.py:3823} INFO - Setting next_dagrun for example_subdag_operator.section-1 to None, run_after=None
[2024-02-03T23:25:05.426+0000] {logging_mixin.py:188} INFO - [2024-02-03T23:25:05.425+0000] {dag.py:3823} INFO - Setting next_dagrun for example_subdag_operator.section-2 to None, run_after=None
[2024-02-03T23:25:05.432+0000] {logging_mixin.py:188} INFO - [2024-02-03T23:25:05.432+0000] {dag.py:3036} INFO - Sync 2 DAGs
[2024-02-03T23:25:05.437+0000] {logging_mixin.py:188} INFO - [2024-02-03T23:25:05.436+0000] {dag.py:3823} INFO - Setting next_dagrun for example_subdag_operator.section-1 to None, run_after=None
[2024-02-03T23:25:05.437+0000] {logging_mixin.py:188} INFO - [2024-02-03T23:25:05.437+0000] {dag.py:3823} INFO - Setting next_dagrun for example_subdag_operator.section-2 to None, run_after=None
[2024-02-03T23:25:05.451+0000] {processor.py:183} INFO - Processing /home/airflow/.local/lib/python3.8/site-packages/airflow/example_dags/example_subdag_operator.py took 0.094 seconds
[2024-02-03T23:25:35.518+0000] {processor.py:161} INFO - Started process (PID=315) to work on /home/airflow/.local/lib/python3.8/site-packages/airflow/example_dags/example_subdag_operator.py
[2024-02-03T23:25:35.519+0000] {processor.py:830} INFO - Processing file /home/airflow/.local/lib/python3.8/site-packages/airflow/example_dags/example_subdag_operator.py for tasks to queue
[2024-02-03T23:25:35.521+0000] {logging_mixin.py:188} INFO - [2024-02-03T23:25:35.521+0000] {dagbag.py:538} INFO - Filling up the DagBag from /home/airflow/.local/lib/python3.8/site-packages/airflow/example_dags/example_subdag_operator.py
[2024-02-03T23:25:35.548+0000] {processor.py:840} INFO - DAG(s) 'example_subdag_operator.section-1', 'example_subdag_operator.section-2', 'example_subdag_operator' retrieved from /home/airflow/.local/lib/python3.8/site-packages/airflow/example_dags/example_subdag_operator.py
[2024-02-03T23:25:35.564+0000] {logging_mixin.py:188} INFO - [2024-02-03T23:25:35.564+0000] {dag.py:3036} INFO - Sync 3 DAGs
[2024-02-03T23:25:35.585+0000] {logging_mixin.py:188} INFO - [2024-02-03T23:25:35.584+0000] {dag.py:3823} INFO - Setting next_dagrun for example_subdag_operator to 2022-01-01 00:00:00+00:00, run_after=2022-01-01 00:00:00+00:00
[2024-02-03T23:25:35.590+0000] {logging_mixin.py:188} INFO - [2024-02-03T23:25:35.590+0000] {dag.py:3823} INFO - Setting next_dagrun for example_subdag_operator.section-1 to None, run_after=None
[2024-02-03T23:25:35.592+0000] {logging_mixin.py:188} INFO - [2024-02-03T23:25:35.592+0000] {dag.py:3823} INFO - Setting next_dagrun for example_subdag_operator.section-2 to None, run_after=None
[2024-02-03T23:25:35.600+0000] {logging_mixin.py:188} INFO - [2024-02-03T23:25:35.599+0000] {dag.py:3036} INFO - Sync 2 DAGs
[2024-02-03T23:25:35.605+0000] {logging_mixin.py:188} INFO - [2024-02-03T23:25:35.604+0000] {dag.py:3823} INFO - Setting next_dagrun for example_subdag_operator.section-1 to None, run_after=None
[2024-02-03T23:25:35.605+0000] {logging_mixin.py:188} INFO - [2024-02-03T23:25:35.605+0000] {dag.py:3823} INFO - Setting next_dagrun for example_subdag_operator.section-2 to None, run_after=None
[2024-02-03T23:25:35.616+0000] {processor.py:183} INFO - Processing /home/airflow/.local/lib/python3.8/site-packages/airflow/example_dags/example_subdag_operator.py took 0.101 seconds
[2024-02-03T23:40:17.857+0000] {processor.py:161} INFO - Started process (PID=41) to work on /home/airflow/.local/lib/python3.8/site-packages/airflow/example_dags/example_subdag_operator.py
[2024-02-03T23:40:17.858+0000] {processor.py:830} INFO - Processing file /home/airflow/.local/lib/python3.8/site-packages/airflow/example_dags/example_subdag_operator.py for tasks to queue
[2024-02-03T23:40:17.859+0000] {logging_mixin.py:188} INFO - [2024-02-03T23:40:17.859+0000] {dagbag.py:538} INFO - Filling up the DagBag from /home/airflow/.local/lib/python3.8/site-packages/airflow/example_dags/example_subdag_operator.py
[2024-02-03T23:40:17.887+0000] {processor.py:840} INFO - DAG(s) 'example_subdag_operator.section-1', 'example_subdag_operator.section-2', 'example_subdag_operator' retrieved from /home/airflow/.local/lib/python3.8/site-packages/airflow/example_dags/example_subdag_operator.py
[2024-02-03T23:40:17.892+0000] {logging_mixin.py:188} INFO - [2024-02-03T23:40:17.891+0000] {dag.py:3036} INFO - Sync 3 DAGs
[2024-02-03T23:40:17.923+0000] {logging_mixin.py:188} INFO - [2024-02-03T23:40:17.922+0000] {dag.py:3823} INFO - Setting next_dagrun for example_subdag_operator to 2022-01-01 00:00:00+00:00, run_after=2022-01-01 00:00:00+00:00
[2024-02-03T23:40:17.950+0000] {logging_mixin.py:188} INFO - [2024-02-03T23:40:17.949+0000] {dag.py:3823} INFO - Setting next_dagrun for example_subdag_operator.section-1 to None, run_after=None
[2024-02-03T23:40:17.955+0000] {logging_mixin.py:188} INFO - [2024-02-03T23:40:17.955+0000] {dag.py:3823} INFO - Setting next_dagrun for example_subdag_operator.section-2 to None, run_after=None
[2024-02-03T23:40:17.964+0000] {logging_mixin.py:188} INFO - [2024-02-03T23:40:17.964+0000] {dag.py:3036} INFO - Sync 2 DAGs
[2024-02-03T23:40:17.972+0000] {logging_mixin.py:188} INFO - [2024-02-03T23:40:17.972+0000] {dag.py:3823} INFO - Setting next_dagrun for example_subdag_operator.section-1 to None, run_after=None
[2024-02-03T23:40:17.974+0000] {logging_mixin.py:188} INFO - [2024-02-03T23:40:17.973+0000] {dag.py:3823} INFO - Setting next_dagrun for example_subdag_operator.section-2 to None, run_after=None
[2024-02-03T23:40:17.991+0000] {processor.py:183} INFO - Processing /home/airflow/.local/lib/python3.8/site-packages/airflow/example_dags/example_subdag_operator.py took 0.137 seconds
[2024-02-03T23:40:48.786+0000] {processor.py:161} INFO - Started process (PID=97) to work on /home/airflow/.local/lib/python3.8/site-packages/airflow/example_dags/example_subdag_operator.py
[2024-02-03T23:40:48.787+0000] {processor.py:830} INFO - Processing file /home/airflow/.local/lib/python3.8/site-packages/airflow/example_dags/example_subdag_operator.py for tasks to queue
[2024-02-03T23:40:48.791+0000] {logging_mixin.py:188} INFO - [2024-02-03T23:40:48.790+0000] {dagbag.py:538} INFO - Filling up the DagBag from /home/airflow/.local/lib/python3.8/site-packages/airflow/example_dags/example_subdag_operator.py
[2024-02-03T23:40:48.811+0000] {processor.py:840} INFO - DAG(s) 'example_subdag_operator.section-1', 'example_subdag_operator.section-2', 'example_subdag_operator' retrieved from /home/airflow/.local/lib/python3.8/site-packages/airflow/example_dags/example_subdag_operator.py
[2024-02-03T23:40:48.893+0000] {logging_mixin.py:188} INFO - [2024-02-03T23:40:48.893+0000] {dag.py:3036} INFO - Sync 3 DAGs
[2024-02-03T23:40:48.909+0000] {logging_mixin.py:188} INFO - [2024-02-03T23:40:48.909+0000] {dag.py:3823} INFO - Setting next_dagrun for example_subdag_operator to 2022-01-01 00:00:00+00:00, run_after=2022-01-01 00:00:00+00:00
[2024-02-03T23:40:48.912+0000] {logging_mixin.py:188} INFO - [2024-02-03T23:40:48.912+0000] {dag.py:3823} INFO - Setting next_dagrun for example_subdag_operator.section-1 to None, run_after=None
[2024-02-03T23:40:48.913+0000] {logging_mixin.py:188} INFO - [2024-02-03T23:40:48.913+0000] {dag.py:3823} INFO - Setting next_dagrun for example_subdag_operator.section-2 to None, run_after=None
[2024-02-03T23:40:48.921+0000] {logging_mixin.py:188} INFO - [2024-02-03T23:40:48.921+0000] {dag.py:3036} INFO - Sync 2 DAGs
[2024-02-03T23:40:48.925+0000] {logging_mixin.py:188} INFO - [2024-02-03T23:40:48.925+0000] {dag.py:3823} INFO - Setting next_dagrun for example_subdag_operator.section-1 to None, run_after=None
[2024-02-03T23:40:48.926+0000] {logging_mixin.py:188} INFO - [2024-02-03T23:40:48.926+0000] {dag.py:3823} INFO - Setting next_dagrun for example_subdag_operator.section-2 to None, run_after=None
[2024-02-03T23:40:48.933+0000] {processor.py:183} INFO - Processing /home/airflow/.local/lib/python3.8/site-packages/airflow/example_dags/example_subdag_operator.py took 0.150 seconds
[2024-02-03T23:41:19.089+0000] {processor.py:161} INFO - Started process (PID=153) to work on /home/airflow/.local/lib/python3.8/site-packages/airflow/example_dags/example_subdag_operator.py
[2024-02-03T23:41:19.090+0000] {processor.py:830} INFO - Processing file /home/airflow/.local/lib/python3.8/site-packages/airflow/example_dags/example_subdag_operator.py for tasks to queue
[2024-02-03T23:41:19.092+0000] {logging_mixin.py:188} INFO - [2024-02-03T23:41:19.091+0000] {dagbag.py:538} INFO - Filling up the DagBag from /home/airflow/.local/lib/python3.8/site-packages/airflow/example_dags/example_subdag_operator.py
[2024-02-03T23:41:19.114+0000] {processor.py:840} INFO - DAG(s) 'example_subdag_operator.section-1', 'example_subdag_operator.section-2', 'example_subdag_operator' retrieved from /home/airflow/.local/lib/python3.8/site-packages/airflow/example_dags/example_subdag_operator.py
[2024-02-03T23:41:19.129+0000] {logging_mixin.py:188} INFO - [2024-02-03T23:41:19.129+0000] {dag.py:3036} INFO - Sync 3 DAGs
[2024-02-03T23:41:19.150+0000] {logging_mixin.py:188} INFO - [2024-02-03T23:41:19.150+0000] {dag.py:3823} INFO - Setting next_dagrun for example_subdag_operator to 2022-01-01 00:00:00+00:00, run_after=2022-01-01 00:00:00+00:00
[2024-02-03T23:41:19.155+0000] {logging_mixin.py:188} INFO - [2024-02-03T23:41:19.155+0000] {dag.py:3823} INFO - Setting next_dagrun for example_subdag_operator.section-1 to None, run_after=None
[2024-02-03T23:41:19.156+0000] {logging_mixin.py:188} INFO - [2024-02-03T23:41:19.156+0000] {dag.py:3823} INFO - Setting next_dagrun for example_subdag_operator.section-2 to None, run_after=None
[2024-02-03T23:41:19.162+0000] {logging_mixin.py:188} INFO - [2024-02-03T23:41:19.162+0000] {dag.py:3036} INFO - Sync 2 DAGs
[2024-02-03T23:41:19.167+0000] {logging_mixin.py:188} INFO - [2024-02-03T23:41:19.167+0000] {dag.py:3823} INFO - Setting next_dagrun for example_subdag_operator.section-1 to None, run_after=None
[2024-02-03T23:41:19.168+0000] {logging_mixin.py:188} INFO - [2024-02-03T23:41:19.167+0000] {dag.py:3823} INFO - Setting next_dagrun for example_subdag_operator.section-2 to None, run_after=None
[2024-02-03T23:41:19.178+0000] {processor.py:183} INFO - Processing /home/airflow/.local/lib/python3.8/site-packages/airflow/example_dags/example_subdag_operator.py took 0.092 seconds
[2024-02-03T23:41:49.473+0000] {processor.py:161} INFO - Started process (PID=209) to work on /home/airflow/.local/lib/python3.8/site-packages/airflow/example_dags/example_subdag_operator.py
[2024-02-03T23:41:49.474+0000] {processor.py:830} INFO - Processing file /home/airflow/.local/lib/python3.8/site-packages/airflow/example_dags/example_subdag_operator.py for tasks to queue
[2024-02-03T23:41:49.476+0000] {logging_mixin.py:188} INFO - [2024-02-03T23:41:49.475+0000] {dagbag.py:538} INFO - Filling up the DagBag from /home/airflow/.local/lib/python3.8/site-packages/airflow/example_dags/example_subdag_operator.py
[2024-02-03T23:41:49.499+0000] {processor.py:840} INFO - DAG(s) 'example_subdag_operator.section-1', 'example_subdag_operator.section-2', 'example_subdag_operator' retrieved from /home/airflow/.local/lib/python3.8/site-packages/airflow/example_dags/example_subdag_operator.py
[2024-02-03T23:41:49.517+0000] {logging_mixin.py:188} INFO - [2024-02-03T23:41:49.516+0000] {dag.py:3036} INFO - Sync 3 DAGs
[2024-02-03T23:41:49.539+0000] {logging_mixin.py:188} INFO - [2024-02-03T23:41:49.539+0000] {dag.py:3823} INFO - Setting next_dagrun for example_subdag_operator to 2022-01-01 00:00:00+00:00, run_after=2022-01-01 00:00:00+00:00
[2024-02-03T23:41:49.544+0000] {logging_mixin.py:188} INFO - [2024-02-03T23:41:49.544+0000] {dag.py:3823} INFO - Setting next_dagrun for example_subdag_operator.section-1 to None, run_after=None
[2024-02-03T23:41:49.546+0000] {logging_mixin.py:188} INFO - [2024-02-03T23:41:49.546+0000] {dag.py:3823} INFO - Setting next_dagrun for example_subdag_operator.section-2 to None, run_after=None
[2024-02-03T23:41:49.555+0000] {logging_mixin.py:188} INFO - [2024-02-03T23:41:49.555+0000] {dag.py:3036} INFO - Sync 2 DAGs
[2024-02-03T23:41:49.561+0000] {logging_mixin.py:188} INFO - [2024-02-03T23:41:49.561+0000] {dag.py:3823} INFO - Setting next_dagrun for example_subdag_operator.section-1 to None, run_after=None
[2024-02-03T23:41:49.562+0000] {logging_mixin.py:188} INFO - [2024-02-03T23:41:49.562+0000] {dag.py:3823} INFO - Setting next_dagrun for example_subdag_operator.section-2 to None, run_after=None
[2024-02-03T23:41:49.575+0000] {processor.py:183} INFO - Processing /home/airflow/.local/lib/python3.8/site-packages/airflow/example_dags/example_subdag_operator.py took 0.106 seconds
