[2024-02-03T23:23:03.940+0000] {processor.py:161} INFO - Started process (PID=58) to work on /home/airflow/.local/lib/python3.8/site-packages/airflow/example_dags/example_latest_only_with_trigger.py
[2024-02-03T23:23:03.942+0000] {processor.py:830} INFO - Processing file /home/airflow/.local/lib/python3.8/site-packages/airflow/example_dags/example_latest_only_with_trigger.py for tasks to queue
[2024-02-03T23:23:03.945+0000] {logging_mixin.py:188} INFO - [2024-02-03T23:23:03.945+0000] {dagbag.py:538} INFO - Filling up the DagBag from /home/airflow/.local/lib/python3.8/site-packages/airflow/example_dags/example_latest_only_with_trigger.py
[2024-02-03T23:23:03.956+0000] {processor.py:840} INFO - DAG(s) 'latest_only_with_trigger' retrieved from /home/airflow/.local/lib/python3.8/site-packages/airflow/example_dags/example_latest_only_with_trigger.py
[2024-02-03T23:23:03.972+0000] {logging_mixin.py:188} INFO - [2024-02-03T23:23:03.971+0000] {dag.py:3036} INFO - Sync 1 DAGs
[2024-02-03T23:23:03.995+0000] {logging_mixin.py:188} INFO - [2024-02-03T23:23:03.995+0000] {dag.py:3823} INFO - Setting next_dagrun for latest_only_with_trigger to 2024-02-03 16:00:00+00:00, run_after=2024-02-03 20:00:00+00:00
[2024-02-03T23:23:04.028+0000] {processor.py:183} INFO - Processing /home/airflow/.local/lib/python3.8/site-packages/airflow/example_dags/example_latest_only_with_trigger.py took 0.094 seconds
[2024-02-03T23:23:35.586+0000] {processor.py:161} INFO - Started process (PID=113) to work on /home/airflow/.local/lib/python3.8/site-packages/airflow/example_dags/example_latest_only_with_trigger.py
[2024-02-03T23:23:35.587+0000] {processor.py:830} INFO - Processing file /home/airflow/.local/lib/python3.8/site-packages/airflow/example_dags/example_latest_only_with_trigger.py for tasks to queue
[2024-02-03T23:23:35.590+0000] {logging_mixin.py:188} INFO - [2024-02-03T23:23:35.589+0000] {dagbag.py:538} INFO - Filling up the DagBag from /home/airflow/.local/lib/python3.8/site-packages/airflow/example_dags/example_latest_only_with_trigger.py
[2024-02-03T23:23:35.596+0000] {processor.py:840} INFO - DAG(s) 'latest_only_with_trigger' retrieved from /home/airflow/.local/lib/python3.8/site-packages/airflow/example_dags/example_latest_only_with_trigger.py
[2024-02-03T23:23:35.705+0000] {logging_mixin.py:188} INFO - [2024-02-03T23:23:35.704+0000] {dag.py:3036} INFO - Sync 1 DAGs
[2024-02-03T23:23:35.730+0000] {logging_mixin.py:188} INFO - [2024-02-03T23:23:35.730+0000] {dag.py:3823} INFO - Setting next_dagrun for latest_only_with_trigger to 2024-02-03 16:00:00+00:00, run_after=2024-02-03 20:00:00+00:00
[2024-02-03T23:23:35.749+0000] {processor.py:183} INFO - Processing /home/airflow/.local/lib/python3.8/site-packages/airflow/example_dags/example_latest_only_with_trigger.py took 0.167 seconds
[2024-02-03T23:24:05.815+0000] {processor.py:161} INFO - Started process (PID=168) to work on /home/airflow/.local/lib/python3.8/site-packages/airflow/example_dags/example_latest_only_with_trigger.py
[2024-02-03T23:24:05.816+0000] {processor.py:830} INFO - Processing file /home/airflow/.local/lib/python3.8/site-packages/airflow/example_dags/example_latest_only_with_trigger.py for tasks to queue
[2024-02-03T23:24:05.818+0000] {logging_mixin.py:188} INFO - [2024-02-03T23:24:05.818+0000] {dagbag.py:538} INFO - Filling up the DagBag from /home/airflow/.local/lib/python3.8/site-packages/airflow/example_dags/example_latest_only_with_trigger.py
[2024-02-03T23:24:05.825+0000] {processor.py:840} INFO - DAG(s) 'latest_only_with_trigger' retrieved from /home/airflow/.local/lib/python3.8/site-packages/airflow/example_dags/example_latest_only_with_trigger.py
[2024-02-03T23:24:05.844+0000] {logging_mixin.py:188} INFO - [2024-02-03T23:24:05.843+0000] {dag.py:3036} INFO - Sync 1 DAGs
[2024-02-03T23:24:05.864+0000] {logging_mixin.py:188} INFO - [2024-02-03T23:24:05.864+0000] {dag.py:3823} INFO - Setting next_dagrun for latest_only_with_trigger to 2024-02-03 16:00:00+00:00, run_after=2024-02-03 20:00:00+00:00
[2024-02-03T23:24:05.882+0000] {processor.py:183} INFO - Processing /home/airflow/.local/lib/python3.8/site-packages/airflow/example_dags/example_latest_only_with_trigger.py took 0.070 seconds
[2024-02-03T23:24:35.927+0000] {processor.py:161} INFO - Started process (PID=223) to work on /home/airflow/.local/lib/python3.8/site-packages/airflow/example_dags/example_latest_only_with_trigger.py
[2024-02-03T23:24:35.928+0000] {processor.py:830} INFO - Processing file /home/airflow/.local/lib/python3.8/site-packages/airflow/example_dags/example_latest_only_with_trigger.py for tasks to queue
[2024-02-03T23:24:35.931+0000] {logging_mixin.py:188} INFO - [2024-02-03T23:24:35.930+0000] {dagbag.py:538} INFO - Filling up the DagBag from /home/airflow/.local/lib/python3.8/site-packages/airflow/example_dags/example_latest_only_with_trigger.py
[2024-02-03T23:24:35.937+0000] {processor.py:840} INFO - DAG(s) 'latest_only_with_trigger' retrieved from /home/airflow/.local/lib/python3.8/site-packages/airflow/example_dags/example_latest_only_with_trigger.py
[2024-02-03T23:24:35.960+0000] {logging_mixin.py:188} INFO - [2024-02-03T23:24:35.960+0000] {dag.py:3036} INFO - Sync 1 DAGs
[2024-02-03T23:24:35.982+0000] {logging_mixin.py:188} INFO - [2024-02-03T23:24:35.982+0000] {dag.py:3823} INFO - Setting next_dagrun for latest_only_with_trigger to 2024-02-03 16:00:00+00:00, run_after=2024-02-03 20:00:00+00:00
[2024-02-03T23:24:35.999+0000] {processor.py:183} INFO - Processing /home/airflow/.local/lib/python3.8/site-packages/airflow/example_dags/example_latest_only_with_trigger.py took 0.075 seconds
[2024-02-03T23:25:06.421+0000] {processor.py:161} INFO - Started process (PID=278) to work on /home/airflow/.local/lib/python3.8/site-packages/airflow/example_dags/example_latest_only_with_trigger.py
[2024-02-03T23:25:06.422+0000] {processor.py:830} INFO - Processing file /home/airflow/.local/lib/python3.8/site-packages/airflow/example_dags/example_latest_only_with_trigger.py for tasks to queue
[2024-02-03T23:25:06.424+0000] {logging_mixin.py:188} INFO - [2024-02-03T23:25:06.423+0000] {dagbag.py:538} INFO - Filling up the DagBag from /home/airflow/.local/lib/python3.8/site-packages/airflow/example_dags/example_latest_only_with_trigger.py
[2024-02-03T23:25:06.430+0000] {processor.py:840} INFO - DAG(s) 'latest_only_with_trigger' retrieved from /home/airflow/.local/lib/python3.8/site-packages/airflow/example_dags/example_latest_only_with_trigger.py
[2024-02-03T23:25:06.451+0000] {logging_mixin.py:188} INFO - [2024-02-03T23:25:06.451+0000] {dag.py:3036} INFO - Sync 1 DAGs
[2024-02-03T23:25:06.471+0000] {logging_mixin.py:188} INFO - [2024-02-03T23:25:06.470+0000] {dag.py:3823} INFO - Setting next_dagrun for latest_only_with_trigger to 2024-02-03 16:00:00+00:00, run_after=2024-02-03 20:00:00+00:00
[2024-02-03T23:25:06.486+0000] {processor.py:183} INFO - Processing /home/airflow/.local/lib/python3.8/site-packages/airflow/example_dags/example_latest_only_with_trigger.py took 0.067 seconds
[2024-02-03T23:25:36.846+0000] {processor.py:161} INFO - Started process (PID=333) to work on /home/airflow/.local/lib/python3.8/site-packages/airflow/example_dags/example_latest_only_with_trigger.py
[2024-02-03T23:25:36.847+0000] {processor.py:830} INFO - Processing file /home/airflow/.local/lib/python3.8/site-packages/airflow/example_dags/example_latest_only_with_trigger.py for tasks to queue
[2024-02-03T23:25:36.848+0000] {logging_mixin.py:188} INFO - [2024-02-03T23:25:36.848+0000] {dagbag.py:538} INFO - Filling up the DagBag from /home/airflow/.local/lib/python3.8/site-packages/airflow/example_dags/example_latest_only_with_trigger.py
[2024-02-03T23:25:36.853+0000] {processor.py:840} INFO - DAG(s) 'latest_only_with_trigger' retrieved from /home/airflow/.local/lib/python3.8/site-packages/airflow/example_dags/example_latest_only_with_trigger.py
[2024-02-03T23:25:36.875+0000] {logging_mixin.py:188} INFO - [2024-02-03T23:25:36.874+0000] {dag.py:3036} INFO - Sync 1 DAGs
[2024-02-03T23:25:36.892+0000] {logging_mixin.py:188} INFO - [2024-02-03T23:25:36.892+0000] {dag.py:3823} INFO - Setting next_dagrun for latest_only_with_trigger to 2024-02-03 16:00:00+00:00, run_after=2024-02-03 20:00:00+00:00
[2024-02-03T23:25:36.909+0000] {processor.py:183} INFO - Processing /home/airflow/.local/lib/python3.8/site-packages/airflow/example_dags/example_latest_only_with_trigger.py took 0.065 seconds
[2024-02-03T23:40:18.817+0000] {processor.py:161} INFO - Started process (PID=58) to work on /home/airflow/.local/lib/python3.8/site-packages/airflow/example_dags/example_latest_only_with_trigger.py
[2024-02-03T23:40:18.818+0000] {processor.py:830} INFO - Processing file /home/airflow/.local/lib/python3.8/site-packages/airflow/example_dags/example_latest_only_with_trigger.py for tasks to queue
[2024-02-03T23:40:18.823+0000] {logging_mixin.py:188} INFO - [2024-02-03T23:40:18.822+0000] {dagbag.py:538} INFO - Filling up the DagBag from /home/airflow/.local/lib/python3.8/site-packages/airflow/example_dags/example_latest_only_with_trigger.py
[2024-02-03T23:40:18.835+0000] {processor.py:840} INFO - DAG(s) 'latest_only_with_trigger' retrieved from /home/airflow/.local/lib/python3.8/site-packages/airflow/example_dags/example_latest_only_with_trigger.py
[2024-02-03T23:40:18.853+0000] {logging_mixin.py:188} INFO - [2024-02-03T23:40:18.852+0000] {dag.py:3036} INFO - Sync 1 DAGs
[2024-02-03T23:40:18.885+0000] {logging_mixin.py:188} INFO - [2024-02-03T23:40:18.885+0000] {dag.py:3823} INFO - Setting next_dagrun for latest_only_with_trigger to 2024-02-03 16:00:00+00:00, run_after=2024-02-03 20:00:00+00:00
[2024-02-03T23:40:18.925+0000] {processor.py:183} INFO - Processing /home/airflow/.local/lib/python3.8/site-packages/airflow/example_dags/example_latest_only_with_trigger.py took 0.115 seconds
[2024-02-03T23:40:50.321+0000] {processor.py:161} INFO - Started process (PID=114) to work on /home/airflow/.local/lib/python3.8/site-packages/airflow/example_dags/example_latest_only_with_trigger.py
[2024-02-03T23:40:50.322+0000] {processor.py:830} INFO - Processing file /home/airflow/.local/lib/python3.8/site-packages/airflow/example_dags/example_latest_only_with_trigger.py for tasks to queue
[2024-02-03T23:40:50.324+0000] {logging_mixin.py:188} INFO - [2024-02-03T23:40:50.324+0000] {dagbag.py:538} INFO - Filling up the DagBag from /home/airflow/.local/lib/python3.8/site-packages/airflow/example_dags/example_latest_only_with_trigger.py
[2024-02-03T23:40:50.329+0000] {processor.py:840} INFO - DAG(s) 'latest_only_with_trigger' retrieved from /home/airflow/.local/lib/python3.8/site-packages/airflow/example_dags/example_latest_only_with_trigger.py
[2024-02-03T23:40:50.420+0000] {logging_mixin.py:188} INFO - [2024-02-03T23:40:50.420+0000] {dag.py:3036} INFO - Sync 1 DAGs
[2024-02-03T23:40:50.436+0000] {logging_mixin.py:188} INFO - [2024-02-03T23:40:50.436+0000] {dag.py:3823} INFO - Setting next_dagrun for latest_only_with_trigger to 2024-02-03 16:00:00+00:00, run_after=2024-02-03 20:00:00+00:00
[2024-02-03T23:40:50.456+0000] {processor.py:183} INFO - Processing /home/airflow/.local/lib/python3.8/site-packages/airflow/example_dags/example_latest_only_with_trigger.py took 0.139 seconds
[2024-02-03T23:41:20.948+0000] {processor.py:161} INFO - Started process (PID=170) to work on /home/airflow/.local/lib/python3.8/site-packages/airflow/example_dags/example_latest_only_with_trigger.py
[2024-02-03T23:41:20.949+0000] {processor.py:830} INFO - Processing file /home/airflow/.local/lib/python3.8/site-packages/airflow/example_dags/example_latest_only_with_trigger.py for tasks to queue
[2024-02-03T23:41:20.951+0000] {logging_mixin.py:188} INFO - [2024-02-03T23:41:20.950+0000] {dagbag.py:538} INFO - Filling up the DagBag from /home/airflow/.local/lib/python3.8/site-packages/airflow/example_dags/example_latest_only_with_trigger.py
[2024-02-03T23:41:20.957+0000] {processor.py:840} INFO - DAG(s) 'latest_only_with_trigger' retrieved from /home/airflow/.local/lib/python3.8/site-packages/airflow/example_dags/example_latest_only_with_trigger.py
[2024-02-03T23:41:20.980+0000] {logging_mixin.py:188} INFO - [2024-02-03T23:41:20.979+0000] {dag.py:3036} INFO - Sync 1 DAGs
[2024-02-03T23:41:21.005+0000] {logging_mixin.py:188} INFO - [2024-02-03T23:41:21.004+0000] {dag.py:3823} INFO - Setting next_dagrun for latest_only_with_trigger to 2024-02-03 16:00:00+00:00, run_after=2024-02-03 20:00:00+00:00
[2024-02-03T23:41:21.035+0000] {processor.py:183} INFO - Processing /home/airflow/.local/lib/python3.8/site-packages/airflow/example_dags/example_latest_only_with_trigger.py took 0.092 seconds
[2024-02-03T23:41:51.515+0000] {processor.py:161} INFO - Started process (PID=226) to work on /home/airflow/.local/lib/python3.8/site-packages/airflow/example_dags/example_latest_only_with_trigger.py
[2024-02-03T23:41:51.516+0000] {processor.py:830} INFO - Processing file /home/airflow/.local/lib/python3.8/site-packages/airflow/example_dags/example_latest_only_with_trigger.py for tasks to queue
[2024-02-03T23:41:51.518+0000] {logging_mixin.py:188} INFO - [2024-02-03T23:41:51.517+0000] {dagbag.py:538} INFO - Filling up the DagBag from /home/airflow/.local/lib/python3.8/site-packages/airflow/example_dags/example_latest_only_with_trigger.py
[2024-02-03T23:41:51.524+0000] {processor.py:840} INFO - DAG(s) 'latest_only_with_trigger' retrieved from /home/airflow/.local/lib/python3.8/site-packages/airflow/example_dags/example_latest_only_with_trigger.py
[2024-02-03T23:41:51.546+0000] {logging_mixin.py:188} INFO - [2024-02-03T23:41:51.545+0000] {dag.py:3036} INFO - Sync 1 DAGs
[2024-02-03T23:41:51.565+0000] {logging_mixin.py:188} INFO - [2024-02-03T23:41:51.565+0000] {dag.py:3823} INFO - Setting next_dagrun for latest_only_with_trigger to 2024-02-03 16:00:00+00:00, run_after=2024-02-03 20:00:00+00:00
[2024-02-03T23:41:51.583+0000] {processor.py:183} INFO - Processing /home/airflow/.local/lib/python3.8/site-packages/airflow/example_dags/example_latest_only_with_trigger.py took 0.070 seconds
