[2024-02-03T23:23:05.039+0000] {processor.py:161} INFO - Started process (PID=77) to work on /home/airflow/.local/lib/python3.8/site-packages/airflow/example_dags/example_latest_only.py
[2024-02-03T23:23:05.041+0000] {processor.py:830} INFO - Processing file /home/airflow/.local/lib/python3.8/site-packages/airflow/example_dags/example_latest_only.py for tasks to queue
[2024-02-03T23:23:05.044+0000] {logging_mixin.py:188} INFO - [2024-02-03T23:23:05.043+0000] {dagbag.py:538} INFO - Filling up the DagBag from /home/airflow/.local/lib/python3.8/site-packages/airflow/example_dags/example_latest_only.py
[2024-02-03T23:23:05.052+0000] {processor.py:840} INFO - DAG(s) 'latest_only' retrieved from /home/airflow/.local/lib/python3.8/site-packages/airflow/example_dags/example_latest_only.py
[2024-02-03T23:23:05.065+0000] {logging_mixin.py:188} INFO - [2024-02-03T23:23:05.064+0000] {dag.py:3036} INFO - Sync 1 DAGs
[2024-02-03T23:23:05.090+0000] {logging_mixin.py:188} INFO - [2024-02-03T23:23:05.090+0000] {dag.py:3823} INFO - Setting next_dagrun for latest_only to 2024-02-03 16:00:00+00:00, run_after=2024-02-03 20:00:00+00:00
[2024-02-03T23:23:05.112+0000] {processor.py:183} INFO - Processing /home/airflow/.local/lib/python3.8/site-packages/airflow/example_dags/example_latest_only.py took 0.079 seconds
[2024-02-03T23:23:37.378+0000] {processor.py:161} INFO - Started process (PID=132) to work on /home/airflow/.local/lib/python3.8/site-packages/airflow/example_dags/example_latest_only.py
[2024-02-03T23:23:37.379+0000] {processor.py:830} INFO - Processing file /home/airflow/.local/lib/python3.8/site-packages/airflow/example_dags/example_latest_only.py for tasks to queue
[2024-02-03T23:23:37.381+0000] {logging_mixin.py:188} INFO - [2024-02-03T23:23:37.380+0000] {dagbag.py:538} INFO - Filling up the DagBag from /home/airflow/.local/lib/python3.8/site-packages/airflow/example_dags/example_latest_only.py
[2024-02-03T23:23:37.389+0000] {processor.py:840} INFO - DAG(s) 'latest_only' retrieved from /home/airflow/.local/lib/python3.8/site-packages/airflow/example_dags/example_latest_only.py
[2024-02-03T23:23:37.485+0000] {logging_mixin.py:188} INFO - [2024-02-03T23:23:37.484+0000] {dag.py:3036} INFO - Sync 1 DAGs
[2024-02-03T23:23:37.503+0000] {logging_mixin.py:188} INFO - [2024-02-03T23:23:37.503+0000] {dag.py:3823} INFO - Setting next_dagrun for latest_only to 2024-02-03 16:00:00+00:00, run_after=2024-02-03 20:00:00+00:00
[2024-02-03T23:23:37.522+0000] {processor.py:183} INFO - Processing /home/airflow/.local/lib/python3.8/site-packages/airflow/example_dags/example_latest_only.py took 0.147 seconds
[2024-02-03T23:24:08.180+0000] {processor.py:161} INFO - Started process (PID=187) to work on /home/airflow/.local/lib/python3.8/site-packages/airflow/example_dags/example_latest_only.py
[2024-02-03T23:24:08.181+0000] {processor.py:830} INFO - Processing file /home/airflow/.local/lib/python3.8/site-packages/airflow/example_dags/example_latest_only.py for tasks to queue
[2024-02-03T23:24:08.183+0000] {logging_mixin.py:188} INFO - [2024-02-03T23:24:08.182+0000] {dagbag.py:538} INFO - Filling up the DagBag from /home/airflow/.local/lib/python3.8/site-packages/airflow/example_dags/example_latest_only.py
[2024-02-03T23:24:08.189+0000] {processor.py:840} INFO - DAG(s) 'latest_only' retrieved from /home/airflow/.local/lib/python3.8/site-packages/airflow/example_dags/example_latest_only.py
[2024-02-03T23:24:08.213+0000] {logging_mixin.py:188} INFO - [2024-02-03T23:24:08.213+0000] {dag.py:3036} INFO - Sync 1 DAGs
[2024-02-03T23:24:08.234+0000] {logging_mixin.py:188} INFO - [2024-02-03T23:24:08.234+0000] {dag.py:3823} INFO - Setting next_dagrun for latest_only to 2024-02-03 16:00:00+00:00, run_after=2024-02-03 20:00:00+00:00
[2024-02-03T23:24:08.256+0000] {processor.py:183} INFO - Processing /home/airflow/.local/lib/python3.8/site-packages/airflow/example_dags/example_latest_only.py took 0.080 seconds
[2024-02-03T23:24:38.590+0000] {processor.py:161} INFO - Started process (PID=242) to work on /home/airflow/.local/lib/python3.8/site-packages/airflow/example_dags/example_latest_only.py
[2024-02-03T23:24:38.593+0000] {processor.py:830} INFO - Processing file /home/airflow/.local/lib/python3.8/site-packages/airflow/example_dags/example_latest_only.py for tasks to queue
[2024-02-03T23:24:38.598+0000] {logging_mixin.py:188} INFO - [2024-02-03T23:24:38.598+0000] {dagbag.py:538} INFO - Filling up the DagBag from /home/airflow/.local/lib/python3.8/site-packages/airflow/example_dags/example_latest_only.py
[2024-02-03T23:24:38.604+0000] {processor.py:840} INFO - DAG(s) 'latest_only' retrieved from /home/airflow/.local/lib/python3.8/site-packages/airflow/example_dags/example_latest_only.py
[2024-02-03T23:24:38.634+0000] {logging_mixin.py:188} INFO - [2024-02-03T23:24:38.633+0000] {dag.py:3036} INFO - Sync 1 DAGs
[2024-02-03T23:24:38.659+0000] {logging_mixin.py:188} INFO - [2024-02-03T23:24:38.659+0000] {dag.py:3823} INFO - Setting next_dagrun for latest_only to 2024-02-03 16:00:00+00:00, run_after=2024-02-03 20:00:00+00:00
[2024-02-03T23:24:38.681+0000] {processor.py:183} INFO - Processing /home/airflow/.local/lib/python3.8/site-packages/airflow/example_dags/example_latest_only.py took 0.095 seconds
[2024-02-03T23:25:09.474+0000] {processor.py:161} INFO - Started process (PID=297) to work on /home/airflow/.local/lib/python3.8/site-packages/airflow/example_dags/example_latest_only.py
[2024-02-03T23:25:09.476+0000] {processor.py:830} INFO - Processing file /home/airflow/.local/lib/python3.8/site-packages/airflow/example_dags/example_latest_only.py for tasks to queue
[2024-02-03T23:25:09.479+0000] {logging_mixin.py:188} INFO - [2024-02-03T23:25:09.478+0000] {dagbag.py:538} INFO - Filling up the DagBag from /home/airflow/.local/lib/python3.8/site-packages/airflow/example_dags/example_latest_only.py
[2024-02-03T23:25:09.484+0000] {processor.py:840} INFO - DAG(s) 'latest_only' retrieved from /home/airflow/.local/lib/python3.8/site-packages/airflow/example_dags/example_latest_only.py
[2024-02-03T23:25:09.504+0000] {logging_mixin.py:188} INFO - [2024-02-03T23:25:09.504+0000] {dag.py:3036} INFO - Sync 1 DAGs
[2024-02-03T23:25:09.524+0000] {logging_mixin.py:188} INFO - [2024-02-03T23:25:09.524+0000] {dag.py:3823} INFO - Setting next_dagrun for latest_only to 2024-02-03 16:00:00+00:00, run_after=2024-02-03 20:00:00+00:00
[2024-02-03T23:25:09.547+0000] {processor.py:183} INFO - Processing /home/airflow/.local/lib/python3.8/site-packages/airflow/example_dags/example_latest_only.py took 0.080 seconds
[2024-02-03T23:25:39.751+0000] {processor.py:161} INFO - Started process (PID=352) to work on /home/airflow/.local/lib/python3.8/site-packages/airflow/example_dags/example_latest_only.py
[2024-02-03T23:25:39.752+0000] {processor.py:830} INFO - Processing file /home/airflow/.local/lib/python3.8/site-packages/airflow/example_dags/example_latest_only.py for tasks to queue
[2024-02-03T23:25:39.754+0000] {logging_mixin.py:188} INFO - [2024-02-03T23:25:39.753+0000] {dagbag.py:538} INFO - Filling up the DagBag from /home/airflow/.local/lib/python3.8/site-packages/airflow/example_dags/example_latest_only.py
[2024-02-03T23:25:39.758+0000] {processor.py:840} INFO - DAG(s) 'latest_only' retrieved from /home/airflow/.local/lib/python3.8/site-packages/airflow/example_dags/example_latest_only.py
[2024-02-03T23:25:39.780+0000] {logging_mixin.py:188} INFO - [2024-02-03T23:25:39.779+0000] {dag.py:3036} INFO - Sync 1 DAGs
[2024-02-03T23:25:39.797+0000] {logging_mixin.py:188} INFO - [2024-02-03T23:25:39.797+0000] {dag.py:3823} INFO - Setting next_dagrun for latest_only to 2024-02-03 16:00:00+00:00, run_after=2024-02-03 20:00:00+00:00
[2024-02-03T23:25:39.812+0000] {processor.py:183} INFO - Processing /home/airflow/.local/lib/python3.8/site-packages/airflow/example_dags/example_latest_only.py took 0.063 seconds
[2024-02-03T23:40:19.855+0000] {processor.py:161} INFO - Started process (PID=77) to work on /home/airflow/.local/lib/python3.8/site-packages/airflow/example_dags/example_latest_only.py
[2024-02-03T23:40:19.857+0000] {processor.py:830} INFO - Processing file /home/airflow/.local/lib/python3.8/site-packages/airflow/example_dags/example_latest_only.py for tasks to queue
[2024-02-03T23:40:19.860+0000] {logging_mixin.py:188} INFO - [2024-02-03T23:40:19.859+0000] {dagbag.py:538} INFO - Filling up the DagBag from /home/airflow/.local/lib/python3.8/site-packages/airflow/example_dags/example_latest_only.py
[2024-02-03T23:40:19.869+0000] {processor.py:840} INFO - DAG(s) 'latest_only' retrieved from /home/airflow/.local/lib/python3.8/site-packages/airflow/example_dags/example_latest_only.py
[2024-02-03T23:40:19.887+0000] {logging_mixin.py:188} INFO - [2024-02-03T23:40:19.887+0000] {dag.py:3036} INFO - Sync 1 DAGs
[2024-02-03T23:40:19.914+0000] {logging_mixin.py:188} INFO - [2024-02-03T23:40:19.913+0000] {dag.py:3823} INFO - Setting next_dagrun for latest_only to 2024-02-03 16:00:00+00:00, run_after=2024-02-03 20:00:00+00:00
[2024-02-03T23:40:19.932+0000] {processor.py:183} INFO - Processing /home/airflow/.local/lib/python3.8/site-packages/airflow/example_dags/example_latest_only.py took 0.082 seconds
[2024-02-03T23:40:52.151+0000] {processor.py:161} INFO - Started process (PID=133) to work on /home/airflow/.local/lib/python3.8/site-packages/airflow/example_dags/example_latest_only.py
[2024-02-03T23:40:52.152+0000] {processor.py:830} INFO - Processing file /home/airflow/.local/lib/python3.8/site-packages/airflow/example_dags/example_latest_only.py for tasks to queue
[2024-02-03T23:40:52.154+0000] {logging_mixin.py:188} INFO - [2024-02-03T23:40:52.154+0000] {dagbag.py:538} INFO - Filling up the DagBag from /home/airflow/.local/lib/python3.8/site-packages/airflow/example_dags/example_latest_only.py
[2024-02-03T23:40:52.162+0000] {processor.py:840} INFO - DAG(s) 'latest_only' retrieved from /home/airflow/.local/lib/python3.8/site-packages/airflow/example_dags/example_latest_only.py
[2024-02-03T23:40:52.255+0000] {logging_mixin.py:188} INFO - [2024-02-03T23:40:52.255+0000] {dag.py:3036} INFO - Sync 1 DAGs
[2024-02-03T23:40:52.274+0000] {logging_mixin.py:188} INFO - [2024-02-03T23:40:52.274+0000] {dag.py:3823} INFO - Setting next_dagrun for latest_only to 2024-02-03 16:00:00+00:00, run_after=2024-02-03 20:00:00+00:00
[2024-02-03T23:40:52.291+0000] {processor.py:183} INFO - Processing /home/airflow/.local/lib/python3.8/site-packages/airflow/example_dags/example_latest_only.py took 0.144 seconds
[2024-02-03T23:41:23.135+0000] {processor.py:161} INFO - Started process (PID=189) to work on /home/airflow/.local/lib/python3.8/site-packages/airflow/example_dags/example_latest_only.py
[2024-02-03T23:41:23.137+0000] {processor.py:830} INFO - Processing file /home/airflow/.local/lib/python3.8/site-packages/airflow/example_dags/example_latest_only.py for tasks to queue
[2024-02-03T23:41:23.140+0000] {logging_mixin.py:188} INFO - [2024-02-03T23:41:23.139+0000] {dagbag.py:538} INFO - Filling up the DagBag from /home/airflow/.local/lib/python3.8/site-packages/airflow/example_dags/example_latest_only.py
[2024-02-03T23:41:23.145+0000] {processor.py:840} INFO - DAG(s) 'latest_only' retrieved from /home/airflow/.local/lib/python3.8/site-packages/airflow/example_dags/example_latest_only.py
[2024-02-03T23:41:23.165+0000] {logging_mixin.py:188} INFO - [2024-02-03T23:41:23.165+0000] {dag.py:3036} INFO - Sync 1 DAGs
[2024-02-03T23:41:23.188+0000] {logging_mixin.py:188} INFO - [2024-02-03T23:41:23.188+0000] {dag.py:3823} INFO - Setting next_dagrun for latest_only to 2024-02-03 16:00:00+00:00, run_after=2024-02-03 20:00:00+00:00
[2024-02-03T23:41:23.205+0000] {processor.py:183} INFO - Processing /home/airflow/.local/lib/python3.8/site-packages/airflow/example_dags/example_latest_only.py took 0.073 seconds
[2024-02-03T23:41:53.611+0000] {processor.py:161} INFO - Started process (PID=245) to work on /home/airflow/.local/lib/python3.8/site-packages/airflow/example_dags/example_latest_only.py
[2024-02-03T23:41:53.612+0000] {processor.py:830} INFO - Processing file /home/airflow/.local/lib/python3.8/site-packages/airflow/example_dags/example_latest_only.py for tasks to queue
[2024-02-03T23:41:53.614+0000] {logging_mixin.py:188} INFO - [2024-02-03T23:41:53.614+0000] {dagbag.py:538} INFO - Filling up the DagBag from /home/airflow/.local/lib/python3.8/site-packages/airflow/example_dags/example_latest_only.py
[2024-02-03T23:41:53.621+0000] {processor.py:840} INFO - DAG(s) 'latest_only' retrieved from /home/airflow/.local/lib/python3.8/site-packages/airflow/example_dags/example_latest_only.py
[2024-02-03T23:41:53.643+0000] {logging_mixin.py:188} INFO - [2024-02-03T23:41:53.642+0000] {dag.py:3036} INFO - Sync 1 DAGs
[2024-02-03T23:41:53.667+0000] {logging_mixin.py:188} INFO - [2024-02-03T23:41:53.667+0000] {dag.py:3823} INFO - Setting next_dagrun for latest_only to 2024-02-03 16:00:00+00:00, run_after=2024-02-03 20:00:00+00:00
[2024-02-03T23:41:53.687+0000] {processor.py:183} INFO - Processing /home/airflow/.local/lib/python3.8/site-packages/airflow/example_dags/example_latest_only.py took 0.079 seconds
