[2024-02-03T23:23:04.313+0000] {processor.py:161} INFO - Started process (PID=64) to work on /home/airflow/.local/lib/python3.8/site-packages/airflow/example_dags/example_external_task_marker_dag.py
[2024-02-03T23:23:04.314+0000] {processor.py:830} INFO - Processing file /home/airflow/.local/lib/python3.8/site-packages/airflow/example_dags/example_external_task_marker_dag.py for tasks to queue
[2024-02-03T23:23:04.316+0000] {logging_mixin.py:188} INFO - [2024-02-03T23:23:04.316+0000] {dagbag.py:538} INFO - Filling up the DagBag from /home/airflow/.local/lib/python3.8/site-packages/airflow/example_dags/example_external_task_marker_dag.py
[2024-02-03T23:23:04.326+0000] {processor.py:840} INFO - DAG(s) 'example_external_task_marker_parent', 'example_external_task_marker_child' retrieved from /home/airflow/.local/lib/python3.8/site-packages/airflow/example_dags/example_external_task_marker_dag.py
[2024-02-03T23:23:04.343+0000] {logging_mixin.py:188} INFO - [2024-02-03T23:23:04.343+0000] {dag.py:3036} INFO - Sync 2 DAGs
[2024-02-03T23:23:04.361+0000] {logging_mixin.py:188} INFO - [2024-02-03T23:23:04.360+0000] {dag.py:3823} INFO - Setting next_dagrun for example_external_task_marker_child to None, run_after=None
[2024-02-03T23:23:04.366+0000] {logging_mixin.py:188} INFO - [2024-02-03T23:23:04.366+0000] {dag.py:3823} INFO - Setting next_dagrun for example_external_task_marker_parent to None, run_after=None
[2024-02-03T23:23:04.385+0000] {processor.py:183} INFO - Processing /home/airflow/.local/lib/python3.8/site-packages/airflow/example_dags/example_external_task_marker_dag.py took 0.079 seconds
[2024-02-03T23:23:36.140+0000] {processor.py:161} INFO - Started process (PID=119) to work on /home/airflow/.local/lib/python3.8/site-packages/airflow/example_dags/example_external_task_marker_dag.py
[2024-02-03T23:23:36.141+0000] {processor.py:830} INFO - Processing file /home/airflow/.local/lib/python3.8/site-packages/airflow/example_dags/example_external_task_marker_dag.py for tasks to queue
[2024-02-03T23:23:36.143+0000] {logging_mixin.py:188} INFO - [2024-02-03T23:23:36.143+0000] {dagbag.py:538} INFO - Filling up the DagBag from /home/airflow/.local/lib/python3.8/site-packages/airflow/example_dags/example_external_task_marker_dag.py
[2024-02-03T23:23:36.150+0000] {processor.py:840} INFO - DAG(s) 'example_external_task_marker_child', 'example_external_task_marker_parent' retrieved from /home/airflow/.local/lib/python3.8/site-packages/airflow/example_dags/example_external_task_marker_dag.py
[2024-02-03T23:23:36.270+0000] {logging_mixin.py:188} INFO - [2024-02-03T23:23:36.269+0000] {dag.py:3036} INFO - Sync 2 DAGs
[2024-02-03T23:23:36.286+0000] {logging_mixin.py:188} INFO - [2024-02-03T23:23:36.285+0000] {dag.py:3823} INFO - Setting next_dagrun for example_external_task_marker_child to None, run_after=None
[2024-02-03T23:23:36.290+0000] {logging_mixin.py:188} INFO - [2024-02-03T23:23:36.290+0000] {dag.py:3823} INFO - Setting next_dagrun for example_external_task_marker_parent to None, run_after=None
[2024-02-03T23:23:36.312+0000] {processor.py:183} INFO - Processing /home/airflow/.local/lib/python3.8/site-packages/airflow/example_dags/example_external_task_marker_dag.py took 0.175 seconds
[2024-02-03T23:24:06.393+0000] {processor.py:161} INFO - Started process (PID=174) to work on /home/airflow/.local/lib/python3.8/site-packages/airflow/example_dags/example_external_task_marker_dag.py
[2024-02-03T23:24:06.394+0000] {processor.py:830} INFO - Processing file /home/airflow/.local/lib/python3.8/site-packages/airflow/example_dags/example_external_task_marker_dag.py for tasks to queue
[2024-02-03T23:24:06.398+0000] {logging_mixin.py:188} INFO - [2024-02-03T23:24:06.397+0000] {dagbag.py:538} INFO - Filling up the DagBag from /home/airflow/.local/lib/python3.8/site-packages/airflow/example_dags/example_external_task_marker_dag.py
[2024-02-03T23:24:06.405+0000] {processor.py:840} INFO - DAG(s) 'example_external_task_marker_parent', 'example_external_task_marker_child' retrieved from /home/airflow/.local/lib/python3.8/site-packages/airflow/example_dags/example_external_task_marker_dag.py
[2024-02-03T23:24:06.428+0000] {logging_mixin.py:188} INFO - [2024-02-03T23:24:06.428+0000] {dag.py:3036} INFO - Sync 2 DAGs
[2024-02-03T23:24:06.441+0000] {logging_mixin.py:188} INFO - [2024-02-03T23:24:06.441+0000] {dag.py:3823} INFO - Setting next_dagrun for example_external_task_marker_child to None, run_after=None
[2024-02-03T23:24:06.444+0000] {logging_mixin.py:188} INFO - [2024-02-03T23:24:06.444+0000] {dag.py:3823} INFO - Setting next_dagrun for example_external_task_marker_parent to None, run_after=None
[2024-02-03T23:24:06.459+0000] {processor.py:183} INFO - Processing /home/airflow/.local/lib/python3.8/site-packages/airflow/example_dags/example_external_task_marker_dag.py took 0.068 seconds
[2024-02-03T23:24:36.517+0000] {processor.py:161} INFO - Started process (PID=229) to work on /home/airflow/.local/lib/python3.8/site-packages/airflow/example_dags/example_external_task_marker_dag.py
[2024-02-03T23:24:36.518+0000] {processor.py:830} INFO - Processing file /home/airflow/.local/lib/python3.8/site-packages/airflow/example_dags/example_external_task_marker_dag.py for tasks to queue
[2024-02-03T23:24:36.521+0000] {logging_mixin.py:188} INFO - [2024-02-03T23:24:36.520+0000] {dagbag.py:538} INFO - Filling up the DagBag from /home/airflow/.local/lib/python3.8/site-packages/airflow/example_dags/example_external_task_marker_dag.py
[2024-02-03T23:24:36.528+0000] {processor.py:840} INFO - DAG(s) 'example_external_task_marker_child', 'example_external_task_marker_parent' retrieved from /home/airflow/.local/lib/python3.8/site-packages/airflow/example_dags/example_external_task_marker_dag.py
[2024-02-03T23:24:36.552+0000] {logging_mixin.py:188} INFO - [2024-02-03T23:24:36.552+0000] {dag.py:3036} INFO - Sync 2 DAGs
[2024-02-03T23:24:36.564+0000] {logging_mixin.py:188} INFO - [2024-02-03T23:24:36.564+0000] {dag.py:3823} INFO - Setting next_dagrun for example_external_task_marker_child to None, run_after=None
[2024-02-03T23:24:36.568+0000] {logging_mixin.py:188} INFO - [2024-02-03T23:24:36.568+0000] {dag.py:3823} INFO - Setting next_dagrun for example_external_task_marker_parent to None, run_after=None
[2024-02-03T23:24:36.582+0000] {processor.py:183} INFO - Processing /home/airflow/.local/lib/python3.8/site-packages/airflow/example_dags/example_external_task_marker_dag.py took 0.067 seconds
[2024-02-03T23:25:06.743+0000] {processor.py:161} INFO - Started process (PID=284) to work on /home/airflow/.local/lib/python3.8/site-packages/airflow/example_dags/example_external_task_marker_dag.py
[2024-02-03T23:25:06.744+0000] {processor.py:830} INFO - Processing file /home/airflow/.local/lib/python3.8/site-packages/airflow/example_dags/example_external_task_marker_dag.py for tasks to queue
[2024-02-03T23:25:06.746+0000] {logging_mixin.py:188} INFO - [2024-02-03T23:25:06.746+0000] {dagbag.py:538} INFO - Filling up the DagBag from /home/airflow/.local/lib/python3.8/site-packages/airflow/example_dags/example_external_task_marker_dag.py
[2024-02-03T23:25:06.754+0000] {processor.py:840} INFO - DAG(s) 'example_external_task_marker_parent', 'example_external_task_marker_child' retrieved from /home/airflow/.local/lib/python3.8/site-packages/airflow/example_dags/example_external_task_marker_dag.py
[2024-02-03T23:25:06.782+0000] {logging_mixin.py:188} INFO - [2024-02-03T23:25:06.782+0000] {dag.py:3036} INFO - Sync 2 DAGs
[2024-02-03T23:25:06.795+0000] {logging_mixin.py:188} INFO - [2024-02-03T23:25:06.795+0000] {dag.py:3823} INFO - Setting next_dagrun for example_external_task_marker_child to None, run_after=None
[2024-02-03T23:25:06.799+0000] {logging_mixin.py:188} INFO - [2024-02-03T23:25:06.799+0000] {dag.py:3823} INFO - Setting next_dagrun for example_external_task_marker_parent to None, run_after=None
[2024-02-03T23:25:06.815+0000] {processor.py:183} INFO - Processing /home/airflow/.local/lib/python3.8/site-packages/airflow/example_dags/example_external_task_marker_dag.py took 0.075 seconds
[2024-02-03T23:25:37.136+0000] {processor.py:161} INFO - Started process (PID=339) to work on /home/airflow/.local/lib/python3.8/site-packages/airflow/example_dags/example_external_task_marker_dag.py
[2024-02-03T23:25:37.138+0000] {processor.py:830} INFO - Processing file /home/airflow/.local/lib/python3.8/site-packages/airflow/example_dags/example_external_task_marker_dag.py for tasks to queue
[2024-02-03T23:25:37.140+0000] {logging_mixin.py:188} INFO - [2024-02-03T23:25:37.140+0000] {dagbag.py:538} INFO - Filling up the DagBag from /home/airflow/.local/lib/python3.8/site-packages/airflow/example_dags/example_external_task_marker_dag.py
[2024-02-03T23:25:37.146+0000] {processor.py:840} INFO - DAG(s) 'example_external_task_marker_parent', 'example_external_task_marker_child' retrieved from /home/airflow/.local/lib/python3.8/site-packages/airflow/example_dags/example_external_task_marker_dag.py
[2024-02-03T23:25:37.167+0000] {logging_mixin.py:188} INFO - [2024-02-03T23:25:37.167+0000] {dag.py:3036} INFO - Sync 2 DAGs
[2024-02-03T23:25:37.181+0000] {logging_mixin.py:188} INFO - [2024-02-03T23:25:37.181+0000] {dag.py:3823} INFO - Setting next_dagrun for example_external_task_marker_child to None, run_after=None
[2024-02-03T23:25:37.184+0000] {logging_mixin.py:188} INFO - [2024-02-03T23:25:37.184+0000] {dag.py:3823} INFO - Setting next_dagrun for example_external_task_marker_parent to None, run_after=None
[2024-02-03T23:25:37.197+0000] {processor.py:183} INFO - Processing /home/airflow/.local/lib/python3.8/site-packages/airflow/example_dags/example_external_task_marker_dag.py took 0.063 seconds
[2024-02-03T23:40:19.166+0000] {processor.py:161} INFO - Started process (PID=64) to work on /home/airflow/.local/lib/python3.8/site-packages/airflow/example_dags/example_external_task_marker_dag.py
[2024-02-03T23:40:19.168+0000] {processor.py:830} INFO - Processing file /home/airflow/.local/lib/python3.8/site-packages/airflow/example_dags/example_external_task_marker_dag.py for tasks to queue
[2024-02-03T23:40:19.170+0000] {logging_mixin.py:188} INFO - [2024-02-03T23:40:19.170+0000] {dagbag.py:538} INFO - Filling up the DagBag from /home/airflow/.local/lib/python3.8/site-packages/airflow/example_dags/example_external_task_marker_dag.py
[2024-02-03T23:40:19.179+0000] {processor.py:840} INFO - DAG(s) 'example_external_task_marker_child', 'example_external_task_marker_parent' retrieved from /home/airflow/.local/lib/python3.8/site-packages/airflow/example_dags/example_external_task_marker_dag.py
[2024-02-03T23:40:19.192+0000] {logging_mixin.py:188} INFO - [2024-02-03T23:40:19.192+0000] {dag.py:3036} INFO - Sync 2 DAGs
[2024-02-03T23:40:19.216+0000] {logging_mixin.py:188} INFO - [2024-02-03T23:40:19.216+0000] {dag.py:3823} INFO - Setting next_dagrun for example_external_task_marker_child to None, run_after=None
[2024-02-03T23:40:19.221+0000] {logging_mixin.py:188} INFO - [2024-02-03T23:40:19.221+0000] {dag.py:3823} INFO - Setting next_dagrun for example_external_task_marker_parent to None, run_after=None
[2024-02-03T23:40:19.240+0000] {processor.py:183} INFO - Processing /home/airflow/.local/lib/python3.8/site-packages/airflow/example_dags/example_external_task_marker_dag.py took 0.079 seconds
[2024-02-03T23:40:50.983+0000] {processor.py:161} INFO - Started process (PID=120) to work on /home/airflow/.local/lib/python3.8/site-packages/airflow/example_dags/example_external_task_marker_dag.py
[2024-02-03T23:40:50.983+0000] {processor.py:830} INFO - Processing file /home/airflow/.local/lib/python3.8/site-packages/airflow/example_dags/example_external_task_marker_dag.py for tasks to queue
[2024-02-03T23:40:50.985+0000] {logging_mixin.py:188} INFO - [2024-02-03T23:40:50.985+0000] {dagbag.py:538} INFO - Filling up the DagBag from /home/airflow/.local/lib/python3.8/site-packages/airflow/example_dags/example_external_task_marker_dag.py
[2024-02-03T23:40:50.991+0000] {processor.py:840} INFO - DAG(s) 'example_external_task_marker_parent', 'example_external_task_marker_child' retrieved from /home/airflow/.local/lib/python3.8/site-packages/airflow/example_dags/example_external_task_marker_dag.py
[2024-02-03T23:40:51.090+0000] {logging_mixin.py:188} INFO - [2024-02-03T23:40:51.090+0000] {dag.py:3036} INFO - Sync 2 DAGs
[2024-02-03T23:40:51.099+0000] {logging_mixin.py:188} INFO - [2024-02-03T23:40:51.099+0000] {dag.py:3823} INFO - Setting next_dagrun for example_external_task_marker_child to None, run_after=None
[2024-02-03T23:40:51.101+0000] {logging_mixin.py:188} INFO - [2024-02-03T23:40:51.101+0000] {dag.py:3823} INFO - Setting next_dagrun for example_external_task_marker_parent to None, run_after=None
[2024-02-03T23:40:51.115+0000] {processor.py:183} INFO - Processing /home/airflow/.local/lib/python3.8/site-packages/airflow/example_dags/example_external_task_marker_dag.py took 0.135 seconds
[2024-02-03T23:41:21.267+0000] {processor.py:161} INFO - Started process (PID=176) to work on /home/airflow/.local/lib/python3.8/site-packages/airflow/example_dags/example_external_task_marker_dag.py
[2024-02-03T23:41:21.268+0000] {processor.py:830} INFO - Processing file /home/airflow/.local/lib/python3.8/site-packages/airflow/example_dags/example_external_task_marker_dag.py for tasks to queue
[2024-02-03T23:41:21.271+0000] {logging_mixin.py:188} INFO - [2024-02-03T23:41:21.270+0000] {dagbag.py:538} INFO - Filling up the DagBag from /home/airflow/.local/lib/python3.8/site-packages/airflow/example_dags/example_external_task_marker_dag.py
[2024-02-03T23:41:21.276+0000] {processor.py:840} INFO - DAG(s) 'example_external_task_marker_parent', 'example_external_task_marker_child' retrieved from /home/airflow/.local/lib/python3.8/site-packages/airflow/example_dags/example_external_task_marker_dag.py
[2024-02-03T23:41:21.302+0000] {logging_mixin.py:188} INFO - [2024-02-03T23:41:21.301+0000] {dag.py:3036} INFO - Sync 2 DAGs
[2024-02-03T23:41:21.313+0000] {logging_mixin.py:188} INFO - [2024-02-03T23:41:21.312+0000] {dag.py:3823} INFO - Setting next_dagrun for example_external_task_marker_child to None, run_after=None
[2024-02-03T23:41:21.316+0000] {logging_mixin.py:188} INFO - [2024-02-03T23:41:21.315+0000] {dag.py:3823} INFO - Setting next_dagrun for example_external_task_marker_parent to None, run_after=None
[2024-02-03T23:41:21.330+0000] {processor.py:183} INFO - Processing /home/airflow/.local/lib/python3.8/site-packages/airflow/example_dags/example_external_task_marker_dag.py took 0.066 seconds
[2024-02-03T23:41:51.804+0000] {processor.py:161} INFO - Started process (PID=232) to work on /home/airflow/.local/lib/python3.8/site-packages/airflow/example_dags/example_external_task_marker_dag.py
[2024-02-03T23:41:51.805+0000] {processor.py:830} INFO - Processing file /home/airflow/.local/lib/python3.8/site-packages/airflow/example_dags/example_external_task_marker_dag.py for tasks to queue
[2024-02-03T23:41:51.807+0000] {logging_mixin.py:188} INFO - [2024-02-03T23:41:51.806+0000] {dagbag.py:538} INFO - Filling up the DagBag from /home/airflow/.local/lib/python3.8/site-packages/airflow/example_dags/example_external_task_marker_dag.py
[2024-02-03T23:41:51.814+0000] {processor.py:840} INFO - DAG(s) 'example_external_task_marker_child', 'example_external_task_marker_parent' retrieved from /home/airflow/.local/lib/python3.8/site-packages/airflow/example_dags/example_external_task_marker_dag.py
[2024-02-03T23:41:51.841+0000] {logging_mixin.py:188} INFO - [2024-02-03T23:41:51.840+0000] {dag.py:3036} INFO - Sync 2 DAGs
[2024-02-03T23:41:51.853+0000] {logging_mixin.py:188} INFO - [2024-02-03T23:41:51.853+0000] {dag.py:3823} INFO - Setting next_dagrun for example_external_task_marker_child to None, run_after=None
[2024-02-03T23:41:51.856+0000] {logging_mixin.py:188} INFO - [2024-02-03T23:41:51.856+0000] {dag.py:3823} INFO - Setting next_dagrun for example_external_task_marker_parent to None, run_after=None
[2024-02-03T23:41:51.871+0000] {processor.py:183} INFO - Processing /home/airflow/.local/lib/python3.8/site-packages/airflow/example_dags/example_external_task_marker_dag.py took 0.071 seconds
