[2024-02-03T23:23:03.530+0000] {processor.py:161} INFO - Started process (PID=51) to work on /home/airflow/.local/lib/python3.8/site-packages/airflow/example_dags/example_python_operator.py
[2024-02-03T23:23:03.531+0000] {processor.py:830} INFO - Processing file /home/airflow/.local/lib/python3.8/site-packages/airflow/example_dags/example_python_operator.py for tasks to queue
[2024-02-03T23:23:03.533+0000] {logging_mixin.py:188} INFO - [2024-02-03T23:23:03.533+0000] {dagbag.py:538} INFO - Filling up the DagBag from /home/airflow/.local/lib/python3.8/site-packages/airflow/example_dags/example_python_operator.py
[2024-02-03T23:23:03.546+0000] {processor.py:840} INFO - DAG(s) 'example_python_operator' retrieved from /home/airflow/.local/lib/python3.8/site-packages/airflow/example_dags/example_python_operator.py
[2024-02-03T23:23:03.560+0000] {logging_mixin.py:188} INFO - [2024-02-03T23:23:03.560+0000] {dag.py:3036} INFO - Sync 1 DAGs
[2024-02-03T23:23:03.573+0000] {logging_mixin.py:188} INFO - [2024-02-03T23:23:03.573+0000] {dag.py:3823} INFO - Setting next_dagrun for example_python_operator to None, run_after=None
[2024-02-03T23:23:03.595+0000] {processor.py:183} INFO - Processing /home/airflow/.local/lib/python3.8/site-packages/airflow/example_dags/example_python_operator.py took 0.069 seconds
[2024-02-03T23:23:34.939+0000] {processor.py:161} INFO - Started process (PID=106) to work on /home/airflow/.local/lib/python3.8/site-packages/airflow/example_dags/example_python_operator.py
[2024-02-03T23:23:34.940+0000] {processor.py:830} INFO - Processing file /home/airflow/.local/lib/python3.8/site-packages/airflow/example_dags/example_python_operator.py for tasks to queue
[2024-02-03T23:23:34.943+0000] {logging_mixin.py:188} INFO - [2024-02-03T23:23:34.942+0000] {dagbag.py:538} INFO - Filling up the DagBag from /home/airflow/.local/lib/python3.8/site-packages/airflow/example_dags/example_python_operator.py
[2024-02-03T23:23:34.956+0000] {processor.py:840} INFO - DAG(s) 'example_python_operator' retrieved from /home/airflow/.local/lib/python3.8/site-packages/airflow/example_dags/example_python_operator.py
[2024-02-03T23:23:35.058+0000] {logging_mixin.py:188} INFO - [2024-02-03T23:23:35.058+0000] {dag.py:3036} INFO - Sync 1 DAGs
[2024-02-03T23:23:35.070+0000] {logging_mixin.py:188} INFO - [2024-02-03T23:23:35.070+0000] {dag.py:3823} INFO - Setting next_dagrun for example_python_operator to None, run_after=None
[2024-02-03T23:23:35.092+0000] {processor.py:183} INFO - Processing /home/airflow/.local/lib/python3.8/site-packages/airflow/example_dags/example_python_operator.py took 0.158 seconds
[2024-02-03T23:24:05.197+0000] {processor.py:161} INFO - Started process (PID=161) to work on /home/airflow/.local/lib/python3.8/site-packages/airflow/example_dags/example_python_operator.py
[2024-02-03T23:24:05.199+0000] {processor.py:830} INFO - Processing file /home/airflow/.local/lib/python3.8/site-packages/airflow/example_dags/example_python_operator.py for tasks to queue
[2024-02-03T23:24:05.201+0000] {logging_mixin.py:188} INFO - [2024-02-03T23:24:05.200+0000] {dagbag.py:538} INFO - Filling up the DagBag from /home/airflow/.local/lib/python3.8/site-packages/airflow/example_dags/example_python_operator.py
[2024-02-03T23:24:05.212+0000] {processor.py:840} INFO - DAG(s) 'example_python_operator' retrieved from /home/airflow/.local/lib/python3.8/site-packages/airflow/example_dags/example_python_operator.py
[2024-02-03T23:24:05.235+0000] {logging_mixin.py:188} INFO - [2024-02-03T23:24:05.235+0000] {dag.py:3036} INFO - Sync 1 DAGs
[2024-02-03T23:24:05.246+0000] {logging_mixin.py:188} INFO - [2024-02-03T23:24:05.245+0000] {dag.py:3823} INFO - Setting next_dagrun for example_python_operator to None, run_after=None
[2024-02-03T23:24:05.262+0000] {processor.py:183} INFO - Processing /home/airflow/.local/lib/python3.8/site-packages/airflow/example_dags/example_python_operator.py took 0.068 seconds
[2024-02-03T23:24:35.516+0000] {processor.py:161} INFO - Started process (PID=216) to work on /home/airflow/.local/lib/python3.8/site-packages/airflow/example_dags/example_python_operator.py
[2024-02-03T23:24:35.517+0000] {processor.py:830} INFO - Processing file /home/airflow/.local/lib/python3.8/site-packages/airflow/example_dags/example_python_operator.py for tasks to queue
[2024-02-03T23:24:35.520+0000] {logging_mixin.py:188} INFO - [2024-02-03T23:24:35.519+0000] {dagbag.py:538} INFO - Filling up the DagBag from /home/airflow/.local/lib/python3.8/site-packages/airflow/example_dags/example_python_operator.py
[2024-02-03T23:24:35.532+0000] {processor.py:840} INFO - DAG(s) 'example_python_operator' retrieved from /home/airflow/.local/lib/python3.8/site-packages/airflow/example_dags/example_python_operator.py
[2024-02-03T23:24:35.559+0000] {logging_mixin.py:188} INFO - [2024-02-03T23:24:35.558+0000] {dag.py:3036} INFO - Sync 1 DAGs
[2024-02-03T23:24:35.573+0000] {logging_mixin.py:188} INFO - [2024-02-03T23:24:35.572+0000] {dag.py:3823} INFO - Setting next_dagrun for example_python_operator to None, run_after=None
[2024-02-03T23:24:35.595+0000] {processor.py:183} INFO - Processing /home/airflow/.local/lib/python3.8/site-packages/airflow/example_dags/example_python_operator.py took 0.082 seconds
[2024-02-03T23:25:06.001+0000] {processor.py:161} INFO - Started process (PID=271) to work on /home/airflow/.local/lib/python3.8/site-packages/airflow/example_dags/example_python_operator.py
[2024-02-03T23:25:06.002+0000] {processor.py:830} INFO - Processing file /home/airflow/.local/lib/python3.8/site-packages/airflow/example_dags/example_python_operator.py for tasks to queue
[2024-02-03T23:25:06.004+0000] {logging_mixin.py:188} INFO - [2024-02-03T23:25:06.004+0000] {dagbag.py:538} INFO - Filling up the DagBag from /home/airflow/.local/lib/python3.8/site-packages/airflow/example_dags/example_python_operator.py
[2024-02-03T23:25:06.016+0000] {processor.py:840} INFO - DAG(s) 'example_python_operator' retrieved from /home/airflow/.local/lib/python3.8/site-packages/airflow/example_dags/example_python_operator.py
[2024-02-03T23:25:06.039+0000] {logging_mixin.py:188} INFO - [2024-02-03T23:25:06.038+0000] {dag.py:3036} INFO - Sync 1 DAGs
[2024-02-03T23:25:06.053+0000] {logging_mixin.py:188} INFO - [2024-02-03T23:25:06.052+0000] {dag.py:3823} INFO - Setting next_dagrun for example_python_operator to None, run_after=None
[2024-02-03T23:25:06.072+0000] {processor.py:183} INFO - Processing /home/airflow/.local/lib/python3.8/site-packages/airflow/example_dags/example_python_operator.py took 0.074 seconds
[2024-02-03T23:25:36.401+0000] {processor.py:161} INFO - Started process (PID=326) to work on /home/airflow/.local/lib/python3.8/site-packages/airflow/example_dags/example_python_operator.py
[2024-02-03T23:25:36.402+0000] {processor.py:830} INFO - Processing file /home/airflow/.local/lib/python3.8/site-packages/airflow/example_dags/example_python_operator.py for tasks to queue
[2024-02-03T23:25:36.404+0000] {logging_mixin.py:188} INFO - [2024-02-03T23:25:36.403+0000] {dagbag.py:538} INFO - Filling up the DagBag from /home/airflow/.local/lib/python3.8/site-packages/airflow/example_dags/example_python_operator.py
[2024-02-03T23:25:36.414+0000] {processor.py:840} INFO - DAG(s) 'example_python_operator' retrieved from /home/airflow/.local/lib/python3.8/site-packages/airflow/example_dags/example_python_operator.py
[2024-02-03T23:25:36.434+0000] {logging_mixin.py:188} INFO - [2024-02-03T23:25:36.433+0000] {dag.py:3036} INFO - Sync 1 DAGs
[2024-02-03T23:25:36.446+0000] {logging_mixin.py:188} INFO - [2024-02-03T23:25:36.445+0000] {dag.py:3823} INFO - Setting next_dagrun for example_python_operator to None, run_after=None
[2024-02-03T23:25:36.462+0000] {processor.py:183} INFO - Processing /home/airflow/.local/lib/python3.8/site-packages/airflow/example_dags/example_python_operator.py took 0.063 seconds
[2024-02-03T23:40:18.447+0000] {processor.py:161} INFO - Started process (PID=51) to work on /home/airflow/.local/lib/python3.8/site-packages/airflow/example_dags/example_python_operator.py
[2024-02-03T23:40:18.449+0000] {processor.py:830} INFO - Processing file /home/airflow/.local/lib/python3.8/site-packages/airflow/example_dags/example_python_operator.py for tasks to queue
[2024-02-03T23:40:18.452+0000] {logging_mixin.py:188} INFO - [2024-02-03T23:40:18.452+0000] {dagbag.py:538} INFO - Filling up the DagBag from /home/airflow/.local/lib/python3.8/site-packages/airflow/example_dags/example_python_operator.py
[2024-02-03T23:40:18.470+0000] {processor.py:840} INFO - DAG(s) 'example_python_operator' retrieved from /home/airflow/.local/lib/python3.8/site-packages/airflow/example_dags/example_python_operator.py
[2024-02-03T23:40:18.483+0000] {logging_mixin.py:188} INFO - [2024-02-03T23:40:18.483+0000] {dag.py:3036} INFO - Sync 1 DAGs
[2024-02-03T23:40:18.500+0000] {logging_mixin.py:188} INFO - [2024-02-03T23:40:18.500+0000] {dag.py:3823} INFO - Setting next_dagrun for example_python_operator to None, run_after=None
[2024-02-03T23:40:18.527+0000] {processor.py:183} INFO - Processing /home/airflow/.local/lib/python3.8/site-packages/airflow/example_dags/example_python_operator.py took 0.083 seconds
[2024-02-03T23:40:49.597+0000] {processor.py:161} INFO - Started process (PID=107) to work on /home/airflow/.local/lib/python3.8/site-packages/airflow/example_dags/example_python_operator.py
[2024-02-03T23:40:49.598+0000] {processor.py:830} INFO - Processing file /home/airflow/.local/lib/python3.8/site-packages/airflow/example_dags/example_python_operator.py for tasks to queue
[2024-02-03T23:40:49.600+0000] {logging_mixin.py:188} INFO - [2024-02-03T23:40:49.600+0000] {dagbag.py:538} INFO - Filling up the DagBag from /home/airflow/.local/lib/python3.8/site-packages/airflow/example_dags/example_python_operator.py
[2024-02-03T23:40:49.611+0000] {processor.py:840} INFO - DAG(s) 'example_python_operator' retrieved from /home/airflow/.local/lib/python3.8/site-packages/airflow/example_dags/example_python_operator.py
[2024-02-03T23:40:49.690+0000] {logging_mixin.py:188} INFO - [2024-02-03T23:40:49.690+0000] {dag.py:3036} INFO - Sync 1 DAGs
[2024-02-03T23:40:49.699+0000] {logging_mixin.py:188} INFO - [2024-02-03T23:40:49.698+0000] {dag.py:3823} INFO - Setting next_dagrun for example_python_operator to None, run_after=None
[2024-02-03T23:40:49.713+0000] {processor.py:183} INFO - Processing /home/airflow/.local/lib/python3.8/site-packages/airflow/example_dags/example_python_operator.py took 0.119 seconds
[2024-02-03T23:41:20.564+0000] {processor.py:161} INFO - Started process (PID=163) to work on /home/airflow/.local/lib/python3.8/site-packages/airflow/example_dags/example_python_operator.py
[2024-02-03T23:41:20.566+0000] {processor.py:830} INFO - Processing file /home/airflow/.local/lib/python3.8/site-packages/airflow/example_dags/example_python_operator.py for tasks to queue
[2024-02-03T23:41:20.568+0000] {logging_mixin.py:188} INFO - [2024-02-03T23:41:20.568+0000] {dagbag.py:538} INFO - Filling up the DagBag from /home/airflow/.local/lib/python3.8/site-packages/airflow/example_dags/example_python_operator.py
[2024-02-03T23:41:20.580+0000] {processor.py:840} INFO - DAG(s) 'example_python_operator' retrieved from /home/airflow/.local/lib/python3.8/site-packages/airflow/example_dags/example_python_operator.py
[2024-02-03T23:41:20.602+0000] {logging_mixin.py:188} INFO - [2024-02-03T23:41:20.601+0000] {dag.py:3036} INFO - Sync 1 DAGs
[2024-02-03T23:41:20.613+0000] {logging_mixin.py:188} INFO - [2024-02-03T23:41:20.613+0000] {dag.py:3823} INFO - Setting next_dagrun for example_python_operator to None, run_after=None
[2024-02-03T23:41:20.636+0000] {processor.py:183} INFO - Processing /home/airflow/.local/lib/python3.8/site-packages/airflow/example_dags/example_python_operator.py took 0.077 seconds
[2024-02-03T23:41:51.104+0000] {processor.py:161} INFO - Started process (PID=219) to work on /home/airflow/.local/lib/python3.8/site-packages/airflow/example_dags/example_python_operator.py
[2024-02-03T23:41:51.105+0000] {processor.py:830} INFO - Processing file /home/airflow/.local/lib/python3.8/site-packages/airflow/example_dags/example_python_operator.py for tasks to queue
[2024-02-03T23:41:51.108+0000] {logging_mixin.py:188} INFO - [2024-02-03T23:41:51.107+0000] {dagbag.py:538} INFO - Filling up the DagBag from /home/airflow/.local/lib/python3.8/site-packages/airflow/example_dags/example_python_operator.py
[2024-02-03T23:41:51.120+0000] {processor.py:840} INFO - DAG(s) 'example_python_operator' retrieved from /home/airflow/.local/lib/python3.8/site-packages/airflow/example_dags/example_python_operator.py
[2024-02-03T23:41:51.147+0000] {logging_mixin.py:188} INFO - [2024-02-03T23:41:51.146+0000] {dag.py:3036} INFO - Sync 1 DAGs
[2024-02-03T23:41:51.159+0000] {logging_mixin.py:188} INFO - [2024-02-03T23:41:51.159+0000] {dag.py:3823} INFO - Setting next_dagrun for example_python_operator to None, run_after=None
[2024-02-03T23:41:51.179+0000] {processor.py:183} INFO - Processing /home/airflow/.local/lib/python3.8/site-packages/airflow/example_dags/example_python_operator.py took 0.080 seconds
