[2024-02-03T23:23:04.071+0000] {processor.py:161} INFO - Started process (PID=60) to work on /home/airflow/.local/lib/python3.8/site-packages/airflow/example_dags/example_xcomargs.py
[2024-02-03T23:23:04.073+0000] {processor.py:830} INFO - Processing file /home/airflow/.local/lib/python3.8/site-packages/airflow/example_dags/example_xcomargs.py for tasks to queue
[2024-02-03T23:23:04.078+0000] {logging_mixin.py:188} INFO - [2024-02-03T23:23:04.077+0000] {dagbag.py:538} INFO - Filling up the DagBag from /home/airflow/.local/lib/python3.8/site-packages/airflow/example_dags/example_xcomargs.py
[2024-02-03T23:23:04.091+0000] {processor.py:840} INFO - DAG(s) 'example_xcom_args_with_operators', 'example_xcom_args' retrieved from /home/airflow/.local/lib/python3.8/site-packages/airflow/example_dags/example_xcomargs.py
[2024-02-03T23:23:04.113+0000] {logging_mixin.py:188} INFO - [2024-02-03T23:23:04.113+0000] {dag.py:3036} INFO - Sync 2 DAGs
[2024-02-03T23:23:04.129+0000] {logging_mixin.py:188} INFO - [2024-02-03T23:23:04.129+0000] {dag.py:3823} INFO - Setting next_dagrun for example_xcom_args to None, run_after=None
[2024-02-03T23:23:04.133+0000] {logging_mixin.py:188} INFO - [2024-02-03T23:23:04.133+0000] {dag.py:3823} INFO - Setting next_dagrun for example_xcom_args_with_operators to None, run_after=None
[2024-02-03T23:23:04.167+0000] {processor.py:183} INFO - Processing /home/airflow/.local/lib/python3.8/site-packages/airflow/example_dags/example_xcomargs.py took 0.100 seconds
[2024-02-03T23:23:35.774+0000] {processor.py:161} INFO - Started process (PID=115) to work on /home/airflow/.local/lib/python3.8/site-packages/airflow/example_dags/example_xcomargs.py
[2024-02-03T23:23:35.775+0000] {processor.py:830} INFO - Processing file /home/airflow/.local/lib/python3.8/site-packages/airflow/example_dags/example_xcomargs.py for tasks to queue
[2024-02-03T23:23:35.777+0000] {logging_mixin.py:188} INFO - [2024-02-03T23:23:35.777+0000] {dagbag.py:538} INFO - Filling up the DagBag from /home/airflow/.local/lib/python3.8/site-packages/airflow/example_dags/example_xcomargs.py
[2024-02-03T23:23:35.787+0000] {processor.py:840} INFO - DAG(s) 'example_xcom_args', 'example_xcom_args_with_operators' retrieved from /home/airflow/.local/lib/python3.8/site-packages/airflow/example_dags/example_xcomargs.py
[2024-02-03T23:23:35.899+0000] {logging_mixin.py:188} INFO - [2024-02-03T23:23:35.899+0000] {dag.py:3036} INFO - Sync 2 DAGs
[2024-02-03T23:23:35.909+0000] {logging_mixin.py:188} INFO - [2024-02-03T23:23:35.909+0000] {dag.py:3823} INFO - Setting next_dagrun for example_xcom_args to None, run_after=None
[2024-02-03T23:23:35.912+0000] {logging_mixin.py:188} INFO - [2024-02-03T23:23:35.912+0000] {dag.py:3823} INFO - Setting next_dagrun for example_xcom_args_with_operators to None, run_after=None
[2024-02-03T23:23:35.930+0000] {processor.py:183} INFO - Processing /home/airflow/.local/lib/python3.8/site-packages/airflow/example_dags/example_xcomargs.py took 0.159 seconds
[2024-02-03T23:24:06.014+0000] {processor.py:161} INFO - Started process (PID=170) to work on /home/airflow/.local/lib/python3.8/site-packages/airflow/example_dags/example_xcomargs.py
[2024-02-03T23:24:06.015+0000] {processor.py:830} INFO - Processing file /home/airflow/.local/lib/python3.8/site-packages/airflow/example_dags/example_xcomargs.py for tasks to queue
[2024-02-03T23:24:06.017+0000] {logging_mixin.py:188} INFO - [2024-02-03T23:24:06.017+0000] {dagbag.py:538} INFO - Filling up the DagBag from /home/airflow/.local/lib/python3.8/site-packages/airflow/example_dags/example_xcomargs.py
[2024-02-03T23:24:06.028+0000] {processor.py:840} INFO - DAG(s) 'example_xcom_args_with_operators', 'example_xcom_args' retrieved from /home/airflow/.local/lib/python3.8/site-packages/airflow/example_dags/example_xcomargs.py
[2024-02-03T23:24:06.050+0000] {logging_mixin.py:188} INFO - [2024-02-03T23:24:06.050+0000] {dag.py:3036} INFO - Sync 2 DAGs
[2024-02-03T23:24:06.063+0000] {logging_mixin.py:188} INFO - [2024-02-03T23:24:06.063+0000] {dag.py:3823} INFO - Setting next_dagrun for example_xcom_args to None, run_after=None
[2024-02-03T23:24:06.069+0000] {logging_mixin.py:188} INFO - [2024-02-03T23:24:06.068+0000] {dag.py:3823} INFO - Setting next_dagrun for example_xcom_args_with_operators to None, run_after=None
[2024-02-03T23:24:06.084+0000] {processor.py:183} INFO - Processing /home/airflow/.local/lib/python3.8/site-packages/airflow/example_dags/example_xcomargs.py took 0.074 seconds
[2024-02-03T23:24:36.135+0000] {processor.py:161} INFO - Started process (PID=225) to work on /home/airflow/.local/lib/python3.8/site-packages/airflow/example_dags/example_xcomargs.py
[2024-02-03T23:24:36.136+0000] {processor.py:830} INFO - Processing file /home/airflow/.local/lib/python3.8/site-packages/airflow/example_dags/example_xcomargs.py for tasks to queue
[2024-02-03T23:24:36.137+0000] {logging_mixin.py:188} INFO - [2024-02-03T23:24:36.137+0000] {dagbag.py:538} INFO - Filling up the DagBag from /home/airflow/.local/lib/python3.8/site-packages/airflow/example_dags/example_xcomargs.py
[2024-02-03T23:24:36.144+0000] {processor.py:840} INFO - DAG(s) 'example_xcom_args', 'example_xcom_args_with_operators' retrieved from /home/airflow/.local/lib/python3.8/site-packages/airflow/example_dags/example_xcomargs.py
[2024-02-03T23:24:36.171+0000] {logging_mixin.py:188} INFO - [2024-02-03T23:24:36.170+0000] {dag.py:3036} INFO - Sync 2 DAGs
[2024-02-03T23:24:36.183+0000] {logging_mixin.py:188} INFO - [2024-02-03T23:24:36.183+0000] {dag.py:3823} INFO - Setting next_dagrun for example_xcom_args to None, run_after=None
[2024-02-03T23:24:36.187+0000] {logging_mixin.py:188} INFO - [2024-02-03T23:24:36.187+0000] {dag.py:3823} INFO - Setting next_dagrun for example_xcom_args_with_operators to None, run_after=None
[2024-02-03T23:24:36.203+0000] {processor.py:183} INFO - Processing /home/airflow/.local/lib/python3.8/site-packages/airflow/example_dags/example_xcomargs.py took 0.071 seconds
[2024-02-03T23:25:06.519+0000] {processor.py:161} INFO - Started process (PID=280) to work on /home/airflow/.local/lib/python3.8/site-packages/airflow/example_dags/example_xcomargs.py
[2024-02-03T23:25:06.520+0000] {processor.py:830} INFO - Processing file /home/airflow/.local/lib/python3.8/site-packages/airflow/example_dags/example_xcomargs.py for tasks to queue
[2024-02-03T23:25:06.522+0000] {logging_mixin.py:188} INFO - [2024-02-03T23:25:06.522+0000] {dagbag.py:538} INFO - Filling up the DagBag from /home/airflow/.local/lib/python3.8/site-packages/airflow/example_dags/example_xcomargs.py
[2024-02-03T23:25:06.531+0000] {processor.py:840} INFO - DAG(s) 'example_xcom_args_with_operators', 'example_xcom_args' retrieved from /home/airflow/.local/lib/python3.8/site-packages/airflow/example_dags/example_xcomargs.py
[2024-02-03T23:25:06.557+0000] {logging_mixin.py:188} INFO - [2024-02-03T23:25:06.557+0000] {dag.py:3036} INFO - Sync 2 DAGs
[2024-02-03T23:25:06.571+0000] {logging_mixin.py:188} INFO - [2024-02-03T23:25:06.570+0000] {dag.py:3823} INFO - Setting next_dagrun for example_xcom_args to None, run_after=None
[2024-02-03T23:25:06.576+0000] {logging_mixin.py:188} INFO - [2024-02-03T23:25:06.575+0000] {dag.py:3823} INFO - Setting next_dagrun for example_xcom_args_with_operators to None, run_after=None
[2024-02-03T23:25:06.592+0000] {processor.py:183} INFO - Processing /home/airflow/.local/lib/python3.8/site-packages/airflow/example_dags/example_xcomargs.py took 0.076 seconds
[2024-02-03T23:25:36.932+0000] {processor.py:161} INFO - Started process (PID=335) to work on /home/airflow/.local/lib/python3.8/site-packages/airflow/example_dags/example_xcomargs.py
[2024-02-03T23:25:36.932+0000] {processor.py:830} INFO - Processing file /home/airflow/.local/lib/python3.8/site-packages/airflow/example_dags/example_xcomargs.py for tasks to queue
[2024-02-03T23:25:36.934+0000] {logging_mixin.py:188} INFO - [2024-02-03T23:25:36.934+0000] {dagbag.py:538} INFO - Filling up the DagBag from /home/airflow/.local/lib/python3.8/site-packages/airflow/example_dags/example_xcomargs.py
[2024-02-03T23:25:36.943+0000] {processor.py:840} INFO - DAG(s) 'example_xcom_args_with_operators', 'example_xcom_args' retrieved from /home/airflow/.local/lib/python3.8/site-packages/airflow/example_dags/example_xcomargs.py
[2024-02-03T23:25:36.965+0000] {logging_mixin.py:188} INFO - [2024-02-03T23:25:36.965+0000] {dag.py:3036} INFO - Sync 2 DAGs
[2024-02-03T23:25:36.978+0000] {logging_mixin.py:188} INFO - [2024-02-03T23:25:36.978+0000] {dag.py:3823} INFO - Setting next_dagrun for example_xcom_args to None, run_after=None
[2024-02-03T23:25:36.982+0000] {logging_mixin.py:188} INFO - [2024-02-03T23:25:36.982+0000] {dag.py:3823} INFO - Setting next_dagrun for example_xcom_args_with_operators to None, run_after=None
[2024-02-03T23:25:36.995+0000] {processor.py:183} INFO - Processing /home/airflow/.local/lib/python3.8/site-packages/airflow/example_dags/example_xcomargs.py took 0.066 seconds
[2024-02-03T23:40:18.955+0000] {processor.py:161} INFO - Started process (PID=60) to work on /home/airflow/.local/lib/python3.8/site-packages/airflow/example_dags/example_xcomargs.py
[2024-02-03T23:40:18.957+0000] {processor.py:830} INFO - Processing file /home/airflow/.local/lib/python3.8/site-packages/airflow/example_dags/example_xcomargs.py for tasks to queue
[2024-02-03T23:40:18.961+0000] {logging_mixin.py:188} INFO - [2024-02-03T23:40:18.960+0000] {dagbag.py:538} INFO - Filling up the DagBag from /home/airflow/.local/lib/python3.8/site-packages/airflow/example_dags/example_xcomargs.py
[2024-02-03T23:40:18.975+0000] {processor.py:840} INFO - DAG(s) 'example_xcom_args', 'example_xcom_args_with_operators' retrieved from /home/airflow/.local/lib/python3.8/site-packages/airflow/example_dags/example_xcomargs.py
[2024-02-03T23:40:18.991+0000] {logging_mixin.py:188} INFO - [2024-02-03T23:40:18.990+0000] {dag.py:3036} INFO - Sync 2 DAGs
[2024-02-03T23:40:19.012+0000] {logging_mixin.py:188} INFO - [2024-02-03T23:40:19.011+0000] {dag.py:3823} INFO - Setting next_dagrun for example_xcom_args to None, run_after=None
[2024-02-03T23:40:19.017+0000] {logging_mixin.py:188} INFO - [2024-02-03T23:40:19.016+0000] {dag.py:3823} INFO - Setting next_dagrun for example_xcom_args_with_operators to None, run_after=None
[2024-02-03T23:40:19.038+0000] {processor.py:183} INFO - Processing /home/airflow/.local/lib/python3.8/site-packages/airflow/example_dags/example_xcomargs.py took 0.090 seconds
[2024-02-03T23:40:50.485+0000] {processor.py:161} INFO - Started process (PID=116) to work on /home/airflow/.local/lib/python3.8/site-packages/airflow/example_dags/example_xcomargs.py
[2024-02-03T23:40:50.486+0000] {processor.py:830} INFO - Processing file /home/airflow/.local/lib/python3.8/site-packages/airflow/example_dags/example_xcomargs.py for tasks to queue
[2024-02-03T23:40:50.488+0000] {logging_mixin.py:188} INFO - [2024-02-03T23:40:50.487+0000] {dagbag.py:538} INFO - Filling up the DagBag from /home/airflow/.local/lib/python3.8/site-packages/airflow/example_dags/example_xcomargs.py
[2024-02-03T23:40:50.496+0000] {processor.py:840} INFO - DAG(s) 'example_xcom_args_with_operators', 'example_xcom_args' retrieved from /home/airflow/.local/lib/python3.8/site-packages/airflow/example_dags/example_xcomargs.py
[2024-02-03T23:40:50.615+0000] {logging_mixin.py:188} INFO - [2024-02-03T23:40:50.614+0000] {dag.py:3036} INFO - Sync 2 DAGs
[2024-02-03T23:40:50.624+0000] {logging_mixin.py:188} INFO - [2024-02-03T23:40:50.624+0000] {dag.py:3823} INFO - Setting next_dagrun for example_xcom_args to None, run_after=None
[2024-02-03T23:40:50.627+0000] {logging_mixin.py:188} INFO - [2024-02-03T23:40:50.627+0000] {dag.py:3823} INFO - Setting next_dagrun for example_xcom_args_with_operators to None, run_after=None
[2024-02-03T23:40:50.646+0000] {processor.py:183} INFO - Processing /home/airflow/.local/lib/python3.8/site-packages/airflow/example_dags/example_xcomargs.py took 0.164 seconds
[2024-02-03T23:41:21.081+0000] {processor.py:161} INFO - Started process (PID=172) to work on /home/airflow/.local/lib/python3.8/site-packages/airflow/example_dags/example_xcomargs.py
[2024-02-03T23:41:21.082+0000] {processor.py:830} INFO - Processing file /home/airflow/.local/lib/python3.8/site-packages/airflow/example_dags/example_xcomargs.py for tasks to queue
[2024-02-03T23:41:21.084+0000] {logging_mixin.py:188} INFO - [2024-02-03T23:41:21.084+0000] {dagbag.py:538} INFO - Filling up the DagBag from /home/airflow/.local/lib/python3.8/site-packages/airflow/example_dags/example_xcomargs.py
[2024-02-03T23:41:21.093+0000] {processor.py:840} INFO - DAG(s) 'example_xcom_args_with_operators', 'example_xcom_args' retrieved from /home/airflow/.local/lib/python3.8/site-packages/airflow/example_dags/example_xcomargs.py
[2024-02-03T23:41:21.114+0000] {logging_mixin.py:188} INFO - [2024-02-03T23:41:21.113+0000] {dag.py:3036} INFO - Sync 2 DAGs
[2024-02-03T23:41:21.125+0000] {logging_mixin.py:188} INFO - [2024-02-03T23:41:21.124+0000] {dag.py:3823} INFO - Setting next_dagrun for example_xcom_args to None, run_after=None
[2024-02-03T23:41:21.128+0000] {logging_mixin.py:188} INFO - [2024-02-03T23:41:21.128+0000] {dag.py:3823} INFO - Setting next_dagrun for example_xcom_args_with_operators to None, run_after=None
[2024-02-03T23:41:21.141+0000] {processor.py:183} INFO - Processing /home/airflow/.local/lib/python3.8/site-packages/airflow/example_dags/example_xcomargs.py took 0.064 seconds
[2024-02-03T23:41:51.609+0000] {processor.py:161} INFO - Started process (PID=228) to work on /home/airflow/.local/lib/python3.8/site-packages/airflow/example_dags/example_xcomargs.py
[2024-02-03T23:41:51.611+0000] {processor.py:830} INFO - Processing file /home/airflow/.local/lib/python3.8/site-packages/airflow/example_dags/example_xcomargs.py for tasks to queue
[2024-02-03T23:41:51.613+0000] {logging_mixin.py:188} INFO - [2024-02-03T23:41:51.612+0000] {dagbag.py:538} INFO - Filling up the DagBag from /home/airflow/.local/lib/python3.8/site-packages/airflow/example_dags/example_xcomargs.py
[2024-02-03T23:41:51.621+0000] {processor.py:840} INFO - DAG(s) 'example_xcom_args_with_operators', 'example_xcom_args' retrieved from /home/airflow/.local/lib/python3.8/site-packages/airflow/example_dags/example_xcomargs.py
[2024-02-03T23:41:51.644+0000] {logging_mixin.py:188} INFO - [2024-02-03T23:41:51.644+0000] {dag.py:3036} INFO - Sync 2 DAGs
[2024-02-03T23:41:51.657+0000] {logging_mixin.py:188} INFO - [2024-02-03T23:41:51.657+0000] {dag.py:3823} INFO - Setting next_dagrun for example_xcom_args to None, run_after=None
[2024-02-03T23:41:51.661+0000] {logging_mixin.py:188} INFO - [2024-02-03T23:41:51.661+0000] {dag.py:3823} INFO - Setting next_dagrun for example_xcom_args_with_operators to None, run_after=None
[2024-02-03T23:41:51.677+0000] {processor.py:183} INFO - Processing /home/airflow/.local/lib/python3.8/site-packages/airflow/example_dags/example_xcomargs.py took 0.071 seconds
