[2024-02-03T23:23:04.937+0000] {processor.py:161} INFO - Started process (PID=75) to work on /home/airflow/.local/lib/python3.8/site-packages/airflow/example_dags/example_bash_operator.py
[2024-02-03T23:23:04.938+0000] {processor.py:830} INFO - Processing file /home/airflow/.local/lib/python3.8/site-packages/airflow/example_dags/example_bash_operator.py for tasks to queue
[2024-02-03T23:23:04.940+0000] {logging_mixin.py:188} INFO - [2024-02-03T23:23:04.940+0000] {dagbag.py:538} INFO - Filling up the DagBag from /home/airflow/.local/lib/python3.8/site-packages/airflow/example_dags/example_bash_operator.py
[2024-02-03T23:23:04.953+0000] {processor.py:840} INFO - DAG(s) 'example_bash_operator' retrieved from /home/airflow/.local/lib/python3.8/site-packages/airflow/example_dags/example_bash_operator.py
[2024-02-03T23:23:04.964+0000] {logging_mixin.py:188} INFO - [2024-02-03T23:23:04.964+0000] {dag.py:3036} INFO - Sync 1 DAGs
[2024-02-03T23:23:04.987+0000] {logging_mixin.py:188} INFO - [2024-02-03T23:23:04.986+0000] {dag.py:3823} INFO - Setting next_dagrun for example_bash_operator to 2024-02-02 00:00:00+00:00, run_after=2024-02-03 00:00:00+00:00
[2024-02-03T23:23:05.009+0000] {processor.py:183} INFO - Processing /home/airflow/.local/lib/python3.8/site-packages/airflow/example_dags/example_bash_operator.py took 0.076 seconds
[2024-02-03T23:23:37.194+0000] {processor.py:161} INFO - Started process (PID=130) to work on /home/airflow/.local/lib/python3.8/site-packages/airflow/example_dags/example_bash_operator.py
[2024-02-03T23:23:37.195+0000] {processor.py:830} INFO - Processing file /home/airflow/.local/lib/python3.8/site-packages/airflow/example_dags/example_bash_operator.py for tasks to queue
[2024-02-03T23:23:37.197+0000] {logging_mixin.py:188} INFO - [2024-02-03T23:23:37.197+0000] {dagbag.py:538} INFO - Filling up the DagBag from /home/airflow/.local/lib/python3.8/site-packages/airflow/example_dags/example_bash_operator.py
[2024-02-03T23:23:37.210+0000] {processor.py:840} INFO - DAG(s) 'example_bash_operator' retrieved from /home/airflow/.local/lib/python3.8/site-packages/airflow/example_dags/example_bash_operator.py
[2024-02-03T23:23:37.309+0000] {logging_mixin.py:188} INFO - [2024-02-03T23:23:37.308+0000] {dag.py:3036} INFO - Sync 1 DAGs
[2024-02-03T23:23:37.331+0000] {logging_mixin.py:188} INFO - [2024-02-03T23:23:37.331+0000] {dag.py:3823} INFO - Setting next_dagrun for example_bash_operator to 2024-02-02 00:00:00+00:00, run_after=2024-02-03 00:00:00+00:00
[2024-02-03T23:23:37.355+0000] {processor.py:183} INFO - Processing /home/airflow/.local/lib/python3.8/site-packages/airflow/example_dags/example_bash_operator.py took 0.165 seconds
[2024-02-03T23:24:08.059+0000] {processor.py:161} INFO - Started process (PID=185) to work on /home/airflow/.local/lib/python3.8/site-packages/airflow/example_dags/example_bash_operator.py
[2024-02-03T23:24:08.060+0000] {processor.py:830} INFO - Processing file /home/airflow/.local/lib/python3.8/site-packages/airflow/example_dags/example_bash_operator.py for tasks to queue
[2024-02-03T23:24:08.062+0000] {logging_mixin.py:188} INFO - [2024-02-03T23:24:08.062+0000] {dagbag.py:538} INFO - Filling up the DagBag from /home/airflow/.local/lib/python3.8/site-packages/airflow/example_dags/example_bash_operator.py
[2024-02-03T23:24:08.075+0000] {processor.py:840} INFO - DAG(s) 'example_bash_operator' retrieved from /home/airflow/.local/lib/python3.8/site-packages/airflow/example_dags/example_bash_operator.py
[2024-02-03T23:24:08.111+0000] {logging_mixin.py:188} INFO - [2024-02-03T23:24:08.111+0000] {dag.py:3036} INFO - Sync 1 DAGs
[2024-02-03T23:24:08.138+0000] {logging_mixin.py:188} INFO - [2024-02-03T23:24:08.138+0000] {dag.py:3823} INFO - Setting next_dagrun for example_bash_operator to 2024-02-02 00:00:00+00:00, run_after=2024-02-03 00:00:00+00:00
[2024-02-03T23:24:08.154+0000] {processor.py:183} INFO - Processing /home/airflow/.local/lib/python3.8/site-packages/airflow/example_dags/example_bash_operator.py took 0.099 seconds
[2024-02-03T23:24:38.367+0000] {processor.py:161} INFO - Started process (PID=240) to work on /home/airflow/.local/lib/python3.8/site-packages/airflow/example_dags/example_bash_operator.py
[2024-02-03T23:24:38.368+0000] {processor.py:830} INFO - Processing file /home/airflow/.local/lib/python3.8/site-packages/airflow/example_dags/example_bash_operator.py for tasks to queue
[2024-02-03T23:24:38.370+0000] {logging_mixin.py:188} INFO - [2024-02-03T23:24:38.370+0000] {dagbag.py:538} INFO - Filling up the DagBag from /home/airflow/.local/lib/python3.8/site-packages/airflow/example_dags/example_bash_operator.py
[2024-02-03T23:24:38.382+0000] {processor.py:840} INFO - DAG(s) 'example_bash_operator' retrieved from /home/airflow/.local/lib/python3.8/site-packages/airflow/example_dags/example_bash_operator.py
[2024-02-03T23:24:38.415+0000] {logging_mixin.py:188} INFO - [2024-02-03T23:24:38.414+0000] {dag.py:3036} INFO - Sync 1 DAGs
[2024-02-03T23:24:38.435+0000] {logging_mixin.py:188} INFO - [2024-02-03T23:24:38.435+0000] {dag.py:3823} INFO - Setting next_dagrun for example_bash_operator to 2024-02-02 00:00:00+00:00, run_after=2024-02-03 00:00:00+00:00
[2024-02-03T23:24:38.452+0000] {processor.py:183} INFO - Processing /home/airflow/.local/lib/python3.8/site-packages/airflow/example_dags/example_bash_operator.py took 0.089 seconds
[2024-02-03T23:25:09.349+0000] {processor.py:161} INFO - Started process (PID=295) to work on /home/airflow/.local/lib/python3.8/site-packages/airflow/example_dags/example_bash_operator.py
[2024-02-03T23:25:09.350+0000] {processor.py:830} INFO - Processing file /home/airflow/.local/lib/python3.8/site-packages/airflow/example_dags/example_bash_operator.py for tasks to queue
[2024-02-03T23:25:09.352+0000] {logging_mixin.py:188} INFO - [2024-02-03T23:25:09.352+0000] {dagbag.py:538} INFO - Filling up the DagBag from /home/airflow/.local/lib/python3.8/site-packages/airflow/example_dags/example_bash_operator.py
[2024-02-03T23:25:09.364+0000] {processor.py:840} INFO - DAG(s) 'example_bash_operator' retrieved from /home/airflow/.local/lib/python3.8/site-packages/airflow/example_dags/example_bash_operator.py
[2024-02-03T23:25:09.391+0000] {logging_mixin.py:188} INFO - [2024-02-03T23:25:09.391+0000] {dag.py:3036} INFO - Sync 1 DAGs
[2024-02-03T23:25:09.417+0000] {logging_mixin.py:188} INFO - [2024-02-03T23:25:09.417+0000] {dag.py:3823} INFO - Setting next_dagrun for example_bash_operator to 2024-02-02 00:00:00+00:00, run_after=2024-02-03 00:00:00+00:00
[2024-02-03T23:25:09.442+0000] {processor.py:183} INFO - Processing /home/airflow/.local/lib/python3.8/site-packages/airflow/example_dags/example_bash_operator.py took 0.095 seconds
[2024-02-03T23:25:39.652+0000] {processor.py:161} INFO - Started process (PID=350) to work on /home/airflow/.local/lib/python3.8/site-packages/airflow/example_dags/example_bash_operator.py
[2024-02-03T23:25:39.653+0000] {processor.py:830} INFO - Processing file /home/airflow/.local/lib/python3.8/site-packages/airflow/example_dags/example_bash_operator.py for tasks to queue
[2024-02-03T23:25:39.654+0000] {logging_mixin.py:188} INFO - [2024-02-03T23:25:39.654+0000] {dagbag.py:538} INFO - Filling up the DagBag from /home/airflow/.local/lib/python3.8/site-packages/airflow/example_dags/example_bash_operator.py
[2024-02-03T23:25:39.665+0000] {processor.py:840} INFO - DAG(s) 'example_bash_operator' retrieved from /home/airflow/.local/lib/python3.8/site-packages/airflow/example_dags/example_bash_operator.py
[2024-02-03T23:25:39.695+0000] {logging_mixin.py:188} INFO - [2024-02-03T23:25:39.695+0000] {dag.py:3036} INFO - Sync 1 DAGs
[2024-02-03T23:25:39.719+0000] {logging_mixin.py:188} INFO - [2024-02-03T23:25:39.718+0000] {dag.py:3823} INFO - Setting next_dagrun for example_bash_operator to 2024-02-02 00:00:00+00:00, run_after=2024-02-03 00:00:00+00:00
[2024-02-03T23:25:39.736+0000] {processor.py:183} INFO - Processing /home/airflow/.local/lib/python3.8/site-packages/airflow/example_dags/example_bash_operator.py took 0.087 seconds
[2024-02-03T23:40:19.727+0000] {processor.py:161} INFO - Started process (PID=75) to work on /home/airflow/.local/lib/python3.8/site-packages/airflow/example_dags/example_bash_operator.py
[2024-02-03T23:40:19.728+0000] {processor.py:830} INFO - Processing file /home/airflow/.local/lib/python3.8/site-packages/airflow/example_dags/example_bash_operator.py for tasks to queue
[2024-02-03T23:40:19.731+0000] {logging_mixin.py:188} INFO - [2024-02-03T23:40:19.731+0000] {dagbag.py:538} INFO - Filling up the DagBag from /home/airflow/.local/lib/python3.8/site-packages/airflow/example_dags/example_bash_operator.py
[2024-02-03T23:40:19.751+0000] {processor.py:840} INFO - DAG(s) 'example_bash_operator' retrieved from /home/airflow/.local/lib/python3.8/site-packages/airflow/example_dags/example_bash_operator.py
[2024-02-03T23:40:19.769+0000] {logging_mixin.py:188} INFO - [2024-02-03T23:40:19.769+0000] {dag.py:3036} INFO - Sync 1 DAGs
[2024-02-03T23:40:19.800+0000] {logging_mixin.py:188} INFO - [2024-02-03T23:40:19.800+0000] {dag.py:3823} INFO - Setting next_dagrun for example_bash_operator to 2024-02-02 00:00:00+00:00, run_after=2024-02-03 00:00:00+00:00
[2024-02-03T23:40:19.826+0000] {processor.py:183} INFO - Processing /home/airflow/.local/lib/python3.8/site-packages/airflow/example_dags/example_bash_operator.py took 0.106 seconds
[2024-02-03T23:40:51.972+0000] {processor.py:161} INFO - Started process (PID=131) to work on /home/airflow/.local/lib/python3.8/site-packages/airflow/example_dags/example_bash_operator.py
[2024-02-03T23:40:51.973+0000] {processor.py:830} INFO - Processing file /home/airflow/.local/lib/python3.8/site-packages/airflow/example_dags/example_bash_operator.py for tasks to queue
[2024-02-03T23:40:51.975+0000] {logging_mixin.py:188} INFO - [2024-02-03T23:40:51.975+0000] {dagbag.py:538} INFO - Filling up the DagBag from /home/airflow/.local/lib/python3.8/site-packages/airflow/example_dags/example_bash_operator.py
[2024-02-03T23:40:51.987+0000] {processor.py:840} INFO - DAG(s) 'example_bash_operator' retrieved from /home/airflow/.local/lib/python3.8/site-packages/airflow/example_dags/example_bash_operator.py
[2024-02-03T23:40:52.091+0000] {logging_mixin.py:188} INFO - [2024-02-03T23:40:52.091+0000] {dag.py:3036} INFO - Sync 1 DAGs
[2024-02-03T23:40:52.110+0000] {logging_mixin.py:188} INFO - [2024-02-03T23:40:52.109+0000] {dag.py:3823} INFO - Setting next_dagrun for example_bash_operator to 2024-02-02 00:00:00+00:00, run_after=2024-02-03 00:00:00+00:00
[2024-02-03T23:40:52.127+0000] {processor.py:183} INFO - Processing /home/airflow/.local/lib/python3.8/site-packages/airflow/example_dags/example_bash_operator.py took 0.158 seconds
[2024-02-03T23:41:23.024+0000] {processor.py:161} INFO - Started process (PID=187) to work on /home/airflow/.local/lib/python3.8/site-packages/airflow/example_dags/example_bash_operator.py
[2024-02-03T23:41:23.025+0000] {processor.py:830} INFO - Processing file /home/airflow/.local/lib/python3.8/site-packages/airflow/example_dags/example_bash_operator.py for tasks to queue
[2024-02-03T23:41:23.027+0000] {logging_mixin.py:188} INFO - [2024-02-03T23:41:23.027+0000] {dagbag.py:538} INFO - Filling up the DagBag from /home/airflow/.local/lib/python3.8/site-packages/airflow/example_dags/example_bash_operator.py
[2024-02-03T23:41:23.039+0000] {processor.py:840} INFO - DAG(s) 'example_bash_operator' retrieved from /home/airflow/.local/lib/python3.8/site-packages/airflow/example_dags/example_bash_operator.py
[2024-02-03T23:41:23.072+0000] {logging_mixin.py:188} INFO - [2024-02-03T23:41:23.072+0000] {dag.py:3036} INFO - Sync 1 DAGs
[2024-02-03T23:41:23.091+0000] {logging_mixin.py:188} INFO - [2024-02-03T23:41:23.091+0000] {dag.py:3823} INFO - Setting next_dagrun for example_bash_operator to 2024-02-02 00:00:00+00:00, run_after=2024-02-03 00:00:00+00:00
[2024-02-03T23:41:23.113+0000] {processor.py:183} INFO - Processing /home/airflow/.local/lib/python3.8/site-packages/airflow/example_dags/example_bash_operator.py took 0.092 seconds
[2024-02-03T23:41:53.480+0000] {processor.py:161} INFO - Started process (PID=243) to work on /home/airflow/.local/lib/python3.8/site-packages/airflow/example_dags/example_bash_operator.py
[2024-02-03T23:41:53.481+0000] {processor.py:830} INFO - Processing file /home/airflow/.local/lib/python3.8/site-packages/airflow/example_dags/example_bash_operator.py for tasks to queue
[2024-02-03T23:41:53.483+0000] {logging_mixin.py:188} INFO - [2024-02-03T23:41:53.483+0000] {dagbag.py:538} INFO - Filling up the DagBag from /home/airflow/.local/lib/python3.8/site-packages/airflow/example_dags/example_bash_operator.py
[2024-02-03T23:41:53.498+0000] {processor.py:840} INFO - DAG(s) 'example_bash_operator' retrieved from /home/airflow/.local/lib/python3.8/site-packages/airflow/example_dags/example_bash_operator.py
[2024-02-03T23:41:53.539+0000] {logging_mixin.py:188} INFO - [2024-02-03T23:41:53.539+0000] {dag.py:3036} INFO - Sync 1 DAGs
[2024-02-03T23:41:53.564+0000] {logging_mixin.py:188} INFO - [2024-02-03T23:41:53.564+0000] {dag.py:3823} INFO - Setting next_dagrun for example_bash_operator to 2024-02-02 00:00:00+00:00, run_after=2024-02-03 00:00:00+00:00
[2024-02-03T23:41:53.585+0000] {processor.py:183} INFO - Processing /home/airflow/.local/lib/python3.8/site-packages/airflow/example_dags/example_bash_operator.py took 0.109 seconds
