[2024-02-03T23:23:03.997+0000] {processor.py:161} INFO - Started process (PID=59) to work on /home/airflow/.local/lib/python3.8/site-packages/airflow/example_dags/example_kubernetes_executor.py
[2024-02-03T23:23:03.999+0000] {processor.py:830} INFO - Processing file /home/airflow/.local/lib/python3.8/site-packages/airflow/example_dags/example_kubernetes_executor.py for tasks to queue
[2024-02-03T23:23:04.002+0000] {logging_mixin.py:188} INFO - [2024-02-03T23:23:04.001+0000] {dagbag.py:538} INFO - Filling up the DagBag from /home/airflow/.local/lib/python3.8/site-packages/airflow/example_dags/example_kubernetes_executor.py
[2024-02-03T23:23:04.026+0000] {processor.py:840} INFO - DAG(s) 'example_kubernetes_executor' retrieved from /home/airflow/.local/lib/python3.8/site-packages/airflow/example_dags/example_kubernetes_executor.py
[2024-02-03T23:23:04.049+0000] {logging_mixin.py:188} INFO - [2024-02-03T23:23:04.049+0000] {dag.py:3036} INFO - Sync 1 DAGs
[2024-02-03T23:23:04.070+0000] {logging_mixin.py:188} INFO - [2024-02-03T23:23:04.070+0000] {dag.py:3823} INFO - Setting next_dagrun for example_kubernetes_executor to None, run_after=None
[2024-02-03T23:23:04.152+0000] {processor.py:183} INFO - Processing /home/airflow/.local/lib/python3.8/site-packages/airflow/example_dags/example_kubernetes_executor.py took 0.160 seconds
[2024-02-03T23:23:35.677+0000] {processor.py:161} INFO - Started process (PID=114) to work on /home/airflow/.local/lib/python3.8/site-packages/airflow/example_dags/example_kubernetes_executor.py
[2024-02-03T23:23:35.678+0000] {processor.py:830} INFO - Processing file /home/airflow/.local/lib/python3.8/site-packages/airflow/example_dags/example_kubernetes_executor.py for tasks to queue
[2024-02-03T23:23:35.681+0000] {logging_mixin.py:188} INFO - [2024-02-03T23:23:35.680+0000] {dagbag.py:538} INFO - Filling up the DagBag from /home/airflow/.local/lib/python3.8/site-packages/airflow/example_dags/example_kubernetes_executor.py
[2024-02-03T23:23:35.699+0000] {processor.py:840} INFO - DAG(s) 'example_kubernetes_executor' retrieved from /home/airflow/.local/lib/python3.8/site-packages/airflow/example_dags/example_kubernetes_executor.py
[2024-02-03T23:23:35.820+0000] {logging_mixin.py:188} INFO - [2024-02-03T23:23:35.819+0000] {dag.py:3036} INFO - Sync 1 DAGs
[2024-02-03T23:23:35.829+0000] {logging_mixin.py:188} INFO - [2024-02-03T23:23:35.829+0000] {dag.py:3823} INFO - Setting next_dagrun for example_kubernetes_executor to None, run_after=None
[2024-02-03T23:23:35.854+0000] {processor.py:183} INFO - Processing /home/airflow/.local/lib/python3.8/site-packages/airflow/example_dags/example_kubernetes_executor.py took 0.180 seconds
[2024-02-03T23:24:05.905+0000] {processor.py:161} INFO - Started process (PID=169) to work on /home/airflow/.local/lib/python3.8/site-packages/airflow/example_dags/example_kubernetes_executor.py
[2024-02-03T23:24:05.906+0000] {processor.py:830} INFO - Processing file /home/airflow/.local/lib/python3.8/site-packages/airflow/example_dags/example_kubernetes_executor.py for tasks to queue
[2024-02-03T23:24:05.908+0000] {logging_mixin.py:188} INFO - [2024-02-03T23:24:05.907+0000] {dagbag.py:538} INFO - Filling up the DagBag from /home/airflow/.local/lib/python3.8/site-packages/airflow/example_dags/example_kubernetes_executor.py
[2024-02-03T23:24:05.921+0000] {processor.py:840} INFO - DAG(s) 'example_kubernetes_executor' retrieved from /home/airflow/.local/lib/python3.8/site-packages/airflow/example_dags/example_kubernetes_executor.py
[2024-02-03T23:24:05.960+0000] {logging_mixin.py:188} INFO - [2024-02-03T23:24:05.959+0000] {dag.py:3036} INFO - Sync 1 DAGs
[2024-02-03T23:24:05.972+0000] {logging_mixin.py:188} INFO - [2024-02-03T23:24:05.971+0000] {dag.py:3823} INFO - Setting next_dagrun for example_kubernetes_executor to None, run_after=None
[2024-02-03T23:24:05.988+0000] {processor.py:183} INFO - Processing /home/airflow/.local/lib/python3.8/site-packages/airflow/example_dags/example_kubernetes_executor.py took 0.087 seconds
[2024-02-03T23:24:36.025+0000] {processor.py:161} INFO - Started process (PID=224) to work on /home/airflow/.local/lib/python3.8/site-packages/airflow/example_dags/example_kubernetes_executor.py
[2024-02-03T23:24:36.026+0000] {processor.py:830} INFO - Processing file /home/airflow/.local/lib/python3.8/site-packages/airflow/example_dags/example_kubernetes_executor.py for tasks to queue
[2024-02-03T23:24:36.031+0000] {logging_mixin.py:188} INFO - [2024-02-03T23:24:36.030+0000] {dagbag.py:538} INFO - Filling up the DagBag from /home/airflow/.local/lib/python3.8/site-packages/airflow/example_dags/example_kubernetes_executor.py
[2024-02-03T23:24:36.044+0000] {processor.py:840} INFO - DAG(s) 'example_kubernetes_executor' retrieved from /home/airflow/.local/lib/python3.8/site-packages/airflow/example_dags/example_kubernetes_executor.py
[2024-02-03T23:24:36.082+0000] {logging_mixin.py:188} INFO - [2024-02-03T23:24:36.082+0000] {dag.py:3036} INFO - Sync 1 DAGs
[2024-02-03T23:24:36.092+0000] {logging_mixin.py:188} INFO - [2024-02-03T23:24:36.092+0000] {dag.py:3823} INFO - Setting next_dagrun for example_kubernetes_executor to None, run_after=None
[2024-02-03T23:24:36.109+0000] {processor.py:183} INFO - Processing /home/airflow/.local/lib/python3.8/site-packages/airflow/example_dags/example_kubernetes_executor.py took 0.088 seconds
[2024-02-03T23:25:06.512+0000] {processor.py:161} INFO - Started process (PID=279) to work on /home/airflow/.local/lib/python3.8/site-packages/airflow/example_dags/example_kubernetes_executor.py
[2024-02-03T23:25:06.513+0000] {processor.py:830} INFO - Processing file /home/airflow/.local/lib/python3.8/site-packages/airflow/example_dags/example_kubernetes_executor.py for tasks to queue
[2024-02-03T23:25:06.515+0000] {logging_mixin.py:188} INFO - [2024-02-03T23:25:06.515+0000] {dagbag.py:538} INFO - Filling up the DagBag from /home/airflow/.local/lib/python3.8/site-packages/airflow/example_dags/example_kubernetes_executor.py
[2024-02-03T23:25:06.531+0000] {processor.py:840} INFO - DAG(s) 'example_kubernetes_executor' retrieved from /home/airflow/.local/lib/python3.8/site-packages/airflow/example_dags/example_kubernetes_executor.py
[2024-02-03T23:25:06.571+0000] {logging_mixin.py:188} INFO - [2024-02-03T23:25:06.570+0000] {dag.py:3036} INFO - Sync 1 DAGs
[2024-02-03T23:25:06.582+0000] {logging_mixin.py:188} INFO - [2024-02-03T23:25:06.582+0000] {dag.py:3823} INFO - Setting next_dagrun for example_kubernetes_executor to None, run_after=None
[2024-02-03T23:25:06.605+0000] {processor.py:183} INFO - Processing /home/airflow/.local/lib/python3.8/site-packages/airflow/example_dags/example_kubernetes_executor.py took 0.098 seconds
[2024-02-03T23:25:36.854+0000] {processor.py:161} INFO - Started process (PID=334) to work on /home/airflow/.local/lib/python3.8/site-packages/airflow/example_dags/example_kubernetes_executor.py
[2024-02-03T23:25:36.855+0000] {processor.py:830} INFO - Processing file /home/airflow/.local/lib/python3.8/site-packages/airflow/example_dags/example_kubernetes_executor.py for tasks to queue
[2024-02-03T23:25:36.858+0000] {logging_mixin.py:188} INFO - [2024-02-03T23:25:36.857+0000] {dagbag.py:538} INFO - Filling up the DagBag from /home/airflow/.local/lib/python3.8/site-packages/airflow/example_dags/example_kubernetes_executor.py
[2024-02-03T23:25:36.871+0000] {processor.py:840} INFO - DAG(s) 'example_kubernetes_executor' retrieved from /home/airflow/.local/lib/python3.8/site-packages/airflow/example_dags/example_kubernetes_executor.py
[2024-02-03T23:25:36.905+0000] {logging_mixin.py:188} INFO - [2024-02-03T23:25:36.904+0000] {dag.py:3036} INFO - Sync 1 DAGs
[2024-02-03T23:25:36.916+0000] {logging_mixin.py:188} INFO - [2024-02-03T23:25:36.916+0000] {dag.py:3823} INFO - Setting next_dagrun for example_kubernetes_executor to None, run_after=None
[2024-02-03T23:25:36.935+0000] {processor.py:183} INFO - Processing /home/airflow/.local/lib/python3.8/site-packages/airflow/example_dags/example_kubernetes_executor.py took 0.084 seconds
[2024-02-03T23:40:18.908+0000] {processor.py:161} INFO - Started process (PID=59) to work on /home/airflow/.local/lib/python3.8/site-packages/airflow/example_dags/example_kubernetes_executor.py
[2024-02-03T23:40:18.909+0000] {processor.py:830} INFO - Processing file /home/airflow/.local/lib/python3.8/site-packages/airflow/example_dags/example_kubernetes_executor.py for tasks to queue
[2024-02-03T23:40:18.911+0000] {logging_mixin.py:188} INFO - [2024-02-03T23:40:18.911+0000] {dagbag.py:538} INFO - Filling up the DagBag from /home/airflow/.local/lib/python3.8/site-packages/airflow/example_dags/example_kubernetes_executor.py
[2024-02-03T23:40:18.924+0000] {processor.py:840} INFO - DAG(s) 'example_kubernetes_executor' retrieved from /home/airflow/.local/lib/python3.8/site-packages/airflow/example_dags/example_kubernetes_executor.py
[2024-02-03T23:40:18.935+0000] {logging_mixin.py:188} INFO - [2024-02-03T23:40:18.935+0000] {dag.py:3036} INFO - Sync 1 DAGs
[2024-02-03T23:40:18.950+0000] {logging_mixin.py:188} INFO - [2024-02-03T23:40:18.950+0000] {dag.py:3823} INFO - Setting next_dagrun for example_kubernetes_executor to None, run_after=None
[2024-02-03T23:40:18.968+0000] {processor.py:183} INFO - Processing /home/airflow/.local/lib/python3.8/site-packages/airflow/example_dags/example_kubernetes_executor.py took 0.063 seconds
[2024-02-03T23:40:50.478+0000] {processor.py:161} INFO - Started process (PID=115) to work on /home/airflow/.local/lib/python3.8/site-packages/airflow/example_dags/example_kubernetes_executor.py
[2024-02-03T23:40:50.479+0000] {processor.py:830} INFO - Processing file /home/airflow/.local/lib/python3.8/site-packages/airflow/example_dags/example_kubernetes_executor.py for tasks to queue
[2024-02-03T23:40:50.481+0000] {logging_mixin.py:188} INFO - [2024-02-03T23:40:50.480+0000] {dagbag.py:538} INFO - Filling up the DagBag from /home/airflow/.local/lib/python3.8/site-packages/airflow/example_dags/example_kubernetes_executor.py
[2024-02-03T23:40:50.495+0000] {processor.py:840} INFO - DAG(s) 'example_kubernetes_executor' retrieved from /home/airflow/.local/lib/python3.8/site-packages/airflow/example_dags/example_kubernetes_executor.py
[2024-02-03T23:40:50.624+0000] {logging_mixin.py:188} INFO - [2024-02-03T23:40:50.624+0000] {dag.py:3036} INFO - Sync 1 DAGs
[2024-02-03T23:40:50.636+0000] {logging_mixin.py:188} INFO - [2024-02-03T23:40:50.635+0000] {dag.py:3823} INFO - Setting next_dagrun for example_kubernetes_executor to None, run_after=None
[2024-02-03T23:40:50.654+0000] {processor.py:183} INFO - Processing /home/airflow/.local/lib/python3.8/site-packages/airflow/example_dags/example_kubernetes_executor.py took 0.179 seconds
[2024-02-03T23:41:21.035+0000] {processor.py:161} INFO - Started process (PID=171) to work on /home/airflow/.local/lib/python3.8/site-packages/airflow/example_dags/example_kubernetes_executor.py
[2024-02-03T23:41:21.037+0000] {processor.py:830} INFO - Processing file /home/airflow/.local/lib/python3.8/site-packages/airflow/example_dags/example_kubernetes_executor.py for tasks to queue
[2024-02-03T23:41:21.041+0000] {logging_mixin.py:188} INFO - [2024-02-03T23:41:21.041+0000] {dagbag.py:538} INFO - Filling up the DagBag from /home/airflow/.local/lib/python3.8/site-packages/airflow/example_dags/example_kubernetes_executor.py
[2024-02-03T23:41:21.068+0000] {processor.py:840} INFO - DAG(s) 'example_kubernetes_executor' retrieved from /home/airflow/.local/lib/python3.8/site-packages/airflow/example_dags/example_kubernetes_executor.py
[2024-02-03T23:41:21.107+0000] {logging_mixin.py:188} INFO - [2024-02-03T23:41:21.107+0000] {dag.py:3036} INFO - Sync 1 DAGs
[2024-02-03T23:41:21.117+0000] {logging_mixin.py:188} INFO - [2024-02-03T23:41:21.116+0000] {dag.py:3823} INFO - Setting next_dagrun for example_kubernetes_executor to None, run_after=None
[2024-02-03T23:41:21.130+0000] {processor.py:183} INFO - Processing /home/airflow/.local/lib/python3.8/site-packages/airflow/example_dags/example_kubernetes_executor.py took 0.100 seconds
[2024-02-03T23:41:51.524+0000] {processor.py:161} INFO - Started process (PID=227) to work on /home/airflow/.local/lib/python3.8/site-packages/airflow/example_dags/example_kubernetes_executor.py
[2024-02-03T23:41:51.525+0000] {processor.py:830} INFO - Processing file /home/airflow/.local/lib/python3.8/site-packages/airflow/example_dags/example_kubernetes_executor.py for tasks to queue
[2024-02-03T23:41:51.528+0000] {logging_mixin.py:188} INFO - [2024-02-03T23:41:51.527+0000] {dagbag.py:538} INFO - Filling up the DagBag from /home/airflow/.local/lib/python3.8/site-packages/airflow/example_dags/example_kubernetes_executor.py
[2024-02-03T23:41:51.542+0000] {processor.py:840} INFO - DAG(s) 'example_kubernetes_executor' retrieved from /home/airflow/.local/lib/python3.8/site-packages/airflow/example_dags/example_kubernetes_executor.py
[2024-02-03T23:41:51.576+0000] {logging_mixin.py:188} INFO - [2024-02-03T23:41:51.576+0000] {dag.py:3036} INFO - Sync 1 DAGs
[2024-02-03T23:41:51.589+0000] {logging_mixin.py:188} INFO - [2024-02-03T23:41:51.588+0000] {dag.py:3823} INFO - Setting next_dagrun for example_kubernetes_executor to None, run_after=None
[2024-02-03T23:41:51.609+0000] {processor.py:183} INFO - Processing /home/airflow/.local/lib/python3.8/site-packages/airflow/example_dags/example_kubernetes_executor.py took 0.088 seconds
