[2024-02-03T23:23:04.199+0000] {processor.py:161} INFO - Started process (PID=62) to work on /home/airflow/.local/lib/python3.8/site-packages/airflow/example_dags/tutorial.py
[2024-02-03T23:23:04.200+0000] {processor.py:830} INFO - Processing file /home/airflow/.local/lib/python3.8/site-packages/airflow/example_dags/tutorial.py for tasks to queue
[2024-02-03T23:23:04.203+0000] {logging_mixin.py:188} INFO - [2024-02-03T23:23:04.203+0000] {dagbag.py:538} INFO - Filling up the DagBag from /home/airflow/.local/lib/python3.8/site-packages/airflow/example_dags/tutorial.py
[2024-02-03T23:23:04.212+0000] {processor.py:840} INFO - DAG(s) 'tutorial' retrieved from /home/airflow/.local/lib/python3.8/site-packages/airflow/example_dags/tutorial.py
[2024-02-03T23:23:04.226+0000] {logging_mixin.py:188} INFO - [2024-02-03T23:23:04.226+0000] {dag.py:3036} INFO - Sync 1 DAGs
[2024-02-03T23:23:04.251+0000] {logging_mixin.py:188} INFO - [2024-02-03T23:23:04.251+0000] {dag.py:3823} INFO - Setting next_dagrun for tutorial to 2024-02-02 00:00:00+00:00, run_after=2024-02-03 00:00:00+00:00
[2024-02-03T23:23:04.269+0000] {processor.py:183} INFO - Processing /home/airflow/.local/lib/python3.8/site-packages/airflow/example_dags/tutorial.py took 0.076 seconds
[2024-02-03T23:23:35.961+0000] {processor.py:161} INFO - Started process (PID=117) to work on /home/airflow/.local/lib/python3.8/site-packages/airflow/example_dags/tutorial.py
[2024-02-03T23:23:35.963+0000] {processor.py:830} INFO - Processing file /home/airflow/.local/lib/python3.8/site-packages/airflow/example_dags/tutorial.py for tasks to queue
[2024-02-03T23:23:35.965+0000] {logging_mixin.py:188} INFO - [2024-02-03T23:23:35.965+0000] {dagbag.py:538} INFO - Filling up the DagBag from /home/airflow/.local/lib/python3.8/site-packages/airflow/example_dags/tutorial.py
[2024-02-03T23:23:35.971+0000] {processor.py:840} INFO - DAG(s) 'tutorial' retrieved from /home/airflow/.local/lib/python3.8/site-packages/airflow/example_dags/tutorial.py
[2024-02-03T23:23:36.076+0000] {logging_mixin.py:188} INFO - [2024-02-03T23:23:36.076+0000] {dag.py:3036} INFO - Sync 1 DAGs
[2024-02-03T23:23:36.095+0000] {logging_mixin.py:188} INFO - [2024-02-03T23:23:36.094+0000] {dag.py:3823} INFO - Setting next_dagrun for tutorial to 2024-02-02 00:00:00+00:00, run_after=2024-02-03 00:00:00+00:00
[2024-02-03T23:23:36.113+0000] {processor.py:183} INFO - Processing /home/airflow/.local/lib/python3.8/site-packages/airflow/example_dags/tutorial.py took 0.155 seconds
[2024-02-03T23:24:06.206+0000] {processor.py:161} INFO - Started process (PID=172) to work on /home/airflow/.local/lib/python3.8/site-packages/airflow/example_dags/tutorial.py
[2024-02-03T23:24:06.207+0000] {processor.py:830} INFO - Processing file /home/airflow/.local/lib/python3.8/site-packages/airflow/example_dags/tutorial.py for tasks to queue
[2024-02-03T23:24:06.209+0000] {logging_mixin.py:188} INFO - [2024-02-03T23:24:06.208+0000] {dagbag.py:538} INFO - Filling up the DagBag from /home/airflow/.local/lib/python3.8/site-packages/airflow/example_dags/tutorial.py
[2024-02-03T23:24:06.215+0000] {processor.py:840} INFO - DAG(s) 'tutorial' retrieved from /home/airflow/.local/lib/python3.8/site-packages/airflow/example_dags/tutorial.py
[2024-02-03T23:24:06.233+0000] {logging_mixin.py:188} INFO - [2024-02-03T23:24:06.233+0000] {dag.py:3036} INFO - Sync 1 DAGs
[2024-02-03T23:24:06.254+0000] {logging_mixin.py:188} INFO - [2024-02-03T23:24:06.254+0000] {dag.py:3823} INFO - Setting next_dagrun for tutorial to 2024-02-02 00:00:00+00:00, run_after=2024-02-03 00:00:00+00:00
[2024-02-03T23:24:06.269+0000] {processor.py:183} INFO - Processing /home/airflow/.local/lib/python3.8/site-packages/airflow/example_dags/tutorial.py took 0.067 seconds
[2024-02-03T23:24:36.324+0000] {processor.py:161} INFO - Started process (PID=227) to work on /home/airflow/.local/lib/python3.8/site-packages/airflow/example_dags/tutorial.py
[2024-02-03T23:24:36.325+0000] {processor.py:830} INFO - Processing file /home/airflow/.local/lib/python3.8/site-packages/airflow/example_dags/tutorial.py for tasks to queue
[2024-02-03T23:24:36.328+0000] {logging_mixin.py:188} INFO - [2024-02-03T23:24:36.327+0000] {dagbag.py:538} INFO - Filling up the DagBag from /home/airflow/.local/lib/python3.8/site-packages/airflow/example_dags/tutorial.py
[2024-02-03T23:24:36.335+0000] {processor.py:840} INFO - DAG(s) 'tutorial' retrieved from /home/airflow/.local/lib/python3.8/site-packages/airflow/example_dags/tutorial.py
[2024-02-03T23:24:36.361+0000] {logging_mixin.py:188} INFO - [2024-02-03T23:24:36.361+0000] {dag.py:3036} INFO - Sync 1 DAGs
[2024-02-03T23:24:36.383+0000] {logging_mixin.py:188} INFO - [2024-02-03T23:24:36.382+0000] {dag.py:3823} INFO - Setting next_dagrun for tutorial to 2024-02-02 00:00:00+00:00, run_after=2024-02-03 00:00:00+00:00
[2024-02-03T23:24:36.403+0000] {processor.py:183} INFO - Processing /home/airflow/.local/lib/python3.8/site-packages/airflow/example_dags/tutorial.py took 0.084 seconds
[2024-02-03T23:25:06.632+0000] {processor.py:161} INFO - Started process (PID=282) to work on /home/airflow/.local/lib/python3.8/site-packages/airflow/example_dags/tutorial.py
[2024-02-03T23:25:06.633+0000] {processor.py:830} INFO - Processing file /home/airflow/.local/lib/python3.8/site-packages/airflow/example_dags/tutorial.py for tasks to queue
[2024-02-03T23:25:06.635+0000] {logging_mixin.py:188} INFO - [2024-02-03T23:25:06.634+0000] {dagbag.py:538} INFO - Filling up the DagBag from /home/airflow/.local/lib/python3.8/site-packages/airflow/example_dags/tutorial.py
[2024-02-03T23:25:06.644+0000] {processor.py:840} INFO - DAG(s) 'tutorial' retrieved from /home/airflow/.local/lib/python3.8/site-packages/airflow/example_dags/tutorial.py
[2024-02-03T23:25:06.668+0000] {logging_mixin.py:188} INFO - [2024-02-03T23:25:06.668+0000] {dag.py:3036} INFO - Sync 1 DAGs
[2024-02-03T23:25:06.691+0000] {logging_mixin.py:188} INFO - [2024-02-03T23:25:06.690+0000] {dag.py:3823} INFO - Setting next_dagrun for tutorial to 2024-02-02 00:00:00+00:00, run_after=2024-02-03 00:00:00+00:00
[2024-02-03T23:25:06.714+0000] {processor.py:183} INFO - Processing /home/airflow/.local/lib/python3.8/site-packages/airflow/example_dags/tutorial.py took 0.085 seconds
[2024-02-03T23:25:37.021+0000] {processor.py:161} INFO - Started process (PID=337) to work on /home/airflow/.local/lib/python3.8/site-packages/airflow/example_dags/tutorial.py
[2024-02-03T23:25:37.022+0000] {processor.py:830} INFO - Processing file /home/airflow/.local/lib/python3.8/site-packages/airflow/example_dags/tutorial.py for tasks to queue
[2024-02-03T23:25:37.024+0000] {logging_mixin.py:188} INFO - [2024-02-03T23:25:37.023+0000] {dagbag.py:538} INFO - Filling up the DagBag from /home/airflow/.local/lib/python3.8/site-packages/airflow/example_dags/tutorial.py
[2024-02-03T23:25:37.031+0000] {processor.py:840} INFO - DAG(s) 'tutorial' retrieved from /home/airflow/.local/lib/python3.8/site-packages/airflow/example_dags/tutorial.py
[2024-02-03T23:25:37.050+0000] {logging_mixin.py:188} INFO - [2024-02-03T23:25:37.050+0000] {dag.py:3036} INFO - Sync 1 DAGs
[2024-02-03T23:25:37.085+0000] {logging_mixin.py:188} INFO - [2024-02-03T23:25:37.085+0000] {dag.py:3823} INFO - Setting next_dagrun for tutorial to 2024-02-02 00:00:00+00:00, run_after=2024-02-03 00:00:00+00:00
[2024-02-03T23:25:37.113+0000] {processor.py:183} INFO - Processing /home/airflow/.local/lib/python3.8/site-packages/airflow/example_dags/tutorial.py took 0.095 seconds
[2024-02-03T23:40:19.063+0000] {processor.py:161} INFO - Started process (PID=62) to work on /home/airflow/.local/lib/python3.8/site-packages/airflow/example_dags/tutorial.py
[2024-02-03T23:40:19.063+0000] {processor.py:830} INFO - Processing file /home/airflow/.local/lib/python3.8/site-packages/airflow/example_dags/tutorial.py for tasks to queue
[2024-02-03T23:40:19.065+0000] {logging_mixin.py:188} INFO - [2024-02-03T23:40:19.065+0000] {dagbag.py:538} INFO - Filling up the DagBag from /home/airflow/.local/lib/python3.8/site-packages/airflow/example_dags/tutorial.py
[2024-02-03T23:40:19.072+0000] {processor.py:840} INFO - DAG(s) 'tutorial' retrieved from /home/airflow/.local/lib/python3.8/site-packages/airflow/example_dags/tutorial.py
[2024-02-03T23:40:19.087+0000] {logging_mixin.py:188} INFO - [2024-02-03T23:40:19.086+0000] {dag.py:3036} INFO - Sync 1 DAGs
[2024-02-03T23:40:19.111+0000] {logging_mixin.py:188} INFO - [2024-02-03T23:40:19.111+0000] {dag.py:3823} INFO - Setting next_dagrun for tutorial to 2024-02-02 00:00:00+00:00, run_after=2024-02-03 00:00:00+00:00
[2024-02-03T23:40:19.129+0000] {processor.py:183} INFO - Processing /home/airflow/.local/lib/python3.8/site-packages/airflow/example_dags/tutorial.py took 0.070 seconds
[2024-02-03T23:40:50.822+0000] {processor.py:161} INFO - Started process (PID=118) to work on /home/airflow/.local/lib/python3.8/site-packages/airflow/example_dags/tutorial.py
[2024-02-03T23:40:50.823+0000] {processor.py:830} INFO - Processing file /home/airflow/.local/lib/python3.8/site-packages/airflow/example_dags/tutorial.py for tasks to queue
[2024-02-03T23:40:50.825+0000] {logging_mixin.py:188} INFO - [2024-02-03T23:40:50.825+0000] {dagbag.py:538} INFO - Filling up the DagBag from /home/airflow/.local/lib/python3.8/site-packages/airflow/example_dags/tutorial.py
[2024-02-03T23:40:50.830+0000] {processor.py:840} INFO - DAG(s) 'tutorial' retrieved from /home/airflow/.local/lib/python3.8/site-packages/airflow/example_dags/tutorial.py
[2024-02-03T23:40:50.916+0000] {logging_mixin.py:188} INFO - [2024-02-03T23:40:50.915+0000] {dag.py:3036} INFO - Sync 1 DAGs
[2024-02-03T23:40:50.937+0000] {logging_mixin.py:188} INFO - [2024-02-03T23:40:50.936+0000] {dag.py:3823} INFO - Setting next_dagrun for tutorial to 2024-02-02 00:00:00+00:00, run_after=2024-02-03 00:00:00+00:00
[2024-02-03T23:40:50.962+0000] {processor.py:183} INFO - Processing /home/airflow/.local/lib/python3.8/site-packages/airflow/example_dags/tutorial.py took 0.144 seconds
[2024-02-03T23:41:21.167+0000] {processor.py:161} INFO - Started process (PID=174) to work on /home/airflow/.local/lib/python3.8/site-packages/airflow/example_dags/tutorial.py
[2024-02-03T23:41:21.169+0000] {processor.py:830} INFO - Processing file /home/airflow/.local/lib/python3.8/site-packages/airflow/example_dags/tutorial.py for tasks to queue
[2024-02-03T23:41:21.172+0000] {logging_mixin.py:188} INFO - [2024-02-03T23:41:21.171+0000] {dagbag.py:538} INFO - Filling up the DagBag from /home/airflow/.local/lib/python3.8/site-packages/airflow/example_dags/tutorial.py
[2024-02-03T23:41:21.178+0000] {processor.py:840} INFO - DAG(s) 'tutorial' retrieved from /home/airflow/.local/lib/python3.8/site-packages/airflow/example_dags/tutorial.py
[2024-02-03T23:41:21.198+0000] {logging_mixin.py:188} INFO - [2024-02-03T23:41:21.198+0000] {dag.py:3036} INFO - Sync 1 DAGs
[2024-02-03T23:41:21.220+0000] {logging_mixin.py:188} INFO - [2024-02-03T23:41:21.220+0000] {dag.py:3823} INFO - Setting next_dagrun for tutorial to 2024-02-02 00:00:00+00:00, run_after=2024-02-03 00:00:00+00:00
[2024-02-03T23:41:21.240+0000] {processor.py:183} INFO - Processing /home/airflow/.local/lib/python3.8/site-packages/airflow/example_dags/tutorial.py took 0.076 seconds
[2024-02-03T23:41:51.703+0000] {processor.py:161} INFO - Started process (PID=230) to work on /home/airflow/.local/lib/python3.8/site-packages/airflow/example_dags/tutorial.py
[2024-02-03T23:41:51.704+0000] {processor.py:830} INFO - Processing file /home/airflow/.local/lib/python3.8/site-packages/airflow/example_dags/tutorial.py for tasks to queue
[2024-02-03T23:41:51.706+0000] {logging_mixin.py:188} INFO - [2024-02-03T23:41:51.706+0000] {dagbag.py:538} INFO - Filling up the DagBag from /home/airflow/.local/lib/python3.8/site-packages/airflow/example_dags/tutorial.py
[2024-02-03T23:41:51.714+0000] {processor.py:840} INFO - DAG(s) 'tutorial' retrieved from /home/airflow/.local/lib/python3.8/site-packages/airflow/example_dags/tutorial.py
[2024-02-03T23:41:51.738+0000] {logging_mixin.py:188} INFO - [2024-02-03T23:41:51.737+0000] {dag.py:3036} INFO - Sync 1 DAGs
[2024-02-03T23:41:51.762+0000] {logging_mixin.py:188} INFO - [2024-02-03T23:41:51.762+0000] {dag.py:3823} INFO - Setting next_dagrun for tutorial to 2024-02-02 00:00:00+00:00, run_after=2024-02-03 00:00:00+00:00
[2024-02-03T23:41:51.780+0000] {processor.py:183} INFO - Processing /home/airflow/.local/lib/python3.8/site-packages/airflow/example_dags/tutorial.py took 0.081 seconds
