[2024-02-03T23:23:04.389+0000] {processor.py:161} INFO - Started process (PID=65) to work on /home/airflow/.local/lib/python3.8/site-packages/airflow/example_dags/tutorial_dag.py
[2024-02-03T23:23:04.391+0000] {processor.py:830} INFO - Processing file /home/airflow/.local/lib/python3.8/site-packages/airflow/example_dags/tutorial_dag.py for tasks to queue
[2024-02-03T23:23:04.394+0000] {logging_mixin.py:188} INFO - [2024-02-03T23:23:04.393+0000] {dagbag.py:538} INFO - Filling up the DagBag from /home/airflow/.local/lib/python3.8/site-packages/airflow/example_dags/tutorial_dag.py
[2024-02-03T23:23:04.400+0000] {processor.py:840} INFO - DAG(s) 'tutorial_dag' retrieved from /home/airflow/.local/lib/python3.8/site-packages/airflow/example_dags/tutorial_dag.py
[2024-02-03T23:23:04.417+0000] {logging_mixin.py:188} INFO - [2024-02-03T23:23:04.417+0000] {dag.py:3036} INFO - Sync 1 DAGs
[2024-02-03T23:23:04.430+0000] {logging_mixin.py:188} INFO - [2024-02-03T23:23:04.430+0000] {dag.py:3823} INFO - Setting next_dagrun for tutorial_dag to None, run_after=None
[2024-02-03T23:23:04.463+0000] {processor.py:183} INFO - Processing /home/airflow/.local/lib/python3.8/site-packages/airflow/example_dags/tutorial_dag.py took 0.078 seconds
[2024-02-03T23:23:36.258+0000] {processor.py:161} INFO - Started process (PID=120) to work on /home/airflow/.local/lib/python3.8/site-packages/airflow/example_dags/tutorial_dag.py
[2024-02-03T23:23:36.259+0000] {processor.py:830} INFO - Processing file /home/airflow/.local/lib/python3.8/site-packages/airflow/example_dags/tutorial_dag.py for tasks to queue
[2024-02-03T23:23:36.262+0000] {logging_mixin.py:188} INFO - [2024-02-03T23:23:36.261+0000] {dagbag.py:538} INFO - Filling up the DagBag from /home/airflow/.local/lib/python3.8/site-packages/airflow/example_dags/tutorial_dag.py
[2024-02-03T23:23:36.269+0000] {processor.py:840} INFO - DAG(s) 'tutorial_dag' retrieved from /home/airflow/.local/lib/python3.8/site-packages/airflow/example_dags/tutorial_dag.py
[2024-02-03T23:23:36.393+0000] {logging_mixin.py:188} INFO - [2024-02-03T23:23:36.392+0000] {dag.py:3036} INFO - Sync 1 DAGs
[2024-02-03T23:23:36.403+0000] {logging_mixin.py:188} INFO - [2024-02-03T23:23:36.403+0000] {dag.py:3823} INFO - Setting next_dagrun for tutorial_dag to None, run_after=None
[2024-02-03T23:23:36.423+0000] {processor.py:183} INFO - Processing /home/airflow/.local/lib/python3.8/site-packages/airflow/example_dags/tutorial_dag.py took 0.170 seconds
[2024-02-03T23:24:06.482+0000] {processor.py:161} INFO - Started process (PID=175) to work on /home/airflow/.local/lib/python3.8/site-packages/airflow/example_dags/tutorial_dag.py
[2024-02-03T23:24:06.483+0000] {processor.py:830} INFO - Processing file /home/airflow/.local/lib/python3.8/site-packages/airflow/example_dags/tutorial_dag.py for tasks to queue
[2024-02-03T23:24:06.484+0000] {logging_mixin.py:188} INFO - [2024-02-03T23:24:06.484+0000] {dagbag.py:538} INFO - Filling up the DagBag from /home/airflow/.local/lib/python3.8/site-packages/airflow/example_dags/tutorial_dag.py
[2024-02-03T23:24:06.489+0000] {processor.py:840} INFO - DAG(s) 'tutorial_dag' retrieved from /home/airflow/.local/lib/python3.8/site-packages/airflow/example_dags/tutorial_dag.py
[2024-02-03T23:24:06.509+0000] {logging_mixin.py:188} INFO - [2024-02-03T23:24:06.509+0000] {dag.py:3036} INFO - Sync 1 DAGs
[2024-02-03T23:24:06.522+0000] {logging_mixin.py:188} INFO - [2024-02-03T23:24:06.522+0000] {dag.py:3823} INFO - Setting next_dagrun for tutorial_dag to None, run_after=None
[2024-02-03T23:24:06.541+0000] {processor.py:183} INFO - Processing /home/airflow/.local/lib/python3.8/site-packages/airflow/example_dags/tutorial_dag.py took 0.062 seconds
[2024-02-03T23:24:36.606+0000] {processor.py:161} INFO - Started process (PID=230) to work on /home/airflow/.local/lib/python3.8/site-packages/airflow/example_dags/tutorial_dag.py
[2024-02-03T23:24:36.607+0000] {processor.py:830} INFO - Processing file /home/airflow/.local/lib/python3.8/site-packages/airflow/example_dags/tutorial_dag.py for tasks to queue
[2024-02-03T23:24:36.609+0000] {logging_mixin.py:188} INFO - [2024-02-03T23:24:36.608+0000] {dagbag.py:538} INFO - Filling up the DagBag from /home/airflow/.local/lib/python3.8/site-packages/airflow/example_dags/tutorial_dag.py
[2024-02-03T23:24:36.615+0000] {processor.py:840} INFO - DAG(s) 'tutorial_dag' retrieved from /home/airflow/.local/lib/python3.8/site-packages/airflow/example_dags/tutorial_dag.py
[2024-02-03T23:24:36.636+0000] {logging_mixin.py:188} INFO - [2024-02-03T23:24:36.635+0000] {dag.py:3036} INFO - Sync 1 DAGs
[2024-02-03T23:24:36.648+0000] {logging_mixin.py:188} INFO - [2024-02-03T23:24:36.648+0000] {dag.py:3823} INFO - Setting next_dagrun for tutorial_dag to None, run_after=None
[2024-02-03T23:24:36.666+0000] {processor.py:183} INFO - Processing /home/airflow/.local/lib/python3.8/site-packages/airflow/example_dags/tutorial_dag.py took 0.063 seconds
[2024-02-03T23:25:06.837+0000] {processor.py:161} INFO - Started process (PID=285) to work on /home/airflow/.local/lib/python3.8/site-packages/airflow/example_dags/tutorial_dag.py
[2024-02-03T23:25:06.838+0000] {processor.py:830} INFO - Processing file /home/airflow/.local/lib/python3.8/site-packages/airflow/example_dags/tutorial_dag.py for tasks to queue
[2024-02-03T23:25:06.841+0000] {logging_mixin.py:188} INFO - [2024-02-03T23:25:06.840+0000] {dagbag.py:538} INFO - Filling up the DagBag from /home/airflow/.local/lib/python3.8/site-packages/airflow/example_dags/tutorial_dag.py
[2024-02-03T23:25:06.849+0000] {processor.py:840} INFO - DAG(s) 'tutorial_dag' retrieved from /home/airflow/.local/lib/python3.8/site-packages/airflow/example_dags/tutorial_dag.py
[2024-02-03T23:25:06.871+0000] {logging_mixin.py:188} INFO - [2024-02-03T23:25:06.870+0000] {dag.py:3036} INFO - Sync 1 DAGs
[2024-02-03T23:25:06.881+0000] {logging_mixin.py:188} INFO - [2024-02-03T23:25:06.881+0000] {dag.py:3823} INFO - Setting next_dagrun for tutorial_dag to None, run_after=None
[2024-02-03T23:25:06.898+0000] {processor.py:183} INFO - Processing /home/airflow/.local/lib/python3.8/site-packages/airflow/example_dags/tutorial_dag.py took 0.064 seconds
[2024-02-03T23:25:37.168+0000] {processor.py:161} INFO - Started process (PID=340) to work on /home/airflow/.local/lib/python3.8/site-packages/airflow/example_dags/tutorial_dag.py
[2024-02-03T23:25:37.169+0000] {processor.py:830} INFO - Processing file /home/airflow/.local/lib/python3.8/site-packages/airflow/example_dags/tutorial_dag.py for tasks to queue
[2024-02-03T23:25:37.171+0000] {logging_mixin.py:188} INFO - [2024-02-03T23:25:37.171+0000] {dagbag.py:538} INFO - Filling up the DagBag from /home/airflow/.local/lib/python3.8/site-packages/airflow/example_dags/tutorial_dag.py
[2024-02-03T23:25:37.178+0000] {processor.py:840} INFO - DAG(s) 'tutorial_dag' retrieved from /home/airflow/.local/lib/python3.8/site-packages/airflow/example_dags/tutorial_dag.py
[2024-02-03T23:25:37.196+0000] {logging_mixin.py:188} INFO - [2024-02-03T23:25:37.195+0000] {dag.py:3036} INFO - Sync 1 DAGs
[2024-02-03T23:25:37.207+0000] {logging_mixin.py:188} INFO - [2024-02-03T23:25:37.207+0000] {dag.py:3823} INFO - Setting next_dagrun for tutorial_dag to None, run_after=None
[2024-02-03T23:25:37.221+0000] {processor.py:183} INFO - Processing /home/airflow/.local/lib/python3.8/site-packages/airflow/example_dags/tutorial_dag.py took 0.056 seconds
[2024-02-03T23:40:19.204+0000] {processor.py:161} INFO - Started process (PID=65) to work on /home/airflow/.local/lib/python3.8/site-packages/airflow/example_dags/tutorial_dag.py
[2024-02-03T23:40:19.206+0000] {processor.py:830} INFO - Processing file /home/airflow/.local/lib/python3.8/site-packages/airflow/example_dags/tutorial_dag.py for tasks to queue
[2024-02-03T23:40:19.209+0000] {logging_mixin.py:188} INFO - [2024-02-03T23:40:19.209+0000] {dagbag.py:538} INFO - Filling up the DagBag from /home/airflow/.local/lib/python3.8/site-packages/airflow/example_dags/tutorial_dag.py
[2024-02-03T23:40:19.217+0000] {processor.py:840} INFO - DAG(s) 'tutorial_dag' retrieved from /home/airflow/.local/lib/python3.8/site-packages/airflow/example_dags/tutorial_dag.py
[2024-02-03T23:40:19.234+0000] {logging_mixin.py:188} INFO - [2024-02-03T23:40:19.234+0000] {dag.py:3036} INFO - Sync 1 DAGs
[2024-02-03T23:40:19.253+0000] {logging_mixin.py:188} INFO - [2024-02-03T23:40:19.253+0000] {dag.py:3823} INFO - Setting next_dagrun for tutorial_dag to None, run_after=None
[2024-02-03T23:40:19.275+0000] {processor.py:183} INFO - Processing /home/airflow/.local/lib/python3.8/site-packages/airflow/example_dags/tutorial_dag.py took 0.077 seconds
[2024-02-03T23:40:51.134+0000] {processor.py:161} INFO - Started process (PID=121) to work on /home/airflow/.local/lib/python3.8/site-packages/airflow/example_dags/tutorial_dag.py
[2024-02-03T23:40:51.135+0000] {processor.py:830} INFO - Processing file /home/airflow/.local/lib/python3.8/site-packages/airflow/example_dags/tutorial_dag.py for tasks to queue
[2024-02-03T23:40:51.137+0000] {logging_mixin.py:188} INFO - [2024-02-03T23:40:51.137+0000] {dagbag.py:538} INFO - Filling up the DagBag from /home/airflow/.local/lib/python3.8/site-packages/airflow/example_dags/tutorial_dag.py
[2024-02-03T23:40:51.142+0000] {processor.py:840} INFO - DAG(s) 'tutorial_dag' retrieved from /home/airflow/.local/lib/python3.8/site-packages/airflow/example_dags/tutorial_dag.py
[2024-02-03T23:40:51.223+0000] {logging_mixin.py:188} INFO - [2024-02-03T23:40:51.222+0000] {dag.py:3036} INFO - Sync 1 DAGs
[2024-02-03T23:40:51.233+0000] {logging_mixin.py:188} INFO - [2024-02-03T23:40:51.233+0000] {dag.py:3823} INFO - Setting next_dagrun for tutorial_dag to None, run_after=None
[2024-02-03T23:40:51.254+0000] {processor.py:183} INFO - Processing /home/airflow/.local/lib/python3.8/site-packages/airflow/example_dags/tutorial_dag.py took 0.122 seconds
[2024-02-03T23:41:21.349+0000] {processor.py:161} INFO - Started process (PID=177) to work on /home/airflow/.local/lib/python3.8/site-packages/airflow/example_dags/tutorial_dag.py
[2024-02-03T23:41:21.350+0000] {processor.py:830} INFO - Processing file /home/airflow/.local/lib/python3.8/site-packages/airflow/example_dags/tutorial_dag.py for tasks to queue
[2024-02-03T23:41:21.352+0000] {logging_mixin.py:188} INFO - [2024-02-03T23:41:21.352+0000] {dagbag.py:538} INFO - Filling up the DagBag from /home/airflow/.local/lib/python3.8/site-packages/airflow/example_dags/tutorial_dag.py
[2024-02-03T23:41:21.359+0000] {processor.py:840} INFO - DAG(s) 'tutorial_dag' retrieved from /home/airflow/.local/lib/python3.8/site-packages/airflow/example_dags/tutorial_dag.py
[2024-02-03T23:41:21.379+0000] {logging_mixin.py:188} INFO - [2024-02-03T23:41:21.379+0000] {dag.py:3036} INFO - Sync 1 DAGs
[2024-02-03T23:41:21.391+0000] {logging_mixin.py:188} INFO - [2024-02-03T23:41:21.391+0000] {dag.py:3823} INFO - Setting next_dagrun for tutorial_dag to None, run_after=None
[2024-02-03T23:41:21.407+0000] {processor.py:183} INFO - Processing /home/airflow/.local/lib/python3.8/site-packages/airflow/example_dags/tutorial_dag.py took 0.061 seconds
[2024-02-03T23:41:51.846+0000] {processor.py:161} INFO - Started process (PID=233) to work on /home/airflow/.local/lib/python3.8/site-packages/airflow/example_dags/tutorial_dag.py
[2024-02-03T23:41:51.846+0000] {processor.py:830} INFO - Processing file /home/airflow/.local/lib/python3.8/site-packages/airflow/example_dags/tutorial_dag.py for tasks to queue
[2024-02-03T23:41:51.848+0000] {logging_mixin.py:188} INFO - [2024-02-03T23:41:51.848+0000] {dagbag.py:538} INFO - Filling up the DagBag from /home/airflow/.local/lib/python3.8/site-packages/airflow/example_dags/tutorial_dag.py
[2024-02-03T23:41:51.854+0000] {processor.py:840} INFO - DAG(s) 'tutorial_dag' retrieved from /home/airflow/.local/lib/python3.8/site-packages/airflow/example_dags/tutorial_dag.py
[2024-02-03T23:41:51.874+0000] {logging_mixin.py:188} INFO - [2024-02-03T23:41:51.874+0000] {dag.py:3036} INFO - Sync 1 DAGs
[2024-02-03T23:41:51.885+0000] {logging_mixin.py:188} INFO - [2024-02-03T23:41:51.885+0000] {dag.py:3823} INFO - Setting next_dagrun for tutorial_dag to None, run_after=None
[2024-02-03T23:41:51.904+0000] {processor.py:183} INFO - Processing /home/airflow/.local/lib/python3.8/site-packages/airflow/example_dags/tutorial_dag.py took 0.062 seconds
